["INFO" - 9:37:03 AM] Extension Name: esbenp.prettier-vscode.
["INFO" - 9:37:03 AM] Extension Version: 12.3.0.
["INFO" - 9:37:13 AM] EditorConfig support is enabled, checking for .editorconfig files
["INFO" - 9:37:13 AM] No local configuration (i.e. .prettierrc or .editorconfig) detected, will fall back to VS Code configuration
["INFO" - 9:46:59 AM] EditorConfig support is enabled, checking for .editorconfig files
["INFO" - 9:46:59 AM] No local configuration (i.e. .prettierrc or .editorconfig) detected, will fall back to VS Code configuration
["INFO" - 9:47:11 AM] EditorConfig support is enabled, checking for .editorconfig files
["INFO" - 9:47:11 AM] No local configuration (i.e. .prettierrc or .editorconfig) detected, will fall back to VS Code configuration
["INFO" - 10:05:12 AM] EditorConfig support is enabled, checking for .editorconfig files
["INFO" - 10:05:12 AM] No local configuration (i.e. .prettierrc or .editorconfig) detected, will fall back to VS Code configuration
["INFO" - 10:07:57 AM] EditorConfig support is enabled, checking for .editorconfig files
["INFO" - 10:07:57 AM] No local configuration (i.e. .prettierrc or .editorconfig) detected, will fall back to VS Code configuration
["INFO" - 10:07:58 AM] EditorConfig support is enabled, checking for .editorconfig files
["INFO" - 10:07:58 AM] No local configuration (i.e. .prettierrc or .editorconfig) detected, will fall back to VS Code configuration
["INFO" - 10:08:29 AM] EditorConfig support is enabled, checking for .editorconfig files
["INFO" - 10:08:29 AM] No local configuration (i.e. .prettierrc or .editorconfig) detected, will fall back to VS Code configuration
["INFO" - 10:08:35 AM] EditorConfig support is enabled, checking for .editorconfig files
["INFO" - 10:08:35 AM] No local configuration (i.e. .prettierrc or .editorconfig) detected, will fall back to VS Code configuration
["INFO" - 10:14:17 AM] EditorConfig support is enabled, checking for .editorconfig files
["INFO" - 10:14:17 AM] No local configuration (i.e. .prettierrc or .editorconfig) detected, will fall back to VS Code configuration
["INFO" - 10:17:16 AM] EditorConfig support is enabled, checking for .editorconfig files
["INFO" - 10:17:16 AM] No local configuration (i.e. .prettierrc or .editorconfig) detected, will fall back to VS Code configuration
["INFO" - 10:19:41 AM] EditorConfig support is enabled, checking for .editorconfig files
["INFO" - 10:19:41 AM] No local configuration (i.e. .prettierrc or .editorconfig) detected, will fall back to VS Code configuration
["INFO" - 10:22:21 AM] EditorConfig support is enabled, checking for .editorconfig files
["INFO" - 10:22:21 AM] No local configuration (i.e. .prettierrc or .editorconfig) detected, will fall back to VS Code configuration
["INFO" - 10:33:10 AM] EditorConfig support is enabled, checking for .editorconfig files
["INFO" - 10:33:10 AM] No local configuration (i.e. .prettierrc or .editorconfig) detected, will fall back to VS Code configuration
["INFO" - 10:33:32 AM] EditorConfig support is enabled, checking for .editorconfig files
["INFO" - 10:33:32 AM] No local configuration (i.e. .prettierrc or .editorconfig) detected, will fall back to VS Code configuration
["INFO" - 10:58:13 AM] EditorConfig support is enabled, checking for .editorconfig files
["INFO" - 10:58:13 AM] No local configuration (i.e. .prettierrc or .editorconfig) detected, will fall back to VS Code configuration
["INFO" - 10:58:48 AM] EditorConfig support is enabled, checking for .editorconfig files
["INFO" - 10:58:48 AM] No local configuration (i.e. .prettierrc or .editorconfig) detected, will fall back to VS Code configuration
["INFO" - 11:00:37 AM] EditorConfig support is enabled, checking for .editorconfig files
["INFO" - 11:00:37 AM] No local configuration (i.e. .prettierrc or .editorconfig) detected, will fall back to VS Code configuration
["INFO" - 11:00:39 AM] EditorConfig support is enabled, checking for .editorconfig files
["INFO" - 11:00:39 AM] No local configuration (i.e. .prettierrc or .editorconfig) detected, will fall back to VS Code configuration
["INFO" - 11:00:45 AM] EditorConfig support is enabled, checking for .editorconfig files
["INFO" - 11:00:45 AM] No local configuration (i.e. .prettierrc or .editorconfig) detected, will fall back to VS Code configuration
["INFO" - 11:01:02 AM] EditorConfig support is enabled, checking for .editorconfig files
["INFO" - 11:01:02 AM] No local configuration (i.e. .prettierrc or .editorconfig) detected, will fall back to VS Code configuration
["INFO" - 11:09:47 AM] EditorConfig support is enabled, checking for .editorconfig files
["INFO" - 11:09:47 AM] No local configuration (i.e. .prettierrc or .editorconfig) detected, will fall back to VS Code configuration
["INFO" - 11:10:11 AM] EditorConfig support is enabled, checking for .editorconfig files
["INFO" - 11:10:11 AM] No local configuration (i.e. .prettierrc or .editorconfig) detected, will fall back to VS Code configuration
["INFO" - 11:10:55 AM] EditorConfig support is enabled, checking for .editorconfig files
["INFO" - 11:10:55 AM] No local configuration (i.e. .prettierrc or .editorconfig) detected, will fall back to VS Code configuration
["INFO" - 11:14:28 AM] EditorConfig support is enabled, checking for .editorconfig files
["INFO" - 11:14:28 AM] No local configuration (i.e. .prettierrc or .editorconfig) detected, will fall back to VS Code configuration
["INFO" - 12:24:33 PM] EditorConfig support is enabled, checking for .editorconfig files
["INFO" - 12:24:33 PM] No local configuration (i.e. .prettierrc or .editorconfig) detected, will fall back to VS Code configuration
["INFO" - 12:24:36 PM] EditorConfig support is enabled, checking for .editorconfig files
["INFO" - 12:24:36 PM] No local configuration (i.e. .prettierrc or .editorconfig) detected, will fall back to VS Code configuration
["INFO" - 3:34:19 PM] EditorConfig support is enabled, checking for .editorconfig files
["INFO" - 3:34:19 PM] No local configuration (i.e. .prettierrc or .editorconfig) detected, will fall back to VS Code configuration
["INFO" - 3:34:34 PM] EditorConfig support is enabled, checking for .editorconfig files
["INFO" - 3:34:34 PM] No local configuration (i.e. .prettierrc or .editorconfig) detected, will fall back to VS Code configuration
["INFO" - 4:39:59 PM] EditorConfig support is enabled, checking for .editorconfig files
["INFO" - 4:39:59 PM] No local configuration (i.e. .prettierrc or .editorconfig) detected, will fall back to VS Code configuration
["INFO" - 4:40:11 PM] EditorConfig support is enabled, checking for .editorconfig files
["INFO" - 4:40:11 PM] No local configuration (i.e. .prettierrc or .editorconfig) detected, will fall back to VS Code configuration
["INFO" - 4:44:15 PM] EditorConfig support is enabled, checking for .editorconfig files
["INFO" - 4:44:15 PM] No local configuration (i.e. .prettierrc or .editorconfig) detected, will fall back to VS Code configuration
["INFO" - 4:45:13 PM] EditorConfig support is enabled, checking for .editorconfig files
["INFO" - 4:45:13 PM] No local configuration (i.e. .prettierrc or .editorconfig) detected, will fall back to VS Code configuration
["INFO" - 4:46:19 PM] EditorConfig support is enabled, checking for .editorconfig files
["INFO" - 4:46:19 PM] No local configuration (i.e. .prettierrc or .editorconfig) detected, will fall back to VS Code configuration
["INFO" - 4:48:03 PM] EditorConfig support is enabled, checking for .editorconfig files
["INFO" - 4:48:03 PM] No local configuration (i.e. .prettierrc or .editorconfig) detected, will fall back to VS Code configuration
["INFO" - 4:52:48 PM] EditorConfig support is enabled, checking for .editorconfig files
["INFO" - 4:52:48 PM] No local configuration (i.e. .prettierrc or .editorconfig) detected, will fall back to VS Code configuration
["INFO" - 5:01:44 PM] EditorConfig support is enabled, checking for .editorconfig files
["INFO" - 5:01:44 PM] No local configuration (i.e. .prettierrc or .editorconfig) detected, will fall back to VS Code configuration
["INFO" - 5:09:46 PM] EditorConfig support is enabled, checking for .editorconfig files
["INFO" - 5:09:46 PM] No local configuration (i.e. .prettierrc or .editorconfig) detected, will fall back to VS Code configuration
["INFO" - 5:46:06 PM] EditorConfig support is enabled, checking for .editorconfig files
["INFO" - 5:46:06 PM] No local configuration (i.e. .prettierrc or .editorconfig) detected, will fall back to VS Code configuration
["INFO" - 5:49:30 PM] EditorConfig support is enabled, checking for .editorconfig files
["INFO" - 5:49:30 PM] No local configuration (i.e. .prettierrc or .editorconfig) detected, will fall back to VS Code configuration
["INFO" - 5:52:00 PM] EditorConfig support is enabled, checking for .editorconfig files
["INFO" - 5:52:00 PM] No local configuration (i.e. .prettierrc or .editorconfig) detected, will fall back to VS Code configuration
["INFO" - 5:54:46 PM] EditorConfig support is enabled, checking for .editorconfig files
["INFO" - 5:54:46 PM] No local configuration (i.e. .prettierrc or .editorconfig) detected, will fall back to VS Code configuration
["INFO" - 5:55:18 PM] EditorConfig support is enabled, checking for .editorconfig files
["INFO" - 5:55:18 PM] No local configuration (i.e. .prettierrc or .editorconfig) detected, will fall back to VS Code configuration
["INFO" - 6:01:21 PM] EditorConfig support is enabled, checking for .editorconfig files
["INFO" - 6:01:21 PM] No local configuration (i.e. .prettierrc or .editorconfig) detected, will fall back to VS Code configuration
["INFO" - 6:01:21 PM] EditorConfig support is enabled, checking for .editorconfig files
["INFO" - 6:01:21 PM] No local configuration (i.e. .prettierrc or .editorconfig) detected, will fall back to VS Code configuration
["INFO" - 6:03:11 PM] EditorConfig support is enabled, checking for .editorconfig files
["INFO" - 6:03:11 PM] No local configuration (i.e. .prettierrc or .editorconfig) detected, will fall back to VS Code configuration
["INFO" - 6:10:14 PM] EditorConfig support is enabled, checking for .editorconfig files
["INFO" - 6:10:14 PM] No local configuration (i.e. .prettierrc or .editorconfig) detected, will fall back to VS Code configuration
["INFO" - 6:10:15 PM] EditorConfig support is enabled, checking for .editorconfig files
["INFO" - 6:10:15 PM] No local configuration (i.e. .prettierrc or .editorconfig) detected, will fall back to VS Code configuration
["INFO" - 6:15:55 PM] EditorConfig support is enabled, checking for .editorconfig files
["INFO" - 6:15:55 PM] No local configuration (i.e. .prettierrc or .editorconfig) detected, will fall back to VS Code configuration
["INFO" - 6:28:47 PM] EditorConfig support is enabled, checking for .editorconfig files
["INFO" - 6:28:47 PM] No local configuration (i.e. .prettierrc or .editorconfig) detected, will fall back to VS Code configuration
["INFO" - 6:36:42 PM] EditorConfig support is enabled, checking for .editorconfig files
["INFO" - 6:36:42 PM] No local configuration (i.e. .prettierrc or .editorconfig) detected, will fall back to VS Code configuration
["INFO" - 6:37:08 PM] EditorConfig support is enabled, checking for .editorconfig files
["INFO" - 6:37:08 PM] No local configuration (i.e. .prettierrc or .editorconfig) detected, will fall back to VS Code configuration
["INFO" - 6:37:37 PM] EditorConfig support is enabled, checking for .editorconfig files
["INFO" - 6:37:37 PM] No local configuration (i.e. .prettierrc or .editorconfig) detected, will fall back to VS Code configuration
["INFO" - 6:38:41 PM] EditorConfig support is enabled, checking for .editorconfig files
["INFO" - 6:38:41 PM] No local configuration (i.e. .prettierrc or .editorconfig) detected, will fall back to VS Code configuration
["INFO" - 6:39:00 PM] Formatting file:///home/cuong75201/Documents/porfolio/index.html
["INFO" - 6:39:00 PM] EditorConfig support is enabled, checking for .editorconfig files
["INFO" - 6:39:00 PM] No local configuration (i.e. .prettierrc or .editorconfig) detected, will fall back to VS Code configuration
["INFO" - 6:39:00 PM] PrettierInstance:
{
  "__debug": {
    "mockable": {
      "mocked": {},
      "implementations": {}
    }
  },
  "__internal": {
    "errors": {},
    "optionCategories": {
      "CATEGORY_CONFIG": "Config",
      "CATEGORY_EDITOR": "Editor",
      "CATEGORY_FORMAT": "Format",
      "CATEGORY_GLOBAL": "Global",
      "CATEGORY_OTHER": "Other",
      "CATEGORY_OUTPUT": "Output",
      "CATEGORY_SPECIAL": "Special"
    },
    "formatOptionsHiddenDefaults": {
      "astFormat": "estree",
      "printer": {},
      "locStart": null,
      "locEnd": null,
      "getVisitorKeys": null
    },
    "vnopts": {
      "apiDescriptor": {}
    },
    "picocolors": {
      "isColorSupported": false
    },
    "utilities": {}
  },
  "doc": {
    "builders": {
      "line": {
        "type": "line"
      },
      "softline": {
        "type": "line",
        "soft": true
      },
      "hardline": [
        {
          "type": "line",
          "hard": true
        },
        {
          "type": "break-parent"
        }
      ],
      "literalline": [
        {
          "type": "line",
          "hard": true,
          "literal": true
        },
        {
          "type": "break-parent"
        }
      ],
      "lineSuffixBoundary": {
        "type": "line-suffix-boundary"
      },
      "cursor": {
        "type": "cursor"
      },
      "breakParent": {
        "type": "break-parent"
      },
      "trim": {
        "type": "trim"
      },
      "hardlineWithoutBreakParent": {
        "type": "line",
        "hard": true
      },
      "literallineWithoutBreakParent": {
        "type": "line",
        "hard": true,
        "literal": true
      }
    },
    "default": {
      "builders": {
        "line": {
          "type": "line"
        },
        "softline": {
          "type": "line",
          "soft": true
        },
        "hardline": [
          {
            "type": "line",
            "hard": true
          },
          {
            "type": "break-parent"
          }
        ],
        "literalline": [
          {
            "type": "line",
            "hard": true,
            "literal": true
          },
          {
            "type": "break-parent"
          }
        ],
        "lineSuffixBoundary": {
          "type": "line-suffix-boundary"
        },
        "cursor": {
          "type": "cursor"
        },
        "breakParent": {
          "type": "break-parent"
        },
        "trim": {
          "type": "trim"
        },
        "hardlineWithoutBreakParent": {
          "type": "line",
          "hard": true
        },
        "literallineWithoutBreakParent": {
          "type": "line",
          "hard": true,
          "literal": true
        }
      },
      "printer": {},
      "utils": {}
    },
    "printer": {},
    "utils": {}
  },
  "util": {},
  "version": "3.7.4"
}
["WARN" - 6:39:00 PM] Unable to resolve ignore path: .prettierignore for /home/cuong75201/Documents/porfolio/index.html
["INFO" - 6:39:00 PM] Resolved plugins:
[]
["INFO" - 6:39:00 PM] File Info:
{
  "ignored": false,
  "inferredParser": "html"
}
["INFO" - 6:39:00 PM] Using VS Code configuration
["INFO" - 6:39:00 PM] Prettier Options:
{
  "arrowParens": "always",
  "bracketSpacing": true,
  "endOfLine": "lf",
  "htmlWhitespaceSensitivity": "css",
  "insertPragma": false,
  "singleAttributePerLine": false,
  "bracketSameLine": false,
  "jsxBracketSameLine": false,
  "jsxSingleQuote": false,
  "printWidth": 80,
  "proseWrap": "preserve",
  "quoteProps": "as-needed",
  "requirePragma": false,
  "semi": true,
  "singleQuote": false,
  "tabWidth": 2,
  "trailingComma": "all",
  "useTabs": false,
  "embeddedLanguageFormatting": "auto",
  "vueIndentScriptAndStyle": false,
  "experimentalTernaries": false,
  "objectWrap": "preserve",
  "experimentalOperatorPosition": "end",
  "filepath": "/home/cuong75201/Documents/porfolio/index.html",
  "parser": "html"
}
["INFO" - 6:39:00 PM] Formatting completed in 203ms.
["INFO" - 6:39:11 PM] EditorConfig support is enabled, checking for .editorconfig files
["INFO" - 6:39:11 PM] No local configuration (i.e. .prettierrc or .editorconfig) detected, will fall back to VS Code configuration
["INFO" - 6:39:18 PM] Formatting file:///home/cuong75201/Documents/porfolio/style.css
["INFO" - 6:39:18 PM] EditorConfig support is enabled, checking for .editorconfig files
["INFO" - 6:39:18 PM] No local configuration (i.e. .prettierrc or .editorconfig) detected, will fall back to VS Code configuration
["INFO" - 6:39:18 PM] PrettierInstance:
{
  "__debug": {
    "mockable": {
      "mocked": {},
      "implementations": {}
    }
  },
  "__internal": {
    "errors": {},
    "optionCategories": {
      "CATEGORY_CONFIG": "Config",
      "CATEGORY_EDITOR": "Editor",
      "CATEGORY_FORMAT": "Format",
      "CATEGORY_GLOBAL": "Global",
      "CATEGORY_OTHER": "Other",
      "CATEGORY_OUTPUT": "Output",
      "CATEGORY_SPECIAL": "Special"
    },
    "formatOptionsHiddenDefaults": {
      "astFormat": "estree",
      "printer": {},
      "locStart": null,
      "locEnd": null,
      "getVisitorKeys": null
    },
    "vnopts": {
      "apiDescriptor": {}
    },
    "picocolors": {
      "isColorSupported": false
    },
    "utilities": {}
  },
  "doc": {
    "builders": {
      "line": {
        "type": "line"
      },
      "softline": {
        "type": "line",
        "soft": true
      },
      "hardline": [
        {
          "type": "line",
          "hard": true
        },
        {
          "type": "break-parent"
        }
      ],
      "literalline": [
        {
          "type": "line",
          "hard": true,
          "literal": true
        },
        {
          "type": "break-parent"
        }
      ],
      "lineSuffixBoundary": {
        "type": "line-suffix-boundary"
      },
      "cursor": {
        "type": "cursor"
      },
      "breakParent": {
        "type": "break-parent"
      },
      "trim": {
        "type": "trim"
      },
      "hardlineWithoutBreakParent": {
        "type": "line",
        "hard": true
      },
      "literallineWithoutBreakParent": {
        "type": "line",
        "hard": true,
        "literal": true
      }
    },
    "default": {
      "builders": {
        "line": {
          "type": "line"
        },
        "softline": {
          "type": "line",
          "soft": true
        },
        "hardline": [
          {
            "type": "line",
            "hard": true
          },
          {
            "type": "break-parent"
          }
        ],
        "literalline": [
          {
            "type": "line",
            "hard": true,
            "literal": true
          },
          {
            "type": "break-parent"
          }
        ],
        "lineSuffixBoundary": {
          "type": "line-suffix-boundary"
        },
        "cursor": {
          "type": "cursor"
        },
        "breakParent": {
          "type": "break-parent"
        },
        "trim": {
          "type": "trim"
        },
        "hardlineWithoutBreakParent": {
          "type": "line",
          "hard": true
        },
        "literallineWithoutBreakParent": {
          "type": "line",
          "hard": true,
          "literal": true
        }
      },
      "printer": {},
      "utils": {}
    },
    "printer": {},
    "utils": {}
  },
  "util": {},
  "version": "3.7.4"
}
["WARN" - 6:39:18 PM] Unable to resolve ignore path: .prettierignore for /home/cuong75201/Documents/porfolio/style.css
["INFO" - 6:39:18 PM] Resolved plugins:
[]
["INFO" - 6:39:18 PM] File Info:
{
  "ignored": false,
  "inferredParser": "css"
}
["INFO" - 6:39:18 PM] Using VS Code configuration
["INFO" - 6:39:18 PM] Prettier Options:
{
  "arrowParens": "always",
  "bracketSpacing": true,
  "endOfLine": "lf",
  "htmlWhitespaceSensitivity": "css",
  "insertPragma": false,
  "singleAttributePerLine": false,
  "bracketSameLine": false,
  "jsxBracketSameLine": false,
  "jsxSingleQuote": false,
  "printWidth": 80,
  "proseWrap": "preserve",
  "quoteProps": "as-needed",
  "requirePragma": false,
  "semi": true,
  "singleQuote": false,
  "tabWidth": 2,
  "trailingComma": "all",
  "useTabs": false,
  "embeddedLanguageFormatting": "auto",
  "vueIndentScriptAndStyle": false,
  "experimentalTernaries": false,
  "objectWrap": "preserve",
  "experimentalOperatorPosition": "end",
  "filepath": "/home/cuong75201/Documents/porfolio/style.css",
  "parser": "css"
}
["INFO" - 6:39:18 PM] Formatting completed in 37ms.
["INFO" - 6:45:14 PM] EditorConfig support is enabled, checking for .editorconfig files
["INFO" - 6:45:14 PM] No local configuration (i.e. .prettierrc or .editorconfig) detected, will fall back to VS Code configuration
["INFO" - 6:45:35 PM] EditorConfig support is enabled, checking for .editorconfig files
["INFO" - 6:45:35 PM] No local configuration (i.e. .prettierrc or .editorconfig) detected, will fall back to VS Code configuration
["INFO" - 6:47:02 PM] EditorConfig support is enabled, checking for .editorconfig files
["INFO" - 6:47:02 PM] No local configuration (i.e. .prettierrc or .editorconfig) detected, will fall back to VS Code configuration
["INFO" - 6:48:38 PM] EditorConfig support is enabled, checking for .editorconfig files
["INFO" - 6:48:38 PM] No local configuration (i.e. .prettierrc or .editorconfig) detected, will fall back to VS Code configuration
["INFO" - 6:49:11 PM] EditorConfig support is enabled, checking for .editorconfig files
["INFO" - 6:49:11 PM] No local configuration (i.e. .prettierrc or .editorconfig) detected, will fall back to VS Code configuration
["INFO" - 6:50:28 PM] EditorConfig support is enabled, checking for .editorconfig files
["INFO" - 6:50:28 PM] No local configuration (i.e. .prettierrc or .editorconfig) detected, will fall back to VS Code configuration
["INFO" - 6:52:04 PM] EditorConfig support is enabled, checking for .editorconfig files
["INFO" - 6:52:04 PM] No local configuration (i.e. .prettierrc or .editorconfig) detected, will fall back to VS Code configuration
["INFO" - 6:52:07 PM] EditorConfig support is enabled, checking for .editorconfig files
["INFO" - 6:52:07 PM] No local configuration (i.e. .prettierrc or .editorconfig) detected, will fall back to VS Code configuration
["INFO" - 7:40:17 PM] EditorConfig support is enabled, checking for .editorconfig files
["INFO" - 7:40:17 PM] No local configuration (i.e. .prettierrc or .editorconfig) detected, will fall back to VS Code configuration
["INFO" - 7:40:37 PM] EditorConfig support is enabled, checking for .editorconfig files
["INFO" - 7:40:37 PM] No local configuration (i.e. .prettierrc or .editorconfig) detected, will fall back to VS Code configuration
["INFO" - 8:01:14 PM] EditorConfig support is enabled, checking for .editorconfig files
["INFO" - 8:01:14 PM] No local configuration (i.e. .prettierrc or .editorconfig) detected, will fall back to VS Code configuration
["INFO" - 8:22:49 PM] EditorConfig support is enabled, checking for .editorconfig files
["INFO" - 8:22:49 PM] No local configuration (i.e. .prettierrc or .editorconfig) detected, will fall back to VS Code configuration
["INFO" - 8:23:05 PM] EditorConfig support is enabled, checking for .editorconfig files
["INFO" - 8:23:05 PM] No local configuration (i.e. .prettierrc or .editorconfig) detected, will fall back to VS Code configuration
["INFO" - 8:23:09 PM] EditorConfig support is enabled, checking for .editorconfig files
["INFO" - 8:23:09 PM] No local configuration (i.e. .prettierrc or .editorconfig) detected, will fall back to VS Code configuration
["INFO" - 7:40:11 AM] EditorConfig support is enabled, checking for .editorconfig files
["INFO" - 7:40:11 AM] No local configuration (i.e. .prettierrc or .editorconfig) detected, will fall back to VS Code configuration
["INFO" - 7:45:55 AM] EditorConfig support is enabled, checking for .editorconfig files
["INFO" - 7:45:55 AM] No local configuration (i.e. .prettierrc or .editorconfig) detected, will fall back to VS Code configuration
["INFO" - 7:47:15 AM] EditorConfig support is enabled, checking for .editorconfig files
["INFO" - 7:47:15 AM] No local configuration (i.e. .prettierrc or .editorconfig) detected, will fall back to VS Code configuration
["INFO" - 7:47:23 AM] EditorConfig support is enabled, checking for .editorconfig files
["INFO" - 7:47:23 AM] No local configuration (i.e. .prettierrc or .editorconfig) detected, will fall back to VS Code configuration
["INFO" - 7:52:59 AM] EditorConfig support is enabled, checking for .editorconfig files
["INFO" - 7:52:59 AM] No local configuration (i.e. .prettierrc or .editorconfig) detected, will fall back to VS Code configuration
["INFO" - 7:53:48 AM] EditorConfig support is enabled, checking for .editorconfig files
["INFO" - 7:53:48 AM] No local configuration (i.e. .prettierrc or .editorconfig) detected, will fall back to VS Code configuration
["INFO" - 7:57:49 AM] EditorConfig support is enabled, checking for .editorconfig files
["INFO" - 7:57:49 AM] No local configuration (i.e. .prettierrc or .editorconfig) detected, will fall back to VS Code configuration
["INFO" - 8:02:05 AM] Formatting file:///home/cuong75201/Documents/porfolio/index.html
["INFO" - 8:02:05 AM] EditorConfig support is enabled, checking for .editorconfig files
["INFO" - 8:02:05 AM] No local configuration (i.e. .prettierrc or .editorconfig) detected, will fall back to VS Code configuration
["INFO" - 8:02:05 AM] PrettierInstance:
{
  "__debug": {
    "mockable": {
      "mocked": {},
      "implementations": {}
    }
  },
  "__internal": {
    "errors": {},
    "optionCategories": {
      "CATEGORY_CONFIG": "Config",
      "CATEGORY_EDITOR": "Editor",
      "CATEGORY_FORMAT": "Format",
      "CATEGORY_GLOBAL": "Global",
      "CATEGORY_OTHER": "Other",
      "CATEGORY_OUTPUT": "Output",
      "CATEGORY_SPECIAL": "Special"
    },
    "formatOptionsHiddenDefaults": {
      "astFormat": "estree",
      "printer": {},
      "locStart": null,
      "locEnd": null,
      "getVisitorKeys": null
    },
    "vnopts": {
      "apiDescriptor": {}
    },
    "picocolors": {
      "isColorSupported": false
    },
    "utilities": {}
  },
  "doc": {
    "builders": {
      "line": {
        "type": "line"
      },
      "softline": {
        "type": "line",
        "soft": true
      },
      "hardline": [
        {
          "type": "line",
          "hard": true
        },
        {
          "type": "break-parent"
        }
      ],
      "literalline": [
        {
          "type": "line",
          "hard": true,
          "literal": true
        },
        {
          "type": "break-parent"
        }
      ],
      "lineSuffixBoundary": {
        "type": "line-suffix-boundary"
      },
      "cursor": {
        "type": "cursor"
      },
      "breakParent": {
        "type": "break-parent"
      },
      "trim": {
        "type": "trim"
      },
      "hardlineWithoutBreakParent": {
        "type": "line",
        "hard": true
      },
      "literallineWithoutBreakParent": {
        "type": "line",
        "hard": true,
        "literal": true
      }
    },
    "default": {
      "builders": {
        "line": {
          "type": "line"
        },
        "softline": {
          "type": "line",
          "soft": true
        },
        "hardline": [
          {
            "type": "line",
            "hard": true
          },
          {
            "type": "break-parent"
          }
        ],
        "literalline": [
          {
            "type": "line",
            "hard": true,
            "literal": true
          },
          {
            "type": "break-parent"
          }
        ],
        "lineSuffixBoundary": {
          "type": "line-suffix-boundary"
        },
        "cursor": {
          "type": "cursor"
        },
        "breakParent": {
          "type": "break-parent"
        },
        "trim": {
          "type": "trim"
        },
        "hardlineWithoutBreakParent": {
          "type": "line",
          "hard": true
        },
        "literallineWithoutBreakParent": {
          "type": "line",
          "hard": true,
          "literal": true
        }
      },
      "printer": {},
      "utils": {}
    },
    "printer": {},
    "utils": {}
  },
  "util": {},
  "version": "3.7.4"
}
["WARN" - 8:02:05 AM] Unable to resolve ignore path: .prettierignore for /home/cuong75201/Documents/porfolio/index.html
["INFO" - 8:02:05 AM] Resolved plugins:
[]
["INFO" - 8:02:05 AM] File Info:
{
  "ignored": false,
  "inferredParser": "html"
}
["INFO" - 8:02:05 AM] Using VS Code configuration
["INFO" - 8:02:05 AM] Prettier Options:
{
  "arrowParens": "always",
  "bracketSpacing": true,
  "endOfLine": "lf",
  "htmlWhitespaceSensitivity": "css",
  "insertPragma": false,
  "singleAttributePerLine": false,
  "bracketSameLine": false,
  "jsxBracketSameLine": false,
  "jsxSingleQuote": false,
  "printWidth": 80,
  "proseWrap": "preserve",
  "quoteProps": "as-needed",
  "requirePragma": false,
  "semi": true,
  "singleQuote": false,
  "tabWidth": 2,
  "trailingComma": "all",
  "useTabs": false,
  "embeddedLanguageFormatting": "auto",
  "vueIndentScriptAndStyle": false,
  "experimentalTernaries": false,
  "objectWrap": "preserve",
  "experimentalOperatorPosition": "end",
  "filepath": "/home/cuong75201/Documents/porfolio/index.html",
  "parser": "html"
}
["INFO" - 8:02:05 AM] Formatting completed in 29ms.
["INFO" - 8:02:17 AM] EditorConfig support is enabled, checking for .editorconfig files
["INFO" - 8:02:17 AM] No local configuration (i.e. .prettierrc or .editorconfig) detected, will fall back to VS Code configuration
["INFO" - 8:04:36 AM] EditorConfig support is enabled, checking for .editorconfig files
["INFO" - 8:04:36 AM] No local configuration (i.e. .prettierrc or .editorconfig) detected, will fall back to VS Code configuration
["INFO" - 8:04:42 AM] EditorConfig support is enabled, checking for .editorconfig files
["INFO" - 8:04:42 AM] No local configuration (i.e. .prettierrc or .editorconfig) detected, will fall back to VS Code configuration
["INFO" - 8:16:52 AM] EditorConfig support is enabled, checking for .editorconfig files
["INFO" - 8:16:52 AM] No local configuration (i.e. .prettierrc or .editorconfig) detected, will fall back to VS Code configuration
["INFO" - 8:17:47 AM] EditorConfig support is enabled, checking for .editorconfig files
["INFO" - 8:17:47 AM] No local configuration (i.e. .prettierrc or .editorconfig) detected, will fall back to VS Code configuration
["INFO" - 8:17:48 AM] Formatting file:///home/cuong75201/Documents/porfolio/index.html
["INFO" - 8:17:48 AM] EditorConfig support is enabled, checking for .editorconfig files
["INFO" - 8:17:48 AM] No local configuration (i.e. .prettierrc or .editorconfig) detected, will fall back to VS Code configuration
["INFO" - 8:17:48 AM] PrettierInstance:
{
  "__debug": {
    "mockable": {
      "mocked": {},
      "implementations": {}
    }
  },
  "__internal": {
    "errors": {},
    "optionCategories": {
      "CATEGORY_CONFIG": "Config",
      "CATEGORY_EDITOR": "Editor",
      "CATEGORY_FORMAT": "Format",
      "CATEGORY_GLOBAL": "Global",
      "CATEGORY_OTHER": "Other",
      "CATEGORY_OUTPUT": "Output",
      "CATEGORY_SPECIAL": "Special"
    },
    "formatOptionsHiddenDefaults": {
      "astFormat": "estree",
      "printer": {},
      "locStart": null,
      "locEnd": null,
      "getVisitorKeys": null
    },
    "vnopts": {
      "apiDescriptor": {}
    },
    "picocolors": {
      "isColorSupported": false
    },
    "utilities": {}
  },
  "doc": {
    "builders": {
      "line": {
        "type": "line"
      },
      "softline": {
        "type": "line",
        "soft": true
      },
      "hardline": [
        {
          "type": "line",
          "hard": true
        },
        {
          "type": "break-parent"
        }
      ],
      "literalline": [
        {
          "type": "line",
          "hard": true,
          "literal": true
        },
        {
          "type": "break-parent"
        }
      ],
      "lineSuffixBoundary": {
        "type": "line-suffix-boundary"
      },
      "cursor": {
        "type": "cursor"
      },
      "breakParent": {
        "type": "break-parent"
      },
      "trim": {
        "type": "trim"
      },
      "hardlineWithoutBreakParent": {
        "type": "line",
        "hard": true
      },
      "literallineWithoutBreakParent": {
        "type": "line",
        "hard": true,
        "literal": true
      }
    },
    "default": {
      "builders": {
        "line": {
          "type": "line"
        },
        "softline": {
          "type": "line",
          "soft": true
        },
        "hardline": [
          {
            "type": "line",
            "hard": true
          },
          {
            "type": "break-parent"
          }
        ],
        "literalline": [
          {
            "type": "line",
            "hard": true,
            "literal": true
          },
          {
            "type": "break-parent"
          }
        ],
        "lineSuffixBoundary": {
          "type": "line-suffix-boundary"
        },
        "cursor": {
          "type": "cursor"
        },
        "breakParent": {
          "type": "break-parent"
        },
        "trim": {
          "type": "trim"
        },
        "hardlineWithoutBreakParent": {
          "type": "line",
          "hard": true
        },
        "literallineWithoutBreakParent": {
          "type": "line",
          "hard": true,
          "literal": true
        }
      },
      "printer": {},
      "utils": {}
    },
    "printer": {},
    "utils": {}
  },
  "util": {},
  "version": "3.7.4"
}
["WARN" - 8:17:48 AM] Unable to resolve ignore path: .prettierignore for /home/cuong75201/Documents/porfolio/index.html
["INFO" - 8:17:48 AM] Resolved plugins:
[]
["INFO" - 8:17:48 AM] File Info:
{
  "ignored": false,
  "inferredParser": "html"
}
["INFO" - 8:17:48 AM] Using VS Code configuration
["INFO" - 8:17:48 AM] Prettier Options:
{
  "arrowParens": "always",
  "bracketSpacing": true,
  "endOfLine": "lf",
  "htmlWhitespaceSensitivity": "css",
  "insertPragma": false,
  "singleAttributePerLine": false,
  "bracketSameLine": false,
  "jsxBracketSameLine": false,
  "jsxSingleQuote": false,
  "printWidth": 80,
  "proseWrap": "preserve",
  "quoteProps": "as-needed",
  "requirePragma": false,
  "semi": true,
  "singleQuote": false,
  "tabWidth": 2,
  "trailingComma": "all",
  "useTabs": false,
  "embeddedLanguageFormatting": "auto",
  "vueIndentScriptAndStyle": false,
  "experimentalTernaries": false,
  "objectWrap": "preserve",
  "experimentalOperatorPosition": "end",
  "filepath": "/home/cuong75201/Documents/porfolio/index.html",
  "parser": "html"
}
["INFO" - 8:17:48 AM] Formatting completed in 23ms.
["INFO" - 8:18:59 AM] EditorConfig support is enabled, checking for .editorconfig files
["INFO" - 8:18:59 AM] No local configuration (i.e. .prettierrc or .editorconfig) detected, will fall back to VS Code configuration
["INFO" - 8:20:45 AM] EditorConfig support is enabled, checking for .editorconfig files
["INFO" - 8:20:45 AM] No local configuration (i.e. .prettierrc or .editorconfig) detected, will fall back to VS Code configuration
["INFO" - 8:22:01 AM] Formatting file:///home/cuong75201/Documents/porfolio/index.html
["INFO" - 8:22:01 AM] EditorConfig support is enabled, checking for .editorconfig files
["INFO" - 8:22:01 AM] No local configuration (i.e. .prettierrc or .editorconfig) detected, will fall back to VS Code configuration
["INFO" - 8:22:01 AM] PrettierInstance:
{
  "__debug": {
    "mockable": {
      "mocked": {},
      "implementations": {}
    }
  },
  "__internal": {
    "errors": {},
    "optionCategories": {
      "CATEGORY_CONFIG": "Config",
      "CATEGORY_EDITOR": "Editor",
      "CATEGORY_FORMAT": "Format",
      "CATEGORY_GLOBAL": "Global",
      "CATEGORY_OTHER": "Other",
      "CATEGORY_OUTPUT": "Output",
      "CATEGORY_SPECIAL": "Special"
    },
    "formatOptionsHiddenDefaults": {
      "astFormat": "estree",
      "printer": {},
      "locStart": null,
      "locEnd": null,
      "getVisitorKeys": null
    },
    "vnopts": {
      "apiDescriptor": {}
    },
    "picocolors": {
      "isColorSupported": false
    },
    "utilities": {}
  },
  "doc": {
    "builders": {
      "line": {
        "type": "line"
      },
      "softline": {
        "type": "line",
        "soft": true
      },
      "hardline": [
        {
          "type": "line",
          "hard": true
        },
        {
          "type": "break-parent"
        }
      ],
      "literalline": [
        {
          "type": "line",
          "hard": true,
          "literal": true
        },
        {
          "type": "break-parent"
        }
      ],
      "lineSuffixBoundary": {
        "type": "line-suffix-boundary"
      },
      "cursor": {
        "type": "cursor"
      },
      "breakParent": {
        "type": "break-parent"
      },
      "trim": {
        "type": "trim"
      },
      "hardlineWithoutBreakParent": {
        "type": "line",
        "hard": true
      },
      "literallineWithoutBreakParent": {
        "type": "line",
        "hard": true,
        "literal": true
      }
    },
    "default": {
      "builders": {
        "line": {
          "type": "line"
        },
        "softline": {
          "type": "line",
          "soft": true
        },
        "hardline": [
          {
            "type": "line",
            "hard": true
          },
          {
            "type": "break-parent"
          }
        ],
        "literalline": [
          {
            "type": "line",
            "hard": true,
            "literal": true
          },
          {
            "type": "break-parent"
          }
        ],
        "lineSuffixBoundary": {
          "type": "line-suffix-boundary"
        },
        "cursor": {
          "type": "cursor"
        },
        "breakParent": {
          "type": "break-parent"
        },
        "trim": {
          "type": "trim"
        },
        "hardlineWithoutBreakParent": {
          "type": "line",
          "hard": true
        },
        "literallineWithoutBreakParent": {
          "type": "line",
          "hard": true,
          "literal": true
        }
      },
      "printer": {},
      "utils": {}
    },
    "printer": {},
    "utils": {}
  },
  "util": {},
  "version": "3.7.4"
}
["WARN" - 8:22:01 AM] Unable to resolve ignore path: .prettierignore for /home/cuong75201/Documents/porfolio/index.html
["INFO" - 8:22:01 AM] Resolved plugins:
[]
["INFO" - 8:22:01 AM] File Info:
{
  "ignored": false,
  "inferredParser": "html"
}
["INFO" - 8:22:01 AM] Using VS Code configuration
["INFO" - 8:22:01 AM] Prettier Options:
{
  "arrowParens": "always",
  "bracketSpacing": true,
  "endOfLine": "lf",
  "htmlWhitespaceSensitivity": "css",
  "insertPragma": false,
  "singleAttributePerLine": false,
  "bracketSameLine": false,
  "jsxBracketSameLine": false,
  "jsxSingleQuote": false,
  "printWidth": 80,
  "proseWrap": "preserve",
  "quoteProps": "as-needed",
  "requirePragma": false,
  "semi": true,
  "singleQuote": false,
  "tabWidth": 2,
  "trailingComma": "all",
  "useTabs": false,
  "embeddedLanguageFormatting": "auto",
  "vueIndentScriptAndStyle": false,
  "experimentalTernaries": false,
  "objectWrap": "preserve",
  "experimentalOperatorPosition": "end",
  "filepath": "/home/cuong75201/Documents/porfolio/index.html",
  "parser": "html"
}
["INFO" - 8:22:01 AM] Formatting completed in 25ms.
["INFO" - 8:26:00 AM] EditorConfig support is enabled, checking for .editorconfig files
["INFO" - 8:26:00 AM] No local configuration (i.e. .prettierrc or .editorconfig) detected, will fall back to VS Code configuration
["INFO" - 8:36:48 AM] EditorConfig support is enabled, checking for .editorconfig files
["INFO" - 8:36:48 AM] No local configuration (i.e. .prettierrc or .editorconfig) detected, will fall back to VS Code configuration
["INFO" - 8:38:11 AM] EditorConfig support is enabled, checking for .editorconfig files
["INFO" - 8:38:11 AM] No local configuration (i.e. .prettierrc or .editorconfig) detected, will fall back to VS Code configuration
