2026-03-11 19:46:36.015 [info] Reading sessions from keychain...
2026-03-11 19:46:36.015 [info] Getting sessions for all scopes...
2026-03-11 19:46:36.015 [info] Got stored sessions!
2026-03-11 19:46:36.015 [info] Got 1 verified sessions.
2026-03-11 19:46:36.015 [info] Got 1 sessions for ...
2026-03-11 19:46:36.015 [info] Getting sessions for all scopes...
2026-03-11 19:46:36.015 [info] Got 1 sessions for ...
2026-03-11 19:46:36.015 [info] Getting sessions for all scopes...
2026-03-11 19:46:36.015 [info] Got 1 sessions for ...
2026-03-11 19:46:36.015 [info] Getting sessions for all scopes...
2026-03-11 19:46:36.015 [info] Got 1 sessions for ...
2026-03-11 19:46:36.015 [info] Getting sessions for user:email...
2026-03-11 19:46:36.015 [info] Got 0 sessions for user:email...
2026-03-11 19:46:36.015 [info] Getting sessions for all scopes...
2026-03-11 19:46:36.015 [info] Got 1 sessions for ...
2026-03-11 19:46:36.015 [info] Getting sessions for all scopes...
2026-03-11 19:46:36.015 [info] Got 1 sessions for ...
2026-03-11 19:46:36.015 [info] Getting sessions for all scopes...
2026-03-11 19:46:36.015 [info] Got 1 sessions for ...
2026-03-11 19:46:36.015 [info] Getting sessions for all scopes...
2026-03-11 19:46:36.015 [info] Got 1 sessions for ...
2026-03-11 19:46:36.015 [info] Getting sessions for read:user,repo,user:email,workflow...
2026-03-11 19:46:36.015 [info] Got 1 sessions for read:user,repo,user:email,workflow...
2026-03-11 19:46:36.399 [info] Getting sessions for all scopes...
2026-03-11 19:46:36.399 [info] Got 1 sessions for ...
2026-03-11 19:46:36.400 [info] Getting sessions for all scopes...
2026-03-11 19:46:36.400 [info] Got 1 sessions for ...
2026-03-11 19:46:36.400 [info] Getting sessions for all scopes...
2026-03-11 19:46:36.400 [info] Got 1 sessions for ...
2026-03-11 19:46:36.675 [info] Getting sessions for user:email...
2026-03-11 19:46:36.675 [info] Got 0 sessions for user:email...
2026-03-11 19:46:37.157 [info] FetcherService: Electron fetch failed with status: 429 
2026-03-11 19:46:37.160 [info] Unable to resolve optional EDU details. Status: 429 
2026-03-11 19:46:37.208 [info] Getting sessions for read:user,repo,user:email,workflow...
2026-03-11 19:46:37.208 [info] Got 1 sessions for read:user,repo,user:email,workflow...
2026-03-11 19:46:37.356 [info] Getting sessions for all scopes...
2026-03-11 19:46:37.356 [info] Got 1 sessions for ...
2026-03-11 19:46:37.361 [info] Getting sessions for read:user,repo,user:email,workflow...
2026-03-11 19:46:37.362 [info] Got 1 sessions for read:user,repo,user:email,workflow...
2026-03-11 19:46:37.814 [info] Getting sessions for all scopes...
2026-03-11 19:46:37.814 [info] Got 1 sessions for ...
2026-03-11 19:46:37.814 [info] Getting sessions for all scopes...
2026-03-11 19:46:37.814 [info] Got 1 sessions for ...
2026-03-11 19:46:37.860 [info] Getting sessions for read:user,repo,user:email,workflow...
2026-03-11 19:46:37.860 [info] Got 1 sessions for read:user,repo,user:email,workflow...
2026-03-11 19:46:38.640 [info] Getting sessions for all scopes...
2026-03-11 19:46:38.640 [info] Got 1 sessions for ...
2026-03-11 19:46:38.640 [info] Getting sessions for all scopes...
2026-03-11 19:46:38.640 [info] Got 1 sessions for ...
2026-03-11 19:46:38.963 [info] Getting sessions for read:user,repo,user:email,workflow...
2026-03-11 19:46:38.963 [info] Got 1 sessions for read:user,repo,user:email,workflow...
2026-03-11 19:46:39.975 [info] Getting sessions for all scopes...
2026-03-11 19:46:39.975 [info] Got 1 sessions for ...
2026-03-11 19:46:40.012 [info] Getting sessions for read:user,repo,user:email,workflow...
2026-03-11 19:46:40.012 [info] Got 1 sessions for read:user,repo,user:email,workflow...
