2026-03-11 19:46:36.007 [info] Reading sessions from keychain...
2026-03-11 19:46:36.007 [info] Getting sessions for all scopes...
2026-03-11 19:46:36.007 [info] Got stored sessions!
2026-03-11 19:46:36.007 [info] Got 1 verified sessions.
2026-03-11 19:46:36.007 [info] Got 1 sessions for ...
2026-03-11 19:46:36.007 [info] Getting sessions for all scopes...
2026-03-11 19:46:36.007 [info] Got 1 sessions for ...
2026-03-11 19:46:36.007 [info] Getting sessions for all scopes...
2026-03-11 19:46:36.007 [info] Got 1 sessions for ...
2026-03-11 19:46:36.007 [info] Getting sessions for all scopes...
2026-03-11 19:46:36.007 [info] Got 1 sessions for ...
2026-03-11 19:46:36.007 [info] Getting sessions for user:email...
2026-03-11 19:46:36.007 [info] Got 0 sessions for user:email...
2026-03-11 19:46:36.007 [info] Getting sessions for all scopes...
2026-03-11 19:46:36.007 [info] Got 1 sessions for ...
2026-03-11 19:46:36.007 [info] Getting sessions for all scopes...
2026-03-11 19:46:36.007 [info] Got 1 sessions for ...
2026-03-11 19:46:36.007 [info] Getting sessions for all scopes...
2026-03-11 19:46:36.007 [info] Got 1 sessions for ...
2026-03-11 19:46:36.007 [info] Getting sessions for all scopes...
2026-03-11 19:46:36.007 [info] Got 1 sessions for ...
2026-03-11 19:46:36.007 [info] Getting sessions for read:user,repo,user:email,workflow...
2026-03-11 19:46:36.007 [info] Got 1 sessions for read:user,repo,user:email,workflow...
2026-03-11 19:46:36.218 [info] Getting sessions for user:email...
2026-03-11 19:46:36.218 [info] Got 0 sessions for user:email...
2026-03-11 19:46:36.542 [info] Getting sessions for all scopes...
2026-03-11 19:46:36.542 [info] Got 1 sessions for ...
2026-03-11 19:46:36.543 [info] Getting sessions for all scopes...
2026-03-11 19:46:36.543 [info] Got 1 sessions for ...
2026-03-11 19:46:36.826 [info] Getting sessions for all scopes...
2026-03-11 19:46:36.826 [info] Got 1 sessions for ...
2026-03-11 19:46:37.360 [info] FetcherService: Electron fetch failed with status: 429 
2026-03-11 19:46:37.362 [info] Unable to resolve optional EDU details. Status: 429 
