2026-03-10 12:01:44.857 [info] Reading sessions from keychain...
2026-03-10 12:01:44.857 [info] Got stored sessions!
2026-03-10 12:01:44.857 [info] Got 1 verified sessions.
2026-03-10 12:01:44.857 [info] Getting sessions for all scopes...
2026-03-10 12:01:44.857 [info] Got 1 sessions for ...
2026-03-10 12:01:44.857 [info] Getting sessions for all scopes...
2026-03-10 12:01:44.857 [info] Got 1 sessions for ...
2026-03-10 12:01:44.857 [info] Getting sessions for all scopes...
2026-03-10 12:01:44.857 [info] Got 1 sessions for ...
2026-03-10 12:01:44.857 [info] Getting sessions for all scopes...
2026-03-10 12:01:44.857 [info] Got 1 sessions for ...
2026-03-10 12:01:44.857 [info] Getting sessions for user:email...
2026-03-10 12:01:44.857 [info] Got 0 sessions for user:email...
2026-03-10 12:01:44.857 [info] Getting sessions for all scopes...
2026-03-10 12:01:44.857 [info] Got 1 sessions for ...
2026-03-10 12:01:44.857 [info] Getting sessions for all scopes...
2026-03-10 12:01:44.857 [info] Got 1 sessions for ...
2026-03-10 12:01:44.857 [info] Getting sessions for all scopes...
2026-03-10 12:01:44.857 [info] Got 1 sessions for ...
2026-03-10 12:01:44.857 [info] Getting sessions for all scopes...
2026-03-10 12:01:44.857 [info] Got 1 sessions for ...
2026-03-10 12:01:44.857 [info] Getting sessions for read:user,repo,user:email,workflow...
2026-03-10 12:01:44.857 [info] Got 1 sessions for read:user,repo,user:email,workflow...
2026-03-10 12:01:45.769 [info] Getting sessions for all scopes...
2026-03-10 12:01:45.769 [info] Got 1 sessions for ...
2026-03-10 12:01:45.769 [info] Getting sessions for all scopes...
2026-03-10 12:01:45.769 [info] Got 1 sessions for ...
2026-03-10 12:01:45.769 [info] Getting sessions for all scopes...
2026-03-10 12:01:45.769 [info] Got 1 sessions for ...
2026-03-10 12:01:46.138 [info] Getting sessions for user:email...
2026-03-10 12:01:46.139 [info] Got 0 sessions for user:email...
2026-03-10 12:01:46.164 [info] Getting sessions for read:user,repo,user:email...
2026-03-10 12:01:46.164 [info] Got 0 sessions for read:user,repo,user:email...
2026-03-10 12:01:46.164 [info] Getting sessions for read:user,repo,user:email,workflow...
2026-03-10 12:01:46.164 [info] Got 1 sessions for read:user,repo,user:email,workflow...
2026-03-10 12:01:46.304 [info] Getting sessions for read:user,repo,user:email...
2026-03-10 12:01:46.304 [info] Got 0 sessions for read:user,repo,user:email...
2026-03-10 12:01:46.417 [info] Getting sessions for read:user,repo,user:email,workflow...
2026-03-10 12:01:46.417 [info] Got 1 sessions for read:user,repo,user:email,workflow...
2026-03-10 12:01:46.507 [info] FetcherService: Electron fetch failed with status: 429 
2026-03-10 12:01:46.508 [info] Unable to resolve optional EDU details. Status: 429 
2026-03-10 12:01:47.327 [info] Getting sessions for all scopes...
2026-03-10 12:01:47.327 [info] Got 1 sessions for ...
2026-03-10 12:01:47.327 [info] Getting sessions for all scopes...
2026-03-10 12:01:47.327 [info] Got 1 sessions for ...
2026-03-10 12:01:47.769 [info] Getting sessions for read:user,repo,user:email,workflow...
2026-03-10 12:01:47.769 [info] Got 1 sessions for read:user,repo,user:email,workflow...
2026-03-10 12:01:48.022 [info] Getting sessions for all scopes...
2026-03-10 12:01:48.022 [info] Got 1 sessions for ...
2026-03-10 12:01:48.022 [info] Getting sessions for all scopes...
2026-03-10 12:01:48.022 [info] Got 1 sessions for ...
2026-03-10 12:01:48.024 [info] Getting sessions for all scopes...
2026-03-10 12:01:48.024 [info] Got 1 sessions for ...
2026-03-10 12:01:48.050 [info] Getting sessions for all scopes...
2026-03-10 12:01:48.050 [info] Got 1 sessions for ...
2026-03-10 12:01:48.099 [info] Getting sessions for read:user,repo,user:email,workflow...
2026-03-10 12:01:48.099 [info] Got 1 sessions for read:user,repo,user:email,workflow...
2026-03-10 12:01:48.122 [info] Getting sessions for all scopes...
2026-03-10 12:01:48.122 [info] Got 1 sessions for ...
2026-03-10 12:01:48.133 [info] Getting sessions for read:user,repo,user:email,workflow...
2026-03-10 12:01:48.133 [info] Got 1 sessions for read:user,repo,user:email,workflow...
2026-03-10 12:01:48.541 [info] Getting sessions for all scopes...
2026-03-10 12:01:48.541 [info] Got 1 sessions for ...
2026-03-10 12:01:48.543 [info] Getting sessions for read:user,repo,user:email,workflow...
2026-03-10 12:01:48.543 [info] Got 1 sessions for read:user,repo,user:email,workflow...
2026-03-10 12:04:35.438 [info] Getting sessions for read:user,repo,user:email...
2026-03-10 12:04:35.438 [info] Got 0 sessions for read:user,repo,user:email...
2026-03-10 12:04:35.523 [info] Getting sessions for all scopes...
2026-03-10 12:04:35.523 [info] Got 1 sessions for ...
2026-03-10 12:04:35.525 [info] Getting sessions for all scopes...
2026-03-10 12:04:35.525 [info] Got 1 sessions for ...
2026-03-10 12:08:41.137 [info] Getting sessions for all scopes...
2026-03-10 12:08:41.137 [info] Got 1 sessions for ...
2026-03-10 12:08:41.138 [info] Getting sessions for all scopes...
2026-03-10 12:08:41.138 [info] Got 1 sessions for ...
2026-03-10 12:08:51.685 [info] Getting sessions for all scopes...
2026-03-10 12:08:51.685 [info] Got 1 sessions for ...
2026-03-10 12:08:51.686 [info] Getting sessions for all scopes...
2026-03-10 12:08:51.686 [info] Got 1 sessions for ...
