2026-03-10 10:29:30.937 [info] Reading sessions from keychain...
2026-03-10 10:29:30.937 [info] Got stored sessions!
2026-03-10 10:29:30.937 [info] Got 1 verified sessions.
2026-03-10 10:29:30.937 [info] Getting sessions for all scopes...
2026-03-10 10:29:30.937 [info] Got 1 sessions for ...
2026-03-10 10:29:30.937 [info] Getting sessions for all scopes...
2026-03-10 10:29:30.937 [info] Got 1 sessions for ...
2026-03-10 10:29:30.937 [info] Getting sessions for all scopes...
2026-03-10 10:29:30.937 [info] Got 1 sessions for ...
2026-03-10 10:29:30.937 [info] Getting sessions for all scopes...
2026-03-10 10:29:30.937 [info] Got 1 sessions for ...
2026-03-10 10:29:30.937 [info] Getting sessions for user:email...
2026-03-10 10:29:30.937 [info] Got 0 sessions for user:email...
2026-03-10 10:29:30.937 [info] Getting sessions for all scopes...
2026-03-10 10:29:30.937 [info] Got 1 sessions for ...
2026-03-10 10:29:30.937 [info] Getting sessions for all scopes...
2026-03-10 10:29:30.937 [info] Got 1 sessions for ...
2026-03-10 10:29:30.937 [info] Getting sessions for all scopes...
2026-03-10 10:29:30.937 [info] Got 1 sessions for ...
2026-03-10 10:29:30.937 [info] Getting sessions for read:user,repo,user:email,workflow...
2026-03-10 10:29:30.937 [info] Got 1 sessions for read:user,repo,user:email,workflow...
2026-03-10 10:29:31.462 [info] Getting sessions for user:email...
2026-03-10 10:29:31.462 [info] Got 0 sessions for user:email...
2026-03-10 10:29:31.582 [info] Getting sessions for all scopes...
2026-03-10 10:29:31.582 [info] Got 1 sessions for ...
2026-03-10 10:29:31.583 [info] Getting sessions for all scopes...
2026-03-10 10:29:31.583 [info] Got 1 sessions for ...
2026-03-10 10:29:31.583 [info] Getting sessions for all scopes...
2026-03-10 10:29:31.583 [info] Got 1 sessions for ...
2026-03-10 10:29:32.161 [info] Getting sessions for read:user,repo,user:email...
2026-03-10 10:29:32.161 [info] Got 0 sessions for read:user,repo,user:email...
2026-03-10 10:29:32.164 [info] Getting sessions for read:user,repo,user:email,workflow...
2026-03-10 10:29:32.164 [info] Got 1 sessions for read:user,repo,user:email,workflow...
2026-03-10 10:29:32.829 [info] FetcherService: Electron fetch failed with status: 429 
2026-03-10 10:29:32.833 [info] Unable to resolve optional EDU details. Status: 429 
2026-03-10 10:29:33.292 [info] Getting sessions for all scopes...
2026-03-10 10:29:33.292 [info] Got 1 sessions for ...
2026-03-10 10:29:33.292 [info] Getting sessions for all scopes...
2026-03-10 10:29:33.292 [info] Got 1 sessions for ...
2026-03-10 10:29:33.318 [info] Getting sessions for read:user,repo,user:email,workflow...
2026-03-10 10:29:33.318 [info] Got 1 sessions for read:user,repo,user:email,workflow...
2026-03-10 10:29:33.405 [info] Getting sessions for all scopes...
2026-03-10 10:29:33.405 [info] Got 1 sessions for ...
2026-03-10 10:29:33.405 [info] Getting sessions for all scopes...
2026-03-10 10:29:33.405 [info] Got 1 sessions for ...
2026-03-10 10:29:33.407 [info] Getting sessions for read:user,repo,user:email,workflow...
2026-03-10 10:29:33.407 [info] Got 1 sessions for read:user,repo,user:email,workflow...
2026-03-10 10:29:33.485 [info] Getting sessions for all scopes...
2026-03-10 10:29:33.485 [info] Got 1 sessions for ...
2026-03-10 10:29:33.487 [info] Getting sessions for all scopes...
2026-03-10 10:29:33.487 [info] Got 1 sessions for ...
2026-03-10 10:29:33.854 [info] Getting sessions for all scopes...
2026-03-10 10:29:33.854 [info] Got 1 sessions for ...
2026-03-10 10:29:33.857 [info] Getting sessions for read:user,repo,user:email,workflow...
2026-03-10 10:29:33.857 [info] Got 1 sessions for read:user,repo,user:email,workflow...
2026-03-10 10:29:33.872 [info] Getting sessions for all scopes...
2026-03-10 10:29:33.872 [info] Got 1 sessions for ...
2026-03-10 10:29:33.875 [info] Getting sessions for read:user,repo,user:email,workflow...
2026-03-10 10:29:33.875 [info] Got 1 sessions for read:user,repo,user:email,workflow...
