Visual Studio Code (1.110.0, undefined, desktop)
Jupyter Extension Version: 2025.9.1.
Python Extension Version: 2026.2.0.
Python Environment Extension Version: 1.20.1.
Pylance Extension Version: 2026.1.1.
Platform: linux (x64).
Home = /home/cuong75201
Temp Storage folder ~/.config/Code/User/globalStorage/ms-toolsai.jupyter/version-2025.9.1
Multiple Workspace folders opened ~/Documents/machinelearning/scikitlearn, ~/Documents/test
13:33:14.080 [info] Starting Kernel (Python Path: ~/Documents/machinelearning/scikitlearn/venv/bin/python, Venv, 3.14.3) for '~/Documents/machinelearning/scikitlearn/linearModel.ipynb' (disableUI=true)
13:33:14.942 [info] Process Execution: ~/Documents/machinelearning/scikitlearn/venv/bin/python -c "import ipykernel; print(ipykernel.__version__); print("5dc3a68c-e34e-4080-9c3e-2a532b2ccb4d"); print(ipykernel.__file__)"
13:33:14.951 [info] Process Execution: ~/Documents/machinelearning/scikitlearn/venv/bin/python -m ipykernel_launcher --f=/run/user/1000/jupyter/runtime/kernel-v3ee52b2d9734c01f61b084fdbecae8b5d25e1eb90.json
    > cwd: ~/Documents/machinelearning/scikitlearn
13:33:14.966 [info] Process Execution: ~/Documents/machinelearning/scikitlearn/venv/bin/python -m pip list
13:33:15.896 [info] Kernel successfully started
13:42:51.255 [info] Dispose Kernel '~/Documents/machinelearning/scikitlearn/linearModel.ipynb' associated with '~/Documents/machinelearning/scikitlearn/linearModel.ipynb'
13:42:51.412 [warn] Failed to delete connection file file:///run/user/1000/jupyter/runtime/kernel-v3ee52b2d9734c01f61b084fdbecae8b5d25e1eb90.json for pid 523821 Canceled (FileSystemError): Canceled
    at zo._handleError (file:///opt/visual-studio-code/resources/app/out/vs/workbench/api/node/extensionHostProcess.js:494:22145)
    at Object.stat (file:///opt/visual-studio-code/resources/app/out/vs/workbench/api/node/extensionHostProcess.js:494:19063)
    at ou.delete (~/.vscode/extensions/ms-toolsai.jupyter-2025.9.1-linux-x64/dist/extension.node.js:236:16320)
    at ~/.vscode/extensions/ms-toolsai.jupyter-2025.9.1-linux-x64/dist/extension.node.js:308:469 {
  code: 'Unknown'
}
