2026-03-10 14:05:36.779 [info] Reading sessions from keychain...
2026-03-10 14:05:36.779 [info] Getting sessions for all scopes...
2026-03-10 14:05:36.779 [info] Got stored sessions!
2026-03-10 14:05:36.779 [info] Got 1 verified sessions.
2026-03-10 14:05:36.779 [info] Got 1 sessions for ...
2026-03-10 14:05:36.779 [info] Getting sessions for all scopes...
2026-03-10 14:05:36.779 [info] Got 1 sessions for ...
2026-03-10 14:05:36.779 [info] Getting sessions for all scopes...
2026-03-10 14:05:36.779 [info] Got 1 sessions for ...
2026-03-10 14:05:36.779 [info] Getting sessions for all scopes...
2026-03-10 14:05:36.779 [info] Got 1 sessions for ...
2026-03-10 14:05:36.779 [info] Getting sessions for user:email...
2026-03-10 14:05:36.779 [info] Got 0 sessions for user:email...
2026-03-10 14:05:36.779 [info] Getting sessions for all scopes...
2026-03-10 14:05:36.779 [info] Got 1 sessions for ...
2026-03-10 14:05:36.779 [info] Getting sessions for all scopes...
2026-03-10 14:05:36.779 [info] Got 1 sessions for ...
2026-03-10 14:05:36.779 [info] Getting sessions for all scopes...
2026-03-10 14:05:36.779 [info] Got 1 sessions for ...
2026-03-10 14:05:36.779 [info] Getting sessions for read:user,repo,user:email,workflow...
2026-03-10 14:05:36.779 [info] Got 1 sessions for read:user,repo,user:email,workflow...
2026-03-10 14:05:36.855 [info] Getting sessions for user:email...
2026-03-10 14:05:36.855 [info] Got 0 sessions for user:email...
2026-03-10 14:05:37.184 [info] Getting sessions for all scopes...
2026-03-10 14:05:37.185 [info] Got 1 sessions for ...
2026-03-10 14:05:37.185 [info] Getting sessions for all scopes...
2026-03-10 14:05:37.185 [info] Got 1 sessions for ...
2026-03-10 14:05:37.367 [info] Getting sessions for all scopes...
2026-03-10 14:05:37.367 [info] Got 1 sessions for ...
2026-03-10 14:05:37.654 [info] Getting sessions for read:user,repo,user:email...
2026-03-10 14:05:37.654 [info] Got 0 sessions for read:user,repo,user:email...
2026-03-10 14:05:37.661 [info] Getting sessions for all scopes...
2026-03-10 14:05:37.661 [info] Got 1 sessions for ...
2026-03-10 14:05:37.685 [info] Getting sessions for read:user,repo,user:email,workflow...
2026-03-10 14:05:37.685 [info] Got 1 sessions for read:user,repo,user:email,workflow...
2026-03-10 14:05:38.545 [info] FetcherService: Electron fetch failed with status: 429 
2026-03-10 14:05:38.550 [info] Unable to resolve optional EDU details. Status: 429 
2026-03-10 14:05:38.568 [info] Getting sessions for all scopes...
2026-03-10 14:05:38.568 [info] Got 1 sessions for ...
2026-03-10 14:05:38.568 [info] Getting sessions for all scopes...
2026-03-10 14:05:38.568 [info] Got 1 sessions for ...
2026-03-10 14:05:38.569 [info] Getting sessions for read:user,repo,user:email,workflow...
2026-03-10 14:05:38.569 [info] Got 1 sessions for read:user,repo,user:email,workflow...
2026-03-10 14:05:38.645 [info] Getting sessions for all scopes...
2026-03-10 14:05:38.645 [info] Got 1 sessions for ...
2026-03-10 14:05:38.645 [info] Getting sessions for all scopes...
2026-03-10 14:05:38.645 [info] Got 1 sessions for ...
2026-03-10 14:05:38.647 [info] Getting sessions for read:user,repo,user:email,workflow...
2026-03-10 14:05:38.647 [info] Got 1 sessions for read:user,repo,user:email,workflow...
2026-03-10 14:05:38.872 [info] Getting sessions for all scopes...
2026-03-10 14:05:38.872 [info] Got 1 sessions for ...
2026-03-10 14:05:38.872 [info] Getting sessions for read:user,repo,user:email,workflow...
2026-03-10 14:05:38.873 [info] Got 1 sessions for read:user,repo,user:email,workflow...
2026-03-10 14:05:39.056 [info] Getting sessions for all scopes...
2026-03-10 14:05:39.056 [info] Got 1 sessions for ...
2026-03-10 14:05:39.057 [info] Getting sessions for read:user,repo,user:email,workflow...
2026-03-10 14:05:39.057 [info] Got 1 sessions for read:user,repo,user:email,workflow...
2026-03-10 14:05:41.296 [info] Getting sessions for all scopes...
2026-03-10 14:05:41.297 [info] Got 1 sessions for ...
2026-03-10 14:05:41.297 [info] Getting sessions for all scopes...
2026-03-10 14:05:41.297 [info] Got 1 sessions for ...
2026-03-10 14:05:46.500 [info] Getting sessions for all scopes...
2026-03-10 14:05:46.500 [info] Got 1 sessions for ...
2026-03-10 14:05:46.500 [info] Getting sessions for all scopes...
2026-03-10 14:05:46.500 [info] Got 1 sessions for ...
2026-03-10 14:05:56.877 [info] Getting sessions for all scopes...
2026-03-10 14:05:56.877 [info] Got 1 sessions for ...
2026-03-10 14:05:56.878 [info] Getting sessions for all scopes...
2026-03-10 14:05:56.878 [info] Got 1 sessions for ...
2026-03-10 14:06:05.772 [info] Getting sessions for all scopes...
2026-03-10 14:06:05.772 [info] Got 1 sessions for ...
2026-03-10 14:06:05.773 [info] Getting sessions for all scopes...
2026-03-10 14:06:05.773 [info] Got 1 sessions for ...
2026-03-10 14:06:19.000 [info] Getting sessions for all scopes...
2026-03-10 14:06:19.000 [info] Got 1 sessions for ...
2026-03-10 14:06:19.002 [info] Getting sessions for all scopes...
2026-03-10 14:06:19.002 [info] Got 1 sessions for ...
2026-03-10 14:06:21.947 [info] Getting sessions for all scopes...
2026-03-10 14:06:21.947 [info] Got 1 sessions for ...
2026-03-10 14:06:21.949 [info] Getting sessions for all scopes...
2026-03-10 14:06:21.949 [info] Got 1 sessions for ...
2026-03-10 14:07:26.792 [info] Getting sessions for all scopes...
2026-03-10 14:07:26.792 [info] Got 1 sessions for ...
2026-03-10 14:07:26.792 [info] Getting sessions for all scopes...
2026-03-10 14:07:26.792 [info] Got 1 sessions for ...
2026-03-10 14:07:31.869 [info] Getting sessions for all scopes...
2026-03-10 14:07:31.869 [info] Got 1 sessions for ...
2026-03-10 14:07:31.871 [info] Getting sessions for all scopes...
2026-03-10 14:07:31.871 [info] Got 1 sessions for ...
2026-03-10 14:07:37.902 [info] Getting sessions for all scopes...
2026-03-10 14:07:37.902 [info] Got 1 sessions for ...
2026-03-10 14:07:37.903 [info] Getting sessions for all scopes...
2026-03-10 14:07:37.904 [info] Got 1 sessions for ...
2026-03-10 14:07:42.444 [info] Getting sessions for all scopes...
2026-03-10 14:07:42.444 [info] Got 1 sessions for ...
2026-03-10 14:07:42.446 [info] Getting sessions for all scopes...
2026-03-10 14:07:42.446 [info] Got 1 sessions for ...
2026-03-10 14:08:24.742 [info] Getting sessions for all scopes...
2026-03-10 14:08:24.742 [info] Got 1 sessions for ...
2026-03-10 14:08:24.743 [info] Getting sessions for all scopes...
2026-03-10 14:08:24.743 [info] Got 1 sessions for ...
2026-03-10 14:13:13.097 [info] Getting sessions for all scopes...
2026-03-10 14:13:13.097 [info] Got 1 sessions for ...
2026-03-10 14:13:13.100 [info] Getting sessions for all scopes...
2026-03-10 14:13:13.100 [info] Got 1 sessions for ...
2026-03-10 14:20:34.938 [info] Getting sessions for all scopes...
2026-03-10 14:20:34.938 [info] Got 1 sessions for ...
2026-03-10 14:20:34.939 [info] Getting sessions for all scopes...
2026-03-10 14:20:34.939 [info] Got 1 sessions for ...
2026-03-10 14:20:45.109 [info] Getting sessions for all scopes...
2026-03-10 14:20:45.109 [info] Got 1 sessions for ...
2026-03-10 14:20:45.110 [info] Getting sessions for all scopes...
2026-03-10 14:20:45.110 [info] Got 1 sessions for ...
2026-03-10 14:21:25.444 [info] Getting sessions for all scopes...
2026-03-10 14:21:25.444 [info] Got 1 sessions for ...
2026-03-10 14:21:25.445 [info] Getting sessions for all scopes...
2026-03-10 14:21:25.445 [info] Got 1 sessions for ...
2026-03-10 14:21:35.507 [info] Getting sessions for all scopes...
2026-03-10 14:21:35.507 [info] Got 1 sessions for ...
2026-03-10 14:21:35.507 [info] Getting sessions for all scopes...
2026-03-10 14:21:35.507 [info] Got 1 sessions for ...
2026-03-10 14:21:42.232 [info] Getting sessions for all scopes...
2026-03-10 14:21:42.233 [info] Got 1 sessions for ...
2026-03-10 14:21:42.237 [info] Getting sessions for all scopes...
2026-03-10 14:21:42.237 [info] Got 1 sessions for ...
2026-03-10 14:22:00.298 [info] Getting sessions for all scopes...
2026-03-10 14:22:00.298 [info] Got 1 sessions for ...
2026-03-10 14:22:00.300 [info] Getting sessions for all scopes...
2026-03-10 14:22:00.300 [info] Got 1 sessions for ...
2026-03-10 14:22:39.423 [info] Getting sessions for all scopes...
2026-03-10 14:22:39.423 [info] Got 1 sessions for ...
2026-03-10 14:22:39.423 [info] Getting sessions for all scopes...
2026-03-10 14:22:39.424 [info] Got 1 sessions for ...
2026-03-10 14:22:43.342 [info] Getting sessions for all scopes...
2026-03-10 14:22:43.342 [info] Got 1 sessions for ...
2026-03-10 14:22:43.342 [info] Getting sessions for all scopes...
2026-03-10 14:22:43.342 [info] Got 1 sessions for ...
2026-03-10 14:23:17.990 [info] Getting sessions for all scopes...
2026-03-10 14:23:17.990 [info] Got 1 sessions for ...
2026-03-10 14:23:17.993 [info] Getting sessions for all scopes...
2026-03-10 14:23:17.993 [info] Got 1 sessions for ...
2026-03-10 14:23:27.327 [info] Getting sessions for all scopes...
2026-03-10 14:23:27.327 [info] Got 1 sessions for ...
2026-03-10 14:23:27.328 [info] Getting sessions for all scopes...
2026-03-10 14:23:27.328 [info] Got 1 sessions for ...
2026-03-10 14:23:43.169 [info] Getting sessions for all scopes...
2026-03-10 14:23:43.169 [info] Got 1 sessions for ...
2026-03-10 14:23:43.169 [info] Getting sessions for all scopes...
2026-03-10 14:23:43.169 [info] Got 1 sessions for ...
2026-03-10 14:23:46.440 [info] Getting sessions for all scopes...
2026-03-10 14:23:46.440 [info] Got 1 sessions for ...
2026-03-10 14:23:46.441 [info] Getting sessions for all scopes...
2026-03-10 14:23:46.441 [info] Got 1 sessions for ...
2026-03-10 14:24:36.604 [info] Getting sessions for all scopes...
2026-03-10 14:24:36.605 [info] Got 1 sessions for ...
2026-03-10 14:24:36.605 [info] Getting sessions for all scopes...
2026-03-10 14:24:36.649 [info] Got 1 sessions for ...
2026-03-10 14:25:01.249 [info] Getting sessions for all scopes...
2026-03-10 14:25:01.249 [info] Got 1 sessions for ...
2026-03-10 14:25:01.250 [info] Getting sessions for all scopes...
2026-03-10 14:25:01.250 [info] Got 1 sessions for ...
2026-03-10 14:25:36.420 [info] Getting sessions for all scopes...
2026-03-10 14:25:36.420 [info] Got 1 sessions for ...
2026-03-10 14:25:36.423 [info] Getting sessions for all scopes...
2026-03-10 14:25:36.423 [info] Got 1 sessions for ...
2026-03-10 14:25:48.918 [info] Getting sessions for all scopes...
2026-03-10 14:25:48.918 [info] Got 1 sessions for ...
2026-03-10 14:25:48.919 [info] Getting sessions for all scopes...
2026-03-10 14:25:48.919 [info] Got 1 sessions for ...
2026-03-10 14:25:57.159 [info] Getting sessions for all scopes...
2026-03-10 14:25:57.159 [info] Got 1 sessions for ...
2026-03-10 14:25:57.165 [info] Getting sessions for all scopes...
2026-03-10 14:25:57.165 [info] Got 1 sessions for ...
2026-03-10 14:33:13.124 [info] Getting sessions for all scopes...
2026-03-10 14:33:13.124 [info] Got 1 sessions for ...
2026-03-10 14:33:13.124 [info] Getting sessions for all scopes...
2026-03-10 14:33:13.124 [info] Got 1 sessions for ...
2026-03-10 14:33:17.753 [info] Getting sessions for all scopes...
2026-03-10 14:33:17.753 [info] Got 1 sessions for ...
2026-03-10 14:33:17.755 [info] Getting sessions for all scopes...
2026-03-10 14:33:17.755 [info] Got 1 sessions for ...
2026-03-10 14:33:20.329 [info] Getting sessions for all scopes...
2026-03-10 14:33:20.329 [info] Got 1 sessions for ...
2026-03-10 14:33:20.331 [info] Getting sessions for all scopes...
2026-03-10 14:33:20.331 [info] Got 1 sessions for ...
2026-03-10 14:33:20.909 [info] Getting sessions for all scopes...
2026-03-10 14:33:20.909 [info] Got 1 sessions for ...
2026-03-10 14:33:20.912 [info] Getting sessions for read:user,repo,user:email,workflow...
2026-03-10 14:33:20.912 [info] Got 1 sessions for read:user,repo,user:email,workflow...
2026-03-10 14:33:21.704 [info] Getting sessions for all scopes...
2026-03-10 14:33:21.704 [info] Got 1 sessions for ...
2026-03-10 14:33:21.704 [info] Getting sessions for all scopes...
2026-03-10 14:33:21.704 [info] Got 1 sessions for ...
2026-03-10 14:33:21.705 [info] Getting sessions for read:user,repo,user:email,workflow...
2026-03-10 14:33:21.705 [info] Got 1 sessions for read:user,repo,user:email,workflow...
2026-03-10 14:33:21.710 [info] Getting sessions for all scopes...
2026-03-10 14:33:21.710 [info] Got 1 sessions for ...
2026-03-10 14:33:21.711 [info] Getting sessions for read:user,repo,user:email,workflow...
2026-03-10 14:33:21.711 [info] Got 1 sessions for read:user,repo,user:email,workflow...
2026-03-10 14:33:29.054 [info] Getting sessions for all scopes...
2026-03-10 14:33:29.054 [info] Got 1 sessions for ...
2026-03-10 14:33:29.055 [info] Getting sessions for all scopes...
2026-03-10 14:33:29.055 [info] Got 1 sessions for ...
2026-03-10 14:59:03.814 [info] Getting sessions for all scopes...
2026-03-10 14:59:03.814 [info] Got 1 sessions for ...
2026-03-10 14:59:03.815 [info] Getting sessions for all scopes...
2026-03-10 14:59:03.815 [info] Got 1 sessions for ...
2026-03-10 15:41:34.846 [info] Getting sessions for all scopes...
2026-03-10 15:41:34.846 [info] Got 1 sessions for ...
2026-03-10 15:41:34.848 [info] Getting sessions for all scopes...
2026-03-10 15:41:34.848 [info] Got 1 sessions for ...
2026-03-10 15:43:53.384 [info] Getting sessions for all scopes...
2026-03-10 15:43:53.385 [info] Got 1 sessions for ...
2026-03-10 15:43:53.386 [info] Getting sessions for all scopes...
2026-03-10 15:43:53.386 [info] Got 1 sessions for ...
2026-03-10 15:44:04.953 [info] Getting sessions for all scopes...
2026-03-10 15:44:04.953 [info] Got 1 sessions for ...
2026-03-10 15:44:04.955 [info] Getting sessions for all scopes...
2026-03-10 15:44:04.955 [info] Got 1 sessions for ...
2026-03-10 15:44:31.571 [info] Getting sessions for all scopes...
2026-03-10 15:44:31.571 [info] Got 1 sessions for ...
2026-03-10 15:44:31.572 [info] Getting sessions for all scopes...
2026-03-10 15:44:31.572 [info] Got 1 sessions for ...
2026-03-10 15:44:34.205 [info] Getting sessions for all scopes...
2026-03-10 15:44:34.205 [info] Got 1 sessions for ...
2026-03-10 15:44:34.207 [info] Getting sessions for all scopes...
2026-03-10 15:44:34.207 [info] Got 1 sessions for ...
2026-03-10 15:45:44.720 [info] Getting sessions for all scopes...
2026-03-10 15:45:44.720 [info] Got 1 sessions for ...
2026-03-10 15:45:44.721 [info] Getting sessions for all scopes...
2026-03-10 15:45:44.722 [info] Got 1 sessions for ...
2026-03-10 15:46:13.909 [info] Getting sessions for all scopes...
2026-03-10 15:46:13.909 [info] Got 1 sessions for ...
2026-03-10 15:46:13.910 [info] Getting sessions for all scopes...
2026-03-10 15:46:13.911 [info] Got 1 sessions for ...
2026-03-10 15:46:45.069 [info] Getting sessions for all scopes...
2026-03-10 15:46:45.069 [info] Got 1 sessions for ...
2026-03-10 15:46:45.070 [info] Getting sessions for all scopes...
2026-03-10 15:46:45.070 [info] Got 1 sessions for ...
2026-03-10 15:46:51.022 [info] Getting sessions for all scopes...
2026-03-10 15:46:51.023 [info] Got 1 sessions for ...
2026-03-10 15:46:51.024 [info] Getting sessions for all scopes...
2026-03-10 15:46:51.024 [info] Got 1 sessions for ...
2026-03-10 15:47:01.056 [info] Getting sessions for all scopes...
2026-03-10 15:47:01.056 [info] Got 1 sessions for ...
2026-03-10 15:47:01.058 [info] Getting sessions for all scopes...
2026-03-10 15:47:01.058 [info] Got 1 sessions for ...
2026-03-10 15:47:14.037 [info] Getting sessions for all scopes...
2026-03-10 15:47:14.037 [info] Got 1 sessions for ...
2026-03-10 15:47:14.039 [info] Getting sessions for all scopes...
2026-03-10 15:47:14.039 [info] Got 1 sessions for ...
2026-03-10 15:47:56.865 [info] Getting sessions for all scopes...
2026-03-10 15:47:56.865 [info] Got 1 sessions for ...
2026-03-10 15:47:56.867 [info] Getting sessions for all scopes...
2026-03-10 15:47:56.867 [info] Got 1 sessions for ...
2026-03-10 15:48:09.106 [info] Getting sessions for all scopes...
2026-03-10 15:48:09.106 [info] Got 1 sessions for ...
2026-03-10 15:48:09.108 [info] Getting sessions for all scopes...
2026-03-10 15:48:09.108 [info] Got 1 sessions for ...
2026-03-10 15:48:22.018 [info] Getting sessions for all scopes...
2026-03-10 15:48:22.018 [info] Got 1 sessions for ...
2026-03-10 15:48:22.019 [info] Getting sessions for all scopes...
2026-03-10 15:48:22.019 [info] Got 1 sessions for ...
2026-03-10 15:52:23.013 [info] Getting sessions for all scopes...
2026-03-10 15:52:23.013 [info] Got 1 sessions for ...
2026-03-10 15:52:23.013 [info] Getting sessions for all scopes...
2026-03-10 15:52:23.013 [info] Got 1 sessions for ...
2026-03-10 15:53:01.584 [info] Getting sessions for all scopes...
2026-03-10 15:53:01.584 [info] Got 1 sessions for ...
2026-03-10 15:53:01.585 [info] Getting sessions for all scopes...
2026-03-10 15:53:01.585 [info] Got 1 sessions for ...
2026-03-10 15:56:34.401 [info] Getting sessions for all scopes...
2026-03-10 15:56:34.401 [info] Got 1 sessions for ...
2026-03-10 15:56:34.403 [info] Getting sessions for all scopes...
2026-03-10 15:56:34.403 [info] Got 1 sessions for ...
2026-03-10 16:06:01.643 [info] Getting sessions for all scopes...
2026-03-10 16:06:01.643 [info] Got 1 sessions for ...
2026-03-10 16:06:01.643 [info] Getting sessions for all scopes...
2026-03-10 16:06:01.643 [info] Got 1 sessions for ...
2026-03-10 16:06:10.371 [info] Getting sessions for all scopes...
2026-03-10 16:06:10.371 [info] Got 1 sessions for ...
2026-03-10 16:06:10.372 [info] Getting sessions for all scopes...
2026-03-10 16:06:10.372 [info] Got 1 sessions for ...
2026-03-10 16:06:21.935 [info] Getting sessions for all scopes...
2026-03-10 16:06:21.935 [info] Got 1 sessions for ...
2026-03-10 16:06:21.935 [info] Getting sessions for all scopes...
2026-03-10 16:06:21.935 [info] Got 1 sessions for ...
2026-03-10 16:07:01.208 [info] Getting sessions for all scopes...
2026-03-10 16:07:01.208 [info] Got 1 sessions for ...
2026-03-10 16:07:01.209 [info] Getting sessions for all scopes...
2026-03-10 16:07:01.209 [info] Got 1 sessions for ...
2026-03-10 16:07:34.173 [info] Getting sessions for all scopes...
2026-03-10 16:07:34.173 [info] Got 1 sessions for ...
2026-03-10 16:07:34.174 [info] Getting sessions for all scopes...
2026-03-10 16:07:34.174 [info] Got 1 sessions for ...
2026-03-10 16:08:07.439 [info] Getting sessions for all scopes...
2026-03-10 16:08:07.439 [info] Got 1 sessions for ...
2026-03-10 16:08:07.440 [info] Getting sessions for all scopes...
2026-03-10 16:08:07.440 [info] Got 1 sessions for ...
2026-03-10 16:10:10.155 [info] Getting sessions for all scopes...
2026-03-10 16:10:10.155 [info] Got 1 sessions for ...
2026-03-10 16:10:10.158 [info] Getting sessions for all scopes...
2026-03-10 16:10:10.158 [info] Got 1 sessions for ...
2026-03-10 16:10:34.414 [info] Getting sessions for all scopes...
2026-03-10 16:10:34.414 [info] Got 1 sessions for ...
2026-03-10 16:10:34.415 [info] Getting sessions for all scopes...
2026-03-10 16:10:34.415 [info] Got 1 sessions for ...
2026-03-10 16:12:14.553 [info] Getting sessions for all scopes...
2026-03-10 16:12:14.553 [info] Got 1 sessions for ...
2026-03-10 16:12:14.554 [info] Getting sessions for all scopes...
2026-03-10 16:12:14.554 [info] Got 1 sessions for ...
2026-03-10 16:12:40.120 [info] Getting sessions for all scopes...
2026-03-10 16:12:40.120 [info] Got 1 sessions for ...
2026-03-10 16:12:40.121 [info] Getting sessions for all scopes...
2026-03-10 16:12:40.121 [info] Got 1 sessions for ...
2026-03-10 16:13:04.994 [info] Getting sessions for all scopes...
2026-03-10 16:13:04.994 [info] Got 1 sessions for ...
2026-03-10 16:13:04.996 [info] Getting sessions for all scopes...
2026-03-10 16:13:04.996 [info] Got 1 sessions for ...
2026-03-10 16:13:13.606 [info] Getting sessions for all scopes...
2026-03-10 16:13:13.606 [info] Got 1 sessions for ...
2026-03-10 16:13:13.607 [info] Getting sessions for all scopes...
2026-03-10 16:13:13.651 [info] Got 1 sessions for ...
2026-03-10 16:15:27.304 [info] Getting sessions for all scopes...
2026-03-10 16:15:27.304 [info] Got 1 sessions for ...
2026-03-10 16:15:27.305 [info] Getting sessions for all scopes...
2026-03-10 16:15:27.305 [info] Got 1 sessions for ...
2026-03-10 16:15:29.716 [info] Getting sessions for all scopes...
2026-03-10 16:15:29.716 [info] Got 1 sessions for ...
2026-03-10 16:15:29.717 [info] Getting sessions for all scopes...
2026-03-10 16:15:29.717 [info] Got 1 sessions for ...
2026-03-10 16:17:38.308 [info] Getting sessions for all scopes...
2026-03-10 16:17:38.308 [info] Got 1 sessions for ...
2026-03-10 16:17:38.310 [info] Getting sessions for all scopes...
2026-03-10 16:17:38.310 [info] Got 1 sessions for ...
2026-03-10 16:18:35.409 [info] Getting sessions for all scopes...
2026-03-10 16:18:35.409 [info] Got 1 sessions for ...
2026-03-10 16:18:35.411 [info] Getting sessions for all scopes...
2026-03-10 16:18:35.411 [info] Got 1 sessions for ...
2026-03-10 16:19:20.718 [info] Getting sessions for all scopes...
2026-03-10 16:19:20.718 [info] Got 1 sessions for ...
2026-03-10 16:19:20.719 [info] Getting sessions for all scopes...
2026-03-10 16:19:20.719 [info] Got 1 sessions for ...
2026-03-10 16:20:57.953 [info] Getting sessions for all scopes...
2026-03-10 16:20:57.953 [info] Got 1 sessions for ...
2026-03-10 16:20:57.954 [info] Getting sessions for all scopes...
2026-03-10 16:20:57.954 [info] Got 1 sessions for ...
2026-03-10 16:21:06.625 [info] Getting sessions for all scopes...
2026-03-10 16:21:06.626 [info] Got 1 sessions for ...
2026-03-10 16:21:06.626 [info] Getting sessions for all scopes...
2026-03-10 16:21:06.626 [info] Got 1 sessions for ...
2026-03-10 16:21:21.634 [info] Getting sessions for all scopes...
2026-03-10 16:21:21.634 [info] Got 1 sessions for ...
2026-03-10 16:21:21.636 [info] Getting sessions for all scopes...
2026-03-10 16:21:21.636 [info] Got 1 sessions for ...
2026-03-10 16:22:02.055 [info] Getting sessions for all scopes...
2026-03-10 16:22:02.055 [info] Got 1 sessions for ...
2026-03-10 16:22:02.056 [info] Getting sessions for all scopes...
2026-03-10 16:22:02.056 [info] Got 1 sessions for ...
2026-03-10 16:22:40.548 [info] Getting sessions for all scopes...
2026-03-10 16:22:40.548 [info] Got 1 sessions for ...
2026-03-10 16:22:40.549 [info] Getting sessions for all scopes...
2026-03-10 16:22:40.550 [info] Got 1 sessions for ...
2026-03-10 16:22:49.960 [info] Getting sessions for all scopes...
2026-03-10 16:22:49.960 [info] Got 1 sessions for ...
2026-03-10 16:22:49.962 [info] Getting sessions for all scopes...
2026-03-10 16:22:49.962 [info] Got 1 sessions for ...
2026-03-10 16:23:28.901 [info] Getting sessions for all scopes...
2026-03-10 16:23:28.902 [info] Got 1 sessions for ...
2026-03-10 16:23:28.903 [info] Getting sessions for all scopes...
2026-03-10 16:23:28.903 [info] Got 1 sessions for ...
2026-03-10 16:23:31.373 [info] Getting sessions for all scopes...
2026-03-10 16:23:31.373 [info] Got 1 sessions for ...
2026-03-10 16:23:31.375 [info] Getting sessions for all scopes...
2026-03-10 16:23:31.375 [info] Got 1 sessions for ...
2026-03-10 16:23:37.211 [info] Getting sessions for all scopes...
2026-03-10 16:23:37.211 [info] Got 1 sessions for ...
2026-03-10 16:23:37.212 [info] Getting sessions for all scopes...
2026-03-10 16:23:37.212 [info] Got 1 sessions for ...
2026-03-10 16:23:46.095 [info] Getting sessions for all scopes...
2026-03-10 16:23:46.095 [info] Got 1 sessions for ...
2026-03-10 16:23:46.095 [info] Getting sessions for all scopes...
2026-03-10 16:23:46.095 [info] Got 1 sessions for ...
2026-03-10 16:23:55.359 [info] Getting sessions for all scopes...
2026-03-10 16:23:55.359 [info] Got 1 sessions for ...
2026-03-10 16:23:55.360 [info] Getting sessions for all scopes...
2026-03-10 16:23:55.360 [info] Got 1 sessions for ...
2026-03-10 16:24:10.031 [info] Getting sessions for all scopes...
2026-03-10 16:24:10.031 [info] Got 1 sessions for ...
2026-03-10 16:24:10.033 [info] Getting sessions for all scopes...
2026-03-10 16:24:10.033 [info] Got 1 sessions for ...
2026-03-10 16:24:35.007 [info] Getting sessions for all scopes...
2026-03-10 16:24:35.007 [info] Got 1 sessions for ...
2026-03-10 16:24:35.007 [info] Getting sessions for all scopes...
2026-03-10 16:24:35.007 [info] Got 1 sessions for ...
2026-03-10 16:24:46.932 [info] Getting sessions for all scopes...
2026-03-10 16:24:46.933 [info] Got 1 sessions for ...
2026-03-10 16:24:46.934 [info] Getting sessions for all scopes...
2026-03-10 16:24:46.934 [info] Got 1 sessions for ...
2026-03-10 16:24:55.986 [info] Getting sessions for all scopes...
2026-03-10 16:24:55.986 [info] Got 1 sessions for ...
2026-03-10 16:24:55.987 [info] Getting sessions for all scopes...
2026-03-10 16:24:55.987 [info] Got 1 sessions for ...
2026-03-10 16:25:26.953 [info] Getting sessions for all scopes...
2026-03-10 16:25:26.954 [info] Got 1 sessions for ...
2026-03-10 16:25:26.955 [info] Getting sessions for all scopes...
2026-03-10 16:25:26.955 [info] Got 1 sessions for ...
2026-03-10 16:25:40.398 [info] Getting sessions for all scopes...
2026-03-10 16:25:40.398 [info] Got 1 sessions for ...
2026-03-10 16:25:40.400 [info] Getting sessions for all scopes...
2026-03-10 16:25:40.400 [info] Got 1 sessions for ...
2026-03-10 16:25:51.389 [info] Getting sessions for all scopes...
2026-03-10 16:25:51.389 [info] Got 1 sessions for ...
2026-03-10 16:25:51.391 [info] Getting sessions for all scopes...
2026-03-10 16:25:51.391 [info] Got 1 sessions for ...
2026-03-10 16:26:12.723 [info] Getting sessions for all scopes...
2026-03-10 16:26:12.723 [info] Got 1 sessions for ...
2026-03-10 16:26:12.725 [info] Getting sessions for all scopes...
2026-03-10 16:26:12.725 [info] Got 1 sessions for ...
2026-03-10 16:26:17.501 [info] Getting sessions for all scopes...
2026-03-10 16:26:17.501 [info] Got 1 sessions for ...
2026-03-10 16:26:17.501 [info] Getting sessions for all scopes...
2026-03-10 16:26:17.501 [info] Got 1 sessions for ...
2026-03-10 16:26:38.980 [info] Getting sessions for all scopes...
2026-03-10 16:26:38.980 [info] Got 1 sessions for ...
2026-03-10 16:26:38.981 [info] Getting sessions for all scopes...
2026-03-10 16:26:38.981 [info] Got 1 sessions for ...
2026-03-10 16:27:31.294 [info] Getting sessions for all scopes...
2026-03-10 16:27:31.294 [info] Got 1 sessions for ...
2026-03-10 16:27:31.294 [info] Getting sessions for all scopes...
2026-03-10 16:27:31.294 [info] Got 1 sessions for ...
2026-03-10 16:30:46.754 [info] Getting sessions for all scopes...
2026-03-10 16:30:46.754 [info] Got 1 sessions for ...
2026-03-10 16:30:46.754 [info] Getting sessions for all scopes...
2026-03-10 16:30:46.754 [info] Got 1 sessions for ...
2026-03-10 16:31:08.196 [info] Getting sessions for all scopes...
2026-03-10 16:31:08.196 [info] Got 1 sessions for ...
2026-03-10 16:31:08.198 [info] Getting sessions for all scopes...
2026-03-10 16:31:08.198 [info] Got 1 sessions for ...
2026-03-10 16:31:09.494 [info] Getting sessions for all scopes...
2026-03-10 16:31:09.495 [info] Got 1 sessions for ...
2026-03-10 16:31:09.495 [info] Getting sessions for all scopes...
2026-03-10 16:31:09.495 [info] Got 1 sessions for ...
2026-03-10 16:31:10.779 [info] Getting sessions for all scopes...
2026-03-10 16:31:10.779 [info] Got 1 sessions for ...
2026-03-10 16:31:10.780 [info] Getting sessions for all scopes...
2026-03-10 16:31:10.780 [info] Got 1 sessions for ...
2026-03-10 16:31:19.182 [info] Getting sessions for all scopes...
2026-03-10 16:31:19.182 [info] Got 1 sessions for ...
2026-03-10 16:31:19.182 [info] Getting sessions for all scopes...
2026-03-10 16:31:19.182 [info] Got 1 sessions for ...
2026-03-10 16:31:21.079 [info] Getting sessions for all scopes...
2026-03-10 16:31:21.079 [info] Got 1 sessions for ...
2026-03-10 16:31:21.440 [info] Getting sessions for read:user,repo,user:email,workflow...
2026-03-10 16:31:21.440 [info] Got 1 sessions for read:user,repo,user:email,workflow...
2026-03-10 16:31:22.190 [info] Getting sessions for all scopes...
2026-03-10 16:31:22.190 [info] Got 1 sessions for ...
2026-03-10 16:31:22.192 [info] Getting sessions for read:user,repo,user:email,workflow...
2026-03-10 16:31:22.192 [info] Got 1 sessions for read:user,repo,user:email,workflow...
2026-03-10 16:31:52.321 [info] Getting sessions for all scopes...
2026-03-10 16:31:52.322 [info] Got 1 sessions for ...
2026-03-10 16:31:52.322 [info] Getting sessions for all scopes...
2026-03-10 16:31:52.322 [info] Got 1 sessions for ...
2026-03-10 16:31:53.067 [info] Getting sessions for all scopes...
2026-03-10 16:31:53.067 [info] Got 1 sessions for ...
2026-03-10 16:31:53.069 [info] Getting sessions for all scopes...
2026-03-10 16:31:53.069 [info] Got 1 sessions for ...
2026-03-10 16:31:54.533 [info] Getting sessions for all scopes...
2026-03-10 16:31:54.533 [info] Got 1 sessions for ...
2026-03-10 16:31:54.534 [info] Getting sessions for all scopes...
2026-03-10 16:31:54.534 [info] Got 1 sessions for ...
2026-03-10 16:39:09.478 [info] Getting sessions for all scopes...
2026-03-10 16:39:09.479 [info] Got 1 sessions for ...
2026-03-10 16:39:09.479 [info] Getting sessions for all scopes...
2026-03-10 16:39:09.479 [info] Got 1 sessions for ...
2026-03-10 16:43:12.487 [info] Getting sessions for all scopes...
2026-03-10 16:43:12.487 [info] Got 1 sessions for ...
2026-03-10 16:43:12.488 [info] Getting sessions for all scopes...
2026-03-10 16:43:12.488 [info] Got 1 sessions for ...
2026-03-10 16:43:39.348 [info] Getting sessions for all scopes...
2026-03-10 16:43:39.348 [info] Got 1 sessions for ...
2026-03-10 16:43:39.352 [info] Getting sessions for all scopes...
2026-03-10 16:43:39.352 [info] Got 1 sessions for ...
2026-03-10 16:43:46.759 [info] Getting sessions for all scopes...
2026-03-10 16:43:46.759 [info] Got 1 sessions for ...
2026-03-10 16:43:46.760 [info] Getting sessions for all scopes...
2026-03-10 16:43:46.804 [info] Got 1 sessions for ...
2026-03-10 16:44:27.349 [info] Getting sessions for all scopes...
2026-03-10 16:44:27.349 [info] Got 1 sessions for ...
2026-03-10 16:44:27.349 [info] Getting sessions for all scopes...
2026-03-10 16:44:27.349 [info] Got 1 sessions for ...
2026-03-10 16:44:36.453 [info] Getting sessions for all scopes...
2026-03-10 16:44:36.453 [info] Got 1 sessions for ...
2026-03-10 16:44:36.454 [info] Getting sessions for all scopes...
2026-03-10 16:44:36.454 [info] Got 1 sessions for ...
2026-03-10 16:44:37.312 [info] Getting sessions for all scopes...
2026-03-10 16:44:37.312 [info] Got 1 sessions for ...
2026-03-10 16:44:37.312 [info] Getting sessions for all scopes...
2026-03-10 16:44:37.312 [info] Got 1 sessions for ...
2026-03-10 16:44:59.345 [info] Getting sessions for all scopes...
2026-03-10 16:44:59.345 [info] Got 1 sessions for ...
2026-03-10 16:44:59.346 [info] Getting sessions for all scopes...
2026-03-10 16:44:59.346 [info] Got 1 sessions for ...
2026-03-10 16:45:00.562 [info] Getting sessions for all scopes...
2026-03-10 16:45:00.562 [info] Got 1 sessions for ...
2026-03-10 16:45:00.564 [info] Getting sessions for all scopes...
2026-03-10 16:45:00.564 [info] Got 1 sessions for ...
2026-03-10 16:45:01.631 [info] Getting sessions for all scopes...
2026-03-10 16:45:01.631 [info] Got 1 sessions for ...
2026-03-10 16:45:01.633 [info] Getting sessions for all scopes...
2026-03-10 16:45:01.633 [info] Got 1 sessions for ...
2026-03-10 16:45:02.815 [info] Getting sessions for all scopes...
2026-03-10 16:45:02.815 [info] Got 1 sessions for ...
2026-03-10 16:45:02.816 [info] Getting sessions for all scopes...
2026-03-10 16:45:02.816 [info] Got 1 sessions for ...
2026-03-10 16:53:10.670 [info] Getting sessions for all scopes...
2026-03-10 16:53:10.670 [info] Got 1 sessions for ...
2026-03-10 16:53:10.672 [info] Getting sessions for all scopes...
2026-03-10 16:53:10.672 [info] Got 1 sessions for ...
2026-03-10 16:53:25.632 [info] Getting sessions for all scopes...
2026-03-10 16:53:25.632 [info] Got 1 sessions for ...
2026-03-10 16:53:25.634 [info] Getting sessions for all scopes...
2026-03-10 16:53:25.634 [info] Got 1 sessions for ...
2026-03-10 16:53:37.884 [info] Getting sessions for all scopes...
2026-03-10 16:53:37.884 [info] Got 1 sessions for ...
2026-03-10 16:53:37.886 [info] Getting sessions for all scopes...
2026-03-10 16:53:37.886 [info] Got 1 sessions for ...
2026-03-10 16:53:38.945 [info] Getting sessions for all scopes...
2026-03-10 16:53:38.945 [info] Got 1 sessions for ...
2026-03-10 16:53:38.947 [info] Getting sessions for all scopes...
2026-03-10 16:53:38.947 [info] Got 1 sessions for ...
2026-03-10 16:54:10.707 [info] Getting sessions for all scopes...
2026-03-10 16:54:10.707 [info] Got 1 sessions for ...
2026-03-10 16:54:10.709 [info] Getting sessions for all scopes...
2026-03-10 16:54:10.709 [info] Got 1 sessions for ...
2026-03-10 16:54:25.135 [info] Getting sessions for all scopes...
2026-03-10 16:54:25.135 [info] Got 1 sessions for ...
2026-03-10 16:54:25.137 [info] Getting sessions for all scopes...
2026-03-10 16:54:25.137 [info] Got 1 sessions for ...
2026-03-10 16:59:48.787 [info] Getting sessions for all scopes...
2026-03-10 16:59:48.787 [info] Got 1 sessions for ...
2026-03-10 16:59:48.787 [info] Getting sessions for all scopes...
2026-03-10 16:59:48.787 [info] Got 1 sessions for ...
2026-03-10 17:02:22.242 [info] Getting sessions for all scopes...
2026-03-10 17:02:22.242 [info] Got 1 sessions for ...
2026-03-10 17:02:22.244 [info] Getting sessions for all scopes...
2026-03-10 17:02:22.244 [info] Got 1 sessions for ...
2026-03-10 17:02:44.185 [info] Getting sessions for all scopes...
2026-03-10 17:02:44.185 [info] Got 1 sessions for ...
2026-03-10 17:02:44.187 [info] Getting sessions for all scopes...
2026-03-10 17:02:44.187 [info] Got 1 sessions for ...
2026-03-10 17:04:58.706 [info] Getting sessions for all scopes...
2026-03-10 17:04:58.706 [info] Got 1 sessions for ...
2026-03-10 17:04:58.708 [info] Getting sessions for all scopes...
2026-03-10 17:04:58.708 [info] Got 1 sessions for ...
2026-03-10 17:04:59.568 [info] Getting sessions for all scopes...
2026-03-10 17:04:59.568 [info] Got 1 sessions for ...
2026-03-10 17:04:59.568 [info] Getting sessions for all scopes...
2026-03-10 17:04:59.568 [info] Got 1 sessions for ...
2026-03-10 17:05:22.491 [info] Getting sessions for all scopes...
2026-03-10 17:05:22.491 [info] Got 1 sessions for ...
2026-03-10 17:05:22.493 [info] Getting sessions for all scopes...
2026-03-10 17:05:22.493 [info] Got 1 sessions for ...
2026-03-10 17:06:20.551 [info] Getting sessions for all scopes...
2026-03-10 17:06:20.551 [info] Got 1 sessions for ...
2026-03-10 17:06:20.553 [info] Getting sessions for all scopes...
2026-03-10 17:06:20.553 [info] Got 1 sessions for ...
2026-03-10 19:50:55.570 [info] Getting sessions for all scopes...
2026-03-10 19:50:55.570 [info] Got 1 sessions for ...
2026-03-10 19:50:55.572 [info] Getting sessions for all scopes...
2026-03-10 19:50:55.572 [info] Got 1 sessions for ...
2026-03-10 19:50:59.038 [info] Getting sessions for all scopes...
2026-03-10 19:50:59.038 [info] Got 1 sessions for ...
2026-03-10 19:50:59.038 [info] Getting sessions for all scopes...
2026-03-10 19:50:59.038 [info] Got 1 sessions for ...
2026-03-10 19:50:59.514 [info] Getting sessions for all scopes...
2026-03-10 19:50:59.514 [info] Got 1 sessions for ...
2026-03-10 19:50:59.516 [info] Getting sessions for all scopes...
2026-03-10 19:50:59.517 [info] Got 1 sessions for ...
2026-03-10 19:51:40.268 [info] Getting sessions for all scopes...
2026-03-10 19:51:40.269 [info] Got 1 sessions for ...
2026-03-10 19:51:40.270 [info] Getting sessions for all scopes...
2026-03-10 19:51:40.270 [info] Got 1 sessions for ...
2026-03-10 19:51:43.036 [info] Getting sessions for all scopes...
2026-03-10 19:51:43.036 [info] Got 1 sessions for ...
2026-03-10 19:51:43.037 [info] Getting sessions for all scopes...
2026-03-10 19:51:43.037 [info] Got 1 sessions for ...
2026-03-10 19:52:27.520 [info] Getting sessions for all scopes...
2026-03-10 19:52:27.520 [info] Got 1 sessions for ...
2026-03-10 19:52:27.522 [info] Getting sessions for all scopes...
2026-03-10 19:52:27.522 [info] Got 1 sessions for ...
2026-03-10 19:53:49.561 [info] Getting sessions for all scopes...
2026-03-10 19:53:49.561 [info] Got 1 sessions for ...
2026-03-10 19:53:49.563 [info] Getting sessions for all scopes...
2026-03-10 19:53:49.563 [info] Got 1 sessions for ...
2026-03-10 19:53:51.038 [info] Getting sessions for all scopes...
2026-03-10 19:53:51.038 [info] Got 1 sessions for ...
2026-03-10 19:53:51.040 [info] Getting sessions for all scopes...
2026-03-10 19:53:51.040 [info] Got 1 sessions for ...
2026-03-10 19:55:31.664 [info] Getting sessions for all scopes...
2026-03-10 19:55:31.664 [info] Got 1 sessions for ...
2026-03-10 19:55:31.665 [info] Getting sessions for all scopes...
2026-03-10 19:55:31.666 [info] Got 1 sessions for ...
2026-03-10 19:55:34.583 [info] Getting sessions for all scopes...
2026-03-10 19:55:34.584 [info] Got 1 sessions for ...
2026-03-10 19:55:34.586 [info] Getting sessions for all scopes...
2026-03-10 19:55:34.586 [info] Got 1 sessions for ...
2026-03-10 19:57:15.603 [info] Getting sessions for all scopes...
2026-03-10 19:57:15.603 [info] Got 1 sessions for ...
2026-03-10 19:57:15.605 [info] Getting sessions for all scopes...
2026-03-10 19:57:15.605 [info] Got 1 sessions for ...
2026-03-10 19:58:53.653 [info] Getting sessions for all scopes...
2026-03-10 19:58:53.653 [info] Got 1 sessions for ...
2026-03-10 19:58:53.654 [info] Getting sessions for all scopes...
2026-03-10 19:58:53.655 [info] Got 1 sessions for ...
2026-03-10 20:08:49.310 [info] Getting sessions for all scopes...
2026-03-10 20:08:49.310 [info] Got 1 sessions for ...
2026-03-10 20:08:49.312 [info] Getting sessions for all scopes...
2026-03-10 20:08:49.312 [info] Got 1 sessions for ...
2026-03-10 20:09:06.653 [info] Getting sessions for all scopes...
2026-03-10 20:09:06.653 [info] Got 1 sessions for ...
2026-03-10 20:09:06.655 [info] Getting sessions for all scopes...
2026-03-10 20:09:06.655 [info] Got 1 sessions for ...
2026-03-10 20:24:00.945 [info] Getting sessions for all scopes...
2026-03-10 20:24:00.945 [info] Got 1 sessions for ...
2026-03-10 20:24:00.946 [info] Getting sessions for all scopes...
2026-03-10 20:24:00.946 [info] Got 1 sessions for ...
2026-03-10 20:32:34.743 [info] Getting sessions for all scopes...
2026-03-10 20:32:34.743 [info] Got 1 sessions for ...
2026-03-10 20:32:34.743 [info] Getting sessions for all scopes...
2026-03-10 20:32:34.743 [info] Got 1 sessions for ...
2026-03-10 20:54:48.854 [info] Getting sessions for all scopes...
2026-03-10 20:54:48.854 [info] Got 1 sessions for ...
2026-03-10 20:54:48.855 [info] Getting sessions for all scopes...
2026-03-10 20:54:48.855 [info] Got 1 sessions for ...
2026-03-10 20:55:00.570 [info] Getting sessions for all scopes...
2026-03-10 20:55:00.570 [info] Got 1 sessions for ...
2026-03-10 20:55:00.571 [info] Getting sessions for all scopes...
2026-03-10 20:55:00.572 [info] Got 1 sessions for ...
2026-03-10 20:55:03.424 [info] Getting sessions for all scopes...
2026-03-10 20:55:03.424 [info] Got 1 sessions for ...
2026-03-10 20:55:03.424 [info] Getting sessions for all scopes...
2026-03-10 20:55:03.424 [info] Got 1 sessions for ...
2026-03-10 20:55:03.471 [info] Getting sessions for read:user,repo,user:email,workflow...
2026-03-10 20:55:03.471 [info] Got 1 sessions for read:user,repo,user:email,workflow...
2026-03-10 20:55:03.473 [info] Getting sessions for all scopes...
2026-03-10 20:55:03.473 [info] Got 1 sessions for ...
2026-03-10 20:55:03.474 [info] Getting sessions for read:user,repo,user:email,workflow...
2026-03-10 20:55:03.474 [info] Got 1 sessions for read:user,repo,user:email,workflow...
2026-03-10 20:55:04.163 [info] Getting sessions for all scopes...
2026-03-10 20:55:04.163 [info] Got 1 sessions for ...
2026-03-10 20:55:04.163 [info] Getting sessions for all scopes...
2026-03-10 20:55:04.163 [info] Got 1 sessions for ...
2026-03-10 20:55:04.185 [info] Getting sessions for read:user,repo,user:email,workflow...
2026-03-10 20:55:04.185 [info] Got 1 sessions for read:user,repo,user:email,workflow...
2026-03-10 20:55:04.189 [info] Getting sessions for all scopes...
2026-03-10 20:55:04.189 [info] Got 1 sessions for ...
2026-03-10 20:55:04.190 [info] Getting sessions for read:user,repo,user:email,workflow...
2026-03-10 20:55:04.190 [info] Got 1 sessions for read:user,repo,user:email,workflow...
2026-03-10 20:55:19.867 [info] Getting sessions for all scopes...
2026-03-10 20:55:19.867 [info] Got 1 sessions for ...
2026-03-10 20:55:19.869 [info] Getting sessions for all scopes...
2026-03-10 20:55:19.869 [info] Got 1 sessions for ...
2026-03-10 20:56:52.402 [info] Getting sessions for all scopes...
2026-03-10 20:56:52.402 [info] Got 1 sessions for ...
2026-03-10 20:56:52.404 [info] Getting sessions for all scopes...
2026-03-10 20:56:52.404 [info] Got 1 sessions for ...
2026-03-10 20:57:00.357 [info] Getting sessions for all scopes...
2026-03-10 20:57:00.357 [info] Got 1 sessions for ...
2026-03-10 20:57:00.358 [info] Getting sessions for all scopes...
2026-03-10 20:57:00.358 [info] Got 1 sessions for ...
2026-03-10 20:57:01.936 [info] Getting sessions for all scopes...
2026-03-10 20:57:01.936 [info] Got 1 sessions for ...
2026-03-10 20:57:01.937 [info] Getting sessions for all scopes...
2026-03-10 20:57:01.937 [info] Got 1 sessions for ...
2026-03-10 20:57:05.730 [info] Getting sessions for all scopes...
2026-03-10 20:57:05.730 [info] Got 1 sessions for ...
2026-03-10 20:57:05.731 [info] Getting sessions for all scopes...
2026-03-10 20:57:05.731 [info] Got 1 sessions for ...
2026-03-10 20:57:15.633 [info] Getting sessions for all scopes...
2026-03-10 20:57:15.633 [info] Got 1 sessions for ...
2026-03-10 20:57:15.634 [info] Getting sessions for all scopes...
2026-03-10 20:57:15.634 [info] Got 1 sessions for ...
2026-03-10 20:57:30.652 [info] Getting sessions for all scopes...
2026-03-10 20:57:30.652 [info] Got 1 sessions for ...
2026-03-10 20:57:30.655 [info] Getting sessions for all scopes...
2026-03-10 20:57:30.655 [info] Got 1 sessions for ...
2026-03-10 20:57:32.803 [info] Getting sessions for all scopes...
2026-03-10 20:57:32.803 [info] Got 1 sessions for ...
2026-03-10 20:57:32.806 [info] Getting sessions for all scopes...
2026-03-10 20:57:32.806 [info] Got 1 sessions for ...
2026-03-10 20:58:10.336 [info] Getting sessions for all scopes...
2026-03-10 20:58:10.336 [info] Got 1 sessions for ...
2026-03-10 20:58:10.338 [info] Getting sessions for all scopes...
2026-03-10 20:58:10.338 [info] Got 1 sessions for ...
2026-03-10 21:17:51.322 [info] Getting sessions for all scopes...
2026-03-10 21:17:51.322 [info] Got 1 sessions for ...
2026-03-10 21:17:51.324 [info] Getting sessions for all scopes...
2026-03-10 21:17:51.324 [info] Got 1 sessions for ...
2026-03-10 21:18:16.454 [info] Getting sessions for all scopes...
2026-03-10 21:18:16.454 [info] Got 1 sessions for ...
2026-03-10 21:18:16.457 [info] Getting sessions for read:user,repo,user:email,workflow...
2026-03-10 21:18:16.457 [info] Got 1 sessions for read:user,repo,user:email,workflow...
2026-03-10 21:18:17.254 [info] Getting sessions for all scopes...
2026-03-10 21:18:17.254 [info] Got 1 sessions for ...
2026-03-10 21:18:17.254 [info] Getting sessions for all scopes...
2026-03-10 21:18:17.254 [info] Got 1 sessions for ...
2026-03-10 21:18:17.255 [info] Getting sessions for read:user,repo,user:email,workflow...
2026-03-10 21:18:17.255 [info] Got 1 sessions for read:user,repo,user:email,workflow...
2026-03-10 21:18:17.260 [info] Getting sessions for all scopes...
2026-03-10 21:18:17.260 [info] Got 1 sessions for ...
2026-03-10 21:18:17.261 [info] Getting sessions for read:user,repo,user:email,workflow...
2026-03-10 21:18:17.261 [info] Got 1 sessions for read:user,repo,user:email,workflow...
2026-03-10 21:29:35.501 [info] Getting sessions for all scopes...
2026-03-10 21:29:35.501 [info] Got 1 sessions for ...
2026-03-10 21:29:35.503 [info] Getting sessions for all scopes...
2026-03-10 21:29:35.503 [info] Got 1 sessions for ...
2026-03-10 21:52:07.499 [info] Getting sessions for all scopes...
2026-03-10 21:52:07.499 [info] Got 1 sessions for ...
2026-03-10 21:52:07.499 [info] Getting sessions for all scopes...
2026-03-10 21:52:07.500 [info] Got 1 sessions for ...
2026-03-10 21:54:58.554 [info] Getting sessions for all scopes...
2026-03-10 21:54:58.554 [info] Got 1 sessions for ...
2026-03-10 21:54:58.554 [info] Getting sessions for all scopes...
2026-03-10 21:54:58.554 [info] Got 1 sessions for ...
2026-03-11 12:59:24.344 [info] Getting sessions for all scopes...
2026-03-11 12:59:24.344 [info] Got 1 sessions for ...
2026-03-11 12:59:24.345 [info] Getting sessions for all scopes...
2026-03-11 12:59:24.345 [info] Got 1 sessions for ...
2026-03-11 13:00:01.857 [info] Getting sessions for all scopes...
2026-03-11 13:00:01.857 [info] Got 1 sessions for ...
2026-03-11 13:00:01.862 [info] Getting sessions for all scopes...
2026-03-11 13:00:01.862 [info] Got 1 sessions for ...
2026-03-11 13:00:07.547 [info] Getting sessions for all scopes...
2026-03-11 13:00:07.547 [info] Got 1 sessions for ...
2026-03-11 13:00:07.552 [info] Getting sessions for all scopes...
2026-03-11 13:00:07.552 [info] Got 1 sessions for ...
2026-03-11 13:00:32.841 [info] Getting sessions for all scopes...
2026-03-11 13:00:32.841 [info] Got 1 sessions for ...
2026-03-11 13:00:32.841 [info] Getting sessions for all scopes...
2026-03-11 13:00:32.842 [info] Got 1 sessions for ...
2026-03-11 13:01:17.169 [info] Getting sessions for all scopes...
2026-03-11 13:01:17.169 [info] Got 1 sessions for ...
2026-03-11 13:01:17.173 [info] Getting sessions for all scopes...
2026-03-11 13:01:17.173 [info] Got 1 sessions for ...
2026-03-11 13:01:47.315 [info] Getting sessions for all scopes...
2026-03-11 13:01:47.315 [info] Got 1 sessions for ...
2026-03-11 13:01:47.322 [info] Getting sessions for all scopes...
2026-03-11 13:01:47.322 [info] Got 1 sessions for ...
2026-03-11 13:02:21.719 [info] Getting sessions for all scopes...
2026-03-11 13:02:21.719 [info] Got 1 sessions for ...
2026-03-11 13:02:21.731 [info] Getting sessions for all scopes...
2026-03-11 13:02:21.731 [info] Got 1 sessions for ...
2026-03-11 13:03:53.624 [info] Getting sessions for all scopes...
2026-03-11 13:03:53.624 [info] Got 1 sessions for ...
2026-03-11 13:03:53.625 [info] Getting sessions for all scopes...
2026-03-11 13:03:53.625 [info] Got 1 sessions for ...
2026-03-11 13:04:26.125 [info] Getting sessions for all scopes...
2026-03-11 13:04:26.125 [info] Got 1 sessions for ...
2026-03-11 13:04:26.136 [info] Getting sessions for all scopes...
2026-03-11 13:04:26.136 [info] Got 1 sessions for ...
2026-03-11 13:05:59.526 [info] Getting sessions for all scopes...
2026-03-11 13:05:59.526 [info] Got 1 sessions for ...
2026-03-11 13:05:59.527 [info] Getting sessions for all scopes...
2026-03-11 13:05:59.527 [info] Got 1 sessions for ...
2026-03-11 13:06:40.301 [info] Getting sessions for all scopes...
2026-03-11 13:06:40.301 [info] Got 1 sessions for ...
2026-03-11 13:06:40.302 [info] Getting sessions for all scopes...
2026-03-11 13:06:40.302 [info] Got 1 sessions for ...
2026-03-11 13:11:28.825 [info] Getting sessions for all scopes...
2026-03-11 13:11:28.826 [info] Got 1 sessions for ...
2026-03-11 13:11:28.827 [info] Getting sessions for all scopes...
2026-03-11 13:11:28.827 [info] Got 1 sessions for ...
2026-03-11 13:11:37.499 [info] Getting sessions for all scopes...
2026-03-11 13:11:37.499 [info] Got 1 sessions for ...
2026-03-11 13:11:37.502 [info] Getting sessions for all scopes...
2026-03-11 13:11:37.502 [info] Got 1 sessions for ...
2026-03-11 13:11:40.877 [info] Getting sessions for all scopes...
2026-03-11 13:11:40.877 [info] Got 1 sessions for ...
2026-03-11 13:11:40.880 [info] Getting sessions for all scopes...
2026-03-11 13:11:40.880 [info] Got 1 sessions for ...
2026-03-11 13:12:24.118 [info] Getting sessions for all scopes...
2026-03-11 13:12:24.118 [info] Got 1 sessions for ...
2026-03-11 13:12:24.119 [info] Getting sessions for all scopes...
2026-03-11 13:12:24.119 [info] Got 1 sessions for ...
2026-03-11 13:12:28.198 [info] Getting sessions for all scopes...
2026-03-11 13:12:28.198 [info] Got 1 sessions for ...
2026-03-11 13:12:28.201 [info] Getting sessions for all scopes...
2026-03-11 13:12:28.201 [info] Got 1 sessions for ...
2026-03-11 13:14:53.812 [info] Getting sessions for all scopes...
2026-03-11 13:14:53.812 [info] Got 1 sessions for ...
2026-03-11 13:14:53.813 [info] Getting sessions for all scopes...
2026-03-11 13:14:53.813 [info] Got 1 sessions for ...
2026-03-11 13:17:21.940 [info] Getting sessions for all scopes...
2026-03-11 13:17:21.940 [info] Got 1 sessions for ...
2026-03-11 13:17:21.941 [info] Getting sessions for all scopes...
2026-03-11 13:17:21.941 [info] Got 1 sessions for ...
2026-03-11 13:18:33.790 [info] Getting sessions for all scopes...
2026-03-11 13:18:33.790 [info] Got 1 sessions for ...
2026-03-11 13:18:33.791 [info] Getting sessions for all scopes...
2026-03-11 13:18:33.791 [info] Got 1 sessions for ...
2026-03-11 13:18:35.691 [info] Getting sessions for all scopes...
2026-03-11 13:18:35.691 [info] Got 1 sessions for ...
2026-03-11 13:18:35.692 [info] Getting sessions for all scopes...
2026-03-11 13:18:35.692 [info] Got 1 sessions for ...
2026-03-11 13:23:01.636 [info] Getting sessions for all scopes...
2026-03-11 13:23:01.636 [info] Got 1 sessions for ...
2026-03-11 13:23:01.641 [info] Getting sessions for all scopes...
2026-03-11 13:23:01.641 [info] Got 1 sessions for ...
2026-03-11 13:23:02.264 [info] Getting sessions for all scopes...
2026-03-11 13:23:02.264 [info] Got 1 sessions for ...
2026-03-11 13:23:02.265 [info] Getting sessions for all scopes...
2026-03-11 13:23:02.265 [info] Got 1 sessions for ...
2026-03-11 13:23:22.925 [info] Getting sessions for all scopes...
2026-03-11 13:23:22.925 [info] Got 1 sessions for ...
2026-03-11 13:23:22.934 [info] Getting sessions for read:user,repo,user:email,workflow...
2026-03-11 13:23:22.934 [info] Got 1 sessions for read:user,repo,user:email,workflow...
2026-03-11 13:23:23.783 [info] Getting sessions for all scopes...
2026-03-11 13:23:23.783 [info] Got 1 sessions for ...
2026-03-11 13:23:23.783 [info] Getting sessions for all scopes...
2026-03-11 13:23:23.783 [info] Got 1 sessions for ...
2026-03-11 13:23:23.785 [info] Getting sessions for read:user,repo,user:email,workflow...
2026-03-11 13:23:23.785 [info] Got 1 sessions for read:user,repo,user:email,workflow...
2026-03-11 13:23:23.791 [info] Getting sessions for all scopes...
2026-03-11 13:23:23.791 [info] Got 1 sessions for ...
2026-03-11 13:23:23.792 [info] Getting sessions for read:user,repo,user:email,workflow...
2026-03-11 13:23:23.792 [info] Got 1 sessions for read:user,repo,user:email,workflow...
2026-03-11 13:23:47.789 [info] Getting sessions for all scopes...
2026-03-11 13:23:47.789 [info] Got 1 sessions for ...
2026-03-11 13:23:47.790 [info] Getting sessions for all scopes...
2026-03-11 13:23:47.790 [info] Got 1 sessions for ...
2026-03-11 13:24:35.640 [info] Getting sessions for all scopes...
2026-03-11 13:24:35.641 [info] Got 1 sessions for ...
2026-03-11 13:24:35.641 [info] Getting sessions for all scopes...
2026-03-11 13:24:35.641 [info] Got 1 sessions for ...
2026-03-11 13:25:03.379 [info] Getting sessions for all scopes...
2026-03-11 13:25:03.379 [info] Got 1 sessions for ...
2026-03-11 13:25:03.381 [info] Getting sessions for read:user,repo,user:email,workflow...
2026-03-11 13:25:03.381 [info] Got 1 sessions for read:user,repo,user:email,workflow...
2026-03-11 13:29:15.697 [info] Getting sessions for all scopes...
2026-03-11 13:29:15.697 [info] Got 1 sessions for ...
2026-03-11 13:29:15.699 [info] Getting sessions for all scopes...
2026-03-11 13:29:15.699 [info] Got 1 sessions for ...
2026-03-11 13:30:57.914 [info] Getting sessions for all scopes...
2026-03-11 13:30:57.914 [info] Got 1 sessions for ...
2026-03-11 13:30:57.916 [info] Getting sessions for all scopes...
2026-03-11 13:30:57.916 [info] Got 1 sessions for ...
2026-03-11 13:30:58.967 [info] Getting sessions for all scopes...
2026-03-11 13:30:58.967 [info] Got 1 sessions for ...
2026-03-11 13:30:58.969 [info] Getting sessions for all scopes...
2026-03-11 13:30:58.969 [info] Got 1 sessions for ...
2026-03-11 13:30:59.967 [info] Getting sessions for all scopes...
2026-03-11 13:30:59.967 [info] Got 1 sessions for ...
2026-03-11 13:30:59.969 [info] Getting sessions for all scopes...
2026-03-11 13:30:59.969 [info] Got 1 sessions for ...
2026-03-11 13:31:50.895 [info] Getting sessions for all scopes...
2026-03-11 13:31:50.895 [info] Got 1 sessions for ...
2026-03-11 13:31:50.916 [info] Getting sessions for all scopes...
2026-03-11 13:31:50.916 [info] Got 1 sessions for ...
2026-03-11 13:32:11.416 [info] Getting sessions for all scopes...
2026-03-11 13:32:11.417 [info] Got 1 sessions for ...
2026-03-11 13:32:11.418 [info] Getting sessions for all scopes...
2026-03-11 13:32:11.419 [info] Got 1 sessions for ...
2026-03-11 13:32:17.728 [info] Getting sessions for all scopes...
2026-03-11 13:32:17.728 [info] Got 1 sessions for ...
2026-03-11 13:32:17.730 [info] Getting sessions for all scopes...
2026-03-11 13:32:17.773 [info] Got 1 sessions for ...
2026-03-11 13:32:59.746 [info] Getting sessions for all scopes...
2026-03-11 13:32:59.746 [info] Got 1 sessions for ...
2026-03-11 13:32:59.748 [info] Getting sessions for all scopes...
2026-03-11 13:32:59.748 [info] Got 1 sessions for ...
2026-03-11 13:33:13.383 [info] Reading sessions from keychain...
2026-03-11 13:33:13.383 [info] Getting sessions for all scopes...
2026-03-11 13:33:13.383 [info] Got stored sessions!
2026-03-11 13:33:13.383 [info] Got 1 verified sessions.
2026-03-11 13:33:13.383 [info] Got 1 sessions for ...
2026-03-11 13:33:13.383 [info] Getting sessions for all scopes...
2026-03-11 13:33:13.383 [info] Got 1 sessions for ...
2026-03-11 13:33:13.383 [info] Getting sessions for all scopes...
2026-03-11 13:33:13.383 [info] Got 1 sessions for ...
2026-03-11 13:33:13.383 [info] Getting sessions for user:email...
2026-03-11 13:33:13.383 [info] Got 0 sessions for user:email...
2026-03-11 13:33:13.383 [info] Getting sessions for all scopes...
2026-03-11 13:33:13.383 [info] Got 1 sessions for ...
2026-03-11 13:33:13.383 [info] Getting sessions for all scopes...
2026-03-11 13:33:13.383 [info] Got 1 sessions for ...
2026-03-11 13:33:13.383 [info] Getting sessions for all scopes...
2026-03-11 13:33:13.383 [info] Got 1 sessions for ...
2026-03-11 13:33:13.383 [info] Getting sessions for all scopes...
2026-03-11 13:33:13.383 [info] Got 1 sessions for ...
2026-03-11 13:33:13.494 [info] Getting sessions for read:user,repo,user:email,workflow...
2026-03-11 13:33:13.494 [info] Got 1 sessions for read:user,repo,user:email,workflow...
2026-03-11 13:33:13.647 [info] Getting sessions for user:email...
2026-03-11 13:33:13.647 [info] Got 0 sessions for user:email...
2026-03-11 13:33:13.690 [info] Getting sessions for all scopes...
2026-03-11 13:33:13.690 [info] Got 1 sessions for ...
2026-03-11 13:33:13.881 [info] Getting sessions for read:user,repo,user:email,workflow...
2026-03-11 13:33:13.882 [info] Got 1 sessions for read:user,repo,user:email,workflow...
2026-03-11 13:33:22.508 [info] Getting sessions for read:user,repo,user:email...
2026-03-11 13:33:22.508 [info] Got 0 sessions for read:user,repo,user:email...
2026-03-11 13:33:23.881 [info] Getting sessions for all scopes...
2026-03-11 13:33:23.881 [info] Got 1 sessions for ...
2026-03-11 13:33:23.881 [info] Getting sessions for all scopes...
2026-03-11 13:33:23.881 [info] Got 1 sessions for ...
2026-03-11 13:33:24.128 [info] Getting sessions for read:user,repo,user:email,workflow...
2026-03-11 13:33:24.128 [info] Got 1 sessions for read:user,repo,user:email,workflow...
2026-03-11 13:33:44.151 [info] FetcherService: Electron fetch failed with error: net::ERR_TIMED_OUT
2026-03-11 13:33:54.497 [info] FetcherService: Node fetch failed with error: fetch failed
2026-03-11 13:33:54.794 [info] Getting sessions for all scopes...
2026-03-11 13:33:54.794 [info] Got 1 sessions for ...
2026-03-11 13:33:54.798 [info] Getting sessions for read:user,repo,user:email,workflow...
2026-03-11 13:33:54.798 [info] Got 1 sessions for read:user,repo,user:email,workflow...
2026-03-11 13:37:19.184 [info] Getting sessions for all scopes...
2026-03-11 13:37:19.184 [info] Got 1 sessions for ...
2026-03-11 13:37:19.185 [info] Getting sessions for all scopes...
2026-03-11 13:37:19.185 [info] Got 1 sessions for ...
2026-03-11 13:37:42.012 [info] Getting sessions for all scopes...
2026-03-11 13:37:42.012 [info] Got 1 sessions for ...
2026-03-11 13:37:42.014 [info] Getting sessions for all scopes...
2026-03-11 13:37:42.014 [info] Got 1 sessions for ...
2026-03-11 13:37:42.869 [info] Getting sessions for all scopes...
2026-03-11 13:37:42.869 [info] Got 1 sessions for ...
2026-03-11 13:37:42.871 [info] Getting sessions for all scopes...
2026-03-11 13:37:42.871 [info] Got 1 sessions for ...
2026-03-11 13:37:53.213 [info] Getting sessions for all scopes...
2026-03-11 13:37:53.213 [info] Got 1 sessions for ...
2026-03-11 13:37:53.215 [info] Getting sessions for all scopes...
2026-03-11 13:37:53.215 [info] Got 1 sessions for ...
2026-03-11 13:40:00.629 [info] Getting sessions for all scopes...
2026-03-11 13:40:00.629 [info] Got 1 sessions for ...
2026-03-11 13:40:00.631 [info] Getting sessions for all scopes...
2026-03-11 13:40:00.631 [info] Got 1 sessions for ...
2026-03-11 13:42:34.950 [info] Getting sessions for all scopes...
2026-03-11 13:42:34.950 [info] Got 1 sessions for ...
2026-03-11 13:42:34.952 [info] Getting sessions for all scopes...
2026-03-11 13:42:34.952 [info] Got 1 sessions for ...
2026-03-11 13:42:37.589 [info] Getting sessions for all scopes...
2026-03-11 13:42:37.589 [info] Got 1 sessions for ...
2026-03-11 13:42:37.591 [info] Getting sessions for all scopes...
2026-03-11 13:42:37.591 [info] Got 1 sessions for ...
2026-03-11 13:42:38.822 [info] Getting sessions for all scopes...
2026-03-11 13:42:38.822 [info] Got 1 sessions for ...
2026-03-11 13:42:38.823 [info] Getting sessions for all scopes...
2026-03-11 13:42:38.823 [info] Got 1 sessions for ...
2026-03-11 13:42:40.200 [info] Getting sessions for all scopes...
2026-03-11 13:42:40.200 [info] Got 1 sessions for ...
2026-03-11 13:42:40.201 [info] Getting sessions for all scopes...
2026-03-11 13:42:40.201 [info] Got 1 sessions for ...
2026-03-11 13:42:54.240 [info] Reading sessions from keychain...
2026-03-11 13:42:54.240 [info] Got stored sessions!
2026-03-11 13:42:54.240 [info] Got 1 verified sessions.
2026-03-11 13:42:54.240 [info] Getting sessions for all scopes...
2026-03-11 13:42:54.240 [info] Got 1 sessions for ...
2026-03-11 13:42:54.240 [info] Getting sessions for all scopes...
2026-03-11 13:42:54.240 [info] Got 1 sessions for ...
2026-03-11 13:42:54.240 [info] Getting sessions for all scopes...
2026-03-11 13:42:54.240 [info] Got 1 sessions for ...
2026-03-11 13:42:54.240 [info] Getting sessions for all scopes...
2026-03-11 13:42:54.240 [info] Got 1 sessions for ...
2026-03-11 13:42:54.240 [info] Getting sessions for user:email...
2026-03-11 13:42:54.240 [info] Got 0 sessions for user:email...
2026-03-11 13:42:54.240 [info] Getting sessions for all scopes...
2026-03-11 13:42:54.240 [info] Got 1 sessions for ...
2026-03-11 13:42:54.240 [info] Getting sessions for all scopes...
2026-03-11 13:42:54.240 [info] Got 1 sessions for ...
2026-03-11 13:42:54.240 [info] Getting sessions for all scopes...
2026-03-11 13:42:54.240 [info] Got 1 sessions for ...
2026-03-11 13:42:54.247 [info] Getting sessions for read:user,repo,user:email,workflow...
2026-03-11 13:42:54.247 [info] Got 1 sessions for read:user,repo,user:email,workflow...
2026-03-11 13:42:54.534 [info] Getting sessions for user:email...
2026-03-11 13:42:54.534 [info] Got 0 sessions for user:email...
2026-03-11 13:42:54.713 [info] Getting sessions for read:user,repo,user:email...
2026-03-11 13:42:54.713 [info] Got 0 sessions for read:user,repo,user:email...
2026-03-11 13:42:54.776 [info] Getting sessions for all scopes...
2026-03-11 13:42:54.776 [info] Got 1 sessions for ...
2026-03-11 13:42:54.814 [info] Getting sessions for read:user,repo,user:email,workflow...
2026-03-11 13:42:54.814 [info] Got 1 sessions for read:user,repo,user:email,workflow...
2026-03-11 13:42:54.976 [info] Getting sessions for all scopes...
2026-03-11 13:42:54.976 [info] Got 1 sessions for ...
2026-03-11 13:42:54.979 [info] Getting sessions for all scopes...
2026-03-11 13:42:54.979 [info] Got 1 sessions for ...
2026-03-11 13:42:54.979 [info] Getting sessions for all scopes...
2026-03-11 13:42:54.980 [info] Got 1 sessions for ...
2026-03-11 13:42:55.465 [info] Getting sessions for read:user,repo,user:email,workflow...
2026-03-11 13:42:55.465 [info] Got 1 sessions for read:user,repo,user:email,workflow...
2026-03-11 13:42:56.283 [info] Getting sessions for all scopes...
2026-03-11 13:42:56.283 [info] Got 1 sessions for ...
2026-03-11 13:42:56.283 [info] Getting sessions for all scopes...
2026-03-11 13:42:56.283 [info] Got 1 sessions for ...
2026-03-11 13:42:56.304 [info] Getting sessions for read:user,repo,user:email,workflow...
2026-03-11 13:42:56.304 [info] Got 1 sessions for read:user,repo,user:email,workflow...
2026-03-11 13:42:56.361 [info] Getting sessions for all scopes...
2026-03-11 13:42:56.361 [info] Got 1 sessions for ...
2026-03-11 13:42:56.361 [info] Getting sessions for all scopes...
2026-03-11 13:42:56.361 [info] Got 1 sessions for ...
2026-03-11 13:42:56.366 [info] Getting sessions for read:user,repo,user:email,workflow...
2026-03-11 13:42:56.366 [info] Got 1 sessions for read:user,repo,user:email,workflow...
2026-03-11 13:42:56.448 [info] Getting sessions for all scopes...
2026-03-11 13:42:56.448 [info] Got 1 sessions for ...
2026-03-11 13:42:56.449 [info] Getting sessions for all scopes...
2026-03-11 13:42:56.450 [info] Got 1 sessions for ...
2026-03-11 13:42:57.299 [info] Getting sessions for all scopes...
2026-03-11 13:42:57.299 [info] Got 1 sessions for ...
2026-03-11 13:42:57.323 [info] Getting sessions for read:user,repo,user:email,workflow...
2026-03-11 13:42:57.323 [info] Got 1 sessions for read:user,repo,user:email,workflow...
2026-03-11 13:42:57.518 [info] FetcherService: Electron fetch failed with status: 429 
2026-03-11 13:42:57.524 [info] Unable to resolve optional EDU details. Status: 429 
2026-03-11 13:43:00.873 [info] Getting sessions for all scopes...
2026-03-11 13:43:00.873 [info] Got 1 sessions for ...
2026-03-11 13:43:00.874 [info] Getting sessions for read:user,repo,user:email,workflow...
2026-03-11 13:43:00.874 [info] Got 1 sessions for read:user,repo,user:email,workflow...
2026-03-11 13:43:02.137 [info] Getting sessions for all scopes...
2026-03-11 13:43:02.137 [info] Got 1 sessions for ...
2026-03-11 13:43:02.139 [info] Getting sessions for all scopes...
2026-03-11 13:43:02.139 [info] Got 1 sessions for ...
2026-03-11 13:49:07.217 [info] Getting sessions for all scopes...
2026-03-11 13:49:07.217 [info] Got 1 sessions for ...
2026-03-11 13:49:07.219 [info] Getting sessions for all scopes...
2026-03-11 13:49:07.219 [info] Got 1 sessions for ...
2026-03-11 13:49:08.146 [info] Getting sessions for all scopes...
2026-03-11 13:49:08.146 [info] Got 1 sessions for ...
2026-03-11 13:49:08.148 [info] Getting sessions for all scopes...
2026-03-11 13:49:08.148 [info] Got 1 sessions for ...
2026-03-11 13:49:49.063 [info] Getting sessions for all scopes...
2026-03-11 13:49:49.063 [info] Got 1 sessions for ...
2026-03-11 13:49:49.069 [info] Getting sessions for all scopes...
2026-03-11 13:49:49.069 [info] Got 1 sessions for ...
2026-03-11 13:51:07.508 [info] Getting sessions for all scopes...
2026-03-11 13:51:07.508 [info] Got 1 sessions for ...
2026-03-11 13:51:07.510 [info] Getting sessions for read:user,repo,user:email,workflow...
2026-03-11 13:51:07.510 [info] Got 1 sessions for read:user,repo,user:email,workflow...
2026-03-11 13:51:15.198 [info] Getting sessions for all scopes...
2026-03-11 13:51:15.198 [info] Got 1 sessions for ...
2026-03-11 13:51:15.200 [info] Getting sessions for read:user,repo,user:email,workflow...
2026-03-11 13:51:15.200 [info] Got 1 sessions for read:user,repo,user:email,workflow...
2026-03-11 13:52:40.808 [info] Reading sessions from keychain...
2026-03-11 13:52:40.809 [info] Getting sessions for all scopes...
2026-03-11 13:52:40.809 [info] Got stored sessions!
2026-03-11 13:52:40.809 [info] Got 1 verified sessions.
2026-03-11 13:52:40.809 [info] Got 1 sessions for ...
2026-03-11 13:52:40.809 [info] Getting sessions for all scopes...
2026-03-11 13:52:40.809 [info] Got 1 sessions for ...
2026-03-11 13:52:40.809 [info] Getting sessions for all scopes...
2026-03-11 13:52:40.809 [info] Got 1 sessions for ...
2026-03-11 13:52:40.809 [info] Getting sessions for all scopes...
2026-03-11 13:52:40.809 [info] Got 1 sessions for ...
2026-03-11 13:52:40.809 [info] Getting sessions for all scopes...
2026-03-11 13:52:40.809 [info] Got 1 sessions for ...
2026-03-11 13:52:40.809 [info] Getting sessions for all scopes...
2026-03-11 13:52:40.809 [info] Got 1 sessions for ...
2026-03-11 13:52:40.809 [info] Getting sessions for user:email...
2026-03-11 13:52:40.809 [info] Got 0 sessions for user:email...
2026-03-11 13:52:40.914 [info] Getting sessions for read:user,repo,user:email,workflow...
2026-03-11 13:52:40.914 [info] Got 1 sessions for read:user,repo,user:email,workflow...
2026-03-11 13:52:41.509 [info] Getting sessions for user:email...
2026-03-11 13:52:41.509 [info] Got 0 sessions for user:email...
2026-03-11 13:52:41.682 [info] Getting sessions for read:user,repo,user:email,workflow...
2026-03-11 13:52:41.682 [info] Got 1 sessions for read:user,repo,user:email,workflow...
2026-03-11 13:52:41.927 [info] Getting sessions for all scopes...
2026-03-11 13:52:41.927 [info] Got 1 sessions for ...
2026-03-11 13:52:41.927 [info] Getting sessions for all scopes...
2026-03-11 13:52:41.927 [info] Got 1 sessions for ...
2026-03-11 13:52:41.927 [info] Getting sessions for all scopes...
2026-03-11 13:52:41.927 [info] Got 1 sessions for ...
2026-03-11 13:52:41.979 [info] Getting sessions for all scopes...
2026-03-11 13:52:41.979 [info] Got 1 sessions for ...
2026-03-11 13:52:42.588 [info] Getting sessions for read:user,repo,user:email,workflow...
2026-03-11 13:52:42.589 [info] Got 1 sessions for read:user,repo,user:email,workflow...
2026-03-11 13:52:43.131 [info] FetcherService: Electron fetch failed with status: 429 
2026-03-11 13:52:43.134 [info] Unable to resolve optional EDU details. Status: 429 
2026-03-11 13:52:43.681 [info] Getting sessions for read:user,repo,user:email...
2026-03-11 13:52:43.681 [info] Got 0 sessions for read:user,repo,user:email...
2026-03-11 13:52:43.922 [info] Getting sessions for read:user,repo,user:email...
2026-03-11 13:52:43.922 [info] Got 0 sessions for read:user,repo,user:email...
2026-03-11 13:52:44.201 [info] Getting sessions for all scopes...
2026-03-11 13:52:44.201 [info] Got 1 sessions for ...
2026-03-11 13:52:44.202 [info] Getting sessions for all scopes...
2026-03-11 13:52:44.202 [info] Got 1 sessions for ...
2026-03-11 13:52:44.246 [info] Getting sessions for read:user,repo,user:email,workflow...
2026-03-11 13:52:44.247 [info] Got 1 sessions for read:user,repo,user:email,workflow...
2026-03-11 13:52:44.432 [info] Getting sessions for all scopes...
2026-03-11 13:52:44.432 [info] Got 1 sessions for ...
2026-03-11 13:52:44.432 [info] Getting sessions for all scopes...
2026-03-11 13:52:44.432 [info] Got 1 sessions for ...
2026-03-11 13:52:44.466 [info] Getting sessions for all scopes...
2026-03-11 13:52:44.466 [info] Got 1 sessions for ...
2026-03-11 13:52:44.470 [info] Getting sessions for read:user,repo,user:email,workflow...
2026-03-11 13:52:44.470 [info] Got 1 sessions for read:user,repo,user:email,workflow...
2026-03-11 13:52:44.472 [info] Getting sessions for all scopes...
2026-03-11 13:52:44.472 [info] Got 1 sessions for ...
2026-03-11 13:52:44.514 [info] Getting sessions for all scopes...
2026-03-11 13:52:44.514 [info] Got 1 sessions for ...
2026-03-11 13:52:44.520 [info] Getting sessions for read:user,repo,user:email,workflow...
2026-03-11 13:52:44.520 [info] Got 1 sessions for read:user,repo,user:email,workflow...
2026-03-11 13:52:44.856 [info] Getting sessions for all scopes...
2026-03-11 13:52:44.856 [info] Got 1 sessions for ...
2026-03-11 13:52:44.859 [info] Getting sessions for read:user,repo,user:email,workflow...
2026-03-11 13:52:44.859 [info] Got 1 sessions for read:user,repo,user:email,workflow...
2026-03-11 13:53:04.274 [info] Getting sessions for all scopes...
2026-03-11 13:53:04.274 [info] Got 1 sessions for ...
2026-03-11 13:53:04.478 [info] Getting sessions for all scopes...
2026-03-11 13:53:04.478 [info] Got 1 sessions for ...
2026-03-11 13:53:37.540 [info] Getting sessions for all scopes...
2026-03-11 13:53:37.540 [info] Got 1 sessions for ...
2026-03-11 13:53:37.551 [info] Getting sessions for all scopes...
2026-03-11 13:53:37.551 [info] Got 1 sessions for ...
