2026-03-11 13:33:56.906 [info] Reading sessions from keychain...
2026-03-11 13:33:56.906 [info] Getting sessions for all scopes...
2026-03-11 13:33:56.906 [info] Got stored sessions!
2026-03-11 13:33:56.906 [info] Got 1 verified sessions.
2026-03-11 13:33:56.906 [info] Got 1 sessions for ...
2026-03-11 13:33:56.906 [info] Getting sessions for all scopes...
2026-03-11 13:33:56.906 [info] Got 1 sessions for ...
2026-03-11 13:33:56.906 [info] Getting sessions for all scopes...
2026-03-11 13:33:56.906 [info] Got 1 sessions for ...
2026-03-11 13:33:56.906 [info] Getting sessions for all scopes...
2026-03-11 13:33:56.906 [info] Got 1 sessions for ...
2026-03-11 13:33:56.906 [info] Getting sessions for user:email...
2026-03-11 13:33:56.906 [info] Got 0 sessions for user:email...
2026-03-11 13:33:56.906 [info] Getting sessions for all scopes...
2026-03-11 13:33:56.906 [info] Got 1 sessions for ...
2026-03-11 13:33:56.906 [info] Getting sessions for all scopes...
2026-03-11 13:33:56.906 [info] Got 1 sessions for ...
2026-03-11 13:33:56.906 [info] Getting sessions for all scopes...
2026-03-11 13:33:56.906 [info] Got 1 sessions for ...
2026-03-11 13:33:56.906 [info] Getting sessions for all scopes...
2026-03-11 13:33:56.906 [info] Got 1 sessions for ...
2026-03-11 13:33:56.906 [info] Getting sessions for read:user,repo,user:email,workflow...
2026-03-11 13:33:56.906 [info] Got 1 sessions for read:user,repo,user:email,workflow...
2026-03-11 13:33:57.098 [info] Getting sessions for user:email...
2026-03-11 13:33:57.098 [info] Got 0 sessions for user:email...
2026-03-11 13:33:57.296 [info] Getting sessions for all scopes...
2026-03-11 13:33:57.296 [info] Got 1 sessions for ...
2026-03-11 13:33:57.303 [info] Getting sessions for read:user,repo,user:email,workflow...
2026-03-11 13:33:57.303 [info] Got 1 sessions for read:user,repo,user:email,workflow...
2026-03-11 13:34:05.987 [info] Getting sessions for read:user,repo,user:email...
2026-03-11 13:34:05.987 [info] Got 0 sessions for read:user,repo,user:email...
2026-03-11 13:34:06.913 [info] Getting sessions for all scopes...
2026-03-11 13:34:06.913 [info] Got 1 sessions for ...
2026-03-11 13:34:06.913 [info] Getting sessions for all scopes...
2026-03-11 13:34:06.913 [info] Got 1 sessions for ...
2026-03-11 13:34:07.075 [info] Getting sessions for read:user,repo,user:email,workflow...
2026-03-11 13:34:07.075 [info] Got 1 sessions for read:user,repo,user:email,workflow...
2026-03-11 13:34:27.485 [info] FetcherService: Electron fetch failed with error: net::ERR_TIMED_OUT
2026-03-11 13:34:37.653 [info] Getting sessions for all scopes...
2026-03-11 13:34:37.653 [info] Got 1 sessions for ...
2026-03-11 13:34:37.657 [info] Getting sessions for read:user,repo,user:email,workflow...
2026-03-11 13:34:37.657 [info] Got 1 sessions for read:user,repo,user:email,workflow...
2026-03-11 13:34:37.843 [info] FetcherService: Node fetch failed with error: fetch failed
2026-03-11 13:36:10.351 [info] Getting sessions for all scopes...
2026-03-11 13:36:10.351 [info] Got 1 sessions for ...
2026-03-11 13:36:10.352 [info] Getting sessions for all scopes...
2026-03-11 13:36:10.352 [info] Got 1 sessions for ...
2026-03-11 13:36:46.520 [info] Getting sessions for all scopes...
2026-03-11 13:36:46.520 [info] Got 1 sessions for ...
2026-03-11 13:36:46.522 [info] Getting sessions for all scopes...
2026-03-11 13:36:46.522 [info] Got 1 sessions for ...
2026-03-11 13:40:02.254 [info] Getting sessions for all scopes...
2026-03-11 13:40:02.254 [info] Got 1 sessions for ...
2026-03-11 13:40:02.256 [info] Getting sessions for all scopes...
2026-03-11 13:40:02.256 [info] Got 1 sessions for ...
2026-03-11 13:40:02.874 [info] Getting sessions for all scopes...
2026-03-11 13:40:02.874 [info] Got 1 sessions for ...
2026-03-11 13:40:02.877 [info] Getting sessions for all scopes...
2026-03-11 13:40:02.877 [info] Got 1 sessions for ...
2026-03-11 13:42:31.117 [info] Getting sessions for all scopes...
2026-03-11 13:42:31.117 [info] Got 1 sessions for ...
2026-03-11 13:42:31.118 [info] Getting sessions for all scopes...
2026-03-11 13:42:31.118 [info] Got 1 sessions for ...
2026-03-11 13:42:39.447 [info] Getting sessions for all scopes...
2026-03-11 13:42:39.447 [info] Got 1 sessions for ...
2026-03-11 13:42:39.449 [info] Getting sessions for all scopes...
2026-03-11 13:42:39.449 [info] Got 1 sessions for ...
2026-03-11 13:50:21.523 [info] FetcherService: Node http/s failed with error: read ENETUNREACH
2026-03-11 13:50:21.528 [info] Unable to resolve optional EDU details. Error: Error: net::ERR_TIMED_OUT
2026-03-11 13:51:35.273 [info] Getting sessions for all scopes...
2026-03-11 13:51:35.274 [info] Got 1 sessions for ...
2026-03-11 13:51:35.276 [info] Getting sessions for read:user,repo,user:email,workflow...
2026-03-11 13:51:35.276 [info] Got 1 sessions for read:user,repo,user:email,workflow...
2026-03-11 14:21:02.361 [info] Getting sessions for all scopes...
2026-03-11 14:21:02.362 [info] Got 1 sessions for ...
2026-03-11 14:21:02.362 [info] Getting sessions for all scopes...
2026-03-11 14:21:02.362 [info] Got 1 sessions for ...
2026-03-11 14:21:02.806 [info] Getting sessions for all scopes...
2026-03-11 14:21:02.806 [info] Got 1 sessions for ...
2026-03-11 14:21:02.808 [info] Getting sessions for read:user,repo,user:email,workflow...
2026-03-11 14:21:02.808 [info] Got 1 sessions for read:user,repo,user:email,workflow...
2026-03-11 14:21:05.333 [info] Getting sessions for all scopes...
2026-03-11 14:21:05.333 [info] Got 1 sessions for ...
2026-03-11 14:21:05.333 [info] Getting sessions for all scopes...
2026-03-11 14:21:05.333 [info] Got 1 sessions for ...
2026-03-11 14:21:05.360 [info] Getting sessions for read:user,repo,user:email,workflow...
2026-03-11 14:21:05.360 [info] Got 1 sessions for read:user,repo,user:email,workflow...
2026-03-11 14:21:05.680 [info] Getting sessions for all scopes...
2026-03-11 14:21:05.680 [info] Got 1 sessions for ...
2026-03-11 14:21:05.680 [info] Getting sessions for all scopes...
2026-03-11 14:21:05.680 [info] Got 1 sessions for ...
2026-03-11 14:21:05.684 [info] Getting sessions for read:user,repo,user:email,workflow...
2026-03-11 14:21:05.684 [info] Got 1 sessions for read:user,repo,user:email,workflow...
2026-03-11 14:21:06.187 [info] Getting sessions for all scopes...
2026-03-11 14:21:06.187 [info] Got 1 sessions for ...
2026-03-11 14:21:06.201 [info] Getting sessions for read:user,repo,user:email,workflow...
2026-03-11 14:21:06.201 [info] Got 1 sessions for read:user,repo,user:email,workflow...
2026-03-11 14:21:15.869 [info] Getting sessions for all scopes...
2026-03-11 14:21:15.869 [info] Got 1 sessions for ...
2026-03-11 14:21:15.870 [info] Getting sessions for all scopes...
2026-03-11 14:21:15.870 [info] Got 1 sessions for ...
2026-03-11 14:32:01.791 [info] Getting sessions for all scopes...
2026-03-11 14:32:01.791 [info] Got 1 sessions for ...
2026-03-11 14:32:01.793 [info] Getting sessions for all scopes...
2026-03-11 14:32:01.793 [info] Got 1 sessions for ...
