Mar 06, 2026 9:17:22 PM org.eclipse.lemminx.XMLLanguageServer initialize
INFO: Initializing XML Language server
LemMinX Server info:
 - Version : 0.31.0
 - Java : /usr/lib/jvm/java-21-openjdk
 - VM Version : 21.0.10
 - Git de7f529 - [maven-release-plugin] prepare release 0.31.0
Mar 06, 2026 9:17:22 PM org.eclipse.lemminx.uriresolver.CacheResourcesManager lambda$downloadResource$0
INFO: Downloading http://maven.apache.org/xsd/maven-4.0.0.xsd to /home/cuong75201/.lemminx/cache/http/maven.apache.org/xsd/maven-4.0.0.xsd...
Mar 06, 2026 9:17:23 PM org.eclipse.lemminx.uriresolver.CacheResourcesManager lambda$downloadResource$0
INFO: Downloaded http://maven.apache.org/xsd/maven-4.0.0.xsd to /home/cuong75201/.lemminx/cache/http/maven.apache.org/xsd/maven-4.0.0.xsd in 961ms
Mar 06, 2026 9:59:14 PM org.eclipse.lemminx.XMLLanguageServer initialize
INFO: Initializing XML Language server
LemMinX Server info:
 - Version : 0.31.0
 - Java : /usr/lib/jvm/java-21-openjdk
 - VM Version : 21.0.10
 - Git de7f529 - [maven-release-plugin] prepare release 0.31.0
Mar 06, 2026 9:59:15 PM org.eclipse.lsp4j.jsonrpc.RemoteEndpoint handleCancellation
WARNING: Unmatched cancel notification for request id 9
Mar 06, 2026 9:59:15 PM org.eclipse.lsp4j.jsonrpc.RemoteEndpoint handleCancellation
WARNING: Unmatched cancel notification for request id 15
Mar 06, 2026 9:59:19 PM org.eclipse.lsp4j.jsonrpc.RemoteEndpoint handleCancellation
WARNING: Unmatched cancel notification for request id 27
Mar 06, 2026 11:29:03 PM org.eclipse.lemminx.uriresolver.CacheResourcesManager lambda$downloadResource$0
INFO: Downloading http://java.sun.com/dtd/web-app_2_3.dtd to /home/cuong75201/.lemminx/cache/http/java.sun.com/dtd/web-app_2_3.dtd...
Mar 06, 2026 11:29:04 PM org.eclipse.lemminx.uriresolver.CacheResourcesManager lambda$downloadResource$0
INFO: Downloaded http://java.sun.com/dtd/web-app_2_3.dtd to /home/cuong75201/.lemminx/cache/http/java.sun.com/dtd/web-app_2_3.dtd in 850ms
Mar 07, 2026 10:42:59 AM org.eclipse.lemminx.XMLLanguageServer initialize
INFO: Initializing XML Language server
LemMinX Server info:
 - Version : 0.31.0
 - Java : /usr/lib/jvm/java-21-openjdk
 - VM Version : 21.0.10
 - Git de7f529 - [maven-release-plugin] prepare release 0.31.0
