2026-03-10 14:05:35.149 [info] Deleted marked for removal extension from disk vscjava.vscode-java-upgrade /home/cuong75201/.vscode/extensions/vscjava.vscode-java-upgrade-2.0.2
2026-03-10 14:06:36.657 [info] Getting Manifest... ms-python.python
2026-03-10 14:06:36.936 [info] Installing extension: ms-python.python {"isMachineScoped":false,"installPreReleaseVersion":false,"pinned":false,"profileLocation":{"$mid":1,"external":"vscode-userdata:/home/cuong75201/.vscode/extensions/extensions.json","path":"/home/cuong75201/.vscode/extensions/extensions.json","scheme":"vscode-userdata"},"isApplicationScoped":false,"productVersion":{"version":"1.110.0","date":"2026-03-04T01:20:28.863Z"}}
2026-03-10 14:06:37.466 [info] Getting Manifest... ms-python.vscode-pylance
2026-03-10 14:06:38.112 [info] Getting Manifest... ms-python.debugpy
2026-03-10 14:06:38.263 [info] Getting Manifest... ms-python.vscode-python-envs
2026-03-10 14:06:38.326 [info] Installing extension: ms-python.vscode-pylance {"isMachineScoped":false,"installPreReleaseVersion":false,"pinned":false,"profileLocation":{"$mid":1,"external":"vscode-userdata:/home/cuong75201/.vscode/extensions/extensions.json","path":"/home/cuong75201/.vscode/extensions/extensions.json","scheme":"vscode-userdata"},"isApplicationScoped":false,"productVersion":{"version":"1.110.0","date":"2026-03-04T01:20:28.863Z"},"installGivenVersion":false,"context":{"dependecyOrPackExtensionInstall":true}}
2026-03-10 14:06:38.327 [info] Installing extension: ms-python.debugpy {"isMachineScoped":false,"installPreReleaseVersion":false,"pinned":false,"profileLocation":{"$mid":1,"external":"vscode-userdata:/home/cuong75201/.vscode/extensions/extensions.json","path":"/home/cuong75201/.vscode/extensions/extensions.json","scheme":"vscode-userdata"},"isApplicationScoped":false,"productVersion":{"version":"1.110.0","date":"2026-03-04T01:20:28.863Z"},"installGivenVersion":false,"context":{"dependecyOrPackExtensionInstall":true}}
2026-03-10 14:06:38.327 [info] Installing extension: ms-python.vscode-python-envs {"isMachineScoped":false,"installPreReleaseVersion":false,"pinned":false,"profileLocation":{"$mid":1,"external":"vscode-userdata:/home/cuong75201/.vscode/extensions/extensions.json","path":"/home/cuong75201/.vscode/extensions/extensions.json","scheme":"vscode-userdata"},"isApplicationScoped":false,"productVersion":{"version":"1.110.0","date":"2026-03-04T01:20:28.863Z"},"installGivenVersion":false,"context":{"dependecyOrPackExtensionInstall":true}}
2026-03-10 14:06:45.770 [info] Extension signature verification result for ms-python.debugpy: Success. Internal Code: 0. Executed: true. Duration: 457ms.
2026-03-10 14:06:45.954 [info] Extracted extension to file:///home/cuong75201/.vscode/extensions/ms-python.debugpy-2025.18.0-linux-x64: ms-python.debugpy
2026-03-10 14:06:45.967 [info] Renamed to /home/cuong75201/.vscode/extensions/ms-python.debugpy-2025.18.0-linux-x64
2026-03-10 14:06:49.216 [info] Extension signature verification result for ms-python.python: Success. Internal Code: 0. Executed: true. Duration: 432ms.
2026-03-10 14:06:49.734 [info] Extracted extension to file:///home/cuong75201/.vscode/extensions/ms-python.python-2026.2.0-linux-x64: ms-python.python
2026-03-10 14:06:49.782 [info] Renamed to /home/cuong75201/.vscode/extensions/ms-python.python-2026.2.0-linux-x64
2026-03-10 14:06:50.077 [info] Extension signature verification result for ms-python.vscode-python-envs: Success. Internal Code: 0. Executed: true. Duration: 411ms.
2026-03-10 14:06:50.187 [info] Extracted extension to file:///home/cuong75201/.vscode/extensions/ms-python.vscode-python-envs-1.20.1-linux-x64: ms-python.vscode-python-envs
2026-03-10 14:06:50.196 [info] Renamed to /home/cuong75201/.vscode/extensions/ms-python.vscode-python-envs-1.20.1-linux-x64
2026-03-10 14:06:51.787 [info] Getting Manifest... ms-toolsai.jupyter
2026-03-10 14:06:52.151 [info] Installing extension: ms-toolsai.jupyter {"installPreReleaseVersion":false,"context":{"skipWalkthrough":true},"pinned":false,"isMachineScoped":false,"profileLocation":{"$mid":1,"external":"vscode-userdata:/home/cuong75201/.vscode/extensions/extensions.json","path":"/home/cuong75201/.vscode/extensions/extensions.json","scheme":"vscode-userdata"},"isApplicationScoped":false,"productVersion":{"version":"1.110.0","date":"2026-03-04T01:20:28.863Z"}}
2026-03-10 14:06:52.340 [info] Getting Manifest... ms-toolsai.jupyter-keymap
2026-03-10 14:06:52.409 [info] Getting Manifest... ms-toolsai.vscode-jupyter-slideshow
2026-03-10 14:06:52.917 [info] Getting Manifest... ms-toolsai.vscode-jupyter-cell-tags
2026-03-10 14:06:52.984 [info] Getting Manifest... ms-toolsai.jupyter-renderers
2026-03-10 14:06:53.217 [info] Installing extension: ms-toolsai.jupyter-keymap {"installPreReleaseVersion":false,"context":{"skipWalkthrough":true,"dependecyOrPackExtensionInstall":true},"pinned":false,"isMachineScoped":false,"profileLocation":{"$mid":1,"external":"vscode-userdata:/home/cuong75201/.vscode/extensions/extensions.json","path":"/home/cuong75201/.vscode/extensions/extensions.json","scheme":"vscode-userdata"},"isApplicationScoped":false,"productVersion":{"version":"1.110.0","date":"2026-03-04T01:20:28.863Z"},"installGivenVersion":false}
2026-03-10 14:06:53.217 [info] Installing extension: ms-toolsai.vscode-jupyter-slideshow {"installPreReleaseVersion":false,"context":{"skipWalkthrough":true,"dependecyOrPackExtensionInstall":true},"pinned":false,"isMachineScoped":false,"profileLocation":{"$mid":1,"external":"vscode-userdata:/home/cuong75201/.vscode/extensions/extensions.json","path":"/home/cuong75201/.vscode/extensions/extensions.json","scheme":"vscode-userdata"},"isApplicationScoped":false,"productVersion":{"version":"1.110.0","date":"2026-03-04T01:20:28.863Z"},"installGivenVersion":false}
2026-03-10 14:06:53.218 [info] Installing extension: ms-toolsai.vscode-jupyter-cell-tags {"installPreReleaseVersion":false,"context":{"skipWalkthrough":true,"dependecyOrPackExtensionInstall":true},"pinned":false,"isMachineScoped":false,"profileLocation":{"$mid":1,"external":"vscode-userdata:/home/cuong75201/.vscode/extensions/extensions.json","path":"/home/cuong75201/.vscode/extensions/extensions.json","scheme":"vscode-userdata"},"isApplicationScoped":false,"productVersion":{"version":"1.110.0","date":"2026-03-04T01:20:28.863Z"},"installGivenVersion":false}
2026-03-10 14:06:53.219 [info] Installing extension: ms-toolsai.jupyter-renderers {"installPreReleaseVersion":false,"context":{"skipWalkthrough":true,"dependecyOrPackExtensionInstall":true},"pinned":false,"isMachineScoped":false,"profileLocation":{"$mid":1,"external":"vscode-userdata:/home/cuong75201/.vscode/extensions/extensions.json","path":"/home/cuong75201/.vscode/extensions/extensions.json","scheme":"vscode-userdata"},"isApplicationScoped":false,"productVersion":{"version":"1.110.0","date":"2026-03-04T01:20:28.863Z"},"installGivenVersion":false}
2026-03-10 14:06:55.033 [info] Extension signature verification result for ms-toolsai.jupyter-keymap: Success. Internal Code: 0. Executed: true. Duration: 403ms.
2026-03-10 14:06:55.040 [info] Extracted extension to file:///home/cuong75201/.vscode/extensions/ms-toolsai.jupyter-keymap-1.1.2: ms-toolsai.jupyter-keymap
2026-03-10 14:06:55.042 [info] Renamed to /home/cuong75201/.vscode/extensions/ms-toolsai.jupyter-keymap-1.1.2
2026-03-10 14:06:55.296 [info] Extension signature verification result for ms-toolsai.vscode-jupyter-cell-tags: Success. Internal Code: 0. Executed: true. Duration: 428ms.
2026-03-10 14:06:55.309 [info] Extracted extension to file:///home/cuong75201/.vscode/extensions/ms-toolsai.vscode-jupyter-cell-tags-0.1.9: ms-toolsai.vscode-jupyter-cell-tags
2026-03-10 14:06:55.318 [info] Renamed to /home/cuong75201/.vscode/extensions/ms-toolsai.vscode-jupyter-cell-tags-0.1.9
2026-03-10 14:06:55.404 [info] Extension signature verification result for ms-toolsai.vscode-jupyter-slideshow: Success. Internal Code: 0. Executed: true. Duration: 417ms.
2026-03-10 14:06:55.420 [info] Extracted extension to file:///home/cuong75201/.vscode/extensions/ms-toolsai.vscode-jupyter-slideshow-0.1.6: ms-toolsai.vscode-jupyter-slideshow
2026-03-10 14:06:55.424 [info] Renamed to /home/cuong75201/.vscode/extensions/ms-toolsai.vscode-jupyter-slideshow-0.1.6
2026-03-10 14:06:55.481 [info] Extension signature verification result for ms-python.vscode-pylance: Success. Internal Code: 0. Executed: true. Duration: 497ms.
2026-03-10 14:06:56.413 [info] Extension signature verification result for ms-toolsai.jupyter: Success. Internal Code: 0. Executed: true. Duration: 414ms.
2026-03-10 14:06:56.544 [info] Extracted extension to file:///home/cuong75201/.vscode/extensions/ms-toolsai.jupyter-2025.9.1-linux-x64: ms-toolsai.jupyter
2026-03-10 14:06:56.557 [info] Renamed to /home/cuong75201/.vscode/extensions/ms-toolsai.jupyter-2025.9.1-linux-x64
2026-03-10 14:06:57.380 [info] Extracted extension to file:///home/cuong75201/.vscode/extensions/ms-python.vscode-pylance-2026.1.1: ms-python.vscode-pylance
2026-03-10 14:06:57.498 [info] Renamed to /home/cuong75201/.vscode/extensions/ms-python.vscode-pylance-2026.1.1
2026-03-10 14:06:57.527 [info] Extension installed successfully: ms-python.debugpy vscode-userdata:/home/cuong75201/.vscode/extensions/extensions.json
2026-03-10 14:06:57.527 [info] Extension installed successfully: ms-python.python vscode-userdata:/home/cuong75201/.vscode/extensions/extensions.json
2026-03-10 14:06:57.527 [info] Extension installed successfully: ms-python.vscode-python-envs vscode-userdata:/home/cuong75201/.vscode/extensions/extensions.json
2026-03-10 14:06:57.528 [info] Extension installed successfully: ms-python.vscode-pylance vscode-userdata:/home/cuong75201/.vscode/extensions/extensions.json
2026-03-10 14:07:00.187 [info] Extension signature verification result for ms-toolsai.jupyter-renderers: Success. Internal Code: 0. Executed: true. Duration: 974ms.
2026-03-10 14:07:00.291 [info] Extracted extension to file:///home/cuong75201/.vscode/extensions/ms-toolsai.jupyter-renderers-1.3.0: ms-toolsai.jupyter-renderers
2026-03-10 14:07:00.302 [info] Renamed to /home/cuong75201/.vscode/extensions/ms-toolsai.jupyter-renderers-1.3.0
2026-03-10 14:07:00.328 [info] Extension installed successfully: ms-toolsai.jupyter-keymap vscode-userdata:/home/cuong75201/.vscode/extensions/extensions.json
2026-03-10 14:07:00.328 [info] Extension installed successfully: ms-toolsai.vscode-jupyter-cell-tags vscode-userdata:/home/cuong75201/.vscode/extensions/extensions.json
2026-03-10 14:07:00.328 [info] Extension installed successfully: ms-toolsai.vscode-jupyter-slideshow vscode-userdata:/home/cuong75201/.vscode/extensions/extensions.json
2026-03-10 14:07:00.328 [info] Extension installed successfully: ms-toolsai.jupyter vscode-userdata:/home/cuong75201/.vscode/extensions/extensions.json
2026-03-10 14:07:00.328 [info] Extension installed successfully: ms-toolsai.jupyter-renderers vscode-userdata:/home/cuong75201/.vscode/extensions/extensions.json
2026-03-10 16:31:17.838 [info] Getting Manifest... ms-azuretools.vscode-containers
2026-03-10 16:31:18.190 [info] Installing extension: ms-azuretools.vscode-containers {"isMachineScoped":false,"installPreReleaseVersion":false,"pinned":false,"profileLocation":{"$mid":1,"external":"vscode-userdata:/home/cuong75201/.vscode/extensions/extensions.json","path":"/home/cuong75201/.vscode/extensions/extensions.json","scheme":"vscode-userdata"},"isApplicationScoped":false,"productVersion":{"version":"1.110.0","date":"2026-03-04T01:20:28.863Z"}}
2026-03-10 16:31:20.603 [info] Extension signature verification result for ms-azuretools.vscode-containers: Success. Internal Code: 0. Executed: true. Duration: 482ms.
2026-03-10 16:31:20.651 [info] Extracted extension to file:///home/cuong75201/.vscode/extensions/ms-azuretools.vscode-containers-2.4.1: ms-azuretools.vscode-containers
2026-03-10 16:31:20.663 [info] Renamed to /home/cuong75201/.vscode/extensions/ms-azuretools.vscode-containers-2.4.1
2026-03-10 16:31:20.668 [info] Getting Manifest... ms-vscode-remote.remote-containers
2026-03-10 16:31:20.669 [info] Getting Manifest... ms-azuretools.vscode-containers
2026-03-10 16:31:20.708 [info] Extension installed successfully: ms-azuretools.vscode-containers vscode-userdata:/home/cuong75201/.vscode/extensions/extensions.json
2026-03-10 16:31:21.621 [info] Installing extension: ms-azuretools.vscode-containers {"isMachineScoped":false,"profileLocation":{"$mid":1,"external":"vscode-userdata:/home/cuong75201/.vscode/extensions/extensions.json","path":"/home/cuong75201/.vscode/extensions/extensions.json","scheme":"vscode-userdata"},"isApplicationScoped":false,"productVersion":{"version":"1.110.0","date":"2026-03-04T01:20:28.863Z"}}
2026-03-10 16:31:21.621 [info] Installing extension: ms-vscode-remote.remote-containers {"isMachineScoped":false,"profileLocation":{"$mid":1,"external":"vscode-userdata:/home/cuong75201/.vscode/extensions/extensions.json","path":"/home/cuong75201/.vscode/extensions/extensions.json","scheme":"vscode-userdata"},"isApplicationScoped":false,"productVersion":{"version":"1.110.0","date":"2026-03-04T01:20:28.863Z"}}
2026-03-10 16:31:23.889 [info] Extension signature verification result for ms-vscode-remote.remote-containers: Success. Internal Code: 0. Executed: true. Duration: 461ms.
2026-03-10 16:31:23.964 [info] Extracted extension to file:///home/cuong75201/.vscode/extensions/ms-vscode-remote.remote-containers-0.447.0: ms-vscode-remote.remote-containers
2026-03-10 16:31:23.970 [info] Renamed to /home/cuong75201/.vscode/extensions/ms-vscode-remote.remote-containers-0.447.0
2026-03-10 16:31:24.008 [info] Extension installed successfully: ms-azuretools.vscode-containers vscode-userdata:/home/cuong75201/.vscode/extensions/extensions.json
2026-03-10 16:31:24.008 [info] Extension installed successfully: ms-vscode-remote.remote-containers vscode-userdata:/home/cuong75201/.vscode/extensions/extensions.json
2026-03-11 13:00:10.853 [info] Getting Manifest... vscjava.vscode-java-upgrade
2026-03-11 13:00:24.281 [info] Installing extension: vscjava.vscode-java-upgrade {"productVersion":{"version":"1.110.1","date":"2026-03-06T23:01:44.401Z"},"pinned":false,"operation":3,"isApplicationScoped":false,"profileLocation":{"$mid":1,"external":"vscode-userdata:/home/cuong75201/.vscode/extensions/extensions.json","path":"/home/cuong75201/.vscode/extensions/extensions.json","scheme":"vscode-userdata"}}
2026-03-11 13:00:41.190 [info] Extension signature verification result for vscjava.vscode-java-upgrade: Success. Internal Code: 0. Executed: true. Duration: 460ms.
2026-03-11 13:00:41.234 [info] Extracted extension to file:///home/cuong75201/.vscode/extensions/vscjava.vscode-java-upgrade-2.0.4: vscjava.vscode-java-upgrade
2026-03-11 13:00:41.237 [info] Renamed to /home/cuong75201/.vscode/extensions/vscjava.vscode-java-upgrade-2.0.4
2026-03-11 13:00:41.248 [info] Marked extension as removed vscjava.vscode-java-upgrade-2.0.3
2026-03-11 13:00:41.279 [info] Extension installed successfully: vscjava.vscode-java-upgrade vscode-userdata:/home/cuong75201/.vscode/extensions/extensions.json
