[Error - 10:30:34 AM] Mar 10, 2026, 10:30:34 AM Problem getting outline for BigDecimalTest.java
Java Model Exception: Error in Java Model (code 969): BigDecimalTest [in [Working copy] BigDecimalTest.java [in <default> [in src [in jdt.ls-java-project]]]] does not exist
	at org.eclipse.jdt.internal.core.JavaElement.newNotPresentException(JavaElement.java:548)
	at org.eclipse.jdt.internal.core.JavaElement.openWhenClosed(JavaElement.java:591)
	at org.eclipse.jdt.internal.core.JavaElement.getElementInfo(JavaElement.java:294)
	at org.eclipse.jdt.internal.core.JavaElement.getElementInfo(JavaElement.java:280)
	at org.eclipse.jdt.internal.core.Member.getFlags(Member.java:193)
	at org.eclipse.jdt.ls.core.internal.JDTUtils.isDeprecated(JDTUtils.java:407)
	at org.eclipse.jdt.ls.core.internal.handlers.DocumentSymbolHandler.toDocumentSymbol(DocumentSymbolHandler.java:265)
	at org.eclipse.jdt.ls.core.internal.handlers.DocumentSymbolHandler.lambda$3(DocumentSymbolHandler.java:213)
	at java.base/java.util.stream.ReferencePipeline$3$1.accept(Unknown Source)
	at java.base/java.util.Spliterators$ArraySpliterator.forEachRemaining(Unknown Source)
	at java.base/java.util.stream.AbstractPipeline.copyInto(Unknown Source)
	at java.base/java.util.stream.AbstractPipeline.wrapAndCopyInto(Unknown Source)
	at java.base/java.util.stream.ReduceOps$ReduceOp.evaluateSequential(Unknown Source)
	at java.base/java.util.stream.AbstractPipeline.evaluate(Unknown Source)
	at java.base/java.util.stream.ReferencePipeline.collect(Unknown Source)
	at org.eclipse.jdt.ls.core.internal.handlers.DocumentSymbolHandler.getHierarchicalOutline(DocumentSymbolHandler.java:213)
	at org.eclipse.jdt.ls.core.internal.handlers.DocumentSymbolHandler.documentSymbol(DocumentSymbolHandler.java:126)
	at org.eclipse.jdt.ls.core.internal.syntaxserver.SyntaxLanguageServer.lambda$5(SyntaxLanguageServer.java:339)
	at org.eclipse.jdt.ls.core.internal.BaseJDTLanguageServer.lambda$0(BaseJDTLanguageServer.java:87)
	at java.base/java.util.concurrent.CompletableFuture$UniApply.tryFire(Unknown Source)
	at java.base/java.util.concurrent.CompletableFuture$Completion.exec(Unknown Source)
	at java.base/java.util.concurrent.ForkJoinTask.doExec(Unknown Source)
	at java.base/java.util.concurrent.ForkJoinPool$WorkQueue.topLevelExec(Unknown Source)
	at java.base/java.util.concurrent.ForkJoinPool.scan(Unknown Source)
	at java.base/java.util.concurrent.ForkJoinPool.runWorker(Unknown Source)
	at java.base/java.util.concurrent.ForkJoinWorkerThread.run(Unknown Source)

[Error - 10:30:35 AM] Mar 10, 2026, 10:30:35 AM [Working copy] BigDecimalTest.java [in <default> [in src [in jdt.ls-java-project]]] does not exist
Java Model Exception: Error in Java Model (code 969): [Working copy] BigDecimalTest.java [in <default> [in src [in jdt.ls-java-project]]] does not exist
	at org.eclipse.jdt.internal.core.JavaElement.newNotPresentException(JavaElement.java:548)
	at org.eclipse.jdt.internal.core.Openable.getUnderlyingResource(Openable.java:342)
	at org.eclipse.jdt.internal.core.CompilationUnit.getUnderlyingResource(CompilationUnit.java:1095)
	at org.eclipse.jdt.ls.core.internal.handlers.BaseDiagnosticsHandler.collectNonJavaProblems(BaseDiagnosticsHandler.java:198)
	at org.eclipse.jdt.ls.core.internal.handlers.BaseDiagnosticsHandler.endReporting(BaseDiagnosticsHandler.java:149)
	at org.eclipse.jdt.internal.core.ReconcileWorkingCopyOperation.reportProblems(ReconcileWorkingCopyOperation.java:157)
	at org.eclipse.jdt.internal.core.ReconcileWorkingCopyOperation.executeOperation(ReconcileWorkingCopyOperation.java:126)
	at org.eclipse.jdt.internal.core.JavaModelOperation.run(JavaModelOperation.java:751)
	at org.eclipse.jdt.internal.core.JavaModelOperation.runOperation(JavaModelOperation.java:816)
	at org.eclipse.jdt.internal.core.CompilationUnit.reconcile(CompilationUnit.java:1431)
	at org.eclipse.jdt.ls.core.internal.handlers.BaseDocumentLifeCycleHandler.publishDiagnostics(BaseDocumentLifeCycleHandler.java:338)
	at org.eclipse.jdt.ls.core.internal.handlers.BaseDocumentLifeCycleHandler.publishDiagnostics(BaseDocumentLifeCycleHandler.java:301)
	at org.eclipse.jdt.ls.core.internal.handlers.BaseDocumentLifeCycleHandler$PublishDiagnosticJob.run(BaseDocumentLifeCycleHandler.java:798)
	at org.eclipse.core.internal.jobs.Worker.run(Worker.java:63)

