2026-03-09 10:03:17.456 [info] Getting Manifest... ritwickdey.liveserver
2026-03-09 10:03:17.838 [info] Installing extension: ritwickdey.liveserver {"isMachineScoped":false,"installPreReleaseVersion":false,"pinned":false,"profileLocation":{"$mid":1,"external":"vscode-userdata:/home/cuong75201/.vscode/extensions/extensions.json","path":"/home/cuong75201/.vscode/extensions/extensions.json","scheme":"vscode-userdata"},"isApplicationScoped":false,"productVersion":{"version":"1.110.0","date":"2026-03-04T01:20:28.863Z"}}
2026-03-09 10:03:21.379 [info] Extension signature verification result for ritwickdey.liveserver: Success. Internal Code: 0. Executed: true. Duration: 510ms.
2026-03-09 10:03:22.201 [info] Extracted extension to file:///home/cuong75201/.vscode/extensions/ritwickdey.liveserver-5.7.10: ritwickdey.liveserver
2026-03-09 10:03:22.290 [info] Renamed to /home/cuong75201/.vscode/extensions/ritwickdey.liveserver-5.7.10
2026-03-09 10:03:22.315 [info] Extension installed successfully: ritwickdey.liveserver vscode-userdata:/home/cuong75201/.vscode/extensions/extensions.json
2026-03-09 10:03:41.516 [info] Getting Manifest... formulahendry.auto-rename-tag
2026-03-09 10:03:41.744 [info] Installing extension: formulahendry.auto-rename-tag {"isMachineScoped":false,"installPreReleaseVersion":false,"pinned":false,"profileLocation":{"$mid":1,"external":"vscode-userdata:/home/cuong75201/.vscode/extensions/extensions.json","path":"/home/cuong75201/.vscode/extensions/extensions.json","scheme":"vscode-userdata"},"isApplicationScoped":false,"productVersion":{"version":"1.110.0","date":"2026-03-04T01:20:28.863Z"}}
2026-03-09 10:03:43.545 [info] Extension signature verification result for formulahendry.auto-rename-tag: Success. Internal Code: 0. Executed: true. Duration: 377ms.
2026-03-09 10:03:43.558 [info] Extracted extension to file:///home/cuong75201/.vscode/extensions/formulahendry.auto-rename-tag-0.1.10: formulahendry.auto-rename-tag
2026-03-09 10:03:43.566 [info] Renamed to /home/cuong75201/.vscode/extensions/formulahendry.auto-rename-tag-0.1.10
2026-03-09 10:03:43.591 [info] Extension installed successfully: formulahendry.auto-rename-tag vscode-userdata:/home/cuong75201/.vscode/extensions/extensions.json
2026-03-09 10:04:06.248 [info] Getting Manifest... ecmel.vscode-html-css
2026-03-09 10:04:06.513 [info] Installing extension: ecmel.vscode-html-css {"isMachineScoped":false,"installPreReleaseVersion":false,"pinned":false,"profileLocation":{"$mid":1,"external":"vscode-userdata:/home/cuong75201/.vscode/extensions/extensions.json","path":"/home/cuong75201/.vscode/extensions/extensions.json","scheme":"vscode-userdata"},"isApplicationScoped":false,"productVersion":{"version":"1.110.0","date":"2026-03-04T01:20:28.863Z"}}
2026-03-09 10:04:07.698 [info] Extension signature verification result for ecmel.vscode-html-css: Success. Internal Code: 0. Executed: true. Duration: 379ms.
2026-03-09 10:04:07.702 [info] Extracted extension to file:///home/cuong75201/.vscode/extensions/ecmel.vscode-html-css-2.0.14: ecmel.vscode-html-css
2026-03-09 10:04:07.710 [info] Renamed to /home/cuong75201/.vscode/extensions/ecmel.vscode-html-css-2.0.14
2026-03-09 10:04:07.727 [info] Extension installed successfully: ecmel.vscode-html-css vscode-userdata:/home/cuong75201/.vscode/extensions/extensions.json
2026-03-09 10:04:42.897 [info] Getting Manifest... zignd.html-css-class-completion
2026-03-09 10:04:43.289 [info] Installing extension: zignd.html-css-class-completion {"isMachineScoped":false,"installPreReleaseVersion":false,"pinned":false,"profileLocation":{"$mid":1,"external":"vscode-userdata:/home/cuong75201/.vscode/extensions/extensions.json","path":"/home/cuong75201/.vscode/extensions/extensions.json","scheme":"vscode-userdata"},"isApplicationScoped":false,"productVersion":{"version":"1.110.0","date":"2026-03-04T01:20:28.863Z"}}
2026-03-09 10:04:45.407 [info] Extension signature verification result for zignd.html-css-class-completion: Success. Internal Code: 0. Executed: true. Duration: 390ms.
2026-03-09 10:04:45.719 [info] Extracted extension to file:///home/cuong75201/.vscode/extensions/zignd.html-css-class-completion-1.20.0: zignd.html-css-class-completion
2026-03-09 10:04:45.748 [info] Renamed to /home/cuong75201/.vscode/extensions/zignd.html-css-class-completion-1.20.0
2026-03-09 10:04:45.780 [info] Extension installed successfully: zignd.html-css-class-completion vscode-userdata:/home/cuong75201/.vscode/extensions/extensions.json
2026-03-09 10:05:00.307 [info] Getting Manifest... christian-kohler.path-intellisense
2026-03-09 10:05:00.652 [info] Installing extension: christian-kohler.path-intellisense {"isMachineScoped":false,"installPreReleaseVersion":false,"pinned":false,"profileLocation":{"$mid":1,"external":"vscode-userdata:/home/cuong75201/.vscode/extensions/extensions.json","path":"/home/cuong75201/.vscode/extensions/extensions.json","scheme":"vscode-userdata"},"isApplicationScoped":false,"productVersion":{"version":"1.110.0","date":"2026-03-04T01:20:28.863Z"}}
2026-03-09 10:05:02.038 [info] Extension signature verification result for christian-kohler.path-intellisense: Success. Internal Code: 0. Executed: true. Duration: 385ms.
2026-03-09 10:05:02.053 [info] Extracted extension to file:///home/cuong75201/.vscode/extensions/christian-kohler.path-intellisense-2.10.0: christian-kohler.path-intellisense
2026-03-09 10:05:02.065 [info] Renamed to /home/cuong75201/.vscode/extensions/christian-kohler.path-intellisense-2.10.0
2026-03-09 10:05:02.088 [info] Extension installed successfully: christian-kohler.path-intellisense vscode-userdata:/home/cuong75201/.vscode/extensions/extensions.json
