Visual Studio Code (1.110.0, undefined, desktop)
Jupyter Extension Version: 2025.9.1.
Python Extension Version: 2026.2.0.
Python Environment Extension Version: 1.20.1.
Pylance Extension Version: 2026.1.1.
Platform: linux (x64).
Home = /home/cuong75201
Temp Storage folder ~/.config/Code/User/globalStorage/ms-toolsai.jupyter/version-2025.9.1
Workspace folder ~/Documents/machinelearning/scikitlearn
14:07:24.281 [info] Starting Kernel (Python Path: ~/Documents/machinelearning/scikitlearn/venv/bin/python, Venv, 3.14.3) for '~/Documents/machinelearning/scikitlearn/linearModel.ipynb' (disableUI=true)
14:07:24.342 [info] Process Execution: ~/Documents/machinelearning/scikitlearn/venv/bin/python -m pip list
14:07:24.444 [info] Process Execution: ~/Documents/machinelearning/scikitlearn/venv/bin/python -m ipykernel_launcher --f=/run/user/1000/jupyter/runtime/kernel-v38510e9eb9da57873811d4c50598c3b9d9ba36e2a.json
    > cwd: ~/Documents/machinelearning/scikitlearn
14:07:24.464 [info] Process Execution: ~/Documents/machinelearning/scikitlearn/venv/bin/python -c "import ipykernel; print(ipykernel.__version__); print("5dc3a68c-e34e-4080-9c3e-2a532b2ccb4d"); print(ipykernel.__file__)"
14:07:24.466 [error] Disposing kernel process due to an error Error: The kernel died. Error: ~/Documents/machinelearning/scikitlearn/venv/bin/python: No module named ipykernel_launcher... View Jupyter [log](command:jupyter.viewOutput) for further details.
    > Kernel Id = .jvsc74a57bd0f69ef2a1f6a694e5060ca0c1638c139162a9c421d5400ca7d826d3536b1313d7.~/Documents/machinelearning/scikitlearn/venv/python.~/Documents/machinelearning/scikitlearn/venv/python.-m#ipykernel_launcher
    > Interpreter Id = ~/Documents/machinelearning/scikitlearn/venv/bin/python
    > at ChildProcess.<anonymous> (~/.vscode/extensions/ms-toolsai.jupyter-2025.9.1-linux-x64/dist/extension.node.js:304:45805)
    > stdErr = ~/Documents/machinelearning/scikitlearn/venv/bin/python: No module named ipykernel_launcher
14:07:24.469 [error] Failed to connect raw kernel session: Error: The kernel died. Error: ~/Documents/machinelearning/scikitlearn/venv/bin/python: No module named ipykernel_launcher... View Jupyter [log](command:jupyter.viewOutput) for further details.
14:07:24.469 [error] Failed to connect raw kernel session: Error: The kernel died. Error: ~/Documents/machinelearning/scikitlearn/venv/bin/python: No module named ipykernel_launcher... View Jupyter [log](command:jupyter.viewOutput) for further details.
14:07:24.469 [warn] Failed to shutdown kernel, .jvsc74a57bd0f69ef2a1f6a694e5060ca0c1638c139162a9c421d5400ca7d826d3536b1313d7.~/Documents/machinelearning/scikitlearn/venv/python.~/Documents/machinelearning/scikitlearn/venv/python.-m#ipykernel_launcher TypeError: Cannot read properties of undefined (reading 'dispose')
    at JT.shutdown (~/.vscode/extensions/ms-toolsai.jupyter-2025.9.1-linux-x64/dist/extension.node.js:309:13632)
    at processTicksAndRejections (node:internal/process/task_queues:105:5)
    at qT.shutdown (~/.vscode/extensions/ms-toolsai.jupyter-2025.9.1-linux-x64/dist/extension.node.js:309:22453)
14:07:24.471 [warn] Error occurred while trying to start the kernel, options.disableUI=true Error: The kernel died. Error: ~/Documents/machinelearning/scikitlearn/venv/bin/python: No module named ipykernel_launcher... View Jupyter [log](command:jupyter.viewOutput) for further details.
    > Kernel Id = .jvsc74a57bd0f69ef2a1f6a694e5060ca0c1638c139162a9c421d5400ca7d826d3536b1313d7.~/Documents/machinelearning/scikitlearn/venv/python.~/Documents/machinelearning/scikitlearn/venv/python.-m#ipykernel_launcher
    > Interpreter Id = ~/Documents/machinelearning/scikitlearn/venv/bin/python
    > at ChildProcess.<anonymous> (~/.vscode/extensions/ms-toolsai.jupyter-2025.9.1-linux-x64/dist/extension.node.js:304:45805)
    > stdErr = ~/Documents/machinelearning/scikitlearn/venv/bin/python: No module named ipykernel_launcher
14:20:37.702 [info] Starting Kernel (Python Path: ~/Documents/machinelearning/scikitlearn/venv/bin/python, Venv, 3.14.3) for '~/Documents/machinelearning/scikitlearn/linearModel.ipynb' (disableUI=false)
14:20:37.749 [info] Process Execution: ~/Documents/machinelearning/scikitlearn/venv/bin/python -c "import ipykernel; print(ipykernel.__version__); print("5dc3a68c-e34e-4080-9c3e-2a532b2ccb4d"); print(ipykernel.__file__)"
14:20:37.755 [info] Process Execution: ~/Documents/machinelearning/scikitlearn/venv/bin/python -m ipykernel_launcher --f=/run/user/1000/jupyter/runtime/kernel-v33fa0d4ebe0a4697c85708b7f128ca2424f95a480.json
    > cwd: ~/Documents/machinelearning/scikitlearn
14:20:37.766 [error] Disposing kernel process due to an error Error: The kernel died. Error: ~/Documents/machinelearning/scikitlearn/venv/bin/python: No module named ipykernel_launcher... View Jupyter [log](command:jupyter.viewOutput) for further details.
    > Kernel Id = .jvsc74a57bd0f69ef2a1f6a694e5060ca0c1638c139162a9c421d5400ca7d826d3536b1313d7.~/Documents/machinelearning/scikitlearn/venv/python.~/Documents/machinelearning/scikitlearn/venv/python.-m#ipykernel_launcher
    > Interpreter Id = ~/Documents/machinelearning/scikitlearn/venv/bin/python
    > at ChildProcess.<anonymous> (~/.vscode/extensions/ms-toolsai.jupyter-2025.9.1-linux-x64/dist/extension.node.js:304:45805)
    > stdErr = ~/Documents/machinelearning/scikitlearn/venv/bin/python: No module named ipykernel_launcher
14:20:37.767 [error] Failed to connect raw kernel session: Error: The kernel died. Error: ~/Documents/machinelearning/scikitlearn/venv/bin/python: No module named ipykernel_launcher... View Jupyter [log](command:jupyter.viewOutput) for further details.
14:20:37.767 [error] Failed to connect raw kernel session: Error: The kernel died. Error: ~/Documents/machinelearning/scikitlearn/venv/bin/python: No module named ipykernel_launcher... View Jupyter [log](command:jupyter.viewOutput) for further details.
14:20:37.767 [warn] Failed to shutdown kernel, .jvsc74a57bd0f69ef2a1f6a694e5060ca0c1638c139162a9c421d5400ca7d826d3536b1313d7.~/Documents/machinelearning/scikitlearn/venv/python.~/Documents/machinelearning/scikitlearn/venv/python.-m#ipykernel_launcher TypeError: Cannot read properties of undefined (reading 'dispose')
    at JT.shutdown (~/.vscode/extensions/ms-toolsai.jupyter-2025.9.1-linux-x64/dist/extension.node.js:309:13632)
    at processTicksAndRejections (node:internal/process/task_queues:105:5)
    at qT.shutdown (~/.vscode/extensions/ms-toolsai.jupyter-2025.9.1-linux-x64/dist/extension.node.js:309:22453)
14:20:37.768 [warn] Error occurred while trying to start the kernel, options.disableUI=false Error: The kernel died. Error: ~/Documents/machinelearning/scikitlearn/venv/bin/python: No module named ipykernel_launcher... View Jupyter [log](command:jupyter.viewOutput) for further details.
    > Kernel Id = .jvsc74a57bd0f69ef2a1f6a694e5060ca0c1638c139162a9c421d5400ca7d826d3536b1313d7.~/Documents/machinelearning/scikitlearn/venv/python.~/Documents/machinelearning/scikitlearn/venv/python.-m#ipykernel_launcher
    > Interpreter Id = ~/Documents/machinelearning/scikitlearn/venv/bin/python
    > at ChildProcess.<anonymous> (~/.vscode/extensions/ms-toolsai.jupyter-2025.9.1-linux-x64/dist/extension.node.js:304:45805)
    > stdErr = ~/Documents/machinelearning/scikitlearn/venv/bin/python: No module named ipykernel_launcher
14:20:37.769 [warn] Kernel Error, context = start Error: The kernel died. Error: ~/Documents/machinelearning/scikitlearn/venv/bin/python: No module named ipykernel_launcher... View Jupyter [log](command:jupyter.viewOutput) for further details.
    > Kernel Id = .jvsc74a57bd0f69ef2a1f6a694e5060ca0c1638c139162a9c421d5400ca7d826d3536b1313d7.~/Documents/machinelearning/scikitlearn/venv/python.~/Documents/machinelearning/scikitlearn/venv/python.-m#ipykernel_launcher
    > Interpreter Id = ~/Documents/machinelearning/scikitlearn/venv/bin/python
    > at ChildProcess.<anonymous> (~/.vscode/extensions/ms-toolsai.jupyter-2025.9.1-linux-x64/dist/extension.node.js:304:45805)
    > stdErr = ~/Documents/machinelearning/scikitlearn/venv/bin/python: No module named ipykernel_launcher
14:20:37.777 [info] Process Execution: ~/Documents/machinelearning/scikitlearn/venv/bin/python -c "import ipykernel;print('6af208d0-cb9c-427f-b937-ff563e17efdf')"
14:20:37.805 [info] Check & install missing Kernel dependencies for ~/Documents/machinelearning/scikitlearn/venv/bin/python, ui.disabled=false for resource '~/Documents/machinelearning/scikitlearn/linearModel.ipynb'
14:20:37.813 [info] Process Execution: ~/Documents/machinelearning/scikitlearn/venv/bin/python -c "import ipykernel;print('6af208d0-cb9c-427f-b937-ff563e17efdf')"
14:20:37.846 [info] Process Execution: ~/Documents/machinelearning/scikitlearn/venv/bin/python -c "import pip;print('6af208d0-cb9c-427f-b937-ff563e17efdf')"
14:20:45.006 [info] Process Execution: ~/Documents/machinelearning/scikitlearn/venv/bin/python -m pip list
14:20:45.013 [info] Process Execution: ~/Documents/machinelearning/scikitlearn/venv/bin/python -c "import pip;print('6af208d0-cb9c-427f-b937-ff563e17efdf')"
14:20:45.033 [info] Process Execution: ~/Documents/machinelearning/scikitlearn/venv/bin/python -m pip install -U ipykernel
14:21:05.987 [info] Process Execution: ~/Documents/machinelearning/scikitlearn/venv/bin/python -c "import ipykernel;print('6af208d0-cb9c-427f-b937-ff563e17efdf')"
14:21:06.117 [info] Dispose Kernel '~/Documents/machinelearning/scikitlearn/linearModel.ipynb' associated with '~/Documents/machinelearning/scikitlearn/linearModel.ipynb'
14:21:06.123 [info] Process Execution: ~/Documents/machinelearning/scikitlearn/venv/bin/python -m pip list
14:21:06.123 [info] Starting Kernel (Python Path: ~/Documents/machinelearning/scikitlearn/venv/bin/python, Venv, 3.14.3) for '~/Documents/machinelearning/scikitlearn/linearModel.ipynb' (disableUI=false)
14:21:06.131 [info] Process Execution: ~/Documents/machinelearning/scikitlearn/venv/bin/python -c "import ipykernel; print(ipykernel.__version__); print("5dc3a68c-e34e-4080-9c3e-2a532b2ccb4d"); print(ipykernel.__file__)"
14:21:06.141 [info] Process Execution: ~/Documents/machinelearning/scikitlearn/venv/bin/python -m ipykernel_launcher --f=/run/user/1000/jupyter/runtime/kernel-v36c379cb004e60b95b1cce1fdb288341db7ded9ca.json
    > cwd: ~/Documents/machinelearning/scikitlearn
14:21:06.594 [info] Kernel successfully started
13:33:09.146 [info] Dispose Kernel '~/Documents/machinelearning/scikitlearn/linearModel.ipynb' associated with '~/Documents/machinelearning/scikitlearn/linearModel.ipynb'
13:33:09.146 [info] Dispose Kernel '~/Documents/machinelearning/scikitlearn/linearModel.ipynb' associated with '~/Documents/machinelearning/scikitlearn/linearModel.ipynb'
13:33:09.374 [warn] Failed to delete connection file file:///run/user/1000/jupyter/runtime/kernel-v36c379cb004e60b95b1cce1fdb288341db7ded9ca.json for pid 81730 Canceled (FileSystemError): Canceled
    at zo._handleError (file:///opt/visual-studio-code/resources/app/out/vs/workbench/api/node/extensionHostProcess.js:494:22145)
    at Object.stat (file:///opt/visual-studio-code/resources/app/out/vs/workbench/api/node/extensionHostProcess.js:494:19063)
    at ou.delete (~/.vscode/extensions/ms-toolsai.jupyter-2025.9.1-linux-x64/dist/extension.node.js:236:16320)
    at ~/.vscode/extensions/ms-toolsai.jupyter-2025.9.1-linux-x64/dist/extension.node.js:308:469 {
  code: 'Unknown'
}
