!SESSION 2026-03-06 21:59:15.738 -----------------------------------------------
eclipse.buildId=unknown
java.version=21.0.10
java.vendor=Eclipse Adoptium
BootLoader constants: OS=linux, ARCH=x86_64, WS=gtk, NL=en_US
Framework arguments:  --pipe=/run/user/1000/lsp-32b1f1623730426f76c173d0ac40d5c1.sock
Command-line arguments:  -data /home/cuong75201/.config/Code/User/workspaceStorage/300072a0da3545060c6a7a827fe62b9a/redhat.java/ss_ws --pipe=/run/user/1000/lsp-32b1f1623730426f76c173d0ac40d5c1.sock

!ENTRY org.eclipse.osgi 4 0 2026-03-06 21:59:16.174
!MESSAGE Application error
!STACK 1
java.lang.IllegalStateException: Unable to acquire application service. Ensure that the org.eclipse.core.runtime bundle is resolved and started (see config.ini).
	at org.eclipse.core.runtime.internal.adaptor.EclipseAppLauncher.start(EclipseAppLauncher.java:92)
	at org.eclipse.core.runtime.adaptor.EclipseStarter.run(EclipseStarter.java:467)
	at org.eclipse.core.runtime.adaptor.EclipseStarter.run(EclipseStarter.java:298)
	at java.base/jdk.internal.reflect.DirectMethodHandleAccessor.invoke(Unknown Source)
	at java.base/java.lang.reflect.Method.invoke(Unknown Source)
	at org.eclipse.equinox.launcher.Main.invokeFramework(Main.java:615)
	at org.eclipse.equinox.launcher.Main.basicRun(Main.java:563)
	at org.eclipse.equinox.launcher.Main.run(Main.java:1415)
	at org.eclipse.equinox.launcher.Main.main(Main.java:1387)
