2026-03-10 09:15:23.936 [info] [main] Log level: Info
2026-03-10 09:15:23.936 [info] [main] Validating found git in: "git"
2026-03-10 09:15:23.936 [info] [main] Using git "2.53.0" from "git"
2026-03-10 09:15:23.936 [info] [Model][doInitialScan] Initial repository scan started
2026-03-10 09:15:23.936 [info] > git rev-parse --show-toplevel [5ms]
2026-03-10 09:15:23.936 [info] > git rev-parse --git-dir --git-common-dir --show-superproject-working-tree [44ms]
2026-03-10 09:15:23.950 [info] [Model][openRepository] Opened repository (path): /home/cuong75201/Documents/porfolio
2026-03-10 09:15:23.950 [info] [Model][openRepository] Opened repository (real path): /home/cuong75201/Documents/porfolio
2026-03-10 09:15:23.950 [info] [Model][openRepository] Opened repository (kind): repository
2026-03-10 09:15:23.962 [info] > git config --get commit.template [6ms]
2026-03-10 09:15:23.965 [info] > git rev-parse --show-toplevel [3ms]
2026-03-10 09:15:23.967 [info] [Model][doInitialScan] Initial repository scan completed - repositories (1), closed repositories (0), parent repositories (0), unsafe repositories (0)
2026-03-10 09:15:23.976 [info] > git for-each-ref --format=%(refname)%00%(upstream:short)%00%(objectname)%00%(upstream:track)%00%(upstream:remotename)%00%(upstream:remoteref) refs/heads/main refs/remotes/main [3ms]
2026-03-10 09:15:23.988 [info] > git status -z -uall [6ms]
2026-03-10 09:15:23.988 [info] > git for-each-ref --sort -committerdate --format %(refname)%00%(objectname)%00%(*objectname) [1ms]
2026-03-10 09:15:24.006 [info] > git for-each-ref --format=%(refname)%00%(upstream:short)%00%(objectname)%00%(upstream:track)%00%(upstream:remotename)%00%(upstream:remoteref) refs/heads/main refs/remotes/main [8ms]
2026-03-10 09:15:24.014 [info] > git config --get --local branch.main.vscode-merge-base [3ms]
2026-03-10 09:15:24.014 [warning] [Git][config] git config failed: Failed to execute git
2026-03-10 09:15:24.019 [info] > git config --get commit.template [13ms]
2026-03-10 09:15:24.027 [info] > git reflog main --grep-reflog=branch: Created from *. [8ms]
2026-03-10 09:15:24.033 [info] > git for-each-ref --format=%(refname)%00%(upstream:short)%00%(objectname)%00%(upstream:track)%00%(upstream:remotename)%00%(upstream:remoteref) refs/heads/main refs/remotes/main [7ms]
2026-03-10 09:15:24.052 [info] > git status -z -uall [13ms]
2026-03-10 09:15:24.052 [info] > git for-each-ref --sort -committerdate --format %(refname)%00%(objectname)%00%(*objectname) [6ms]
2026-03-10 09:15:24.056 [info] > git symbolic-ref --short refs/remotes/origin/HEAD [24ms]
2026-03-10 09:15:24.056 [info] fatal: ref refs/remotes/origin/HEAD is not a symbolic ref
2026-03-10 09:15:24.056 [warning] [Repository][getDefaultBranch] Failed to get default branch details: Failed to execute git.
2026-03-10 09:15:24.075 [info] > git merge-base refs/heads/main refs/remotes/origin/main [13ms]
2026-03-10 09:15:24.083 [info] > git merge-base refs/heads/main refs/remotes/origin/main [14ms]
2026-03-10 09:15:24.091 [info] > git diff --raw --numstat --diff-filter=ADMR -z --find-renames=50% c573633500e3ba1268c24948167c0d3b327ca104...refs/remotes/origin/main -- [2ms]
2026-03-10 09:15:24.092 [info] > git diff --raw --numstat --diff-filter=ADMR -z --find-renames=50% c573633500e3ba1268c24948167c0d3b327ca104...refs/remotes/origin/main -- [10ms]
2026-03-10 09:15:24.751 [info] > git check-ignore -v -z --stdin [259ms]
2026-03-10 09:15:24.752 [info] > git check-ignore -v -z --stdin [6ms]
2026-03-10 09:15:25.078 [info] > git show --textconv :index.html [117ms]
2026-03-10 09:15:25.086 [info] > git ls-files --stage -- index.html [119ms]
2026-03-10 09:15:25.145 [info] > git cat-file -s d01f779ffe857c350a556704ae244cec10844ce0 [54ms]
2026-03-10 09:15:25.395 [info] > git config --get commit.template [1ms]
2026-03-10 09:15:25.402 [info] > git for-each-ref --format=%(refname)%00%(upstream:short)%00%(objectname)%00%(upstream:track)%00%(upstream:remotename)%00%(upstream:remoteref) refs/heads/main refs/remotes/main [2ms]
2026-03-10 09:15:25.427 [info] > git status -z -uall [6ms]
2026-03-10 09:15:25.428 [info] > git for-each-ref --sort -committerdate --format %(refname)%00%(objectname)%00%(*objectname) [2ms]
2026-03-10 09:15:25.790 [info] > git check-ignore -v -z --stdin [2ms]
2026-03-10 09:16:02.930 [info] > git blame --root --incremental c573633500e3ba1268c24948167c0d3b327ca104 -- index.html [1ms]
2026-03-10 09:16:10.375 [info] > git check-ignore -v -z --stdin [1ms]
2026-03-10 09:16:11.773 [info] > git check-ignore -v -z --stdin [3ms]
2026-03-10 09:16:12.168 [info] > git check-ignore -v -z --stdin [5ms]
2026-03-10 09:16:12.264 [info] > git config --get commit.template [6ms]
2026-03-10 09:16:12.264 [info] > git for-each-ref --format=%(refname)%00%(upstream:short)%00%(objectname)%00%(upstream:track)%00%(upstream:remotename)%00%(upstream:remoteref) refs/heads/main refs/remotes/main [1ms]
2026-03-10 09:16:12.276 [info] > git status -z -uall [6ms]
2026-03-10 09:16:12.277 [info] > git for-each-ref --sort -committerdate --format %(refname)%00%(objectname)%00%(*objectname) [1ms]
2026-03-10 09:16:12.590 [info] > git check-ignore -v -z --stdin [2ms]
2026-03-10 09:16:14.095 [info] > git check-ignore -v -z --stdin [1ms]
2026-03-10 09:16:21.860 [info] > git config --get commit.template [7ms]
2026-03-10 09:16:21.861 [info] > git for-each-ref --format=%(refname)%00%(upstream:short)%00%(objectname)%00%(upstream:track)%00%(upstream:remotename)%00%(upstream:remoteref) refs/heads/main refs/remotes/main [3ms]
2026-03-10 09:16:21.873 [info] > git status -z -uall [6ms]
2026-03-10 09:16:21.874 [info] > git for-each-ref --sort -committerdate --format %(refname)%00%(objectname)%00%(*objectname) [1ms]
2026-03-10 09:16:22.185 [info] > git check-ignore -v -z --stdin [1ms]
2026-03-10 09:17:03.576 [info] > git config --get commit.template [8ms]
2026-03-10 09:17:03.576 [info] > git for-each-ref --format=%(refname)%00%(upstream:short)%00%(objectname)%00%(upstream:track)%00%(upstream:remotename)%00%(upstream:remoteref) refs/heads/main refs/remotes/main [2ms]
2026-03-10 09:17:03.589 [info] > git status -z -uall [6ms]
2026-03-10 09:17:03.589 [info] > git for-each-ref --sort -committerdate --format %(refname)%00%(objectname)%00%(*objectname) [1ms]
2026-03-10 09:17:03.903 [info] > git check-ignore -v -z --stdin [3ms]
2026-03-10 09:17:18.381 [info] > git config --get commit.template [8ms]
2026-03-10 09:17:18.382 [info] > git for-each-ref --format=%(refname)%00%(upstream:short)%00%(objectname)%00%(upstream:track)%00%(upstream:remotename)%00%(upstream:remoteref) refs/heads/main refs/remotes/main [1ms]
2026-03-10 09:17:18.395 [info] > git status -z -uall [7ms]
2026-03-10 09:17:18.396 [info] > git for-each-ref --sort -committerdate --format %(refname)%00%(objectname)%00%(*objectname) [2ms]
2026-03-10 09:17:18.708 [info] > git check-ignore -v -z --stdin [1ms]
2026-03-10 09:18:09.533 [info] > git config --get commit.template [1ms]
2026-03-10 09:18:09.542 [info] > git for-each-ref --format=%(refname)%00%(upstream:short)%00%(objectname)%00%(upstream:track)%00%(upstream:remotename)%00%(upstream:remoteref) refs/heads/main refs/remotes/main [1ms]
2026-03-10 09:18:09.556 [info] > git status -z -uall [7ms]
2026-03-10 09:18:09.557 [info] > git for-each-ref --sort -committerdate --format %(refname)%00%(objectname)%00%(*objectname) [1ms]
2026-03-10 09:18:09.871 [info] > git check-ignore -v -z --stdin [1ms]
2026-03-10 09:18:32.171 [info] > git config --get commit.template [9ms]
2026-03-10 09:18:32.172 [info] > git for-each-ref --format=%(refname)%00%(upstream:short)%00%(objectname)%00%(upstream:track)%00%(upstream:remotename)%00%(upstream:remoteref) refs/heads/main refs/remotes/main [1ms]
2026-03-10 09:18:32.187 [info] > git status -z -uall [7ms]
2026-03-10 09:18:32.188 [info] > git for-each-ref --sort -committerdate --format %(refname)%00%(objectname)%00%(*objectname) [1ms]
2026-03-10 09:18:32.508 [info] > git check-ignore -v -z --stdin [1ms]
2026-03-10 09:18:37.210 [info] > git config --get commit.template [9ms]
2026-03-10 09:18:37.210 [info] > git for-each-ref --format=%(refname)%00%(upstream:short)%00%(objectname)%00%(upstream:track)%00%(upstream:remotename)%00%(upstream:remoteref) refs/heads/main refs/remotes/main [1ms]
2026-03-10 09:18:37.225 [info] > git status -z -uall [6ms]
2026-03-10 09:18:37.225 [info] > git for-each-ref --sort -committerdate --format %(refname)%00%(objectname)%00%(*objectname) [1ms]
2026-03-10 09:18:37.547 [info] > git check-ignore -v -z --stdin [1ms]
2026-03-10 09:18:43.648 [info] > git config --get commit.template [8ms]
2026-03-10 09:18:43.649 [info] > git for-each-ref --format=%(refname)%00%(upstream:short)%00%(objectname)%00%(upstream:track)%00%(upstream:remotename)%00%(upstream:remoteref) refs/heads/main refs/remotes/main [1ms]
2026-03-10 09:18:43.662 [info] > git status -z -uall [8ms]
2026-03-10 09:18:43.662 [info] > git for-each-ref --sort -committerdate --format %(refname)%00%(objectname)%00%(*objectname) [3ms]
2026-03-10 09:18:43.977 [info] > git check-ignore -v -z --stdin [1ms]
2026-03-10 09:18:48.672 [info] > git config --get commit.template [2ms]
2026-03-10 09:18:48.682 [info] > git for-each-ref --format=%(refname)%00%(upstream:short)%00%(objectname)%00%(upstream:track)%00%(upstream:remotename)%00%(upstream:remoteref) refs/heads/main refs/remotes/main [2ms]
2026-03-10 09:18:48.695 [info] > git status -z -uall [6ms]
2026-03-10 09:18:48.695 [info] > git for-each-ref --sort -committerdate --format %(refname)%00%(objectname)%00%(*objectname) [0ms]
2026-03-10 09:18:49.010 [info] > git check-ignore -v -z --stdin [1ms]
2026-03-10 09:18:53.709 [info] > git config --get commit.template [1ms]
2026-03-10 09:18:53.719 [info] > git for-each-ref --format=%(refname)%00%(upstream:short)%00%(objectname)%00%(upstream:track)%00%(upstream:remotename)%00%(upstream:remoteref) refs/heads/main refs/remotes/main [2ms]
2026-03-10 09:18:53.733 [info] > git status -z -uall [7ms]
2026-03-10 09:18:53.733 [info] > git for-each-ref --sort -committerdate --format %(refname)%00%(objectname)%00%(*objectname) [1ms]
2026-03-10 09:18:54.057 [info] > git check-ignore -v -z --stdin [0ms]
2026-03-10 09:19:09.604 [info] > git check-ignore -v -z --stdin [1ms]
2026-03-10 09:19:13.056 [info] > git config --get commit.template [1ms]
2026-03-10 09:19:13.062 [info] > git for-each-ref --format=%(refname)%00%(upstream:short)%00%(objectname)%00%(upstream:track)%00%(upstream:remotename)%00%(upstream:remoteref) refs/heads/main refs/remotes/main [1ms]
2026-03-10 09:19:13.072 [info] > git status -z -uall [5ms]
2026-03-10 09:19:13.073 [info] > git for-each-ref --sort -committerdate --format %(refname)%00%(objectname)%00%(*objectname) [1ms]
2026-03-10 09:19:13.389 [info] > git check-ignore -v -z --stdin [1ms]
2026-03-10 09:19:22.532 [info] > git config --get commit.template [10ms]
2026-03-10 09:19:22.533 [info] > git for-each-ref --format=%(refname)%00%(upstream:short)%00%(objectname)%00%(upstream:track)%00%(upstream:remotename)%00%(upstream:remoteref) refs/heads/main refs/remotes/main [2ms]
2026-03-10 09:19:22.546 [info] > git status -z -uall [7ms]
2026-03-10 09:19:22.546 [info] > git for-each-ref --sort -committerdate --format %(refname)%00%(objectname)%00%(*objectname) [1ms]
2026-03-10 09:19:22.857 [info] > git check-ignore -v -z --stdin [1ms]
2026-03-10 09:20:57.030 [info] > git check-ignore -v -z --stdin [1ms]
2026-03-10 09:20:58.169 [info] > git check-ignore -v -z --stdin [1ms]
2026-03-10 09:20:58.936 [info] > git check-ignore -v -z --stdin [1ms]
2026-03-10 09:21:00.820 [info] > git config --get commit.template [7ms]
2026-03-10 09:21:00.820 [info] > git for-each-ref --format=%(refname)%00%(upstream:short)%00%(objectname)%00%(upstream:track)%00%(upstream:remotename)%00%(upstream:remoteref) refs/heads/main refs/remotes/main [1ms]
2026-03-10 09:21:00.831 [info] > git status -z -uall [4ms]
2026-03-10 09:21:00.831 [info] > git for-each-ref --sort -committerdate --format %(refname)%00%(objectname)%00%(*objectname) [1ms]
2026-03-10 09:21:01.147 [info] > git check-ignore -v -z --stdin [1ms]
2026-03-10 09:21:01.715 [info] > git check-ignore -v -z --stdin [3ms]
2026-03-10 09:21:02.499 [info] > git check-ignore -v -z --stdin [1ms]
2026-03-10 09:21:03.930 [info] > git check-ignore -v -z --stdin [2ms]
2026-03-10 09:21:05.846 [info] > git config --get commit.template [1ms]
2026-03-10 09:21:05.855 [info] > git for-each-ref --format=%(refname)%00%(upstream:short)%00%(objectname)%00%(upstream:track)%00%(upstream:remotename)%00%(upstream:remoteref) refs/heads/main refs/remotes/main [1ms]
2026-03-10 09:21:05.876 [info] > git status -z -uall [9ms]
2026-03-10 09:21:05.876 [info] > git for-each-ref --sort -committerdate --format %(refname)%00%(objectname)%00%(*objectname) [1ms]
2026-03-10 09:21:06.196 [info] > git check-ignore -v -z --stdin [1ms]
2026-03-10 09:21:11.277 [info] > git check-ignore -v -z --stdin [0ms]
2026-03-10 09:21:12.176 [info] > git check-ignore -v -z --stdin [1ms]
2026-03-10 09:21:12.434 [info] > git check-ignore -v -z --stdin [1ms]
2026-03-10 09:21:13.014 [info] > git check-ignore -v -z --stdin [1ms]
2026-03-10 09:21:13.261 [info] > git check-ignore -v -z --stdin [4ms]
2026-03-10 09:21:13.467 [info] > git check-ignore -v -z --stdin [2ms]
2026-03-10 09:21:13.692 [info] > git check-ignore -v -z --stdin [1ms]
2026-03-10 09:21:14.263 [info] > git check-ignore -v -z --stdin [1ms]
2026-03-10 09:21:14.658 [info] > git check-ignore -v -z --stdin [0ms]
2026-03-10 09:21:15.111 [info] > git check-ignore -v -z --stdin [4ms]
2026-03-10 09:21:15.451 [info] > git check-ignore -v -z --stdin [1ms]
2026-03-10 09:21:15.749 [info] > git check-ignore -v -z --stdin [2ms]
2026-03-10 09:21:16.007 [info] > git check-ignore -v -z --stdin [1ms]
2026-03-10 09:21:16.351 [info] > git check-ignore -v -z --stdin [1ms]
2026-03-10 09:21:16.656 [info] > git check-ignore -v -z --stdin [1ms]
2026-03-10 09:21:16.899 [info] > git check-ignore -v -z --stdin [1ms]
2026-03-10 09:21:30.343 [info] > git config --get commit.template [7ms]
2026-03-10 09:21:30.343 [info] > git for-each-ref --format=%(refname)%00%(upstream:short)%00%(objectname)%00%(upstream:track)%00%(upstream:remotename)%00%(upstream:remoteref) refs/heads/main refs/remotes/main [1ms]
2026-03-10 09:21:30.358 [info] > git status -z -uall [7ms]
2026-03-10 09:21:30.359 [info] > git for-each-ref --sort -committerdate --format %(refname)%00%(objectname)%00%(*objectname) [2ms]
2026-03-10 09:21:30.678 [info] > git check-ignore -v -z --stdin [0ms]
2026-03-10 09:21:42.107 [info] > git check-ignore -v -z --stdin [2ms]
2026-03-10 09:21:43.991 [info] > git config --get commit.template [8ms]
2026-03-10 09:21:43.991 [info] > git for-each-ref --format=%(refname)%00%(upstream:short)%00%(objectname)%00%(upstream:track)%00%(upstream:remotename)%00%(upstream:remoteref) refs/heads/main refs/remotes/main [1ms]
2026-03-10 09:21:44.007 [info] > git status -z -uall [9ms]
2026-03-10 09:21:44.007 [info] > git for-each-ref --sort -committerdate --format %(refname)%00%(objectname)%00%(*objectname) [1ms]
2026-03-10 09:21:44.330 [info] > git check-ignore -v -z --stdin [1ms]
2026-03-10 09:22:02.244 [info] > git check-ignore -v -z --stdin [2ms]
2026-03-10 09:22:02.570 [info] > git check-ignore -v -z --stdin [1ms]
2026-03-10 09:22:02.925 [info] > git check-ignore -v -z --stdin [1ms]
2026-03-10 09:22:03.157 [info] > git check-ignore -v -z --stdin [5ms]
2026-03-10 09:22:08.336 [info] > git config --get commit.template [9ms]
2026-03-10 09:22:08.337 [info] > git for-each-ref --format=%(refname)%00%(upstream:short)%00%(objectname)%00%(upstream:track)%00%(upstream:remotename)%00%(upstream:remoteref) refs/heads/main refs/remotes/main [2ms]
2026-03-10 09:22:08.351 [info] > git status -z -uall [7ms]
2026-03-10 09:22:08.352 [info] > git for-each-ref --sort -committerdate --format %(refname)%00%(objectname)%00%(*objectname) [1ms]
2026-03-10 09:22:08.665 [info] > git check-ignore -v -z --stdin [1ms]
2026-03-10 09:22:12.009 [info] > git check-ignore -v -z --stdin [0ms]
2026-03-10 09:22:12.978 [info] > git check-ignore -v -z --stdin [1ms]
2026-03-10 09:22:31.540 [info] > git config --get commit.template [6ms]
2026-03-10 09:22:31.541 [info] > git for-each-ref --format=%(refname)%00%(upstream:short)%00%(objectname)%00%(upstream:track)%00%(upstream:remotename)%00%(upstream:remoteref) refs/heads/main refs/remotes/main [1ms]
2026-03-10 09:22:31.553 [info] > git status -z -uall [6ms]
2026-03-10 09:22:31.554 [info] > git for-each-ref --sort -committerdate --format %(refname)%00%(objectname)%00%(*objectname) [1ms]
2026-03-10 09:22:31.866 [info] > git check-ignore -v -z --stdin [1ms]
2026-03-10 09:22:50.962 [info] > git config --get commit.template [8ms]
2026-03-10 09:22:50.962 [info] > git for-each-ref --format=%(refname)%00%(upstream:short)%00%(objectname)%00%(upstream:track)%00%(upstream:remotename)%00%(upstream:remoteref) refs/heads/main refs/remotes/main [1ms]
2026-03-10 09:22:50.977 [info] > git status -z -uall [8ms]
2026-03-10 09:22:50.977 [info] > git for-each-ref --sort -committerdate --format %(refname)%00%(objectname)%00%(*objectname) [1ms]
2026-03-10 09:22:51.294 [info] > git check-ignore -v -z --stdin [1ms]
2026-03-10 09:22:56.001 [info] > git config --get commit.template [8ms]
2026-03-10 09:22:56.002 [info] > git for-each-ref --format=%(refname)%00%(upstream:short)%00%(objectname)%00%(upstream:track)%00%(upstream:remotename)%00%(upstream:remoteref) refs/heads/main refs/remotes/main [2ms]
2026-03-10 09:22:56.014 [info] > git status -z -uall [7ms]
2026-03-10 09:22:56.014 [info] > git for-each-ref --sort -committerdate --format %(refname)%00%(objectname)%00%(*objectname) [1ms]
2026-03-10 09:22:56.331 [info] > git check-ignore -v -z --stdin [0ms]
2026-03-10 09:23:07.575 [info] > git config --get commit.template [10ms]
2026-03-10 09:23:07.575 [info] > git for-each-ref --format=%(refname)%00%(upstream:short)%00%(objectname)%00%(upstream:track)%00%(upstream:remotename)%00%(upstream:remoteref) refs/heads/main refs/remotes/main [1ms]
2026-03-10 09:23:07.588 [info] > git status -z -uall [7ms]
2026-03-10 09:23:07.589 [info] > git for-each-ref --sort -committerdate --format %(refname)%00%(objectname)%00%(*objectname) [1ms]
2026-03-10 09:23:07.910 [info] > git check-ignore -v -z --stdin [2ms]
2026-03-10 09:23:16.129 [info] > git config --get commit.template [7ms]
2026-03-10 09:23:16.129 [info] > git for-each-ref --format=%(refname)%00%(upstream:short)%00%(objectname)%00%(upstream:track)%00%(upstream:remotename)%00%(upstream:remoteref) refs/heads/main refs/remotes/main [0ms]
2026-03-10 09:23:16.143 [info] > git status -z -uall [7ms]
2026-03-10 09:23:16.144 [info] > git for-each-ref --sort -committerdate --format %(refname)%00%(objectname)%00%(*objectname) [2ms]
2026-03-10 09:23:16.459 [info] > git check-ignore -v -z --stdin [2ms]
2026-03-10 09:23:24.986 [info] > git config --get commit.template [7ms]
2026-03-10 09:23:24.986 [info] > git for-each-ref --format=%(refname)%00%(upstream:short)%00%(objectname)%00%(upstream:track)%00%(upstream:remotename)%00%(upstream:remoteref) refs/heads/main refs/remotes/main [1ms]
2026-03-10 09:23:24.999 [info] > git status -z -uall [7ms]
2026-03-10 09:23:25.000 [info] > git for-each-ref --sort -committerdate --format %(refname)%00%(objectname)%00%(*objectname) [1ms]
2026-03-10 09:23:25.314 [info] > git check-ignore -v -z --stdin [1ms]
2026-03-10 09:23:30.026 [info] > git config --get commit.template [8ms]
2026-03-10 09:23:30.027 [info] > git for-each-ref --format=%(refname)%00%(upstream:short)%00%(objectname)%00%(upstream:track)%00%(upstream:remotename)%00%(upstream:remoteref) refs/heads/main refs/remotes/main [1ms]
2026-03-10 09:23:30.038 [info] > git status -z -uall [6ms]
2026-03-10 09:23:30.038 [info] > git for-each-ref --sort -committerdate --format %(refname)%00%(objectname)%00%(*objectname) [1ms]
2026-03-10 09:23:30.363 [info] > git check-ignore -v -z --stdin [0ms]
2026-03-10 09:23:35.060 [info] > git config --get commit.template [7ms]
2026-03-10 09:23:35.062 [info] > git for-each-ref --format=%(refname)%00%(upstream:short)%00%(objectname)%00%(upstream:track)%00%(upstream:remotename)%00%(upstream:remoteref) refs/heads/main refs/remotes/main [2ms]
2026-03-10 09:23:35.073 [info] > git status -z -uall [5ms]
2026-03-10 09:23:35.073 [info] > git for-each-ref --sort -committerdate --format %(refname)%00%(objectname)%00%(*objectname) [1ms]
2026-03-10 09:23:35.400 [info] > git check-ignore -v -z --stdin [0ms]
2026-03-10 09:23:40.099 [info] > git config --get commit.template [10ms]
2026-03-10 09:23:40.099 [info] > git for-each-ref --format=%(refname)%00%(upstream:short)%00%(objectname)%00%(upstream:track)%00%(upstream:remotename)%00%(upstream:remoteref) refs/heads/main refs/remotes/main [1ms]
2026-03-10 09:23:40.113 [info] > git status -z -uall [7ms]
2026-03-10 09:23:40.113 [info] > git for-each-ref --sort -committerdate --format %(refname)%00%(objectname)%00%(*objectname) [1ms]
2026-03-10 09:23:40.431 [info] > git check-ignore -v -z --stdin [1ms]
2026-03-10 09:23:45.139 [info] > git for-each-ref --format=%(refname)%00%(upstream:short)%00%(objectname)%00%(upstream:track)%00%(upstream:remotename)%00%(upstream:remoteref) refs/heads/main refs/remotes/main [2ms]
2026-03-10 09:23:45.139 [info] > git config --get commit.template [12ms]
2026-03-10 09:23:45.151 [info] > git status -z -uall [6ms]
2026-03-10 09:23:45.151 [info] > git for-each-ref --sort -committerdate --format %(refname)%00%(objectname)%00%(*objectname) [1ms]
2026-03-10 09:23:45.470 [info] > git check-ignore -v -z --stdin [1ms]
2026-03-10 09:23:50.176 [info] > git config --get commit.template [7ms]
2026-03-10 09:23:50.176 [info] > git for-each-ref --format=%(refname)%00%(upstream:short)%00%(objectname)%00%(upstream:track)%00%(upstream:remotename)%00%(upstream:remoteref) refs/heads/main refs/remotes/main [1ms]
2026-03-10 09:23:50.192 [info] > git status -z -uall [8ms]
2026-03-10 09:23:50.193 [info] > git for-each-ref --sort -committerdate --format %(refname)%00%(objectname)%00%(*objectname) [1ms]
2026-03-10 09:23:50.518 [info] > git check-ignore -v -z --stdin [0ms]
2026-03-10 09:23:55.218 [info] > git config --get commit.template [10ms]
2026-03-10 09:23:55.219 [info] > git for-each-ref --format=%(refname)%00%(upstream:short)%00%(objectname)%00%(upstream:track)%00%(upstream:remotename)%00%(upstream:remoteref) refs/heads/main refs/remotes/main [2ms]
2026-03-10 09:23:55.233 [info] > git status -z -uall [6ms]
2026-03-10 09:23:55.233 [info] > git for-each-ref --sort -committerdate --format %(refname)%00%(objectname)%00%(*objectname) [1ms]
2026-03-10 09:23:55.548 [info] > git check-ignore -v -z --stdin [2ms]
2026-03-10 09:25:13.422 [info] > git config --get commit.template [1ms]
2026-03-10 09:25:13.433 [info] > git for-each-ref --format=%(refname)%00%(upstream:short)%00%(objectname)%00%(upstream:track)%00%(upstream:remotename)%00%(upstream:remoteref) refs/heads/main refs/remotes/main [2ms]
2026-03-10 09:25:13.446 [info] > git status -z -uall [7ms]
2026-03-10 09:25:13.447 [info] > git for-each-ref --sort -committerdate --format %(refname)%00%(objectname)%00%(*objectname) [1ms]
2026-03-10 09:25:13.764 [info] > git check-ignore -v -z --stdin [1ms]
2026-03-10 09:25:49.865 [info] > git config --get commit.template [8ms]
2026-03-10 09:25:49.866 [info] > git for-each-ref --format=%(refname)%00%(upstream:short)%00%(objectname)%00%(upstream:track)%00%(upstream:remotename)%00%(upstream:remoteref) refs/heads/main refs/remotes/main [2ms]
2026-03-10 09:25:49.878 [info] > git status -z -uall [6ms]
2026-03-10 09:25:49.879 [info] > git for-each-ref --sort -committerdate --format %(refname)%00%(objectname)%00%(*objectname) [1ms]
2026-03-10 09:25:50.192 [info] > git check-ignore -v -z --stdin [1ms]
2026-03-10 09:25:56.611 [info] > git config --get commit.template [9ms]
2026-03-10 09:25:56.612 [info] > git for-each-ref --format=%(refname)%00%(upstream:short)%00%(objectname)%00%(upstream:track)%00%(upstream:remotename)%00%(upstream:remoteref) refs/heads/main refs/remotes/main [1ms]
2026-03-10 09:25:56.630 [info] > git status -z -uall [11ms]
2026-03-10 09:25:56.630 [info] > git for-each-ref --sort -committerdate --format %(refname)%00%(objectname)%00%(*objectname) [4ms]
2026-03-10 09:25:56.946 [info] > git check-ignore -v -z --stdin [1ms]
2026-03-10 09:26:03.196 [info] > git config --get commit.template [11ms]
2026-03-10 09:26:03.198 [info] > git for-each-ref --format=%(refname)%00%(upstream:short)%00%(objectname)%00%(upstream:track)%00%(upstream:remotename)%00%(upstream:remoteref) refs/heads/main refs/remotes/main [3ms]
2026-03-10 09:26:03.209 [info] > git status -z -uall [5ms]
2026-03-10 09:26:03.209 [info] > git for-each-ref --sort -committerdate --format %(refname)%00%(objectname)%00%(*objectname) [0ms]
2026-03-10 09:26:03.528 [info] > git check-ignore -v -z --stdin [2ms]
2026-03-10 09:26:10.220 [info] > git config --get commit.template [1ms]
2026-03-10 09:26:10.228 [info] > git for-each-ref --format=%(refname)%00%(upstream:short)%00%(objectname)%00%(upstream:track)%00%(upstream:remotename)%00%(upstream:remoteref) refs/heads/main refs/remotes/main [2ms]
2026-03-10 09:26:10.239 [info] > git status -z -uall [6ms]
2026-03-10 09:26:10.240 [info] > git for-each-ref --sort -committerdate --format %(refname)%00%(objectname)%00%(*objectname) [1ms]
2026-03-10 09:26:10.559 [info] > git check-ignore -v -z --stdin [1ms]
2026-03-10 09:26:36.627 [info] > git config --get commit.template [9ms]
2026-03-10 09:26:36.627 [info] > git for-each-ref --format=%(refname)%00%(upstream:short)%00%(objectname)%00%(upstream:track)%00%(upstream:remotename)%00%(upstream:remoteref) refs/heads/main refs/remotes/main [2ms]
2026-03-10 09:26:36.641 [info] > git status -z -uall [6ms]
2026-03-10 09:26:36.641 [info] > git for-each-ref --sort -committerdate --format %(refname)%00%(objectname)%00%(*objectname) [1ms]
2026-03-10 09:26:36.958 [info] > git check-ignore -v -z --stdin [1ms]
2026-03-10 09:26:47.508 [info] > git config --get commit.template [6ms]
2026-03-10 09:26:47.508 [info] > git for-each-ref --format=%(refname)%00%(upstream:short)%00%(objectname)%00%(upstream:track)%00%(upstream:remotename)%00%(upstream:remoteref) refs/heads/main refs/remotes/main [1ms]
2026-03-10 09:26:47.523 [info] > git status -z -uall [8ms]
2026-03-10 09:26:47.523 [info] > git for-each-ref --sort -committerdate --format %(refname)%00%(objectname)%00%(*objectname) [2ms]
2026-03-10 09:26:47.841 [info] > git check-ignore -v -z --stdin [1ms]
2026-03-10 09:26:53.619 [info] > git config --get commit.template [7ms]
2026-03-10 09:26:53.620 [info] > git for-each-ref --format=%(refname)%00%(upstream:short)%00%(objectname)%00%(upstream:track)%00%(upstream:remotename)%00%(upstream:remoteref) refs/heads/main refs/remotes/main [1ms]
2026-03-10 09:26:53.633 [info] > git status -z -uall [7ms]
2026-03-10 09:26:53.634 [info] > git for-each-ref --sort -committerdate --format %(refname)%00%(objectname)%00%(*objectname) [1ms]
2026-03-10 09:26:53.958 [info] > git check-ignore -v -z --stdin [2ms]
2026-03-10 09:30:38.809 [info] > git config --get commit.template [7ms]
2026-03-10 09:30:38.809 [info] > git for-each-ref --format=%(refname)%00%(upstream:short)%00%(objectname)%00%(upstream:track)%00%(upstream:remotename)%00%(upstream:remoteref) refs/heads/main refs/remotes/main [1ms]
2026-03-10 09:30:38.823 [info] > git status -z -uall [6ms]
2026-03-10 09:30:38.825 [info] > git for-each-ref --sort -committerdate --format %(refname)%00%(objectname)%00%(*objectname) [3ms]
2026-03-10 09:30:39.143 [info] > git check-ignore -v -z --stdin [1ms]
2026-03-10 09:30:44.302 [info] > git config --get commit.template [8ms]
2026-03-10 09:30:44.302 [info] > git for-each-ref --format=%(refname)%00%(upstream:short)%00%(objectname)%00%(upstream:track)%00%(upstream:remotename)%00%(upstream:remoteref) refs/heads/main refs/remotes/main [1ms]
2026-03-10 09:30:44.314 [info] > git status -z -uall [6ms]
2026-03-10 09:30:44.314 [info] > git for-each-ref --sort -committerdate --format %(refname)%00%(objectname)%00%(*objectname) [1ms]
2026-03-10 09:30:44.631 [info] > git check-ignore -v -z --stdin [0ms]
2026-03-10 09:30:49.338 [info] > git config --get commit.template [8ms]
2026-03-10 09:30:49.338 [info] > git for-each-ref --format=%(refname)%00%(upstream:short)%00%(objectname)%00%(upstream:track)%00%(upstream:remotename)%00%(upstream:remoteref) refs/heads/main refs/remotes/main [1ms]
2026-03-10 09:30:49.356 [info] > git status -z -uall [8ms]
2026-03-10 09:30:49.357 [info] > git for-each-ref --sort -committerdate --format %(refname)%00%(objectname)%00%(*objectname) [1ms]
2026-03-10 09:30:49.675 [info] > git check-ignore -v -z --stdin [1ms]
2026-03-10 09:31:40.772 [info] > git config --get commit.template [2ms]
2026-03-10 09:31:40.779 [info] > git for-each-ref --format=%(refname)%00%(upstream:short)%00%(objectname)%00%(upstream:track)%00%(upstream:remotename)%00%(upstream:remoteref) refs/heads/main refs/remotes/main [1ms]
2026-03-10 09:31:40.794 [info] > git status -z -uall [7ms]
2026-03-10 09:31:40.794 [info] > git for-each-ref --sort -committerdate --format %(refname)%00%(objectname)%00%(*objectname) [1ms]
2026-03-10 09:31:41.118 [info] > git check-ignore -v -z --stdin [2ms]
2026-03-10 09:32:45.262 [info] > git config --get commit.template [7ms]
2026-03-10 09:32:45.263 [info] > git for-each-ref --format=%(refname)%00%(upstream:short)%00%(objectname)%00%(upstream:track)%00%(upstream:remotename)%00%(upstream:remoteref) refs/heads/main refs/remotes/main [1ms]
2026-03-10 09:32:45.275 [info] > git status -z -uall [6ms]
2026-03-10 09:32:45.276 [info] > git for-each-ref --sort -committerdate --format %(refname)%00%(objectname)%00%(*objectname) [1ms]
2026-03-10 09:32:45.594 [info] > git check-ignore -v -z --stdin [1ms]
2026-03-10 09:32:55.319 [info] > git config --get commit.template [8ms]
2026-03-10 09:32:55.320 [info] > git for-each-ref --format=%(refname)%00%(upstream:short)%00%(objectname)%00%(upstream:track)%00%(upstream:remotename)%00%(upstream:remoteref) refs/heads/main refs/remotes/main [1ms]
2026-03-10 09:32:55.333 [info] > git status -z -uall [7ms]
2026-03-10 09:32:55.334 [info] > git for-each-ref --sort -committerdate --format %(refname)%00%(objectname)%00%(*objectname) [0ms]
2026-03-10 09:32:55.659 [info] > git check-ignore -v -z --stdin [1ms]
2026-03-10 09:33:07.738 [info] > git config --get commit.template [1ms]
2026-03-10 09:33:07.748 [info] > git for-each-ref --format=%(refname)%00%(upstream:short)%00%(objectname)%00%(upstream:track)%00%(upstream:remotename)%00%(upstream:remoteref) refs/heads/main refs/remotes/main [1ms]
2026-03-10 09:33:07.763 [info] > git status -z -uall [8ms]
2026-03-10 09:33:07.763 [info] > git for-each-ref --sort -committerdate --format %(refname)%00%(objectname)%00%(*objectname) [2ms]
2026-03-10 09:33:08.080 [info] > git check-ignore -v -z --stdin [1ms]
2026-03-10 09:33:14.007 [info] > git config --get commit.template [1ms]
2026-03-10 09:33:14.017 [info] > git for-each-ref --format=%(refname)%00%(upstream:short)%00%(objectname)%00%(upstream:track)%00%(upstream:remotename)%00%(upstream:remoteref) refs/heads/main refs/remotes/main [2ms]
2026-03-10 09:33:14.033 [info] > git status -z -uall [7ms]
2026-03-10 09:33:14.033 [info] > git for-each-ref --sort -committerdate --format %(refname)%00%(objectname)%00%(*objectname) [1ms]
2026-03-10 09:33:14.355 [info] > git check-ignore -v -z --stdin [1ms]
2026-03-10 09:33:54.879 [info] > git config --get commit.template [10ms]
2026-03-10 09:33:54.880 [info] > git for-each-ref --format=%(refname)%00%(upstream:short)%00%(objectname)%00%(upstream:track)%00%(upstream:remotename)%00%(upstream:remoteref) refs/heads/main refs/remotes/main [1ms]
2026-03-10 09:33:54.894 [info] > git status -z -uall [6ms]
2026-03-10 09:33:54.894 [info] > git for-each-ref --sort -committerdate --format %(refname)%00%(objectname)%00%(*objectname) [1ms]
2026-03-10 09:33:55.655 [info] > git check-ignore -v -z --stdin [0ms]
2026-03-10 09:34:01.536 [info] > git config --get commit.template [7ms]
2026-03-10 09:34:01.536 [info] > git for-each-ref --format=%(refname)%00%(upstream:short)%00%(objectname)%00%(upstream:track)%00%(upstream:remotename)%00%(upstream:remoteref) refs/heads/main refs/remotes/main [1ms]
2026-03-10 09:34:01.549 [info] > git status -z -uall [6ms]
2026-03-10 09:34:01.549 [info] > git for-each-ref --sort -committerdate --format %(refname)%00%(objectname)%00%(*objectname) [1ms]
2026-03-10 09:34:01.865 [info] > git check-ignore -v -z --stdin [3ms]
2026-03-10 09:34:25.442 [info] > git check-ignore -v -z --stdin [1ms]
2026-03-10 09:34:25.865 [info] > git check-ignore -v -z --stdin [0ms]
2026-03-10 09:34:27.760 [info] > git config --get commit.template [7ms]
2026-03-10 09:34:27.761 [info] > git for-each-ref --format=%(refname)%00%(upstream:short)%00%(objectname)%00%(upstream:track)%00%(upstream:remotename)%00%(upstream:remoteref) refs/heads/main refs/remotes/main [2ms]
2026-03-10 09:34:27.773 [info] > git status -z -uall [6ms]
2026-03-10 09:34:27.774 [info] > git for-each-ref --sort -committerdate --format %(refname)%00%(objectname)%00%(*objectname) [1ms]
2026-03-10 09:34:28.093 [info] > git check-ignore -v -z --stdin [1ms]
2026-03-10 09:34:46.439 [info] > git config --get commit.template [7ms]
2026-03-10 09:34:46.439 [info] > git for-each-ref --format=%(refname)%00%(upstream:short)%00%(objectname)%00%(upstream:track)%00%(upstream:remotename)%00%(upstream:remoteref) refs/heads/main refs/remotes/main [1ms]
2026-03-10 09:34:46.456 [info] > git status -z -uall [8ms]
2026-03-10 09:34:46.457 [info] > git for-each-ref --sort -committerdate --format %(refname)%00%(objectname)%00%(*objectname) [1ms]
2026-03-10 09:34:46.774 [info] > git check-ignore -v -z --stdin [1ms]
2026-03-10 09:35:15.471 [info] > git check-ignore -v -z --stdin [2ms]
2026-03-10 09:35:17.358 [info] > git config --get commit.template [7ms]
2026-03-10 09:35:17.359 [info] > git for-each-ref --format=%(refname)%00%(upstream:short)%00%(objectname)%00%(upstream:track)%00%(upstream:remotename)%00%(upstream:remoteref) refs/heads/main refs/remotes/main [1ms]
2026-03-10 09:35:17.372 [info] > git status -z -uall [7ms]
2026-03-10 09:35:17.373 [info] > git for-each-ref --sort -committerdate --format %(refname)%00%(objectname)%00%(*objectname) [1ms]
2026-03-10 09:35:17.697 [info] > git check-ignore -v -z --stdin [1ms]
2026-03-10 09:35:18.255 [info] > git check-ignore -v -z --stdin [1ms]
2026-03-10 09:35:34.728 [info] > git config --get commit.template [1ms]
2026-03-10 09:35:34.736 [info] > git for-each-ref --format=%(refname)%00%(upstream:short)%00%(objectname)%00%(upstream:track)%00%(upstream:remotename)%00%(upstream:remoteref) refs/heads/main refs/remotes/main [1ms]
2026-03-10 09:35:34.751 [info] > git status -z -uall [8ms]
2026-03-10 09:35:34.752 [info] > git for-each-ref --sort -committerdate --format %(refname)%00%(objectname)%00%(*objectname) [1ms]
2026-03-10 09:35:35.063 [info] > git check-ignore -v -z --stdin [0ms]
2026-03-10 09:35:39.762 [info] > git config --get commit.template [1ms]
2026-03-10 09:35:39.770 [info] > git for-each-ref --format=%(refname)%00%(upstream:short)%00%(objectname)%00%(upstream:track)%00%(upstream:remotename)%00%(upstream:remoteref) refs/heads/main refs/remotes/main [1ms]
2026-03-10 09:35:39.783 [info] > git status -z -uall [6ms]
2026-03-10 09:35:39.783 [info] > git for-each-ref --sort -committerdate --format %(refname)%00%(objectname)%00%(*objectname) [0ms]
2026-03-10 09:35:40.101 [info] > git check-ignore -v -z --stdin [1ms]
2026-03-10 09:35:44.809 [info] > git config --get commit.template [9ms]
2026-03-10 09:35:44.809 [info] > git for-each-ref --format=%(refname)%00%(upstream:short)%00%(objectname)%00%(upstream:track)%00%(upstream:remotename)%00%(upstream:remoteref) refs/heads/main refs/remotes/main [1ms]
2026-03-10 09:35:44.825 [info] > git status -z -uall [7ms]
2026-03-10 09:35:44.825 [info] > git for-each-ref --sort -committerdate --format %(refname)%00%(objectname)%00%(*objectname) [1ms]
2026-03-10 09:35:45.141 [info] > git check-ignore -v -z --stdin [1ms]
2026-03-10 09:35:49.844 [info] > git config --get commit.template [7ms]
2026-03-10 09:35:49.844 [info] > git for-each-ref --format=%(refname)%00%(upstream:short)%00%(objectname)%00%(upstream:track)%00%(upstream:remotename)%00%(upstream:remoteref) refs/heads/main refs/remotes/main [1ms]
2026-03-10 09:35:49.857 [info] > git status -z -uall [7ms]
2026-03-10 09:35:49.857 [info] > git for-each-ref --sort -committerdate --format %(refname)%00%(objectname)%00%(*objectname) [1ms]
2026-03-10 09:35:50.169 [info] > git check-ignore -v -z --stdin [0ms]
2026-03-10 09:35:54.873 [info] > git config --get commit.template [2ms]
2026-03-10 09:35:54.882 [info] > git for-each-ref --format=%(refname)%00%(upstream:short)%00%(objectname)%00%(upstream:track)%00%(upstream:remotename)%00%(upstream:remoteref) refs/heads/main refs/remotes/main [1ms]
2026-03-10 09:35:54.895 [info] > git status -z -uall [6ms]
2026-03-10 09:35:54.895 [info] > git for-each-ref --sort -committerdate --format %(refname)%00%(objectname)%00%(*objectname) [1ms]
2026-03-10 09:35:55.214 [info] > git check-ignore -v -z --stdin [1ms]
2026-03-10 09:36:56.205 [info] > git config --get commit.template [8ms]
2026-03-10 09:36:56.206 [info] > git for-each-ref --format=%(refname)%00%(upstream:short)%00%(objectname)%00%(upstream:track)%00%(upstream:remotename)%00%(upstream:remoteref) refs/heads/main refs/remotes/main [1ms]
2026-03-10 09:36:56.218 [info] > git status -z -uall [6ms]
2026-03-10 09:36:56.219 [info] > git for-each-ref --sort -committerdate --format %(refname)%00%(objectname)%00%(*objectname) [1ms]
2026-03-10 09:36:56.537 [info] > git check-ignore -v -z --stdin [2ms]
2026-03-10 09:37:04.095 [info] > git config --get commit.template [7ms]
2026-03-10 09:37:04.095 [info] > git for-each-ref --format=%(refname)%00%(upstream:short)%00%(objectname)%00%(upstream:track)%00%(upstream:remotename)%00%(upstream:remoteref) refs/heads/main refs/remotes/main [1ms]
2026-03-10 09:37:04.107 [info] > git status -z -uall [6ms]
2026-03-10 09:37:04.107 [info] > git for-each-ref --sort -committerdate --format %(refname)%00%(objectname)%00%(*objectname) [1ms]
2026-03-10 09:37:04.429 [info] > git check-ignore -v -z --stdin [6ms]
2026-03-10 09:37:32.996 [info] > git config --get commit.template [8ms]
2026-03-10 09:37:32.996 [info] > git for-each-ref --format=%(refname)%00%(upstream:short)%00%(objectname)%00%(upstream:track)%00%(upstream:remotename)%00%(upstream:remoteref) refs/heads/main refs/remotes/main [1ms]
2026-03-10 09:37:33.009 [info] > git status -z -uall [6ms]
2026-03-10 09:37:33.010 [info] > git for-each-ref --sort -committerdate --format %(refname)%00%(objectname)%00%(*objectname) [1ms]
2026-03-10 09:37:33.323 [info] > git check-ignore -v -z --stdin [2ms]
2026-03-10 09:37:39.675 [info] > git config --get commit.template [9ms]
2026-03-10 09:37:39.676 [info] > git for-each-ref --format=%(refname)%00%(upstream:short)%00%(objectname)%00%(upstream:track)%00%(upstream:remotename)%00%(upstream:remoteref) refs/heads/main refs/remotes/main [1ms]
2026-03-10 09:37:39.691 [info] > git status -z -uall [7ms]
2026-03-10 09:37:39.692 [info] > git for-each-ref --sort -committerdate --format %(refname)%00%(objectname)%00%(*objectname) [2ms]
2026-03-10 09:37:40.007 [info] > git check-ignore -v -z --stdin [1ms]
2026-03-10 09:37:46.859 [info] > git config --get commit.template [8ms]
2026-03-10 09:37:46.859 [info] > git for-each-ref --format=%(refname)%00%(upstream:short)%00%(objectname)%00%(upstream:track)%00%(upstream:remotename)%00%(upstream:remoteref) refs/heads/main refs/remotes/main [1ms]
2026-03-10 09:37:46.874 [info] > git status -z -uall [7ms]
2026-03-10 09:37:46.875 [info] > git for-each-ref --sort -committerdate --format %(refname)%00%(objectname)%00%(*objectname) [1ms]
2026-03-10 09:37:47.191 [info] > git check-ignore -v -z --stdin [1ms]
2026-03-10 09:37:54.230 [info] > git check-ignore -v -z --stdin [2ms]
2026-03-10 09:37:54.468 [info] > git check-ignore -v -z --stdin [1ms]
2026-03-10 09:37:54.926 [info] > git check-ignore -v -z --stdin [1ms]
2026-03-10 09:37:55.686 [info] > git check-ignore -v -z --stdin [3ms]
2026-03-10 09:37:56.320 [info] > git check-ignore -v -z --stdin [1ms]
2026-03-10 09:37:57.389 [info] > git check-ignore -v -z --stdin [1ms]
2026-03-10 09:37:58.233 [info] > git config --get commit.template [8ms]
2026-03-10 09:37:58.233 [info] > git for-each-ref --format=%(refname)%00%(upstream:short)%00%(objectname)%00%(upstream:track)%00%(upstream:remotename)%00%(upstream:remoteref) refs/heads/main refs/remotes/main [1ms]
2026-03-10 09:37:58.249 [info] > git status -z -uall [7ms]
2026-03-10 09:37:58.250 [info] > git for-each-ref --sort -committerdate --format %(refname)%00%(objectname)%00%(*objectname) [2ms]
2026-03-10 09:37:58.603 [info] > git check-ignore -v -z --stdin [2ms]
2026-03-10 09:37:59.130 [info] > git check-ignore -v -z --stdin [1ms]
2026-03-10 09:38:40.202 [info] > git config --get commit.template [7ms]
2026-03-10 09:38:40.203 [info] > git for-each-ref --format=%(refname)%00%(upstream:short)%00%(objectname)%00%(upstream:track)%00%(upstream:remotename)%00%(upstream:remoteref) refs/heads/main refs/remotes/main [2ms]
2026-03-10 09:38:40.215 [info] > git status -z -uall [6ms]
2026-03-10 09:38:40.216 [info] > git for-each-ref --sort -committerdate --format %(refname)%00%(objectname)%00%(*objectname) [1ms]
2026-03-10 09:38:40.525 [info] > git check-ignore -v -z --stdin [1ms]
2026-03-10 09:38:45.111 [info] > git check-ignore -v -z --stdin [1ms]
2026-03-10 09:38:46.998 [info] > git config --get commit.template [6ms]
2026-03-10 09:38:46.999 [info] > git for-each-ref --format=%(refname)%00%(upstream:short)%00%(objectname)%00%(upstream:track)%00%(upstream:remotename)%00%(upstream:remoteref) refs/heads/main refs/remotes/main [1ms]
2026-03-10 09:38:47.015 [info] > git status -z -uall [10ms]
2026-03-10 09:38:47.015 [info] > git for-each-ref --sort -committerdate --format %(refname)%00%(objectname)%00%(*objectname) [2ms]
2026-03-10 09:38:47.335 [info] > git check-ignore -v -z --stdin [2ms]
2026-03-10 09:38:50.390 [info] > git check-ignore -v -z --stdin [1ms]
2026-03-10 09:38:50.630 [info] > git check-ignore -v -z --stdin [10ms]
2026-03-10 09:38:51.007 [info] > git check-ignore -v -z --stdin [1ms]
2026-03-10 09:38:51.614 [info] > git check-ignore -v -z --stdin [4ms]
2026-03-10 09:38:52.022 [info] > git check-ignore -v -z --stdin [1ms]
2026-03-10 09:38:53.073 [info] > git check-ignore -v -z --stdin [1ms]
2026-03-10 09:38:53.522 [info] > git check-ignore -v -z --stdin [2ms]
2026-03-10 09:38:53.922 [info] > git config --get commit.template [8ms]
2026-03-10 09:38:53.922 [info] > git for-each-ref --format=%(refname)%00%(upstream:short)%00%(objectname)%00%(upstream:track)%00%(upstream:remotename)%00%(upstream:remoteref) refs/heads/main refs/remotes/main [1ms]
2026-03-10 09:38:53.935 [info] > git status -z -uall [6ms]
2026-03-10 09:38:53.935 [info] > git for-each-ref --sort -committerdate --format %(refname)%00%(objectname)%00%(*objectname) [1ms]
2026-03-10 09:38:54.255 [info] > git check-ignore -v -z --stdin [2ms]
2026-03-10 09:38:58.959 [info] > git config --get commit.template [7ms]
2026-03-10 09:38:58.961 [info] > git for-each-ref --format=%(refname)%00%(upstream:short)%00%(objectname)%00%(upstream:track)%00%(upstream:remotename)%00%(upstream:remoteref) refs/heads/main refs/remotes/main [3ms]
2026-03-10 09:38:58.975 [info] > git status -z -uall [6ms]
2026-03-10 09:38:58.997 [info] > git for-each-ref --sort -committerdate --format %(refname)%00%(objectname)%00%(*objectname) [22ms]
2026-03-10 09:38:59.683 [info] > git check-ignore -v -z --stdin [1ms]
2026-03-10 09:39:00.654 [info] > git check-ignore -v -z --stdin [7ms]
2026-03-10 09:39:00.858 [info] > git check-ignore -v -z --stdin [1ms]
2026-03-10 09:39:01.311 [info] > git check-ignore -v -z --stdin [0ms]
2026-03-10 09:39:02.266 [info] > git check-ignore -v -z --stdin [2ms]
2026-03-10 09:39:03.435 [info] > git check-ignore -v -z --stdin [1ms]
2026-03-10 09:39:04.158 [info] > git config --get commit.template [10ms]
2026-03-10 09:39:04.159 [info] > git for-each-ref --format=%(refname)%00%(upstream:short)%00%(objectname)%00%(upstream:track)%00%(upstream:remotename)%00%(upstream:remoteref) refs/heads/main refs/remotes/main [2ms]
2026-03-10 09:39:04.171 [info] > git status -z -uall [6ms]
2026-03-10 09:39:04.172 [info] > git for-each-ref --sort -committerdate --format %(refname)%00%(objectname)%00%(*objectname) [1ms]
2026-03-10 09:39:04.486 [info] > git check-ignore -v -z --stdin [1ms]
2026-03-10 09:39:09.197 [info] > git config --get commit.template [10ms]
2026-03-10 09:39:09.198 [info] > git for-each-ref --format=%(refname)%00%(upstream:short)%00%(objectname)%00%(upstream:track)%00%(upstream:remotename)%00%(upstream:remoteref) refs/heads/main refs/remotes/main [2ms]
2026-03-10 09:39:09.211 [info] > git status -z -uall [6ms]
2026-03-10 09:39:09.212 [info] > git for-each-ref --sort -committerdate --format %(refname)%00%(objectname)%00%(*objectname) [1ms]
2026-03-10 09:39:09.534 [info] > git check-ignore -v -z --stdin [1ms]
2026-03-10 09:41:02.400 [info] > git check-ignore -v -z --stdin [2ms]
2026-03-10 09:41:03.277 [info] > git check-ignore -v -z --stdin [1ms]
2026-03-10 09:41:04.465 [info] > git check-ignore -v -z --stdin [1ms]
2026-03-10 09:41:04.833 [info] > git check-ignore -v -z --stdin [2ms]
2026-03-10 09:41:05.504 [info] > git check-ignore -v -z --stdin [1ms]
2026-03-10 09:41:07.386 [info] > git config --get commit.template [7ms]
2026-03-10 09:41:07.386 [info] > git for-each-ref --format=%(refname)%00%(upstream:short)%00%(objectname)%00%(upstream:track)%00%(upstream:remotename)%00%(upstream:remoteref) refs/heads/main refs/remotes/main [1ms]
2026-03-10 09:41:07.397 [info] > git status -z -uall [6ms]
2026-03-10 09:41:07.397 [info] > git for-each-ref --sort -committerdate --format %(refname)%00%(objectname)%00%(*objectname) [1ms]
2026-03-10 09:41:07.404 [info] > git check-ignore -v -z --stdin [0ms]
2026-03-10 09:41:07.714 [info] > git check-ignore -v -z --stdin [1ms]
2026-03-10 09:41:10.576 [info] > git check-ignore -v -z --stdin [1ms]
2026-03-10 09:41:12.411 [info] > git config --get commit.template [1ms]
2026-03-10 09:41:12.422 [info] > git for-each-ref --format=%(refname)%00%(upstream:short)%00%(objectname)%00%(upstream:track)%00%(upstream:remotename)%00%(upstream:remoteref) refs/heads/main refs/remotes/main [2ms]
2026-03-10 09:41:12.439 [info] > git status -z -uall [8ms]
2026-03-10 09:41:12.440 [info] > git for-each-ref --sort -committerdate --format %(refname)%00%(objectname)%00%(*objectname) [1ms]
2026-03-10 09:41:12.760 [info] > git check-ignore -v -z --stdin [1ms]
2026-03-10 09:41:13.024 [info] > git check-ignore -v -z --stdin [2ms]
2026-03-10 09:41:13.468 [info] > git check-ignore -v -z --stdin [2ms]
2026-03-10 09:41:14.639 [info] > git check-ignore -v -z --stdin [1ms]
2026-03-10 09:41:16.249 [info] > git check-ignore -v -z --stdin [2ms]
2026-03-10 09:41:16.475 [info] > git check-ignore -v -z --stdin [2ms]
2026-03-10 09:41:16.729 [info] > git check-ignore -v -z --stdin [1ms]
2026-03-10 09:41:17.023 [info] > git check-ignore -v -z --stdin [1ms]
2026-03-10 09:41:17.463 [info] > git config --get commit.template [9ms]
2026-03-10 09:41:17.463 [info] > git for-each-ref --format=%(refname)%00%(upstream:short)%00%(objectname)%00%(upstream:track)%00%(upstream:remotename)%00%(upstream:remoteref) refs/heads/main refs/remotes/main [1ms]
2026-03-10 09:41:17.479 [info] > git status -z -uall [8ms]
2026-03-10 09:41:17.479 [info] > git for-each-ref --sort -committerdate --format %(refname)%00%(objectname)%00%(*objectname) [1ms]
2026-03-10 09:41:17.803 [info] > git check-ignore -v -z --stdin [2ms]
2026-03-10 09:41:22.506 [info] > git config --get commit.template [11ms]
2026-03-10 09:41:22.506 [info] > git for-each-ref --format=%(refname)%00%(upstream:short)%00%(objectname)%00%(upstream:track)%00%(upstream:remotename)%00%(upstream:remoteref) refs/heads/main refs/remotes/main [1ms]
2026-03-10 09:41:22.522 [info] > git status -z -uall [7ms]
2026-03-10 09:41:22.523 [info] > git for-each-ref --sort -committerdate --format %(refname)%00%(objectname)%00%(*objectname) [1ms]
2026-03-10 09:41:22.846 [info] > git check-ignore -v -z --stdin [0ms]
2026-03-10 09:41:27.191 [info] > git check-ignore -v -z --stdin [0ms]
2026-03-10 09:41:27.668 [info] > git check-ignore -v -z --stdin [1ms]
2026-03-10 09:41:28.724 [info] > git check-ignore -v -z --stdin [1ms]
2026-03-10 09:41:29.582 [info] > git config --get commit.template [10ms]
2026-03-10 09:41:29.583 [info] > git for-each-ref --format=%(refname)%00%(upstream:short)%00%(objectname)%00%(upstream:track)%00%(upstream:remotename)%00%(upstream:remoteref) refs/heads/main refs/remotes/main [1ms]
2026-03-10 09:41:29.600 [info] > git status -z -uall [7ms]
2026-03-10 09:41:29.601 [info] > git for-each-ref --sort -committerdate --format %(refname)%00%(objectname)%00%(*objectname) [1ms]
2026-03-10 09:41:29.914 [info] > git check-ignore -v -z --stdin [1ms]
2026-03-10 09:41:31.429 [info] > git check-ignore -v -z --stdin [0ms]
2026-03-10 09:41:34.225 [info] > git check-ignore -v -z --stdin [1ms]
2026-03-10 09:41:34.624 [info] > git config --get commit.template [8ms]
2026-03-10 09:41:34.625 [info] > git for-each-ref --format=%(refname)%00%(upstream:short)%00%(objectname)%00%(upstream:track)%00%(upstream:remotename)%00%(upstream:remoteref) refs/heads/main refs/remotes/main [1ms]
2026-03-10 09:41:34.637 [info] > git status -z -uall [6ms]
2026-03-10 09:41:34.638 [info] > git for-each-ref --sort -committerdate --format %(refname)%00%(objectname)%00%(*objectname) [1ms]
2026-03-10 09:41:34.955 [info] > git check-ignore -v -z --stdin [1ms]
2026-03-10 09:41:38.665 [info] > git check-ignore -v -z --stdin [1ms]
2026-03-10 09:41:39.441 [info] > git check-ignore -v -z --stdin [2ms]
2026-03-10 09:41:39.660 [info] > git config --get commit.template [4ms]
2026-03-10 09:41:39.667 [info] > git for-each-ref --format=%(refname)%00%(upstream:short)%00%(objectname)%00%(upstream:track)%00%(upstream:remotename)%00%(upstream:remoteref) refs/heads/main refs/remotes/main [1ms]
2026-03-10 09:41:39.679 [info] > git status -z -uall [6ms]
2026-03-10 09:41:39.679 [info] > git for-each-ref --sort -committerdate --format %(refname)%00%(objectname)%00%(*objectname) [1ms]
2026-03-10 09:41:40.016 [info] > git check-ignore -v -z --stdin [1ms]
2026-03-10 09:41:40.707 [info] > git check-ignore -v -z --stdin [2ms]
2026-03-10 09:41:41.145 [info] > git check-ignore -v -z --stdin [1ms]
2026-03-10 09:41:42.208 [info] > git check-ignore -v -z --stdin [2ms]
2026-03-10 09:41:42.445 [info] > git check-ignore -v -z --stdin [2ms]
2026-03-10 09:41:43.240 [info] > git check-ignore -v -z --stdin [1ms]
2026-03-10 09:41:43.706 [info] > git check-ignore -v -z --stdin [2ms]
2026-03-10 09:41:44.181 [info] > git check-ignore -v -z --stdin [0ms]
2026-03-10 09:41:44.701 [info] > git config --get commit.template [9ms]
2026-03-10 09:41:44.702 [info] > git for-each-ref --format=%(refname)%00%(upstream:short)%00%(objectname)%00%(upstream:track)%00%(upstream:remotename)%00%(upstream:remoteref) refs/heads/main refs/remotes/main [2ms]
2026-03-10 09:41:44.714 [info] > git status -z -uall [6ms]
2026-03-10 09:41:44.714 [info] > git for-each-ref --sort -committerdate --format %(refname)%00%(objectname)%00%(*objectname) [1ms]
2026-03-10 09:41:45.036 [info] > git check-ignore -v -z --stdin [4ms]
2026-03-10 09:41:54.879 [info] > git config --get commit.template [10ms]
2026-03-10 09:41:54.880 [info] > git for-each-ref --format=%(refname)%00%(upstream:short)%00%(objectname)%00%(upstream:track)%00%(upstream:remotename)%00%(upstream:remoteref) refs/heads/main refs/remotes/main [2ms]
2026-03-10 09:41:54.895 [info] > git status -z -uall [8ms]
2026-03-10 09:41:54.896 [info] > git for-each-ref --sort -committerdate --format %(refname)%00%(objectname)%00%(*objectname) [1ms]
2026-03-10 09:41:55.214 [info] > git check-ignore -v -z --stdin [1ms]
2026-03-10 09:42:04.584 [info] > git config --get commit.template [9ms]
2026-03-10 09:42:04.584 [info] > git for-each-ref --format=%(refname)%00%(upstream:short)%00%(objectname)%00%(upstream:track)%00%(upstream:remotename)%00%(upstream:remoteref) refs/heads/main refs/remotes/main [0ms]
2026-03-10 09:42:04.596 [info] > git status -z -uall [6ms]
2026-03-10 09:42:04.597 [info] > git for-each-ref --sort -committerdate --format %(refname)%00%(objectname)%00%(*objectname) [1ms]
2026-03-10 09:42:04.908 [info] > git check-ignore -v -z --stdin [1ms]
2026-03-10 09:44:36.231 [info] > git config --get commit.template [8ms]
2026-03-10 09:44:36.231 [info] > git for-each-ref --format=%(refname)%00%(upstream:short)%00%(objectname)%00%(upstream:track)%00%(upstream:remotename)%00%(upstream:remoteref) refs/heads/main refs/remotes/main [1ms]
2026-03-10 09:44:36.245 [info] > git status -z -uall [7ms]
2026-03-10 09:44:36.246 [info] > git for-each-ref --sort -committerdate --format %(refname)%00%(objectname)%00%(*objectname) [1ms]
2026-03-10 09:44:36.560 [info] > git check-ignore -v -z --stdin [1ms]
2026-03-10 09:46:08.416 [info] > git config --get commit.template [8ms]
2026-03-10 09:46:08.417 [info] > git for-each-ref --format=%(refname)%00%(upstream:short)%00%(objectname)%00%(upstream:track)%00%(upstream:remotename)%00%(upstream:remoteref) refs/heads/main refs/remotes/main [1ms]
2026-03-10 09:46:08.432 [info] > git status -z -uall [8ms]
2026-03-10 09:46:08.432 [info] > git for-each-ref --sort -committerdate --format %(refname)%00%(objectname)%00%(*objectname) [1ms]
2026-03-10 09:46:08.756 [info] > git check-ignore -v -z --stdin [1ms]
2026-03-10 09:46:31.317 [info] > git check-ignore -v -z --stdin [1ms]
2026-03-10 09:46:31.769 [info] > git check-ignore -v -z --stdin [1ms]
2026-03-10 09:46:32.391 [info] > git check-ignore -v -z --stdin [1ms]
2026-03-10 09:46:34.278 [info] > git config --get commit.template [3ms]
2026-03-10 09:46:34.284 [info] > git for-each-ref --format=%(refname)%00%(upstream:short)%00%(objectname)%00%(upstream:track)%00%(upstream:remotename)%00%(upstream:remoteref) refs/heads/main refs/remotes/main [0ms]
2026-03-10 09:46:34.296 [info] > git status -z -uall [6ms]
2026-03-10 09:46:34.297 [info] > git for-each-ref --sort -committerdate --format %(refname)%00%(objectname)%00%(*objectname) [1ms]
2026-03-10 09:46:34.613 [info] > git check-ignore -v -z --stdin [0ms]
2026-03-10 09:46:52.182 [info] > git check-ignore -v -z --stdin [7ms]
2026-03-10 09:46:52.860 [info] > git check-ignore -v -z --stdin [1ms]
2026-03-10 09:46:53.494 [info] > git check-ignore -v -z --stdin [2ms]
2026-03-10 09:46:54.450 [info] > git check-ignore -v -z --stdin [1ms]
2026-03-10 09:46:55.169 [info] > git check-ignore -v -z --stdin [1ms]
2026-03-10 09:46:55.985 [info] > git check-ignore -v -z --stdin [2ms]
2026-03-10 09:46:56.279 [info] > git check-ignore -v -z --stdin [1ms]
2026-03-10 09:46:56.553 [info] > git check-ignore -v -z --stdin [1ms]
2026-03-10 09:46:56.964 [info] > git check-ignore -v -z --stdin [1ms]
2026-03-10 09:46:58.843 [info] > git config --get commit.template [1ms]
2026-03-10 09:46:58.924 [info] > git for-each-ref --format=%(refname)%00%(upstream:short)%00%(objectname)%00%(upstream:track)%00%(upstream:remotename)%00%(upstream:remoteref) refs/heads/main refs/remotes/main [74ms]
2026-03-10 09:46:58.939 [info] > git status -z -uall [7ms]
2026-03-10 09:46:58.940 [info] > git for-each-ref --sort -committerdate --format %(refname)%00%(objectname)%00%(*objectname) [2ms]
2026-03-10 09:46:59.400 [info] > git check-ignore -v -z --stdin [1ms]
2026-03-10 09:46:59.787 [info] > git check-ignore -v -z --stdin [1ms]
2026-03-10 09:47:00.151 [info] > git check-ignore -v -z --stdin [1ms]
2026-03-10 09:47:00.501 [info] > git check-ignore -v -z --stdin [2ms]
2026-03-10 09:47:01.044 [info] > git check-ignore -v -z --stdin [1ms]
2026-03-10 09:47:01.411 [info] > git check-ignore -v -z --stdin [1ms]
2026-03-10 09:47:03.963 [info] > git config --get commit.template [10ms]
2026-03-10 09:47:03.963 [info] > git for-each-ref --format=%(refname)%00%(upstream:short)%00%(objectname)%00%(upstream:track)%00%(upstream:remotename)%00%(upstream:remoteref) refs/heads/main refs/remotes/main [1ms]
2026-03-10 09:47:03.979 [info] > git status -z -uall [8ms]
2026-03-10 09:47:03.979 [info] > git for-each-ref --sort -committerdate --format %(refname)%00%(objectname)%00%(*objectname) [1ms]
2026-03-10 09:47:04.297 [info] > git check-ignore -v -z --stdin [1ms]
2026-03-10 09:47:05.243 [info] > git check-ignore -v -z --stdin [1ms]
2026-03-10 09:47:05.950 [info] > git check-ignore -v -z --stdin [1ms]
2026-03-10 09:47:06.601 [info] > git check-ignore -v -z --stdin [2ms]
2026-03-10 09:47:07.095 [info] > git check-ignore -v -z --stdin [1ms]
2026-03-10 09:47:08.287 [info] > git check-ignore -v -z --stdin [1ms]
2026-03-10 09:47:08.740 [info] > git check-ignore -v -z --stdin [1ms]
2026-03-10 09:47:09.850 [info] > git check-ignore -v -z --stdin [1ms]
2026-03-10 09:47:10.128 [info] > git check-ignore -v -z --stdin [1ms]
2026-03-10 09:47:10.628 [info] > git config --get commit.template [3ms]
2026-03-10 09:47:10.636 [info] > git for-each-ref --format=%(refname)%00%(upstream:short)%00%(objectname)%00%(upstream:track)%00%(upstream:remotename)%00%(upstream:remoteref) refs/heads/main refs/remotes/main [1ms]
2026-03-10 09:47:10.649 [info] > git status -z -uall [7ms]
2026-03-10 09:47:10.650 [info] > git for-each-ref --sort -committerdate --format %(refname)%00%(objectname)%00%(*objectname) [1ms]
2026-03-10 09:47:10.686 [info] > git check-ignore -v -z --stdin [1ms]
2026-03-10 09:47:10.965 [info] > git check-ignore -v -z --stdin [1ms]
2026-03-10 09:47:12.089 [info] > git check-ignore -v -z --stdin [1ms]
2026-03-10 09:47:14.000 [info] > git check-ignore -v -z --stdin [0ms]
2026-03-10 09:47:14.960 [info] > git check-ignore -v -z --stdin [1ms]
2026-03-10 09:47:15.346 [info] > git check-ignore -v -z --stdin [1ms]
2026-03-10 09:47:15.647 [info] > git check-ignore -v -z --stdin [1ms]
2026-03-10 09:47:15.664 [info] > git config --get commit.template [6ms]
2026-03-10 09:47:15.664 [info] > git for-each-ref --format=%(refname)%00%(upstream:short)%00%(objectname)%00%(upstream:track)%00%(upstream:remotename)%00%(upstream:remoteref) refs/heads/main refs/remotes/main [1ms]
2026-03-10 09:47:15.675 [info] > git status -z -uall [5ms]
2026-03-10 09:47:15.676 [info] > git for-each-ref --sort -committerdate --format %(refname)%00%(objectname)%00%(*objectname) [1ms]
2026-03-10 09:47:15.984 [info] > git check-ignore -v -z --stdin [0ms]
2026-03-10 09:47:16.572 [info] > git check-ignore -v -z --stdin [1ms]
2026-03-10 09:47:16.788 [info] > git check-ignore -v -z --stdin [1ms]
2026-03-10 09:47:17.811 [info] > git check-ignore -v -z --stdin [2ms]
2026-03-10 09:47:18.713 [info] > git check-ignore -v -z --stdin [0ms]
2026-03-10 09:47:18.947 [info] > git check-ignore -v -z --stdin [1ms]
2026-03-10 09:47:19.782 [info] > git check-ignore -v -z --stdin [39ms]
2026-03-10 09:47:21.641 [info] > git config --get commit.template [9ms]
2026-03-10 09:47:21.642 [info] > git for-each-ref --format=%(refname)%00%(upstream:short)%00%(objectname)%00%(upstream:track)%00%(upstream:remotename)%00%(upstream:remoteref) refs/heads/main refs/remotes/main [1ms]
2026-03-10 09:47:21.662 [info] > git status -z -uall [12ms]
2026-03-10 09:47:21.662 [info] > git for-each-ref --sort -committerdate --format %(refname)%00%(objectname)%00%(*objectname) [5ms]
2026-03-10 09:47:21.980 [info] > git check-ignore -v -z --stdin [1ms]
2026-03-10 09:47:23.310 [info] > git check-ignore -v -z --stdin [2ms]
2026-03-10 09:47:24.111 [info] > git check-ignore -v -z --stdin [1ms]
2026-03-10 09:47:25.220 [info] > git check-ignore -v -z --stdin [2ms]
2026-03-10 09:47:25.555 [info] > git check-ignore -v -z --stdin [0ms]
2026-03-10 09:47:25.941 [info] > git check-ignore -v -z --stdin [1ms]
2026-03-10 09:47:26.518 [info] > git check-ignore -v -z --stdin [1ms]
2026-03-10 09:47:28.444 [info] > git config --get commit.template [43ms]
2026-03-10 09:47:28.504 [info] > git for-each-ref --format=%(refname)%00%(upstream:short)%00%(objectname)%00%(upstream:track)%00%(upstream:remotename)%00%(upstream:remoteref) refs/heads/main refs/remotes/main [2ms]
2026-03-10 09:47:28.518 [info] > git status -z -uall [7ms]
2026-03-10 09:47:28.518 [info] > git for-each-ref --sort -committerdate --format %(refname)%00%(objectname)%00%(*objectname) [1ms]
2026-03-10 09:47:28.603 [info] > git check-ignore -v -z --stdin [1ms]
2026-03-10 09:47:28.835 [info] > git check-ignore -v -z --stdin [1ms]
2026-03-10 09:47:30.018 [info] > git check-ignore -v -z --stdin [1ms]
2026-03-10 09:49:47.786 [info] > git config --get commit.template [6ms]
2026-03-10 09:49:47.787 [info] > git for-each-ref --format=%(refname)%00%(upstream:short)%00%(objectname)%00%(upstream:track)%00%(upstream:remotename)%00%(upstream:remoteref) refs/heads/main refs/remotes/main [1ms]
2026-03-10 09:49:47.799 [info] > git status -z -uall [6ms]
2026-03-10 09:49:47.800 [info] > git for-each-ref --sort -committerdate --format %(refname)%00%(objectname)%00%(*objectname) [1ms]
2026-03-10 09:49:48.117 [info] > git check-ignore -v -z --stdin [1ms]
2026-03-10 09:50:02.817 [info] > git check-ignore -v -z --stdin [1ms]
2026-03-10 09:50:04.705 [info] > git config --get commit.template [1ms]
2026-03-10 09:50:04.719 [info] > git check-ignore -v -z --stdin [7ms]
2026-03-10 09:50:04.720 [info] > git for-each-ref --format=%(refname)%00%(upstream:short)%00%(objectname)%00%(upstream:track)%00%(upstream:remotename)%00%(upstream:remoteref) refs/heads/main refs/remotes/main [1ms]
2026-03-10 09:50:04.733 [info] > git status -z -uall [7ms]
2026-03-10 09:50:04.733 [info] > git for-each-ref --sort -committerdate --format %(refname)%00%(objectname)%00%(*objectname) [1ms]
2026-03-10 09:50:05.050 [info] > git check-ignore -v -z --stdin [1ms]
2026-03-10 09:50:09.744 [info] > git config --get commit.template [1ms]
2026-03-10 09:50:09.752 [info] > git for-each-ref --format=%(refname)%00%(upstream:short)%00%(objectname)%00%(upstream:track)%00%(upstream:remotename)%00%(upstream:remoteref) refs/heads/main refs/remotes/main [1ms]
2026-03-10 09:50:09.766 [info] > git status -z -uall [7ms]
2026-03-10 09:50:09.766 [info] > git for-each-ref --sort -committerdate --format %(refname)%00%(objectname)%00%(*objectname) [1ms]
2026-03-10 09:50:10.085 [info] > git check-ignore -v -z --stdin [1ms]
2026-03-10 09:50:14.793 [info] > git for-each-ref --format=%(refname)%00%(upstream:short)%00%(objectname)%00%(upstream:track)%00%(upstream:remotename)%00%(upstream:remoteref) refs/heads/main refs/remotes/main [2ms]
2026-03-10 09:50:14.793 [info] > git config --get commit.template [10ms]
2026-03-10 09:50:14.808 [info] > git status -z -uall [7ms]
2026-03-10 09:50:14.809 [info] > git for-each-ref --sort -committerdate --format %(refname)%00%(objectname)%00%(*objectname) [2ms]
2026-03-10 09:50:15.127 [info] > git check-ignore -v -z --stdin [1ms]
2026-03-10 09:50:42.542 [info] > git config --get commit.template [8ms]
2026-03-10 09:50:42.542 [info] > git for-each-ref --format=%(refname)%00%(upstream:short)%00%(objectname)%00%(upstream:track)%00%(upstream:remotename)%00%(upstream:remoteref) refs/heads/main refs/remotes/main [1ms]
2026-03-10 09:50:42.555 [info] > git status -z -uall [7ms]
2026-03-10 09:50:42.556 [info] > git for-each-ref --sort -committerdate --format %(refname)%00%(objectname)%00%(*objectname) [1ms]
2026-03-10 09:50:42.867 [info] > git check-ignore -v -z --stdin [0ms]
2026-03-10 09:50:59.929 [info] > git config --get commit.template [7ms]
2026-03-10 09:50:59.930 [info] > git for-each-ref --format=%(refname)%00%(upstream:short)%00%(objectname)%00%(upstream:track)%00%(upstream:remotename)%00%(upstream:remoteref) refs/heads/main refs/remotes/main [1ms]
2026-03-10 09:50:59.943 [info] > git status -z -uall [6ms]
2026-03-10 09:50:59.944 [info] > git for-each-ref --sort -committerdate --format %(refname)%00%(objectname)%00%(*objectname) [1ms]
2026-03-10 09:51:00.265 [info] > git check-ignore -v -z --stdin [1ms]
2026-03-10 09:51:03.899 [info] > git check-ignore -v -z --stdin [2ms]
2026-03-10 09:51:04.620 [info] > git check-ignore -v -z --stdin [1ms]
2026-03-10 09:51:04.831 [info] > git check-ignore -v -z --stdin [1ms]
2026-03-10 09:51:05.051 [info] > git check-ignore -v -z --stdin [1ms]
2026-03-10 09:51:05.453 [info] > git check-ignore -v -z --stdin [1ms]
2026-03-10 09:51:06.409 [info] > git check-ignore -v -z --stdin [2ms]
2026-03-10 09:51:06.665 [info] > git check-ignore -v -z --stdin [2ms]
2026-03-10 09:51:07.457 [info] > git check-ignore -v -z --stdin [6ms]
2026-03-10 09:51:07.656 [info] > git check-ignore -v -z --stdin [5ms]
2026-03-10 09:51:08.227 [info] > git check-ignore -v -z --stdin [1ms]
2026-03-10 09:51:08.528 [info] > git check-ignore -v -z --stdin [1ms]
2026-03-10 09:51:09.124 [info] > git check-ignore -v -z --stdin [2ms]
2026-03-10 09:51:10.651 [info] > git check-ignore -v -z --stdin [0ms]
2026-03-10 09:51:11.438 [info] > git check-ignore -v -z --stdin [0ms]
2026-03-10 09:51:12.481 [info] > git check-ignore -v -z --stdin [1ms]
2026-03-10 09:51:12.795 [info] > git check-ignore -v -z --stdin [2ms]
2026-03-10 09:51:13.216 [info] > git check-ignore -v -z --stdin [1ms]
2026-03-10 09:51:13.328 [info] > git config --get commit.template [6ms]
2026-03-10 09:51:13.329 [info] > git for-each-ref --format=%(refname)%00%(upstream:short)%00%(objectname)%00%(upstream:track)%00%(upstream:remotename)%00%(upstream:remoteref) refs/heads/main refs/remotes/main [1ms]
2026-03-10 09:51:13.342 [info] > git status -z -uall [7ms]
2026-03-10 09:51:13.342 [info] > git for-each-ref --sort -committerdate --format %(refname)%00%(objectname)%00%(*objectname) [2ms]
2026-03-10 09:51:13.662 [info] > git check-ignore -v -z --stdin [1ms]
2026-03-10 09:51:13.920 [info] > git check-ignore -v -z --stdin [1ms]
2026-03-10 09:51:14.984 [info] > git check-ignore -v -z --stdin [1ms]
2026-03-10 09:51:15.870 [info] > git check-ignore -v -z --stdin [1ms]
2026-03-10 09:51:16.608 [info] > git check-ignore -v -z --stdin [3ms]
2026-03-10 09:51:17.044 [info] > git check-ignore -v -z --stdin [1ms]
2026-03-10 09:51:18.924 [info] > git config --get commit.template [7ms]
2026-03-10 09:51:18.925 [info] > git for-each-ref --format=%(refname)%00%(upstream:short)%00%(objectname)%00%(upstream:track)%00%(upstream:remotename)%00%(upstream:remoteref) refs/heads/main refs/remotes/main [1ms]
2026-03-10 09:51:18.939 [info] > git status -z -uall [7ms]
2026-03-10 09:51:18.940 [info] > git for-each-ref --sort -committerdate --format %(refname)%00%(objectname)%00%(*objectname) [1ms]
2026-03-10 09:51:19.329 [info] > git check-ignore -v -z --stdin [1ms]
2026-03-10 09:51:23.965 [info] > git config --get commit.template [12ms]
2026-03-10 09:51:23.965 [info] > git for-each-ref --format=%(refname)%00%(upstream:short)%00%(objectname)%00%(upstream:track)%00%(upstream:remotename)%00%(upstream:remoteref) refs/heads/main refs/remotes/main [1ms]
2026-03-10 09:51:23.979 [info] > git status -z -uall [5ms]
2026-03-10 09:51:23.980 [info] > git for-each-ref --sort -committerdate --format %(refname)%00%(objectname)%00%(*objectname) [1ms]
2026-03-10 09:51:24.301 [info] > git check-ignore -v -z --stdin [1ms]
2026-03-10 09:51:29.278 [info] > git config --get commit.template [10ms]
2026-03-10 09:51:29.279 [info] > git for-each-ref --format=%(refname)%00%(upstream:short)%00%(objectname)%00%(upstream:track)%00%(upstream:remotename)%00%(upstream:remoteref) refs/heads/main refs/remotes/main [1ms]
2026-03-10 09:51:29.299 [info] > git status -z -uall [12ms]
2026-03-10 09:51:29.300 [info] > git for-each-ref --sort -committerdate --format %(refname)%00%(objectname)%00%(*objectname) [4ms]
2026-03-10 09:51:29.616 [info] > git check-ignore -v -z --stdin [3ms]
2026-03-10 09:51:34.313 [info] > git config --get commit.template [0ms]
2026-03-10 09:51:34.322 [info] > git for-each-ref --format=%(refname)%00%(upstream:short)%00%(objectname)%00%(upstream:track)%00%(upstream:remotename)%00%(upstream:remoteref) refs/heads/main refs/remotes/main [2ms]
2026-03-10 09:51:34.335 [info] > git status -z -uall [7ms]
2026-03-10 09:51:34.335 [info] > git for-each-ref --sort -committerdate --format %(refname)%00%(objectname)%00%(*objectname) [1ms]
2026-03-10 09:51:34.664 [info] > git check-ignore -v -z --stdin [1ms]
2026-03-10 09:51:56.483 [info] > git config --get commit.template [7ms]
2026-03-10 09:51:56.483 [info] > git for-each-ref --format=%(refname)%00%(upstream:short)%00%(objectname)%00%(upstream:track)%00%(upstream:remotename)%00%(upstream:remoteref) refs/heads/main refs/remotes/main [1ms]
2026-03-10 09:51:56.497 [info] > git status -z -uall [6ms]
2026-03-10 09:51:56.498 [info] > git for-each-ref --sort -committerdate --format %(refname)%00%(objectname)%00%(*objectname) [1ms]
2026-03-10 09:51:56.826 [info] > git check-ignore -v -z --stdin [2ms]
2026-03-10 09:52:05.320 [info] > git config --get commit.template [0ms]
2026-03-10 09:52:05.330 [info] > git for-each-ref --format=%(refname)%00%(upstream:short)%00%(objectname)%00%(upstream:track)%00%(upstream:remotename)%00%(upstream:remoteref) refs/heads/main refs/remotes/main [1ms]
2026-03-10 09:52:05.345 [info] > git status -z -uall [7ms]
2026-03-10 09:52:05.346 [info] > git for-each-ref --sort -committerdate --format %(refname)%00%(objectname)%00%(*objectname) [2ms]
2026-03-10 09:52:05.662 [info] > git check-ignore -v -z --stdin [1ms]
2026-03-10 09:52:10.371 [info] > git config --get commit.template [7ms]
2026-03-10 09:52:10.371 [info] > git for-each-ref --format=%(refname)%00%(upstream:short)%00%(objectname)%00%(upstream:track)%00%(upstream:remotename)%00%(upstream:remoteref) refs/heads/main refs/remotes/main [0ms]
2026-03-10 09:52:10.382 [info] > git status -z -uall [5ms]
2026-03-10 09:52:10.382 [info] > git for-each-ref --sort -committerdate --format %(refname)%00%(objectname)%00%(*objectname) [1ms]
2026-03-10 09:52:10.702 [info] > git check-ignore -v -z --stdin [1ms]
2026-03-10 09:52:15.402 [info] > git config --get commit.template [10ms]
2026-03-10 09:52:15.402 [info] > git for-each-ref --format=%(refname)%00%(upstream:short)%00%(objectname)%00%(upstream:track)%00%(upstream:remotename)%00%(upstream:remoteref) refs/heads/main refs/remotes/main [1ms]
2026-03-10 09:52:15.418 [info] > git status -z -uall [7ms]
2026-03-10 09:52:15.418 [info] > git for-each-ref --sort -committerdate --format %(refname)%00%(objectname)%00%(*objectname) [1ms]
2026-03-10 09:52:15.736 [info] > git check-ignore -v -z --stdin [1ms]
2026-03-10 09:52:51.513 [info] > git config --get commit.template [0ms]
2026-03-10 09:52:51.522 [info] > git for-each-ref --format=%(refname)%00%(upstream:short)%00%(objectname)%00%(upstream:track)%00%(upstream:remotename)%00%(upstream:remoteref) refs/heads/main refs/remotes/main [1ms]
2026-03-10 09:52:51.537 [info] > git status -z -uall [8ms]
2026-03-10 09:52:51.538 [info] > git for-each-ref --sort -committerdate --format %(refname)%00%(objectname)%00%(*objectname) [2ms]
2026-03-10 09:52:51.858 [info] > git check-ignore -v -z --stdin [1ms]
2026-03-10 09:53:02.488 [info] > git config --get commit.template [3ms]
2026-03-10 09:53:02.577 [info] > git for-each-ref --format=%(refname)%00%(upstream:short)%00%(objectname)%00%(upstream:track)%00%(upstream:remotename)%00%(upstream:remoteref) refs/heads/main refs/remotes/main [1ms]
2026-03-10 09:53:02.591 [info] > git status -z -uall [6ms]
2026-03-10 09:53:02.592 [info] > git for-each-ref --sort -committerdate --format %(refname)%00%(objectname)%00%(*objectname) [1ms]
2026-03-10 09:53:02.966 [info] > git check-ignore -v -z --stdin [56ms]
2026-03-10 09:53:18.586 [info] > git config --get commit.template [9ms]
2026-03-10 09:53:18.586 [info] > git for-each-ref --format=%(refname)%00%(upstream:short)%00%(objectname)%00%(upstream:track)%00%(upstream:remotename)%00%(upstream:remoteref) refs/heads/main refs/remotes/main [1ms]
2026-03-10 09:53:18.602 [info] > git status -z -uall [8ms]
2026-03-10 09:53:18.603 [info] > git for-each-ref --sort -committerdate --format %(refname)%00%(objectname)%00%(*objectname) [1ms]
2026-03-10 09:53:18.917 [info] > git check-ignore -v -z --stdin [1ms]
2026-03-10 09:54:08.964 [info] > git config --get commit.template [3ms]
2026-03-10 09:54:08.971 [info] > git for-each-ref --format=%(refname)%00%(upstream:short)%00%(objectname)%00%(upstream:track)%00%(upstream:remotename)%00%(upstream:remoteref) refs/heads/main refs/remotes/main [1ms]
2026-03-10 09:54:08.986 [info] > git status -z -uall [9ms]
2026-03-10 09:54:08.986 [info] > git for-each-ref --sort -committerdate --format %(refname)%00%(objectname)%00%(*objectname) [2ms]
2026-03-10 09:54:09.308 [info] > git check-ignore -v -z --stdin [1ms]
2026-03-10 09:54:18.712 [info] > git check-ignore -v -z --stdin [2ms]
2026-03-10 09:54:19.243 [info] > git check-ignore -v -z --stdin [2ms]
2026-03-10 09:54:21.120 [info] > git config --get commit.template [1ms]
2026-03-10 09:54:21.130 [info] > git for-each-ref --format=%(refname)%00%(upstream:short)%00%(objectname)%00%(upstream:track)%00%(upstream:remotename)%00%(upstream:remoteref) refs/heads/main refs/remotes/main [2ms]
2026-03-10 09:54:21.149 [info] > git status -z -uall [10ms]
2026-03-10 09:54:21.149 [info] > git for-each-ref --sort -committerdate --format %(refname)%00%(objectname)%00%(*objectname) [1ms]
2026-03-10 09:54:21.470 [info] > git check-ignore -v -z --stdin [2ms]
2026-03-10 09:54:23.237 [info] > git check-ignore -v -z --stdin [1ms]
2026-03-10 09:54:23.838 [info] > git check-ignore -v -z --stdin [1ms]
2026-03-10 09:54:24.371 [info] > git check-ignore -v -z --stdin [1ms]
2026-03-10 09:54:26.272 [info] > git config --get commit.template [11ms]
2026-03-10 09:54:26.272 [info] > git for-each-ref --format=%(refname)%00%(upstream:short)%00%(objectname)%00%(upstream:track)%00%(upstream:remotename)%00%(upstream:remoteref) refs/heads/main refs/remotes/main [1ms]
2026-03-10 09:54:26.286 [info] > git status -z -uall [6ms]
2026-03-10 09:54:26.287 [info] > git for-each-ref --sort -committerdate --format %(refname)%00%(objectname)%00%(*objectname) [1ms]
2026-03-10 09:54:26.601 [info] > git check-ignore -v -z --stdin [0ms]
2026-03-10 09:54:27.570 [info] > git check-ignore -v -z --stdin [5ms]
2026-03-10 09:54:27.930 [info] > git check-ignore -v -z --stdin [2ms]
2026-03-10 09:54:28.820 [info] > git check-ignore -v -z --stdin [0ms]
2026-03-10 09:54:29.716 [info] > git check-ignore -v -z --stdin [0ms]
2026-03-10 09:54:30.010 [info] > git check-ignore -v -z --stdin [0ms]
2026-03-10 09:54:30.300 [info] > git check-ignore -v -z --stdin [1ms]
2026-03-10 09:54:31.091 [info] > git check-ignore -v -z --stdin [1ms]
2026-03-10 09:54:32.984 [info] > git config --get commit.template [10ms]
2026-03-10 09:54:32.984 [info] > git for-each-ref --format=%(refname)%00%(upstream:short)%00%(objectname)%00%(upstream:track)%00%(upstream:remotename)%00%(upstream:remoteref) refs/heads/main refs/remotes/main [1ms]
2026-03-10 09:54:32.997 [info] > git status -z -uall [5ms]
2026-03-10 09:54:32.997 [info] > git for-each-ref --sort -committerdate --format %(refname)%00%(objectname)%00%(*objectname) [0ms]
2026-03-10 09:54:33.462 [info] > git check-ignore -v -z --stdin [1ms]
2026-03-10 09:54:36.510 [info] > git check-ignore -v -z --stdin [0ms]
2026-03-10 09:54:37.093 [info] > git check-ignore -v -z --stdin [0ms]
2026-03-10 09:54:37.545 [info] > git check-ignore -v -z --stdin [114ms]
2026-03-10 09:54:38.311 [info] > git config --get commit.template [87ms]
2026-03-10 09:54:38.329 [info] > git for-each-ref --format=%(refname)%00%(upstream:short)%00%(objectname)%00%(upstream:track)%00%(upstream:remotename)%00%(upstream:remoteref) refs/heads/main refs/remotes/main [1ms]
2026-03-10 09:54:38.344 [info] > git status -z -uall [8ms]
2026-03-10 09:54:38.344 [info] > git for-each-ref --sort -committerdate --format %(refname)%00%(objectname)%00%(*objectname) [1ms]
2026-03-10 09:54:38.459 [info] > git check-ignore -v -z --stdin [2ms]
2026-03-10 09:54:38.787 [info] > git check-ignore -v -z --stdin [1ms]
2026-03-10 09:54:38.867 [info] > git check-ignore -v -z --stdin [0ms]
2026-03-10 09:54:39.157 [info] > git check-ignore -v -z --stdin [2ms]
2026-03-10 09:55:11.359 [info] > git config --get commit.template [10ms]
2026-03-10 09:55:11.359 [info] > git for-each-ref --format=%(refname)%00%(upstream:short)%00%(objectname)%00%(upstream:track)%00%(upstream:remotename)%00%(upstream:remoteref) refs/heads/main refs/remotes/main [1ms]
2026-03-10 09:55:11.375 [info] > git status -z -uall [8ms]
2026-03-10 09:55:11.376 [info] > git for-each-ref --sort -committerdate --format %(refname)%00%(objectname)%00%(*objectname) [2ms]
2026-03-10 09:55:11.688 [info] > git check-ignore -v -z --stdin [1ms]
2026-03-10 09:55:50.910 [info] > git check-ignore -v -z --stdin [1ms]
2026-03-10 09:55:52.117 [info] > git check-ignore -v -z --stdin [1ms]
2026-03-10 09:56:12.130 [info] > git config --get commit.template [9ms]
2026-03-10 09:56:12.130 [info] > git for-each-ref --format=%(refname)%00%(upstream:short)%00%(objectname)%00%(upstream:track)%00%(upstream:remotename)%00%(upstream:remoteref) refs/heads/main refs/remotes/main [1ms]
2026-03-10 09:56:12.146 [info] > git status -z -uall [8ms]
2026-03-10 09:56:12.147 [info] > git for-each-ref --sort -committerdate --format %(refname)%00%(objectname)%00%(*objectname) [1ms]
2026-03-10 09:56:12.459 [info] > git check-ignore -v -z --stdin [0ms]
2026-03-10 09:56:54.986 [info] > git check-ignore -v -z --stdin [1ms]
2026-03-10 09:56:55.881 [info] > git check-ignore -v -z --stdin [1ms]
2026-03-10 09:56:56.106 [info] > git check-ignore -v -z --stdin [1ms]
2026-03-10 09:56:58.000 [info] > git config --get commit.template [10ms]
2026-03-10 09:56:58.000 [info] > git for-each-ref --format=%(refname)%00%(upstream:short)%00%(objectname)%00%(upstream:track)%00%(upstream:remotename)%00%(upstream:remoteref) refs/heads/main refs/remotes/main [1ms]
2026-03-10 09:56:58.013 [info] > git status -z -uall [6ms]
2026-03-10 09:56:58.014 [info] > git for-each-ref --sort -committerdate --format %(refname)%00%(objectname)%00%(*objectname) [1ms]
2026-03-10 09:56:58.511 [info] > git check-ignore -v -z --stdin [1ms]
2026-03-10 09:56:59.556 [info] > git check-ignore -v -z --stdin [1ms]
2026-03-10 09:57:00.550 [info] > git check-ignore -v -z --stdin [2ms]
2026-03-10 09:57:01.536 [info] > git check-ignore -v -z --stdin [2ms]
2026-03-10 09:57:03.130 [info] > git config --get commit.template [1ms]
2026-03-10 09:57:03.137 [info] > git for-each-ref --format=%(refname)%00%(upstream:short)%00%(objectname)%00%(upstream:track)%00%(upstream:remotename)%00%(upstream:remoteref) refs/heads/main refs/remotes/main [1ms]
2026-03-10 09:57:03.151 [info] > git status -z -uall [8ms]
2026-03-10 09:57:03.151 [info] > git for-each-ref --sort -committerdate --format %(refname)%00%(objectname)%00%(*objectname) [1ms]
2026-03-10 09:57:03.160 [info] > git check-ignore -v -z --stdin [1ms]
2026-03-10 09:57:03.469 [info] > git check-ignore -v -z --stdin [2ms]
2026-03-10 09:57:20.531 [info] > git config --get commit.template [8ms]
2026-03-10 09:57:20.531 [info] > git for-each-ref --format=%(refname)%00%(upstream:short)%00%(objectname)%00%(upstream:track)%00%(upstream:remotename)%00%(upstream:remoteref) refs/heads/main refs/remotes/main [1ms]
2026-03-10 09:57:20.546 [info] > git status -z -uall [9ms]
2026-03-10 09:57:20.546 [info] > git for-each-ref --sort -committerdate --format %(refname)%00%(objectname)%00%(*objectname) [2ms]
2026-03-10 09:57:20.858 [info] > git check-ignore -v -z --stdin [2ms]
2026-03-10 09:57:22.750 [info] > git check-ignore -v -z --stdin [1ms]
2026-03-10 09:57:25.570 [info] > git config --get commit.template [10ms]
2026-03-10 09:57:25.570 [info] > git for-each-ref --format=%(refname)%00%(upstream:short)%00%(objectname)%00%(upstream:track)%00%(upstream:remotename)%00%(upstream:remoteref) refs/heads/main refs/remotes/main [1ms]
2026-03-10 09:57:25.584 [info] > git status -z -uall [6ms]
2026-03-10 09:57:25.585 [info] > git for-each-ref --sort -committerdate --format %(refname)%00%(objectname)%00%(*objectname) [1ms]
2026-03-10 09:57:25.904 [info] > git check-ignore -v -z --stdin [1ms]
2026-03-10 09:59:50.445 [info] > git config --get commit.template [8ms]
2026-03-10 09:59:50.446 [info] > git for-each-ref --format=%(refname)%00%(upstream:short)%00%(objectname)%00%(upstream:track)%00%(upstream:remotename)%00%(upstream:remoteref) refs/heads/main refs/remotes/main [1ms]
2026-03-10 09:59:50.461 [info] > git status -z -uall [7ms]
2026-03-10 09:59:50.462 [info] > git for-each-ref --sort -committerdate --format %(refname)%00%(objectname)%00%(*objectname) [1ms]
2026-03-10 09:59:50.783 [info] > git check-ignore -v -z --stdin [1ms]
2026-03-10 10:00:00.466 [info] > git check-ignore -v -z --stdin [2ms]
2026-03-10 10:00:01.466 [info] > git check-ignore -v -z --stdin [2ms]
2026-03-10 10:00:01.744 [info] > git check-ignore -v -z --stdin [1ms]
2026-03-10 10:00:03.158 [info] > git check-ignore -v -z --stdin [1ms]
2026-03-10 10:00:03.791 [info] > git check-ignore -v -z --stdin [2ms]
2026-03-10 10:00:04.552 [info] > git config --get commit.template [9ms]
2026-03-10 10:00:04.553 [info] > git for-each-ref --format=%(refname)%00%(upstream:short)%00%(objectname)%00%(upstream:track)%00%(upstream:remotename)%00%(upstream:remoteref) refs/heads/main refs/remotes/main [1ms]
2026-03-10 10:00:04.567 [info] > git status -z -uall [7ms]
2026-03-10 10:00:04.567 [info] > git for-each-ref --sort -committerdate --format %(refname)%00%(objectname)%00%(*objectname) [0ms]
2026-03-10 10:00:04.889 [info] > git check-ignore -v -z --stdin [1ms]
2026-03-10 10:01:40.725 [info] > git config --get commit.template [9ms]
2026-03-10 10:01:40.725 [info] > git for-each-ref --format=%(refname)%00%(upstream:short)%00%(objectname)%00%(upstream:track)%00%(upstream:remotename)%00%(upstream:remoteref) refs/heads/main refs/remotes/main [1ms]
2026-03-10 10:01:40.738 [info] > git status -z -uall [7ms]
2026-03-10 10:01:40.739 [info] > git for-each-ref --sort -committerdate --format %(refname)%00%(objectname)%00%(*objectname) [1ms]
2026-03-10 10:01:41.058 [info] > git check-ignore -v -z --stdin [1ms]
2026-03-10 10:01:49.276 [info] > git check-ignore -v -z --stdin [0ms]
2026-03-10 10:01:49.685 [info] > git check-ignore -v -z --stdin [2ms]
2026-03-10 10:01:50.489 [info] > git check-ignore -v -z --stdin [1ms]
2026-03-10 10:01:50.755 [info] > git check-ignore -v -z --stdin [1ms]
2026-03-10 10:01:51.189 [info] > git check-ignore -v -z --stdin [6ms]
2026-03-10 10:01:52.125 [info] > git check-ignore -v -z --stdin [2ms]
2026-03-10 10:01:52.510 [info] > git check-ignore -v -z --stdin [2ms]
2026-03-10 10:01:52.917 [info] > git check-ignore -v -z --stdin [1ms]
2026-03-10 10:01:53.488 [info] > git check-ignore -v -z --stdin [1ms]
2026-03-10 10:01:53.742 [info] > git check-ignore -v -z --stdin [1ms]
2026-03-10 10:01:54.628 [info] > git check-ignore -v -z --stdin [1ms]
2026-03-10 10:01:55.272 [info] > git check-ignore -v -z --stdin [1ms]
2026-03-10 10:01:55.527 [info] > git check-ignore -v -z --stdin [2ms]
2026-03-10 10:01:56.564 [info] > git check-ignore -v -z --stdin [1ms]
2026-03-10 10:01:56.903 [info] > git check-ignore -v -z --stdin [1ms]
2026-03-10 10:01:57.240 [info] > git check-ignore -v -z --stdin [2ms]
2026-03-10 10:01:57.487 [info] > git config --get commit.template [10ms]
2026-03-10 10:01:57.487 [info] > git for-each-ref --format=%(refname)%00%(upstream:short)%00%(objectname)%00%(upstream:track)%00%(upstream:remotename)%00%(upstream:remoteref) refs/heads/main refs/remotes/main [1ms]
2026-03-10 10:01:57.500 [info] > git status -z -uall [6ms]
2026-03-10 10:01:57.500 [info] > git for-each-ref --sort -committerdate --format %(refname)%00%(objectname)%00%(*objectname) [0ms]
2026-03-10 10:01:57.812 [info] > git check-ignore -v -z --stdin [1ms]
2026-03-10 10:01:58.259 [info] > git check-ignore -v -z --stdin [1ms]
2026-03-10 10:02:02.526 [info] > git config --get commit.template [11ms]
2026-03-10 10:02:02.526 [info] > git for-each-ref --format=%(refname)%00%(upstream:short)%00%(objectname)%00%(upstream:track)%00%(upstream:remotename)%00%(upstream:remoteref) refs/heads/main refs/remotes/main [1ms]
2026-03-10 10:02:02.540 [info] > git status -z -uall [6ms]
2026-03-10 10:02:02.541 [info] > git for-each-ref --sort -committerdate --format %(refname)%00%(objectname)%00%(*objectname) [1ms]
2026-03-10 10:02:02.864 [info] > git check-ignore -v -z --stdin [1ms]
2026-03-10 10:02:07.783 [info] > git check-ignore -v -z --stdin [1ms]
2026-03-10 10:02:08.817 [info] > git check-ignore -v -z --stdin [1ms]
2026-03-10 10:02:09.661 [info] > git config --get commit.template [1ms]
2026-03-10 10:02:09.670 [info] > git for-each-ref --format=%(refname)%00%(upstream:short)%00%(objectname)%00%(upstream:track)%00%(upstream:remotename)%00%(upstream:remoteref) refs/heads/main refs/remotes/main [1ms]
2026-03-10 10:02:09.686 [info] > git status -z -uall [9ms]
2026-03-10 10:02:09.687 [info] > git for-each-ref --sort -committerdate --format %(refname)%00%(objectname)%00%(*objectname) [3ms]
2026-03-10 10:02:09.997 [info] > git check-ignore -v -z --stdin [1ms]
2026-03-10 10:02:14.697 [info] > git config --get commit.template [1ms]
2026-03-10 10:02:14.704 [info] > git for-each-ref --format=%(refname)%00%(upstream:short)%00%(objectname)%00%(upstream:track)%00%(upstream:remotename)%00%(upstream:remoteref) refs/heads/main refs/remotes/main [1ms]
2026-03-10 10:02:14.765 [info] > git status -z -uall [9ms]
2026-03-10 10:02:14.765 [info] > git for-each-ref --sort -committerdate --format %(refname)%00%(objectname)%00%(*objectname) [2ms]
2026-03-10 10:02:15.899 [info] > git check-ignore -v -z --stdin [2ms]
2026-03-10 10:02:39.932 [info] > git config --get commit.template [4ms]
2026-03-10 10:02:39.940 [info] > git for-each-ref --format=%(refname)%00%(upstream:short)%00%(objectname)%00%(upstream:track)%00%(upstream:remotename)%00%(upstream:remoteref) refs/heads/main refs/remotes/main [2ms]
2026-03-10 10:02:39.961 [info] > git status -z -uall [11ms]
2026-03-10 10:02:39.961 [info] > git for-each-ref --sort -committerdate --format %(refname)%00%(objectname)%00%(*objectname) [4ms]
2026-03-10 10:02:40.282 [info] > git check-ignore -v -z --stdin [1ms]
2026-03-10 10:02:44.979 [info] > git config --get commit.template [9ms]
2026-03-10 10:02:44.979 [info] > git for-each-ref --format=%(refname)%00%(upstream:short)%00%(objectname)%00%(upstream:track)%00%(upstream:remotename)%00%(upstream:remoteref) refs/heads/main refs/remotes/main [1ms]
2026-03-10 10:02:44.993 [info] > git status -z -uall [7ms]
2026-03-10 10:02:44.993 [info] > git for-each-ref --sort -committerdate --format %(refname)%00%(objectname)%00%(*objectname) [1ms]
2026-03-10 10:02:45.416 [info] > git check-ignore -v -z --stdin [22ms]
2026-03-10 10:02:50.010 [info] > git config --get commit.template [1ms]
2026-03-10 10:02:50.019 [info] > git for-each-ref --format=%(refname)%00%(upstream:short)%00%(objectname)%00%(upstream:track)%00%(upstream:remotename)%00%(upstream:remoteref) refs/heads/main refs/remotes/main [1ms]
2026-03-10 10:02:50.033 [info] > git status -z -uall [6ms]
2026-03-10 10:02:50.033 [info] > git for-each-ref --sort -committerdate --format %(refname)%00%(objectname)%00%(*objectname) [1ms]
2026-03-10 10:02:50.356 [info] > git check-ignore -v -z --stdin [0ms]
2026-03-10 10:02:57.904 [info] > git config --get commit.template [8ms]
2026-03-10 10:02:57.904 [info] > git for-each-ref --format=%(refname)%00%(upstream:short)%00%(objectname)%00%(upstream:track)%00%(upstream:remotename)%00%(upstream:remoteref) refs/heads/main refs/remotes/main [1ms]
2026-03-10 10:02:57.919 [info] > git status -z -uall [8ms]
2026-03-10 10:02:57.920 [info] > git for-each-ref --sort -committerdate --format %(refname)%00%(objectname)%00%(*objectname) [1ms]
2026-03-10 10:02:58.233 [info] > git check-ignore -v -z --stdin [1ms]
2026-03-10 10:03:12.103 [info] > git config --get commit.template [7ms]
2026-03-10 10:03:12.103 [info] > git for-each-ref --format=%(refname)%00%(upstream:short)%00%(objectname)%00%(upstream:track)%00%(upstream:remotename)%00%(upstream:remoteref) refs/heads/main refs/remotes/main [0ms]
2026-03-10 10:03:12.115 [info] > git status -z -uall [6ms]
2026-03-10 10:03:12.116 [info] > git for-each-ref --sort -committerdate --format %(refname)%00%(objectname)%00%(*objectname) [1ms]
2026-03-10 10:03:12.435 [info] > git check-ignore -v -z --stdin [1ms]
2026-03-10 10:03:17.137 [info] > git config --get commit.template [9ms]
2026-03-10 10:03:17.138 [info] > git for-each-ref --format=%(refname)%00%(upstream:short)%00%(objectname)%00%(upstream:track)%00%(upstream:remotename)%00%(upstream:remoteref) refs/heads/main refs/remotes/main [2ms]
2026-03-10 10:03:17.151 [info] > git status -z -uall [6ms]
2026-03-10 10:03:17.152 [info] > git for-each-ref --sort -committerdate --format %(refname)%00%(objectname)%00%(*objectname) [1ms]
2026-03-10 10:03:17.469 [info] > git check-ignore -v -z --stdin [1ms]
2026-03-10 10:03:22.175 [info] > git config --get commit.template [11ms]
2026-03-10 10:03:22.176 [info] > git for-each-ref --format=%(refname)%00%(upstream:short)%00%(objectname)%00%(upstream:track)%00%(upstream:remotename)%00%(upstream:remoteref) refs/heads/main refs/remotes/main [1ms]
2026-03-10 10:03:22.194 [info] > git status -z -uall [8ms]
2026-03-10 10:03:22.195 [info] > git for-each-ref --sort -committerdate --format %(refname)%00%(objectname)%00%(*objectname) [1ms]
2026-03-10 10:03:22.510 [info] > git check-ignore -v -z --stdin [1ms]
2026-03-10 10:03:40.699 [info] > git config --get commit.template [8ms]
2026-03-10 10:03:40.700 [info] > git for-each-ref --format=%(refname)%00%(upstream:short)%00%(objectname)%00%(upstream:track)%00%(upstream:remotename)%00%(upstream:remoteref) refs/heads/main refs/remotes/main [1ms]
2026-03-10 10:03:40.714 [info] > git status -z -uall [7ms]
2026-03-10 10:03:40.714 [info] > git for-each-ref --sort -committerdate --format %(refname)%00%(objectname)%00%(*objectname) [1ms]
2026-03-10 10:03:41.024 [info] > git check-ignore -v -z --stdin [0ms]
2026-03-10 10:03:50.010 [info] > git config --get commit.template [6ms]
2026-03-10 10:03:50.017 [info] > git for-each-ref --format=%(refname)%00%(upstream:short)%00%(objectname)%00%(upstream:track)%00%(upstream:remotename)%00%(upstream:remoteref) refs/heads/main refs/remotes/main [1ms]
2026-03-10 10:03:50.030 [info] > git status -z -uall [7ms]
2026-03-10 10:03:50.030 [info] > git for-each-ref --sort -committerdate --format %(refname)%00%(objectname)%00%(*objectname) [1ms]
2026-03-10 10:03:50.393 [info] > git check-ignore -v -z --stdin [0ms]
2026-03-10 10:08:01.926 [info] > git config --get commit.template [7ms]
2026-03-10 10:08:01.926 [info] > git for-each-ref --format=%(refname)%00%(upstream:short)%00%(objectname)%00%(upstream:track)%00%(upstream:remotename)%00%(upstream:remoteref) refs/heads/main refs/remotes/main [1ms]
2026-03-10 10:08:01.938 [info] > git status -z -uall [6ms]
2026-03-10 10:08:01.938 [info] > git for-each-ref --sort -committerdate --format %(refname)%00%(objectname)%00%(*objectname) [1ms]
2026-03-10 10:08:02.259 [info] > git check-ignore -v -z --stdin [1ms]
2026-03-10 10:10:12.485 [info] > git config --get commit.template [8ms]
2026-03-10 10:10:12.486 [info] > git for-each-ref --format=%(refname)%00%(upstream:short)%00%(objectname)%00%(upstream:track)%00%(upstream:remotename)%00%(upstream:remoteref) refs/heads/main refs/remotes/main [1ms]
2026-03-10 10:10:12.500 [info] > git status -z -uall [8ms]
2026-03-10 10:10:12.501 [info] > git for-each-ref --sort -committerdate --format %(refname)%00%(objectname)%00%(*objectname) [2ms]
2026-03-10 10:10:12.823 [info] > git check-ignore -v -z --stdin [1ms]
2026-03-10 10:10:34.838 [info] > git config --get commit.template [1ms]
2026-03-10 10:10:34.849 [info] > git for-each-ref --format=%(refname)%00%(upstream:short)%00%(objectname)%00%(upstream:track)%00%(upstream:remotename)%00%(upstream:remoteref) refs/heads/main refs/remotes/main [2ms]
2026-03-10 10:10:34.863 [info] > git status -z -uall [7ms]
2026-03-10 10:10:34.864 [info] > git for-each-ref --sort -committerdate --format %(refname)%00%(objectname)%00%(*objectname) [2ms]
2026-03-10 10:10:35.186 [info] > git check-ignore -v -z --stdin [1ms]
