2026-03-11 13:53:32.956 [info] Reading sessions from keychain...
2026-03-11 13:53:32.956 [info] Getting sessions for all scopes...
2026-03-11 13:53:32.956 [info] Got stored sessions!
2026-03-11 13:53:32.956 [info] Got 1 verified sessions.
2026-03-11 13:53:32.956 [info] Got 1 sessions for ...
2026-03-11 13:53:32.956 [info] Getting sessions for all scopes...
2026-03-11 13:53:32.956 [info] Got 1 sessions for ...
2026-03-11 13:53:32.956 [info] Getting sessions for all scopes...
2026-03-11 13:53:32.956 [info] Got 1 sessions for ...
2026-03-11 13:53:32.956 [info] Getting sessions for all scopes...
2026-03-11 13:53:32.956 [info] Got 1 sessions for ...
2026-03-11 13:53:32.956 [info] Getting sessions for user:email...
2026-03-11 13:53:32.956 [info] Got 0 sessions for user:email...
2026-03-11 13:53:32.956 [info] Getting sessions for all scopes...
2026-03-11 13:53:32.956 [info] Got 1 sessions for ...
2026-03-11 13:53:32.956 [info] Getting sessions for all scopes...
2026-03-11 13:53:32.956 [info] Got 1 sessions for ...
2026-03-11 13:53:32.956 [info] Getting sessions for all scopes...
2026-03-11 13:53:32.956 [info] Got 1 sessions for ...
2026-03-11 13:53:32.956 [info] Getting sessions for read:user,repo,user:email,workflow...
2026-03-11 13:53:32.956 [info] Got 1 sessions for read:user,repo,user:email,workflow...
2026-03-11 13:53:32.990 [info] Getting sessions for all scopes...
2026-03-11 13:53:32.990 [info] Got 1 sessions for ...
2026-03-11 13:53:33.135 [info] Getting sessions for user:email...
2026-03-11 13:53:33.135 [info] Got 0 sessions for user:email...
2026-03-11 13:53:33.193 [info] Getting sessions for all scopes...
2026-03-11 13:53:33.193 [info] Got 1 sessions for ...
2026-03-11 13:53:33.206 [info] Getting sessions for read:user,repo,user:email,workflow...
2026-03-11 13:53:33.206 [info] Got 1 sessions for read:user,repo,user:email,workflow...
2026-03-11 13:53:33.636 [info] FetcherService: Electron fetch failed with status: 429 
2026-03-11 13:53:33.638 [info] Unable to resolve optional EDU details. Status: 429 
2026-03-11 13:53:34.035 [info] Getting sessions for all scopes...
2026-03-11 13:53:34.035 [info] Got 1 sessions for ...
2026-03-11 13:53:34.035 [info] Getting sessions for all scopes...
2026-03-11 13:53:34.035 [info] Got 1 sessions for ...
2026-03-11 13:53:34.531 [info] Getting sessions for read:user,repo,user:email,workflow...
2026-03-11 13:53:34.531 [info] Got 1 sessions for read:user,repo,user:email,workflow...
2026-03-11 13:53:35.266 [info] Getting sessions for all scopes...
2026-03-11 13:53:35.266 [info] Got 1 sessions for ...
2026-03-11 13:53:35.266 [info] Getting sessions for all scopes...
2026-03-11 13:53:35.266 [info] Got 1 sessions for ...
2026-03-11 13:53:35.321 [info] Getting sessions for all scopes...
2026-03-11 13:53:35.321 [info] Got 1 sessions for ...
2026-03-11 13:53:35.359 [info] Getting sessions for all scopes...
2026-03-11 13:53:35.359 [info] Got 1 sessions for ...
2026-03-11 13:53:35.381 [info] Getting sessions for read:user,repo,user:email,workflow...
2026-03-11 13:53:35.381 [info] Got 1 sessions for read:user,repo,user:email,workflow...
2026-03-11 13:53:36.335 [info] Getting sessions for all scopes...
2026-03-11 13:53:36.335 [info] Got 1 sessions for ...
2026-03-11 13:53:36.351 [info] Getting sessions for read:user,repo,user:email,workflow...
2026-03-11 13:53:36.351 [info] Got 1 sessions for read:user,repo,user:email,workflow...
2026-03-11 13:53:38.988 [info] Getting sessions for all scopes...
2026-03-11 13:53:38.988 [info] Got 1 sessions for ...
2026-03-11 13:53:38.989 [info] Getting sessions for all scopes...
2026-03-11 13:53:38.989 [info] Got 1 sessions for ...
2026-03-11 13:53:42.497 [info] Getting sessions for read:user,repo,user:email...
2026-03-11 13:53:42.498 [info] Got 0 sessions for read:user,repo,user:email...
2026-03-11 14:02:03.458 [info] Getting sessions for all scopes...
2026-03-11 14:02:03.459 [info] Got 1 sessions for ...
2026-03-11 14:02:03.460 [info] Getting sessions for all scopes...
2026-03-11 14:02:03.460 [info] Got 1 sessions for ...
2026-03-11 14:08:27.686 [info] Getting sessions for all scopes...
2026-03-11 14:08:27.686 [info] Got 1 sessions for ...
2026-03-11 14:08:27.687 [info] Getting sessions for all scopes...
2026-03-11 14:08:27.687 [info] Got 1 sessions for ...
2026-03-11 14:12:33.094 [info] Getting sessions for all scopes...
2026-03-11 14:12:33.095 [info] Got 1 sessions for ...
2026-03-11 14:12:33.096 [info] Getting sessions for all scopes...
2026-03-11 14:12:33.096 [info] Got 1 sessions for ...
2026-03-11 14:12:33.859 [info] Getting sessions for all scopes...
2026-03-11 14:12:33.859 [info] Got 1 sessions for ...
2026-03-11 14:12:33.861 [info] Getting sessions for all scopes...
2026-03-11 14:12:33.862 [info] Got 1 sessions for ...
2026-03-11 14:12:51.892 [info] Getting sessions for all scopes...
2026-03-11 14:12:51.892 [info] Got 1 sessions for ...
2026-03-11 14:12:51.893 [info] Getting sessions for all scopes...
2026-03-11 14:12:51.893 [info] Got 1 sessions for ...
2026-03-11 14:12:55.997 [info] Getting sessions for all scopes...
2026-03-11 14:12:55.997 [info] Got 1 sessions for ...
2026-03-11 14:12:55.999 [info] Getting sessions for all scopes...
2026-03-11 14:12:55.999 [info] Got 1 sessions for ...
2026-03-11 14:12:58.852 [info] Getting sessions for all scopes...
2026-03-11 14:12:58.852 [info] Got 1 sessions for ...
2026-03-11 14:12:58.854 [info] Getting sessions for all scopes...
2026-03-11 14:12:58.854 [info] Got 1 sessions for ...
2026-03-11 14:14:09.952 [info] Getting sessions for all scopes...
2026-03-11 14:14:09.953 [info] Got 1 sessions for ...
2026-03-11 14:14:09.954 [info] Getting sessions for all scopes...
2026-03-11 14:14:09.954 [info] Got 1 sessions for ...
2026-03-11 14:17:45.959 [info] Getting sessions for all scopes...
2026-03-11 14:17:45.959 [info] Got 1 sessions for ...
2026-03-11 14:17:45.960 [info] Getting sessions for all scopes...
2026-03-11 14:17:45.960 [info] Got 1 sessions for ...
2026-03-11 14:19:40.296 [info] Getting sessions for all scopes...
2026-03-11 14:19:40.296 [info] Got 1 sessions for ...
2026-03-11 14:19:40.298 [info] Getting sessions for all scopes...
2026-03-11 14:19:40.298 [info] Got 1 sessions for ...
2026-03-11 14:21:01.468 [info] Getting sessions for all scopes...
2026-03-11 14:21:01.468 [info] Got 1 sessions for ...
2026-03-11 14:21:01.470 [info] Getting sessions for all scopes...
2026-03-11 14:21:01.470 [info] Got 1 sessions for ...
2026-03-11 14:32:00.455 [info] Getting sessions for all scopes...
2026-03-11 14:32:00.455 [info] Got 1 sessions for ...
2026-03-11 14:32:00.456 [info] Getting sessions for all scopes...
2026-03-11 14:32:00.456 [info] Got 1 sessions for ...
2026-03-11 14:33:49.519 [info] Getting sessions for all scopes...
2026-03-11 14:33:49.519 [info] Got 1 sessions for ...
2026-03-11 14:33:49.521 [info] Getting sessions for all scopes...
2026-03-11 14:33:49.521 [info] Got 1 sessions for ...
2026-03-11 14:33:51.124 [info] Getting sessions for all scopes...
2026-03-11 14:33:51.124 [info] Got 1 sessions for ...
2026-03-11 14:33:51.126 [info] Getting sessions for all scopes...
2026-03-11 14:33:51.126 [info] Got 1 sessions for ...
