2026-03-11 19:46:36.322 [info] [main] Log level: Info
2026-03-11 19:46:36.322 [info] [main] Validating found git in: "git"
2026-03-11 19:46:36.322 [info] [main] Using git "2.53.0" from "git"
2026-03-11 19:46:36.322 [info] [Model][doInitialScan] Initial repository scan started
2026-03-11 19:46:36.322 [info] > git rev-parse --show-toplevel [27ms]
2026-03-11 19:46:36.322 [info] fatal: not a git repository (or any of the parent directories): .git
2026-03-11 19:46:36.322 [info] > git rev-parse --show-toplevel [117ms]
2026-03-11 19:46:36.322 [info] fatal: not a git repository (or any of the parent directories): .git
2026-03-11 19:46:36.642 [info] > git rev-parse --show-toplevel [323ms]
2026-03-11 19:46:36.642 [info] fatal: not a git repository (or any of the parent directories): .git
2026-03-11 19:46:37.151 [info] > git rev-parse --show-toplevel [483ms]
2026-03-11 19:46:37.151 [info] fatal: not a git repository (or any of the parent directories): .git
2026-03-11 19:46:37.212 [info] > git rev-parse --show-toplevel [21ms]
2026-03-11 19:46:37.212 [info] fatal: not a git repository (or any of the parent directories): .git
2026-03-11 19:46:37.295 [info] > git rev-parse --show-toplevel [66ms]
2026-03-11 19:46:37.295 [info] fatal: not a git repository (or any of the parent directories): .git
2026-03-11 19:46:37.297 [info] [Model][doInitialScan] Initial repository scan completed - repositories (0), closed repositories (0), parent repositories (0), unsafe repositories (0)
2026-03-11 19:46:37.355 [info] > git rev-parse --show-toplevel [2ms]
2026-03-11 19:46:37.355 [info] fatal: not a git repository (or any of the parent directories): .git
2026-03-11 19:46:39.960 [info] > git rev-parse --show-toplevel [13ms]
2026-03-11 19:46:39.960 [info] fatal: not a git repository (or any of the parent directories): .git
