2026-03-10 09:15:23.815 [info] Reading sessions from keychain...
2026-03-10 09:15:23.815 [info] Getting sessions for all scopes...
2026-03-10 09:15:23.815 [info] Got stored sessions!
2026-03-10 09:15:23.815 [info] Got 1 verified sessions.
2026-03-10 09:15:23.815 [info] Got 1 sessions for ...
2026-03-10 09:15:23.815 [info] Getting sessions for all scopes...
2026-03-10 09:15:23.815 [info] Got 1 sessions for ...
2026-03-10 09:15:23.815 [info] Getting sessions for all scopes...
2026-03-10 09:15:23.815 [info] Got 1 sessions for ...
2026-03-10 09:15:23.815 [info] Getting sessions for all scopes...
2026-03-10 09:15:23.815 [info] Got 1 sessions for ...
2026-03-10 09:15:23.815 [info] Getting sessions for user:email...
2026-03-10 09:15:23.815 [info] Got 0 sessions for user:email...
2026-03-10 09:15:23.815 [info] Getting sessions for all scopes...
2026-03-10 09:15:23.815 [info] Got 1 sessions for ...
2026-03-10 09:15:23.815 [info] Getting sessions for all scopes...
2026-03-10 09:15:23.815 [info] Got 1 sessions for ...
2026-03-10 09:15:23.815 [info] Getting sessions for all scopes...
2026-03-10 09:15:23.815 [info] Got 1 sessions for ...
2026-03-10 09:15:23.822 [info] Getting sessions for read:user,repo,user:email,workflow...
2026-03-10 09:15:23.822 [info] Got 1 sessions for read:user,repo,user:email,workflow...
2026-03-10 09:15:23.942 [info] Getting sessions for user:email...
2026-03-10 09:15:23.942 [info] Got 0 sessions for user:email...
2026-03-10 09:15:24.051 [info] Getting sessions for read:user,repo,user:email,workflow...
2026-03-10 09:15:24.051 [info] Got 1 sessions for read:user,repo,user:email,workflow...
2026-03-10 09:15:24.090 [info] Getting sessions for all scopes...
2026-03-10 09:15:24.090 [info] Got 1 sessions for ...
2026-03-10 09:15:24.183 [info] Getting sessions for read:user,repo,user:email,workflow...
2026-03-10 09:15:24.183 [info] Got 1 sessions for read:user,repo,user:email,workflow...
2026-03-10 09:15:24.320 [info] Getting sessions for all scopes...
2026-03-10 09:15:24.320 [info] Got 1 sessions for ...
2026-03-10 09:15:24.321 [info] Getting sessions for all scopes...
2026-03-10 09:15:24.321 [info] Got 1 sessions for ...
2026-03-10 09:15:24.321 [info] Getting sessions for all scopes...
2026-03-10 09:15:24.321 [info] Got 1 sessions for ...
2026-03-10 09:15:24.746 [info] Getting sessions for read:user,repo,user:email,workflow...
2026-03-10 09:15:24.746 [info] Got 1 sessions for read:user,repo,user:email,workflow...
2026-03-10 09:15:25.182 [info] Getting sessions for all scopes...
2026-03-10 09:15:25.182 [info] Got 1 sessions for ...
2026-03-10 09:15:25.182 [info] Getting sessions for all scopes...
2026-03-10 09:15:25.182 [info] Got 1 sessions for ...
2026-03-10 09:15:25.224 [info] Getting sessions for read:user,repo,user:email...
2026-03-10 09:15:25.224 [info] Got 0 sessions for read:user,repo,user:email...
2026-03-10 09:15:25.274 [info] Getting sessions for read:user,repo,user:email,workflow...
2026-03-10 09:15:25.274 [info] Got 1 sessions for read:user,repo,user:email,workflow...
2026-03-10 09:15:25.274 [info] Getting sessions for read:user,repo,user:email...
2026-03-10 09:15:25.274 [info] Got 0 sessions for read:user,repo,user:email...
2026-03-10 09:15:25.344 [info] FetcherService: Electron fetch failed with status: 429 
2026-03-10 09:15:25.346 [info] Unable to resolve optional EDU details. Status: 429 
2026-03-10 09:15:25.378 [info] Getting sessions for all scopes...
2026-03-10 09:15:25.378 [info] Got 1 sessions for ...
2026-03-10 09:15:25.378 [info] Getting sessions for all scopes...
2026-03-10 09:15:25.378 [info] Got 1 sessions for ...
2026-03-10 09:15:25.408 [info] Getting sessions for read:user,repo,user:email,workflow...
2026-03-10 09:15:25.408 [info] Got 1 sessions for read:user,repo,user:email,workflow...
2026-03-10 09:15:25.437 [info] Getting sessions for all scopes...
2026-03-10 09:15:25.437 [info] Got 1 sessions for ...
2026-03-10 09:15:25.455 [info] Getting sessions for read:user,repo,user:email,workflow...
2026-03-10 09:15:25.455 [info] Got 1 sessions for read:user,repo,user:email,workflow...
2026-03-10 09:15:25.800 [info] Getting sessions for all scopes...
2026-03-10 09:15:25.800 [info] Got 1 sessions for ...
2026-03-10 09:15:25.804 [info] Getting sessions for read:user,repo,user:email,workflow...
2026-03-10 09:15:25.804 [info] Got 1 sessions for read:user,repo,user:email,workflow...
2026-03-10 09:15:26.829 [info] Getting sessions for all scopes...
2026-03-10 09:15:26.830 [info] Got 1 sessions for ...
2026-03-10 09:15:26.830 [info] Getting sessions for all scopes...
2026-03-10 09:15:26.830 [info] Got 1 sessions for ...
2026-03-10 09:16:10.298 [info] Getting sessions for all scopes...
2026-03-10 09:16:10.299 [info] Got 1 sessions for ...
2026-03-10 09:16:10.300 [info] Getting sessions for all scopes...
2026-03-10 09:16:10.300 [info] Got 1 sessions for ...
2026-03-10 09:16:21.947 [info] Getting sessions for all scopes...
2026-03-10 09:16:21.947 [info] Got 1 sessions for ...
2026-03-10 09:16:21.948 [info] Getting sessions for all scopes...
2026-03-10 09:16:21.948 [info] Got 1 sessions for ...
2026-03-10 09:16:28.731 [info] Getting sessions for all scopes...
2026-03-10 09:16:28.731 [info] Got 1 sessions for ...
2026-03-10 09:16:28.733 [info] Getting sessions for all scopes...
2026-03-10 09:16:28.733 [info] Got 1 sessions for ...
2026-03-10 09:16:41.255 [info] Getting sessions for all scopes...
2026-03-10 09:16:41.255 [info] Got 1 sessions for ...
2026-03-10 09:16:41.257 [info] Getting sessions for all scopes...
2026-03-10 09:16:41.258 [info] Got 1 sessions for ...
2026-03-10 09:17:03.662 [info] Getting sessions for all scopes...
2026-03-10 09:17:03.662 [info] Got 1 sessions for ...
2026-03-10 09:17:03.663 [info] Getting sessions for all scopes...
2026-03-10 09:17:03.663 [info] Got 1 sessions for ...
2026-03-10 09:17:18.468 [info] Getting sessions for all scopes...
2026-03-10 09:17:18.468 [info] Got 1 sessions for ...
2026-03-10 09:17:18.469 [info] Getting sessions for all scopes...
2026-03-10 09:17:18.469 [info] Got 1 sessions for ...
2026-03-10 09:18:09.624 [info] Getting sessions for all scopes...
2026-03-10 09:18:09.625 [info] Got 1 sessions for ...
2026-03-10 09:18:09.627 [info] Getting sessions for all scopes...
2026-03-10 09:18:09.627 [info] Got 1 sessions for ...
2026-03-10 09:18:52.105 [info] Getting sessions for all scopes...
2026-03-10 09:18:52.105 [info] Got 1 sessions for ...
2026-03-10 09:18:52.107 [info] Getting sessions for all scopes...
2026-03-10 09:18:52.107 [info] Got 1 sessions for ...
2026-03-10 09:18:57.571 [info] Getting sessions for all scopes...
2026-03-10 09:18:57.571 [info] Got 1 sessions for ...
2026-03-10 09:18:57.572 [info] Getting sessions for all scopes...
2026-03-10 09:18:57.572 [info] Got 1 sessions for ...
2026-03-10 09:19:06.109 [info] Getting sessions for all scopes...
2026-03-10 09:19:06.109 [info] Got 1 sessions for ...
2026-03-10 09:19:06.110 [info] Getting sessions for all scopes...
2026-03-10 09:19:06.111 [info] Got 1 sessions for ...
2026-03-10 09:19:13.150 [info] Getting sessions for all scopes...
2026-03-10 09:19:13.150 [info] Got 1 sessions for ...
2026-03-10 09:19:13.152 [info] Getting sessions for all scopes...
2026-03-10 09:19:13.152 [info] Got 1 sessions for ...
2026-03-10 09:19:22.616 [info] Getting sessions for all scopes...
2026-03-10 09:19:22.616 [info] Got 1 sessions for ...
2026-03-10 09:19:22.616 [info] Getting sessions for all scopes...
2026-03-10 09:19:22.616 [info] Got 1 sessions for ...
2026-03-10 09:20:08.828 [info] Getting sessions for all scopes...
2026-03-10 09:20:08.828 [info] Got 1 sessions for ...
2026-03-10 09:20:08.832 [info] Getting sessions for read:user,repo,user:email,workflow...
2026-03-10 09:20:08.832 [info] Got 1 sessions for read:user,repo,user:email,workflow...
2026-03-10 09:20:10.118 [info] Getting sessions for all scopes...
2026-03-10 09:20:10.118 [info] Got 1 sessions for ...
2026-03-10 09:20:10.119 [info] Getting sessions for all scopes...
2026-03-10 09:20:10.119 [info] Got 1 sessions for ...
2026-03-10 09:20:51.483 [info] Getting sessions for all scopes...
2026-03-10 09:20:51.484 [info] Got 1 sessions for ...
2026-03-10 09:20:51.485 [info] Getting sessions for all scopes...
2026-03-10 09:20:51.485 [info] Got 1 sessions for ...
2026-03-10 09:21:30.430 [info] Getting sessions for all scopes...
2026-03-10 09:21:30.431 [info] Got 1 sessions for ...
2026-03-10 09:21:30.433 [info] Getting sessions for all scopes...
2026-03-10 09:21:30.433 [info] Got 1 sessions for ...
2026-03-10 09:21:49.410 [info] Getting sessions for all scopes...
2026-03-10 09:21:49.410 [info] Got 1 sessions for ...
2026-03-10 09:21:49.414 [info] Getting sessions for all scopes...
2026-03-10 09:21:49.414 [info] Got 1 sessions for ...
2026-03-10 09:22:08.422 [info] Getting sessions for all scopes...
2026-03-10 09:22:08.422 [info] Got 1 sessions for ...
2026-03-10 09:22:08.425 [info] Getting sessions for all scopes...
2026-03-10 09:22:08.425 [info] Got 1 sessions for ...
2026-03-10 09:22:31.628 [info] Getting sessions for all scopes...
2026-03-10 09:22:31.628 [info] Got 1 sessions for ...
2026-03-10 09:22:31.629 [info] Getting sessions for all scopes...
2026-03-10 09:22:31.629 [info] Got 1 sessions for ...
2026-03-10 09:22:40.979 [info] Getting sessions for all scopes...
2026-03-10 09:22:40.979 [info] Got 1 sessions for ...
2026-03-10 09:22:40.981 [info] Getting sessions for all scopes...
2026-03-10 09:22:40.981 [info] Got 1 sessions for ...
2026-03-10 09:22:43.892 [info] Getting sessions for all scopes...
2026-03-10 09:22:43.892 [info] Got 1 sessions for ...
2026-03-10 09:22:43.894 [info] Getting sessions for all scopes...
2026-03-10 09:22:43.894 [info] Got 1 sessions for ...
2026-03-10 09:23:07.656 [info] Getting sessions for all scopes...
2026-03-10 09:23:07.657 [info] Got 1 sessions for ...
2026-03-10 09:23:07.658 [info] Getting sessions for all scopes...
2026-03-10 09:23:07.658 [info] Got 1 sessions for ...
2026-03-10 09:23:16.215 [info] Getting sessions for all scopes...
2026-03-10 09:23:16.215 [info] Got 1 sessions for ...
2026-03-10 09:23:16.218 [info] Getting sessions for all scopes...
2026-03-10 09:23:16.218 [info] Got 1 sessions for ...
2026-03-10 09:23:18.550 [info] Getting sessions for all scopes...
2026-03-10 09:23:18.550 [info] Got 1 sessions for ...
2026-03-10 09:23:18.551 [info] Getting sessions for all scopes...
2026-03-10 09:23:18.551 [info] Got 1 sessions for ...
2026-03-10 09:23:25.067 [info] Getting sessions for all scopes...
2026-03-10 09:23:25.067 [info] Got 1 sessions for ...
2026-03-10 09:23:25.068 [info] Getting sessions for all scopes...
2026-03-10 09:23:25.068 [info] Got 1 sessions for ...
2026-03-10 09:23:32.859 [info] Getting sessions for all scopes...
2026-03-10 09:23:32.859 [info] Got 1 sessions for ...
2026-03-10 09:23:32.861 [info] Getting sessions for all scopes...
2026-03-10 09:23:32.861 [info] Got 1 sessions for ...
2026-03-10 09:23:39.720 [info] Getting sessions for all scopes...
2026-03-10 09:23:39.720 [info] Got 1 sessions for ...
2026-03-10 09:23:39.721 [info] Getting sessions for all scopes...
2026-03-10 09:23:39.721 [info] Got 1 sessions for ...
2026-03-10 09:23:44.019 [info] Getting sessions for all scopes...
2026-03-10 09:23:44.019 [info] Got 1 sessions for ...
2026-03-10 09:23:44.019 [info] Getting sessions for all scopes...
2026-03-10 09:23:44.019 [info] Got 1 sessions for ...
2026-03-10 09:25:01.387 [info] Getting sessions for all scopes...
2026-03-10 09:25:01.387 [info] Got 1 sessions for ...
2026-03-10 09:25:01.389 [info] Getting sessions for all scopes...
2026-03-10 09:25:01.389 [info] Got 1 sessions for ...
2026-03-10 09:25:49.951 [info] Getting sessions for all scopes...
2026-03-10 09:25:49.951 [info] Got 1 sessions for ...
2026-03-10 09:25:49.952 [info] Getting sessions for all scopes...
2026-03-10 09:25:49.952 [info] Got 1 sessions for ...
2026-03-10 09:26:36.710 [info] Getting sessions for all scopes...
2026-03-10 09:26:36.711 [info] Got 1 sessions for ...
2026-03-10 09:26:36.712 [info] Getting sessions for all scopes...
2026-03-10 09:26:36.712 [info] Got 1 sessions for ...
2026-03-10 09:26:53.703 [info] Getting sessions for all scopes...
2026-03-10 09:26:53.703 [info] Got 1 sessions for ...
2026-03-10 09:26:53.704 [info] Getting sessions for all scopes...
2026-03-10 09:26:53.704 [info] Got 1 sessions for ...
2026-03-10 09:30:38.895 [info] Getting sessions for all scopes...
2026-03-10 09:30:38.895 [info] Got 1 sessions for ...
2026-03-10 09:30:38.896 [info] Getting sessions for all scopes...
2026-03-10 09:30:38.897 [info] Got 1 sessions for ...
2026-03-10 09:30:42.212 [info] Getting sessions for all scopes...
2026-03-10 09:30:42.212 [info] Got 1 sessions for ...
2026-03-10 09:30:42.213 [info] Getting sessions for read:user,repo,user:email,workflow...
2026-03-10 09:30:42.213 [info] Got 1 sessions for read:user,repo,user:email,workflow...
2026-03-10 09:31:40.863 [info] Getting sessions for all scopes...
2026-03-10 09:31:40.863 [info] Got 1 sessions for ...
2026-03-10 09:31:40.864 [info] Getting sessions for all scopes...
2026-03-10 09:31:40.864 [info] Got 1 sessions for ...
2026-03-10 09:31:57.362 [info] Getting sessions for all scopes...
2026-03-10 09:31:57.362 [info] Got 1 sessions for ...
2026-03-10 09:31:57.364 [info] Getting sessions for all scopes...
2026-03-10 09:31:57.364 [info] Got 1 sessions for ...
2026-03-10 09:32:55.404 [info] Getting sessions for all scopes...
2026-03-10 09:32:55.404 [info] Got 1 sessions for ...
2026-03-10 09:32:55.406 [info] Getting sessions for all scopes...
2026-03-10 09:32:55.406 [info] Got 1 sessions for ...
2026-03-10 09:33:54.961 [info] Getting sessions for all scopes...
2026-03-10 09:33:54.961 [info] Got 1 sessions for ...
2026-03-10 09:33:54.963 [info] Getting sessions for all scopes...
2026-03-10 09:33:54.963 [info] Got 1 sessions for ...
2026-03-10 09:33:55.740 [info] Getting sessions for all scopes...
2026-03-10 09:33:55.741 [info] Got 1 sessions for ...
2026-03-10 09:33:55.742 [info] Getting sessions for all scopes...
2026-03-10 09:33:55.742 [info] Got 1 sessions for ...
2026-03-10 09:34:01.614 [info] Getting sessions for all scopes...
2026-03-10 09:34:01.614 [info] Got 1 sessions for ...
2026-03-10 09:34:01.615 [info] Getting sessions for all scopes...
2026-03-10 09:34:01.615 [info] Got 1 sessions for ...
2026-03-10 09:34:09.141 [info] Getting sessions for all scopes...
2026-03-10 09:34:09.141 [info] Got 1 sessions for ...
2026-03-10 09:34:09.142 [info] Getting sessions for all scopes...
2026-03-10 09:34:09.142 [info] Got 1 sessions for ...
2026-03-10 09:34:09.900 [info] Getting sessions for all scopes...
2026-03-10 09:34:09.900 [info] Got 1 sessions for ...
2026-03-10 09:34:09.901 [info] Getting sessions for all scopes...
2026-03-10 09:34:09.901 [info] Got 1 sessions for ...
2026-03-10 09:34:10.682 [info] Getting sessions for all scopes...
2026-03-10 09:34:10.682 [info] Got 1 sessions for ...
2026-03-10 09:34:10.683 [info] Getting sessions for all scopes...
2026-03-10 09:34:10.683 [info] Got 1 sessions for ...
2026-03-10 09:34:17.238 [info] Getting sessions for all scopes...
2026-03-10 09:34:17.238 [info] Got 1 sessions for ...
2026-03-10 09:34:17.239 [info] Getting sessions for all scopes...
2026-03-10 09:34:17.239 [info] Got 1 sessions for ...
2026-03-10 09:34:55.919 [info] Getting sessions for all scopes...
2026-03-10 09:34:55.919 [info] Got 1 sessions for ...
2026-03-10 09:34:55.921 [info] Getting sessions for all scopes...
2026-03-10 09:34:55.921 [info] Got 1 sessions for ...
2026-03-10 09:35:34.821 [info] Getting sessions for all scopes...
2026-03-10 09:35:34.821 [info] Got 1 sessions for ...
2026-03-10 09:35:34.823 [info] Getting sessions for all scopes...
2026-03-10 09:35:34.823 [info] Got 1 sessions for ...
2026-03-10 09:36:56.291 [info] Getting sessions for all scopes...
2026-03-10 09:36:56.291 [info] Got 1 sessions for ...
2026-03-10 09:36:56.293 [info] Getting sessions for all scopes...
2026-03-10 09:36:56.293 [info] Got 1 sessions for ...
2026-03-10 09:37:05.939 [info] Getting sessions for all scopes...
2026-03-10 09:37:05.939 [info] Got 1 sessions for ...
2026-03-10 09:37:05.940 [info] Getting sessions for read:user,repo,user:email,workflow...
2026-03-10 09:37:05.940 [info] Got 1 sessions for read:user,repo,user:email,workflow...
2026-03-10 09:37:06.816 [info] Getting sessions for all scopes...
2026-03-10 09:37:06.817 [info] Got 1 sessions for ...
2026-03-10 09:37:06.817 [info] Getting sessions for all scopes...
2026-03-10 09:37:06.817 [info] Got 1 sessions for ...
2026-03-10 09:37:06.818 [info] Getting sessions for read:user,repo,user:email,workflow...
2026-03-10 09:37:06.818 [info] Got 1 sessions for read:user,repo,user:email,workflow...
2026-03-10 09:37:06.822 [info] Getting sessions for all scopes...
2026-03-10 09:37:06.822 [info] Got 1 sessions for ...
2026-03-10 09:37:06.823 [info] Getting sessions for read:user,repo,user:email,workflow...
2026-03-10 09:37:06.823 [info] Got 1 sessions for read:user,repo,user:email,workflow...
2026-03-10 09:37:07.321 [info] Getting sessions for all scopes...
2026-03-10 09:37:07.321 [info] Got 1 sessions for ...
2026-03-10 09:37:07.322 [info] Getting sessions for read:user,repo,user:email,workflow...
2026-03-10 09:37:07.322 [info] Got 1 sessions for read:user,repo,user:email,workflow...
2026-03-10 09:37:33.080 [info] Getting sessions for all scopes...
2026-03-10 09:37:33.080 [info] Got 1 sessions for ...
2026-03-10 09:37:33.081 [info] Getting sessions for all scopes...
2026-03-10 09:37:33.081 [info] Got 1 sessions for ...
2026-03-10 09:37:46.942 [info] Getting sessions for all scopes...
2026-03-10 09:37:46.942 [info] Got 1 sessions for ...
2026-03-10 09:37:46.943 [info] Getting sessions for all scopes...
2026-03-10 09:37:46.943 [info] Got 1 sessions for ...
2026-03-10 09:38:40.288 [info] Getting sessions for all scopes...
2026-03-10 09:38:40.289 [info] Got 1 sessions for ...
2026-03-10 09:38:40.289 [info] Getting sessions for all scopes...
2026-03-10 09:38:40.289 [info] Got 1 sessions for ...
2026-03-10 09:39:34.103 [info] Getting sessions for all scopes...
2026-03-10 09:39:34.103 [info] Got 1 sessions for ...
2026-03-10 09:39:34.104 [info] Getting sessions for all scopes...
2026-03-10 09:39:34.104 [info] Got 1 sessions for ...
2026-03-10 09:40:44.229 [info] Getting sessions for all scopes...
2026-03-10 09:40:44.229 [info] Got 1 sessions for ...
2026-03-10 09:40:44.232 [info] Getting sessions for read:user,repo,user:email,workflow...
2026-03-10 09:40:44.232 [info] Got 1 sessions for read:user,repo,user:email,workflow...
2026-03-10 09:40:56.944 [info] Getting sessions for all scopes...
2026-03-10 09:40:56.944 [info] Got 1 sessions for ...
2026-03-10 09:40:56.946 [info] Getting sessions for all scopes...
2026-03-10 09:40:56.947 [info] Got 1 sessions for ...
2026-03-10 09:41:54.959 [info] Getting sessions for all scopes...
2026-03-10 09:41:54.959 [info] Got 1 sessions for ...
2026-03-10 09:41:54.960 [info] Getting sessions for all scopes...
2026-03-10 09:41:54.960 [info] Got 1 sessions for ...
2026-03-10 09:44:36.314 [info] Getting sessions for all scopes...
2026-03-10 09:44:36.314 [info] Got 1 sessions for ...
2026-03-10 09:44:36.315 [info] Getting sessions for all scopes...
2026-03-10 09:44:36.315 [info] Got 1 sessions for ...
2026-03-10 09:46:08.501 [info] Getting sessions for all scopes...
2026-03-10 09:46:08.501 [info] Got 1 sessions for ...
2026-03-10 09:46:08.502 [info] Getting sessions for all scopes...
2026-03-10 09:46:08.502 [info] Got 1 sessions for ...
2026-03-10 09:49:47.872 [info] Getting sessions for all scopes...
2026-03-10 09:49:47.872 [info] Got 1 sessions for ...
2026-03-10 09:49:47.875 [info] Getting sessions for all scopes...
2026-03-10 09:49:47.875 [info] Got 1 sessions for ...
2026-03-10 09:50:42.627 [info] Getting sessions for all scopes...
2026-03-10 09:50:42.627 [info] Got 1 sessions for ...
2026-03-10 09:50:42.627 [info] Getting sessions for all scopes...
2026-03-10 09:50:42.627 [info] Got 1 sessions for ...
2026-03-10 09:50:44.230 [info] Getting sessions for all scopes...
2026-03-10 09:50:44.230 [info] Got 1 sessions for ...
2026-03-10 09:50:44.232 [info] Getting sessions for read:user,repo,user:email,workflow...
2026-03-10 09:50:44.232 [info] Got 1 sessions for read:user,repo,user:email,workflow...
2026-03-10 09:51:00.015 [info] Getting sessions for all scopes...
2026-03-10 09:51:00.015 [info] Got 1 sessions for ...
2026-03-10 09:51:00.016 [info] Getting sessions for all scopes...
2026-03-10 09:51:00.017 [info] Got 1 sessions for ...
2026-03-10 09:51:56.569 [info] Getting sessions for all scopes...
2026-03-10 09:51:56.569 [info] Got 1 sessions for ...
2026-03-10 09:51:56.571 [info] Getting sessions for all scopes...
2026-03-10 09:51:56.571 [info] Got 1 sessions for ...
2026-03-10 09:52:51.598 [info] Getting sessions for all scopes...
2026-03-10 09:52:51.598 [info] Got 1 sessions for ...
2026-03-10 09:52:51.601 [info] Getting sessions for all scopes...
2026-03-10 09:52:51.601 [info] Got 1 sessions for ...
2026-03-10 09:53:18.660 [info] Getting sessions for all scopes...
2026-03-10 09:53:18.660 [info] Got 1 sessions for ...
2026-03-10 09:53:18.660 [info] Getting sessions for all scopes...
2026-03-10 09:53:18.660 [info] Got 1 sessions for ...
2026-03-10 09:54:09.042 [info] Getting sessions for all scopes...
2026-03-10 09:54:09.042 [info] Got 1 sessions for ...
2026-03-10 09:54:09.044 [info] Getting sessions for all scopes...
2026-03-10 09:54:09.044 [info] Got 1 sessions for ...
2026-03-10 09:55:11.442 [info] Getting sessions for all scopes...
2026-03-10 09:55:11.442 [info] Got 1 sessions for ...
2026-03-10 09:55:11.442 [info] Getting sessions for all scopes...
2026-03-10 09:55:11.442 [info] Got 1 sessions for ...
2026-03-10 09:55:45.929 [info] Getting sessions for all scopes...
2026-03-10 09:55:45.929 [info] Got 1 sessions for ...
2026-03-10 09:55:45.931 [info] Getting sessions for all scopes...
2026-03-10 09:55:45.931 [info] Got 1 sessions for ...
2026-03-10 09:56:12.214 [info] Getting sessions for all scopes...
2026-03-10 09:56:12.214 [info] Got 1 sessions for ...
2026-03-10 09:56:12.215 [info] Getting sessions for all scopes...
2026-03-10 09:56:12.215 [info] Got 1 sessions for ...
2026-03-10 09:56:49.832 [info] Getting sessions for all scopes...
2026-03-10 09:56:49.832 [info] Got 1 sessions for ...
2026-03-10 09:56:49.834 [info] Getting sessions for all scopes...
2026-03-10 09:56:49.834 [info] Got 1 sessions for ...
2026-03-10 09:57:20.615 [info] Getting sessions for all scopes...
2026-03-10 09:57:20.615 [info] Got 1 sessions for ...
2026-03-10 09:57:20.616 [info] Getting sessions for all scopes...
2026-03-10 09:57:20.616 [info] Got 1 sessions for ...
2026-03-10 09:57:31.914 [info] Getting sessions for all scopes...
2026-03-10 09:57:31.914 [info] Got 1 sessions for ...
2026-03-10 09:57:31.915 [info] Getting sessions for all scopes...
2026-03-10 09:57:31.916 [info] Got 1 sessions for ...
2026-03-10 09:59:50.528 [info] Getting sessions for all scopes...
2026-03-10 09:59:50.529 [info] Got 1 sessions for ...
2026-03-10 09:59:50.530 [info] Getting sessions for all scopes...
2026-03-10 09:59:50.530 [info] Got 1 sessions for ...
2026-03-10 10:00:00.374 [info] Getting sessions for all scopes...
2026-03-10 10:00:00.374 [info] Got 1 sessions for ...
2026-03-10 10:00:00.376 [info] Getting sessions for read:user,repo,user:email,workflow...
2026-03-10 10:00:00.376 [info] Got 1 sessions for read:user,repo,user:email,workflow...
2026-03-10 10:00:01.771 [info] Getting sessions for all scopes...
2026-03-10 10:00:01.771 [info] Got 1 sessions for ...
2026-03-10 10:00:01.771 [info] Getting sessions for all scopes...
2026-03-10 10:00:01.771 [info] Got 1 sessions for ...
2026-03-10 10:00:01.772 [info] Getting sessions for read:user,repo,user:email,workflow...
2026-03-10 10:00:01.772 [info] Got 1 sessions for read:user,repo,user:email,workflow...
2026-03-10 10:00:01.775 [info] Getting sessions for all scopes...
2026-03-10 10:00:01.775 [info] Got 1 sessions for ...
2026-03-10 10:00:01.776 [info] Getting sessions for read:user,repo,user:email,workflow...
2026-03-10 10:00:01.776 [info] Got 1 sessions for read:user,repo,user:email,workflow...
2026-03-10 10:00:02.278 [info] Getting sessions for all scopes...
2026-03-10 10:00:02.278 [info] Got 1 sessions for ...
2026-03-10 10:00:02.282 [info] Getting sessions for read:user,repo,user:email,workflow...
2026-03-10 10:00:02.282 [info] Got 1 sessions for read:user,repo,user:email,workflow...
2026-03-10 10:00:44.237 [info] Getting sessions for all scopes...
2026-03-10 10:00:44.237 [info] Got 1 sessions for ...
2026-03-10 10:00:44.239 [info] Getting sessions for read:user,repo,user:email,workflow...
2026-03-10 10:00:44.282 [info] Got 1 sessions for read:user,repo,user:email,workflow...
2026-03-10 10:01:23.841 [info] Getting sessions for all scopes...
2026-03-10 10:01:23.841 [info] Got 1 sessions for ...
2026-03-10 10:01:23.843 [info] Getting sessions for all scopes...
2026-03-10 10:01:23.843 [info] Got 1 sessions for ...
2026-03-10 10:01:40.807 [info] Getting sessions for all scopes...
2026-03-10 10:01:40.807 [info] Got 1 sessions for ...
2026-03-10 10:01:40.808 [info] Getting sessions for all scopes...
2026-03-10 10:01:40.808 [info] Got 1 sessions for ...
2026-03-10 10:01:42.225 [info] Getting sessions for all scopes...
2026-03-10 10:01:42.225 [info] Got 1 sessions for ...
2026-03-10 10:01:42.226 [info] Getting sessions for all scopes...
2026-03-10 10:01:42.226 [info] Got 1 sessions for ...
2026-03-10 10:02:32.167 [info] Getting sessions for all scopes...
2026-03-10 10:02:32.168 [info] Got 1 sessions for ...
2026-03-10 10:02:32.169 [info] Getting sessions for all scopes...
2026-03-10 10:02:32.169 [info] Got 1 sessions for ...
2026-03-10 10:02:57.989 [info] Getting sessions for all scopes...
2026-03-10 10:02:57.989 [info] Got 1 sessions for ...
2026-03-10 10:02:57.989 [info] Getting sessions for all scopes...
2026-03-10 10:02:57.989 [info] Got 1 sessions for ...
2026-03-10 10:03:40.783 [info] Getting sessions for all scopes...
2026-03-10 10:03:40.783 [info] Got 1 sessions for ...
2026-03-10 10:03:40.784 [info] Getting sessions for all scopes...
2026-03-10 10:03:40.784 [info] Got 1 sessions for ...
2026-03-10 10:08:02.007 [info] Getting sessions for all scopes...
2026-03-10 10:08:02.007 [info] Got 1 sessions for ...
2026-03-10 10:08:02.008 [info] Getting sessions for all scopes...
2026-03-10 10:08:02.008 [info] Got 1 sessions for ...
2026-03-10 10:10:12.563 [info] Getting sessions for all scopes...
2026-03-10 10:10:12.563 [info] Got 1 sessions for ...
2026-03-10 10:10:12.564 [info] Getting sessions for all scopes...
2026-03-10 10:10:12.564 [info] Got 1 sessions for ...
2026-03-10 10:10:16.228 [info] Getting sessions for all scopes...
2026-03-10 10:10:16.228 [info] Got 1 sessions for ...
2026-03-10 10:10:16.230 [info] Getting sessions for all scopes...
2026-03-10 10:10:16.230 [info] Got 1 sessions for ...
2026-03-10 10:10:44.239 [info] Getting sessions for all scopes...
2026-03-10 10:10:44.239 [info] Got 1 sessions for ...
2026-03-10 10:10:44.243 [info] Getting sessions for read:user,repo,user:email,workflow...
2026-03-10 10:10:44.243 [info] Got 1 sessions for read:user,repo,user:email,workflow...
2026-03-10 10:29:00.042 [info] Getting sessions for all scopes...
2026-03-10 10:29:00.042 [info] Got 1 sessions for ...
2026-03-10 10:29:00.045 [info] Getting sessions for all scopes...
2026-03-10 10:29:00.045 [info] Got 1 sessions for ...
2026-03-10 10:32:21.559 [info] Getting sessions for all scopes...
2026-03-10 10:32:21.559 [info] Got 1 sessions for ...
2026-03-10 10:32:21.560 [info] Getting sessions for all scopes...
2026-03-10 10:32:21.560 [info] Got 1 sessions for ...
2026-03-10 10:32:39.453 [info] Getting sessions for all scopes...
2026-03-10 10:32:39.453 [info] Got 1 sessions for ...
2026-03-10 10:32:39.455 [info] Getting sessions for all scopes...
2026-03-10 10:32:39.455 [info] Got 1 sessions for ...
2026-03-10 10:33:28.551 [info] Getting sessions for all scopes...
2026-03-10 10:33:28.551 [info] Got 1 sessions for ...
2026-03-10 10:33:28.552 [info] Getting sessions for all scopes...
2026-03-10 10:33:28.552 [info] Got 1 sessions for ...
2026-03-10 10:33:44.354 [info] Getting sessions for all scopes...
2026-03-10 10:33:44.354 [info] Got 1 sessions for ...
2026-03-10 10:33:44.355 [info] Getting sessions for all scopes...
2026-03-10 10:33:44.355 [info] Got 1 sessions for ...
2026-03-10 10:36:02.213 [info] Getting sessions for all scopes...
2026-03-10 10:36:02.213 [info] Got 1 sessions for ...
2026-03-10 10:36:02.214 [info] Getting sessions for all scopes...
2026-03-10 10:36:02.214 [info] Got 1 sessions for ...
2026-03-10 10:36:04.276 [info] Getting sessions for all scopes...
2026-03-10 10:36:04.276 [info] Got 1 sessions for ...
2026-03-10 10:36:04.281 [info] Getting sessions for read:user,repo,user:email,workflow...
2026-03-10 10:36:04.281 [info] Got 1 sessions for read:user,repo,user:email,workflow...
2026-03-10 10:36:16.353 [info] Getting sessions for all scopes...
2026-03-10 10:36:16.354 [info] Got 1 sessions for ...
2026-03-10 10:36:16.354 [info] Getting sessions for all scopes...
2026-03-10 10:36:16.355 [info] Got 1 sessions for ...
2026-03-10 10:37:58.491 [info] Getting sessions for all scopes...
2026-03-10 10:37:58.491 [info] Got 1 sessions for ...
2026-03-10 10:37:58.493 [info] Getting sessions for all scopes...
2026-03-10 10:37:58.493 [info] Got 1 sessions for ...
2026-03-10 10:38:12.861 [info] Getting sessions for all scopes...
2026-03-10 10:38:12.861 [info] Got 1 sessions for ...
2026-03-10 10:38:12.862 [info] Getting sessions for all scopes...
2026-03-10 10:38:12.862 [info] Got 1 sessions for ...
2026-03-10 10:38:13.839 [info] Getting sessions for all scopes...
2026-03-10 10:38:13.839 [info] Got 1 sessions for ...
2026-03-10 10:38:13.841 [info] Getting sessions for all scopes...
2026-03-10 10:38:13.841 [info] Got 1 sessions for ...
2026-03-10 10:38:57.748 [info] Getting sessions for all scopes...
2026-03-10 10:38:57.748 [info] Got 1 sessions for ...
2026-03-10 10:38:57.750 [info] Getting sessions for all scopes...
2026-03-10 10:38:57.750 [info] Got 1 sessions for ...
2026-03-10 10:38:58.572 [info] Getting sessions for all scopes...
2026-03-10 10:38:58.573 [info] Got 1 sessions for ...
2026-03-10 10:38:58.574 [info] Getting sessions for all scopes...
2026-03-10 10:38:58.574 [info] Got 1 sessions for ...
2026-03-10 10:39:02.067 [info] Getting sessions for all scopes...
2026-03-10 10:39:02.067 [info] Got 1 sessions for ...
2026-03-10 10:39:02.069 [info] Getting sessions for all scopes...
2026-03-10 10:39:02.069 [info] Got 1 sessions for ...
2026-03-10 10:41:04.866 [info] Getting sessions for all scopes...
2026-03-10 10:41:04.866 [info] Got 1 sessions for ...
2026-03-10 10:41:04.868 [info] Getting sessions for all scopes...
2026-03-10 10:41:04.868 [info] Got 1 sessions for ...
2026-03-10 10:41:41.334 [info] Getting sessions for all scopes...
2026-03-10 10:41:41.334 [info] Got 1 sessions for ...
2026-03-10 10:41:41.336 [info] Getting sessions for all scopes...
2026-03-10 10:41:41.336 [info] Got 1 sessions for ...
2026-03-10 11:00:45.990 [info] Getting sessions for all scopes...
2026-03-10 11:00:45.990 [info] Got 1 sessions for ...
2026-03-10 11:00:45.992 [info] Getting sessions for all scopes...
2026-03-10 11:00:45.992 [info] Got 1 sessions for ...
2026-03-10 11:01:09.902 [info] Getting sessions for all scopes...
2026-03-10 11:01:09.902 [info] Got 1 sessions for ...
2026-03-10 11:01:09.903 [info] Getting sessions for read:user,repo,user:email,workflow...
2026-03-10 11:01:09.903 [info] Got 1 sessions for read:user,repo,user:email,workflow...
2026-03-10 11:58:16.930 [info] Getting sessions for all scopes...
2026-03-10 11:58:16.930 [info] Got 1 sessions for ...
2026-03-10 11:58:16.931 [info] Getting sessions for all scopes...
2026-03-10 11:58:16.931 [info] Got 1 sessions for ...
2026-03-10 11:58:18.014 [info] Getting sessions for all scopes...
2026-03-10 11:58:18.014 [info] Got 1 sessions for ...
2026-03-10 11:58:18.016 [info] Getting sessions for read:user,repo,user:email,workflow...
2026-03-10 11:58:18.016 [info] Got 1 sessions for read:user,repo,user:email,workflow...
2026-03-10 11:59:12.838 [info] Getting sessions for all scopes...
2026-03-10 11:59:12.839 [info] Got 1 sessions for ...
2026-03-10 11:59:12.839 [info] Getting sessions for all scopes...
2026-03-10 11:59:12.839 [info] Got 1 sessions for ...
2026-03-10 11:59:48.513 [info] Getting sessions for all scopes...
2026-03-10 11:59:48.513 [info] Got 1 sessions for ...
2026-03-10 11:59:48.514 [info] Getting sessions for all scopes...
2026-03-10 11:59:48.514 [info] Got 1 sessions for ...
2026-03-10 12:01:29.295 [info] Getting sessions for all scopes...
2026-03-10 12:01:29.295 [info] Got 1 sessions for ...
2026-03-10 12:01:29.296 [info] Getting sessions for all scopes...
2026-03-10 12:01:29.296 [info] Got 1 sessions for ...
2026-03-10 12:01:30.091 [info] Getting sessions for all scopes...
2026-03-10 12:01:30.092 [info] Got 1 sessions for ...
2026-03-10 12:01:30.093 [info] Getting sessions for all scopes...
2026-03-10 12:01:30.137 [info] Got 1 sessions for ...
2026-03-10 12:02:42.615 [info] Getting sessions for all scopes...
2026-03-10 12:02:42.615 [info] Got 1 sessions for ...
2026-03-10 12:02:42.617 [info] Getting sessions for all scopes...
2026-03-10 12:02:42.617 [info] Got 1 sessions for ...
2026-03-10 12:08:40.841 [info] Getting sessions for all scopes...
2026-03-10 12:08:40.842 [info] Got 1 sessions for ...
2026-03-10 12:08:40.843 [info] Getting sessions for all scopes...
2026-03-10 12:08:40.843 [info] Got 1 sessions for ...
2026-03-10 12:08:50.826 [info] Getting sessions for all scopes...
2026-03-10 12:08:50.826 [info] Got 1 sessions for ...
2026-03-10 12:08:50.828 [info] Getting sessions for all scopes...
2026-03-10 12:08:50.828 [info] Got 1 sessions for ...
2026-03-10 12:08:51.000 [info] Getting sessions for all scopes...
2026-03-10 12:08:51.000 [info] Got 1 sessions for ...
2026-03-10 12:08:51.003 [info] Getting sessions for read:user,repo,user:email,workflow...
2026-03-10 12:08:51.003 [info] Got 1 sessions for read:user,repo,user:email,workflow...
