2026-03-10 14:07:01.543 [info] Starting Python Locator /home/cuong75201/.vscode/extensions/ms-python.python-2026.2.0-linux-x64/python-env-tools/bin/pet server
2026-03-10 14:07:01.549 [info] Discovered manager: (Pyenv) /usr/bin/pyenv
2026-03-10 14:07:02.022 [info] Discovered env: /home/cuong75201/Documents/machinelearning/scikitlearn/venv/bin/python
2026-03-10 14:07:02.034 [info] Discovered env: /bin/python
2026-03-10 14:07:02.037 [info] Discovered env: /usr/bin/python
2026-03-10 14:07:02.057 [info] Resolved Python Environment /home/cuong75201/Documents/machinelearning/scikitlearn/venv/bin/python
2026-03-10 14:07:02.060 [info] Env ("/sbin/python") in Path resolved as ResolvedPythonEnv { executable: "/sbin/python", prefix: "/usr", version: "3.14.3.final.0", is64_bit: true, symlinks: Some(["/sbin/python"]) } and reported as Some(GlobalPaths)
2026-03-10 14:07:02.060 [info] Discovered env: /sbin/python
2026-03-10 14:07:02.064 [info] Env ("/usr/sbin/python") in Path resolved as ResolvedPythonEnv { executable: "/usr/sbin/python", prefix: "/usr", version: "3.14.3.final.0", is64_bit: true, symlinks: Some(["/usr/sbin/python"]) } and reported as Some(GlobalPaths)
2026-03-10 14:07:02.064 [info] Discovered env: /usr/sbin/python
2026-03-10 14:07:02.067 [info] Env ("/sbin/python3") in Path resolved as ResolvedPythonEnv { executable: "/sbin/python3", prefix: "/usr", version: "3.14.3.final.0", is64_bit: true, symlinks: Some(["/sbin/python3"]) } and reported as Some(GlobalPaths)
2026-03-10 14:07:02.067 [info] Discovered env: /sbin/python3
2026-03-10 14:07:02.071 [info] Resolved Python Environment /home/cuong75201/Documents/machinelearning/scikitlearn/venv/bin/python
2026-03-10 14:07:02.071 [info] Env ("/usr/sbin/python3") in Path resolved as ResolvedPythonEnv { executable: "/usr/sbin/python3", prefix: "/usr", version: "3.14.3.final.0", is64_bit: true, symlinks: Some(["/usr/sbin/python3"]) } and reported as Some(GlobalPaths)
2026-03-10 14:07:02.072 [info] Discovered env: /usr/sbin/python3
2026-03-10 14:07:02.076 [info] Env ("/sbin/python3.14") in Path resolved as ResolvedPythonEnv { executable: "/sbin/python3.14", prefix: "/usr", version: "3.14.3.final.0", is64_bit: true, symlinks: Some(["/sbin/python3.14"]) } and reported as Some(GlobalPaths)
2026-03-10 14:07:02.077 [info] Discovered env: /sbin/python3.14
2026-03-10 14:07:02.083 [info] Env ("/usr/sbin/python3.14") in Path resolved as ResolvedPythonEnv { executable: "/usr/sbin/python3.14", prefix: "/usr", version: "3.14.3.final.0", is64_bit: true, symlinks: Some(["/usr/sbin/python3.14"]) } and reported as Some(GlobalPaths)
2026-03-10 14:07:02.083 [info] Discovered env: /usr/sbin/python3.14
2026-03-10 14:07:02.086 [info] Locator Conda took 81.034312ms
2026-03-10 14:07:02.087 [info] Locator Homebrew took 243.14µs
2026-03-10 14:07:02.087 [info] Locator LinuxGlobal took 114.933331ms
2026-03-10 14:07:02.087 [info] Locator PipEnv took 68.751µs
2026-03-10 14:07:02.087 [info] Locator Pixi took 46.218µs
2026-03-10 14:07:02.087 [info] Locator Poetry took 781.901µs
2026-03-10 14:07:02.087 [info] Locator PyEnv took 3.214282ms
2026-03-10 14:07:02.087 [info] Locator Uv took 51.159µs
2026-03-10 14:07:02.087 [info] Locator Venv took 133.918µs
2026-03-10 14:07:02.087 [info] Locator VirtualEnv took 94.552µs
2026-03-10 14:07:02.087 [info] Locator VirtualEnvWrapper took 206.53µs
2026-03-10 14:07:02.087 [info] Locator GlobalVirtualEnvs took 63.911746ms
2026-03-10 14:07:02.087 [info] Locator Locators took 116.421354ms
2026-03-10 14:07:02.087 [info] Locator Path took 406.239841ms
2026-03-10 14:07:02.087 [info] Locator Workspaces took 60.604549ms
2026-03-10 14:07:02.087 [info] Refresh completed in 406ms
2026-03-10 14:07:11.395 [info] Discovered manager: (Pyenv) /usr/bin/pyenv
2026-03-10 14:07:11.401 [info] Discovered env: /home/cuong75201/Documents/machinelearning/scikitlearn/venv/bin/python
2026-03-10 14:07:11.497 [info] Discovered env: /bin/python
2026-03-10 14:07:11.506 [info] Discovered env: /usr/bin/python
2026-03-10 14:07:11.519 [info] Env ("/sbin/python") in Path resolved as ResolvedPythonEnv { executable: "/sbin/python", prefix: "/usr", version: "3.14.3.final.0", is64_bit: true, symlinks: Some(["/sbin/python"]) } and reported as Some(GlobalPaths)
2026-03-10 14:07:11.519 [info] Discovered env: /sbin/python
2026-03-10 14:07:11.523 [info] Env ("/usr/sbin/python") in Path resolved as ResolvedPythonEnv { executable: "/usr/sbin/python", prefix: "/usr", version: "3.14.3.final.0", is64_bit: true, symlinks: Some(["/usr/sbin/python"]) } and reported as Some(GlobalPaths)
2026-03-10 14:07:11.523 [info] Discovered env: /usr/sbin/python
2026-03-10 14:07:11.542 [info] Env ("/sbin/python3") in Path resolved as ResolvedPythonEnv { executable: "/sbin/python3", prefix: "/usr", version: "3.14.3.final.0", is64_bit: true, symlinks: Some(["/sbin/python3"]) } and reported as Some(GlobalPaths)
2026-03-10 14:07:11.543 [info] Discovered env: /sbin/python3
2026-03-10 14:07:11.544 [info] Env ("/usr/sbin/python3") in Path resolved as ResolvedPythonEnv { executable: "/usr/sbin/python3", prefix: "/usr", version: "3.14.3.final.0", is64_bit: true, symlinks: Some(["/usr/sbin/python3"]) } and reported as Some(GlobalPaths)
2026-03-10 14:07:11.544 [info] Discovered env: /usr/sbin/python3
2026-03-10 14:07:11.558 [info] Env ("/usr/sbin/python3.14") in Path resolved as ResolvedPythonEnv { executable: "/usr/sbin/python3.14", prefix: "/usr", version: "3.14.3.final.0", is64_bit: true, symlinks: Some(["/usr/sbin/python3.14"]) } and reported as Some(GlobalPaths)
2026-03-10 14:07:11.558 [info] Discovered env: /usr/sbin/python3.14
2026-03-10 14:07:11.559 [info] Env ("/sbin/python3.14") in Path resolved as ResolvedPythonEnv { executable: "/sbin/python3.14", prefix: "/usr", version: "3.14.3.final.0", is64_bit: true, symlinks: Some(["/sbin/python3.14"]) } and reported as Some(GlobalPaths)
2026-03-10 14:07:11.559 [info] Discovered env: /sbin/python3.14
2026-03-10 14:07:11.559 [info] Locator Conda took 118.386936ms
2026-03-10 14:07:11.559 [info] Locator Homebrew took 180.942µs
2026-03-10 14:07:11.559 [info] Locator LinuxGlobal took 115.564635ms
2026-03-10 14:07:11.559 [info] Locator PipEnv took 73.149µs
2026-03-10 14:07:11.559 [info] Locator Pixi took 168.289µs
2026-03-10 14:07:11.559 [info] Locator Poetry took 740.014µs
2026-03-10 14:07:11.559 [info] Locator PyEnv took 911.8µs
2026-03-10 14:07:11.559 [info] Locator Uv took 221.451µs
2026-03-10 14:07:11.559 [info] Locator Venv took 118.045µs
2026-03-10 14:07:11.559 [info] Locator VirtualEnv took 26.131µs
2026-03-10 14:07:11.559 [info] Locator VirtualEnvWrapper took 385.076µs
2026-03-10 14:07:11.560 [info] Locator GlobalVirtualEnvs took 39.999871ms
2026-03-10 14:07:11.560 [info] Locator Locators took 118.876031ms
2026-03-10 14:07:11.560 [info] Locator Path took 169.9777ms
2026-03-10 14:07:11.560 [info] Locator Workspaces took 12.440333ms
2026-03-10 14:07:11.560 [info] Refresh completed in 170ms
2026-03-10 14:07:33.783 [info] Resolved Python Environment /home/cuong75201/Documents/machinelearning/scikitlearn/venv/bin/python
2026-03-10 14:20:37.714 [info] Resolved Python Environment /home/cuong75201/Documents/machinelearning/scikitlearn/venv/bin/python
2026-03-10 14:21:04.546 [warning] Could not find Python executable in "/home/cuong75201/Documents/machinelearning/scikitlearn/venv/lib/python3.14/site-packages/parso/python"
2026-03-10 14:21:04.547 [error] Failed to execute Python to resolve info "/home/cuong75201/Documents/machinelearning/scikitlearn/venv/lib/python3.14/site-packages/parso/python": Permission denied (os error 13)
2026-03-10 14:21:04.547 [warning] Unknown Python Env "/home/cuong75201/Documents/machinelearning/scikitlearn/venv/lib/python3.14/site-packages/parso/python"
2026-03-10 14:21:04.547 [error] Failed to resolve env "/home/cuong75201/Documents/machinelearning/scikitlearn/venv/lib/python3.14/site-packages/parso/python"
2026-03-10 14:21:29.216 [info] Resolved Python Environment /home/cuong75201/Documents/machinelearning/scikitlearn/venv/bin/python
2026-03-10 14:22:02.557 [info] Resolved Python Environment /home/cuong75201/Documents/machinelearning/scikitlearn/venv/bin/python
2026-03-10 14:22:49.496 [info] Resolved Python Environment /home/cuong75201/Documents/machinelearning/scikitlearn/venv/bin/python
2026-03-10 14:23:31.625 [info] Resolved Python Environment /home/cuong75201/Documents/machinelearning/scikitlearn/venv/bin/python
2026-03-10 14:33:15.007 [info] Resolved Python Environment /home/cuong75201/Documents/machinelearning/scikitlearn/venv/bin/python
2026-03-10 20:54:52.239 [info] Discovered manager: (Pyenv) /usr/bin/pyenv
2026-03-10 20:54:52.258 [info] Discovered env: /home/cuong75201/Documents/machinelearning/scikitlearn/venv/bin/python
2026-03-10 20:54:52.266 [info] Resolved Python Environment /home/cuong75201/Documents/machinelearning/scikitlearn/venv/bin/python
2026-03-10 20:54:52.332 [info] Discovered env: /bin/python
2026-03-10 20:54:52.349 [info] Discovered env: /usr/bin/python
2026-03-10 20:54:52.366 [info] Env ("/usr/sbin/python") in Path resolved as ResolvedPythonEnv { executable: "/usr/sbin/python", prefix: "/usr", version: "3.14.3.final.0", is64_bit: true, symlinks: Some(["/usr/sbin/python"]) } and reported as Some(GlobalPaths)
2026-03-10 20:54:52.366 [info] Discovered env: /usr/sbin/python
2026-03-10 20:54:52.366 [info] Env ("/sbin/python") in Path resolved as ResolvedPythonEnv { executable: "/sbin/python", prefix: "/usr", version: "3.14.3.final.0", is64_bit: true, symlinks: Some(["/sbin/python"]) } and reported as Some(GlobalPaths)
2026-03-10 20:54:52.366 [info] Discovered env: /sbin/python
2026-03-10 20:54:52.387 [info] Env ("/usr/sbin/python3") in Path resolved as ResolvedPythonEnv { executable: "/usr/sbin/python3", prefix: "/usr", version: "3.14.3.final.0", is64_bit: true, symlinks: Some(["/usr/sbin/python3"]) } and reported as Some(GlobalPaths)
2026-03-10 20:54:52.387 [info] Discovered env: /usr/sbin/python3
2026-03-10 20:54:52.388 [info] Env ("/sbin/python3") in Path resolved as ResolvedPythonEnv { executable: "/sbin/python3", prefix: "/usr", version: "3.14.3.final.0", is64_bit: true, symlinks: Some(["/sbin/python3"]) } and reported as Some(GlobalPaths)
2026-03-10 20:54:52.388 [info] Discovered env: /sbin/python3
2026-03-10 20:54:52.401 [info] Env ("/usr/sbin/python3.14") in Path resolved as ResolvedPythonEnv { executable: "/usr/sbin/python3.14", prefix: "/usr", version: "3.14.3.final.0", is64_bit: true, symlinks: Some(["/usr/sbin/python3.14"]) } and reported as Some(GlobalPaths)
2026-03-10 20:54:52.401 [info] Discovered env: /usr/sbin/python3.14
2026-03-10 20:54:52.402 [info] Env ("/sbin/python3.14") in Path resolved as ResolvedPythonEnv { executable: "/sbin/python3.14", prefix: "/usr", version: "3.14.3.final.0", is64_bit: true, symlinks: Some(["/sbin/python3.14"]) } and reported as Some(GlobalPaths)
2026-03-10 20:54:52.403 [info] Discovered env: /sbin/python3.14
2026-03-10 20:54:52.403 [info] Locator Conda took 114.21906ms
2026-03-10 20:54:52.403 [info] Locator Homebrew took 115.802µs
2026-03-10 20:54:52.403 [info] Locator LinuxGlobal took 111.733982ms
2026-03-10 20:54:52.403 [info] Locator PipEnv took 10.421µs
2026-03-10 20:54:52.403 [info] Locator Pixi took 21.275µs
2026-03-10 20:54:52.403 [info] Locator Poetry took 234.705µs
2026-03-10 20:54:52.403 [info] Locator PyEnv took 57.05µs
2026-03-10 20:54:52.403 [info] Locator Uv took 21.521µs
2026-03-10 20:54:52.403 [info] Locator Venv took 20.242µs
2026-03-10 20:54:52.403 [info] Locator VirtualEnv took 169.847µs
2026-03-10 20:54:52.403 [info] Locator VirtualEnvWrapper took 15.938µs
2026-03-10 20:54:52.403 [info] Locator GlobalVirtualEnvs took 40.125008ms
2026-03-10 20:54:52.403 [info] Locator Locators took 114.598758ms
2026-03-10 20:54:52.403 [info] Locator Path took 165.345117ms
2026-03-10 20:54:52.403 [info] Locator Workspaces took 20.572435ms
2026-03-10 20:54:52.403 [info] Refresh completed in 165ms
2026-03-10 21:18:05.231 [info] Resolved Python Environment /home/cuong75201/Documents/machinelearning/scikitlearn/venv/bin/python
2026-03-10 21:29:36.294 [info] Resolved Python Environment /home/cuong75201/Documents/machinelearning/scikitlearn/venv/bin/python
2026-03-11 13:31:50.777 [info] Resolved Python Environment /home/cuong75201/Documents/machinelearning/scikitlearn/venv/bin/python
2026-03-11 13:33:13.383 [info] Starting Python Locator /home/cuong75201/.vscode/extensions/ms-python.python-2026.2.0-linux-x64/python-env-tools/bin/pet server
2026-03-11 13:33:14.018 [info] Discovered manager: (Pyenv) /usr/bin/pyenv
2026-03-11 13:33:14.018 [info] Discovered env: /home/cuong75201/Documents/machinelearning/scikitlearn/venv/bin/python
2026-03-11 13:33:14.131 [info] Discovered env: /bin/python
2026-03-11 13:33:14.143 [info] Discovered env: /usr/bin/python
2026-03-11 13:33:14.391 [info] Env ("/usr/sbin/python") in Path resolved as ResolvedPythonEnv { executable: "/usr/sbin/python", prefix: "/usr", version: "3.14.3.final.0", is64_bit: true, symlinks: Some(["/usr/sbin/python"]) } and reported as Some(GlobalPaths)
2026-03-11 13:33:14.395 [info] Discovered env: /usr/sbin/python
2026-03-11 13:33:14.418 [info] Env ("/sbin/python") in Path resolved as ResolvedPythonEnv { executable: "/sbin/python", prefix: "/usr", version: "3.14.3.final.0", is64_bit: true, symlinks: Some(["/sbin/python"]) } and reported as Some(GlobalPaths)
2026-03-11 13:33:14.418 [info] Discovered env: /sbin/python
2026-03-11 13:33:14.423 [info] Env ("/usr/sbin/python3") in Path resolved as ResolvedPythonEnv { executable: "/usr/sbin/python3", prefix: "/usr", version: "3.14.3.final.0", is64_bit: true, symlinks: Some(["/usr/sbin/python3"]) } and reported as Some(GlobalPaths)
2026-03-11 13:33:14.423 [info] Discovered env: /usr/sbin/python3
2026-03-11 13:33:14.426 [info] Env ("/sbin/python3") in Path resolved as ResolvedPythonEnv { executable: "/sbin/python3", prefix: "/usr", version: "3.14.3.final.0", is64_bit: true, symlinks: Some(["/sbin/python3"]) } and reported as Some(GlobalPaths)
2026-03-11 13:33:14.426 [info] Discovered env: /sbin/python3
2026-03-11 13:33:14.431 [info] Env ("/usr/sbin/python3.14") in Path resolved as ResolvedPythonEnv { executable: "/usr/sbin/python3.14", prefix: "/usr", version: "3.14.3.final.0", is64_bit: true, symlinks: Some(["/usr/sbin/python3.14"]) } and reported as Some(GlobalPaths)
2026-03-11 13:33:14.431 [info] Discovered env: /usr/sbin/python3.14
2026-03-11 13:33:14.434 [info] Env ("/sbin/python3.14") in Path resolved as ResolvedPythonEnv { executable: "/sbin/python3.14", prefix: "/usr", version: "3.14.3.final.0", is64_bit: true, symlinks: Some(["/sbin/python3.14"]) } and reported as Some(GlobalPaths)
2026-03-11 13:33:14.458 [info] Discovered env: /sbin/python3.14
2026-03-11 13:33:14.737 [info] Locator Conda took 397.315253ms
2026-03-11 13:33:14.744 [info] Locator Homebrew took 226.12µs
2026-03-11 13:33:14.744 [info] Locator LinuxGlobal took 457.698759ms
2026-03-11 13:33:14.745 [info] Locator PipEnv took 214.011µs
2026-03-11 13:33:14.745 [info] Locator Pixi took 71.813µs
2026-03-11 13:33:14.746 [info] Locator Poetry took 2.911408ms
2026-03-11 13:33:14.791 [info] Locator PyEnv took 4.632577ms
2026-03-11 13:33:14.792 [info] Locator Uv took 289.872µs
2026-03-11 13:33:14.792 [info] Locator Venv took 33.11µs
2026-03-11 13:33:14.792 [info] Locator VirtualEnv took 199.463µs
2026-03-11 13:33:14.792 [info] Locator VirtualEnvWrapper took 316.93µs
2026-03-11 13:33:14.792 [info] Locator GlobalVirtualEnvs took 421.957523ms
2026-03-11 13:33:14.792 [info] Locator Locators took 459.535983ms
2026-03-11 13:33:14.793 [info] Locator Path took 688.4298ms
2026-03-11 13:33:14.793 [info] Locator Workspaces took 397.096637ms
2026-03-11 13:33:14.793 [info] Refresh completed in 689ms
2026-03-11 13:33:14.808 [info] Resolved Python Environment /home/cuong75201/Documents/machinelearning/scikitlearn/venv/bin/python
2026-03-11 13:33:14.813 [info] Resolved Python Environment /home/cuong75201/Documents/machinelearning/scikitlearn/venv/bin/python
2026-03-11 13:51:05.493 [info] Starting Python Locator /home/cuong75201/.vscode/extensions/ms-python.python-2026.2.0-linux-x64/python-env-tools/bin/pet server
2026-03-11 13:51:05.513 [info] Discovered manager: (Pyenv) /usr/bin/pyenv
2026-03-11 13:51:05.524 [info] Discovered env: /home/cuong75201/Documents/machinelearning/scikitlearn/venv/bin/python
2026-03-11 13:51:06.056 [info] Resolved Python Environment /home/cuong75201/Documents/machinelearning/scikitlearn/venv/bin/python
2026-03-11 13:51:06.068 [info] Discovered env: /bin/python
2026-03-11 13:51:06.085 [info] Discovered env: /usr/bin/python
2026-03-11 13:51:06.089 [info] Env ("/sbin/python") in Path resolved as ResolvedPythonEnv { executable: "/sbin/python", prefix: "/usr", version: "3.14.3.final.0", is64_bit: true, symlinks: Some(["/sbin/python"]) } and reported as Some(GlobalPaths)
2026-03-11 13:51:06.089 [info] Discovered env: /sbin/python
2026-03-11 13:51:06.090 [info] Env ("/usr/sbin/python") in Path resolved as ResolvedPythonEnv { executable: "/usr/sbin/python", prefix: "/usr", version: "3.14.3.final.0", is64_bit: true, symlinks: Some(["/usr/sbin/python"]) } and reported as Some(GlobalPaths)
2026-03-11 13:51:06.090 [info] Discovered env: /usr/sbin/python
2026-03-11 13:51:06.095 [info] Env ("/sbin/python3") in Path resolved as ResolvedPythonEnv { executable: "/sbin/python3", prefix: "/usr", version: "3.14.3.final.0", is64_bit: true, symlinks: Some(["/sbin/python3"]) } and reported as Some(GlobalPaths)
2026-03-11 13:51:06.095 [info] Discovered env: /sbin/python3
2026-03-11 13:51:06.095 [info] Env ("/usr/sbin/python3") in Path resolved as ResolvedPythonEnv { executable: "/usr/sbin/python3", prefix: "/usr", version: "3.14.3.final.0", is64_bit: true, symlinks: Some(["/usr/sbin/python3"]) } and reported as Some(GlobalPaths)
2026-03-11 13:51:06.096 [info] Discovered env: /usr/sbin/python3
2026-03-11 13:51:06.096 [info] Env ("/sbin/python3.14") in Path resolved as ResolvedPythonEnv { executable: "/sbin/python3.14", prefix: "/usr", version: "3.14.3.final.0", is64_bit: true, symlinks: Some(["/sbin/python3.14"]) } and reported as Some(GlobalPaths)
2026-03-11 13:51:06.096 [info] Discovered env: /sbin/python3.14
2026-03-11 13:51:06.097 [info] Env ("/usr/sbin/python3.14") in Path resolved as ResolvedPythonEnv { executable: "/usr/sbin/python3.14", prefix: "/usr", version: "3.14.3.final.0", is64_bit: true, symlinks: Some(["/usr/sbin/python3.14"]) } and reported as Some(GlobalPaths)
2026-03-11 13:51:06.097 [info] Discovered env: /usr/sbin/python3.14
2026-03-11 13:51:06.097 [info] Locator Conda took 190.412717ms
2026-03-11 13:51:06.097 [info] Locator Homebrew took 240.026µs
2026-03-11 13:51:06.097 [info] Locator LinuxGlobal took 181.760847ms
2026-03-11 13:51:06.097 [info] Locator PipEnv took 157.511µs
2026-03-11 13:51:06.097 [info] Locator Pixi took 43.572µs
2026-03-11 13:51:06.097 [info] Locator Poetry took 727.709µs
2026-03-11 13:51:06.097 [info] Locator PyEnv took 3.783645ms
2026-03-11 13:51:06.097 [info] Locator Uv took 39.219µs
2026-03-11 13:51:06.097 [info] Locator Venv took 46.733µs
2026-03-11 13:51:06.097 [info] Locator VirtualEnv took 106.861µs
2026-03-11 13:51:06.097 [info] Locator VirtualEnvWrapper took 30.426µs
2026-03-11 13:51:06.097 [info] Locator GlobalVirtualEnvs took 88.468907ms
2026-03-11 13:51:06.097 [info] Locator Locators took 190.604697ms
2026-03-11 13:51:06.097 [info] Locator Path took 273.578091ms
2026-03-11 13:51:06.097 [info] Locator Workspaces took 2.058µs
2026-03-11 13:51:06.097 [info] Refresh completed in 274ms
2026-03-11 13:51:06.104 [info] Resolved Python Environment /home/cuong75201/Documents/machinelearning/scikitlearn/venv/bin/python
2026-03-11 13:52:23.051 [info] Resolved Python Environment /home/cuong75201/Documents/machinelearning/scikitlearn/venv/bin/python
