2026-03-10 14:07:01.510 [info] Native locator: Refresh started
2026-03-10 14:07:01.549 [info] Pyenv environment manager found at: /usr/bin/pyenv
2026-03-10 14:07:01.574 [info] Native locator: Refresh started
2026-03-10 14:07:01.602 [info] VS Code was launched from an activated environment: 'venv', selecting it as the interpreter for workspace.
2026-03-10 14:07:01.613 [info] > /usr/bin/pyenv which python
2026-03-10 14:07:01.613 [info] cwd: .
2026-03-10 14:07:01.899 [info] Active interpreter [/home/cuong75201/Documents/machinelearning/scikitlearn]:  /home/cuong75201/Documents/machinelearning/scikitlearn/venv/bin/python
2026-03-10 14:07:01.969 [info] > conda info --json
2026-03-10 14:07:02.058 [info] Python interpreter path: ./venv/bin/python
2026-03-10 14:07:02.091 [info] Native locator: Refresh finished in 578 ms
2026-03-10 14:07:03.843 [info] Starting Pylance language server.
2026-03-10 14:07:11.382 [info] Native locator: Refresh started
2026-03-10 14:07:11.382 [info] Native locator: Refresh started
2026-03-10 14:07:11.395 [info] Pyenv environment manager found at: /usr/bin/pyenv
2026-03-10 14:07:11.560 [info] Native locator: Refresh finished in 179 ms
2026-03-10 14:07:24.288 [info] > . ./venv/bin/activate && echo 'e8b39361-0157-4923-80e1-22d70d46dee6' && python ~/.vscode/extensions/ms-python.python-2026.2.0-linux-x64/python_files/printEnvVariables.py
2026-03-10 14:07:24.288 [info] shell: bash
2026-03-10 14:07:24.328 [info] Active interpreter [/home/cuong75201/Documents/machinelearning/scikitlearn/linearModel.ipynb]:  /home/cuong75201/Documents/machinelearning/scikitlearn/venv/bin/python
2026-03-10 14:07:24.432 [info] > . ./venv/bin/activate && echo 'e8b39361-0157-4923-80e1-22d70d46dee6' && python ~/.vscode/extensions/ms-python.python-2026.2.0-linux-x64/python_files/printEnvVariables.py
2026-03-10 14:07:24.432 [info] shell: bash
2026-03-10 14:20:37.724 [info] > . ./venv/bin/activate && echo 'e8b39361-0157-4923-80e1-22d70d46dee6' && python ~/.vscode/extensions/ms-python.python-2026.2.0-linux-x64/python_files/printEnvVariables.py
2026-03-10 14:20:37.724 [info] shell: bash
2026-03-10 20:54:52.231 [info] Native locator: Refresh started
2026-03-10 20:54:52.239 [info] Pyenv environment manager found at: /usr/bin/pyenv
2026-03-10 20:54:52.403 [info] Native locator: Refresh finished in 172 ms
2026-03-11 13:31:50.919 [info] Send text to terminal: source /home/cuong75201/Documents/machinelearning/scikitlearn/venv/bin/activate
2026-03-11 13:33:13.383 [info] Native locator: Refresh started
2026-03-11 13:33:13.720 [info] Native locator: Refresh started
2026-03-11 13:33:13.721 [info] Native locator: Refresh started
2026-03-11 13:33:13.749 [info] > conda info --json
2026-03-11 13:33:13.755 [info] VS Code was launched from an activated environment: 'venv', selecting it as the interpreter for workspace.
2026-03-11 13:33:14.018 [info] Pyenv environment manager found at: /usr/bin/pyenv
2026-03-11 13:33:14.794 [info] Native locator: Refresh finished in 2495 ms
2026-03-11 13:33:14.805 [info] > /usr/bin/pyenv which python
2026-03-11 13:33:14.805 [info] cwd: ~/Documents/machinelearning/scikitlearn
2026-03-11 13:33:14.810 [info] Python interpreter path: ./venv/bin/python
2026-03-11 13:33:14.828 [info] > . ~/Documents/machinelearning/scikitlearn/venv/bin/activate && echo 'e8b39361-0157-4923-80e1-22d70d46dee6' && python ~/.vscode/extensions/ms-python.python-2026.2.0-linux-x64/python_files/printEnvVariables.py
2026-03-11 13:33:14.828 [info] shell: bash
2026-03-11 13:33:14.838 [info] > . ~/Documents/machinelearning/scikitlearn/venv/bin/activate && echo 'e8b39361-0157-4923-80e1-22d70d46dee6' && python ~/.vscode/extensions/ms-python.python-2026.2.0-linux-x64/python_files/printEnvVariables.py
2026-03-11 13:33:14.838 [info] shell: bash
2026-03-11 13:33:17.457 [info] Starting Pylance language server.
2026-03-11 13:51:05.493 [info] Native locator: Refresh started
2026-03-11 13:51:05.513 [info] Pyenv environment manager found at: /usr/bin/pyenv
2026-03-11 13:51:05.577 [info] Native locator: Refresh started
2026-03-11 13:51:05.594 [info] VS Code was launched from an activated environment: 'venv', selecting it as the interpreter for workspace.
2026-03-11 13:51:06.004 [info] Active interpreter [global]:  /home/cuong75201/Documents/machinelearning/scikitlearn/venv/bin/python
2026-03-11 13:51:06.057 [info] Python interpreter path: ~/Documents/machinelearning/scikitlearn/venv/bin/python
2026-03-11 13:51:06.083 [info] > python -c "import sys;print(sys.executable)"
2026-03-11 13:51:06.098 [info] Native locator: Refresh finished in 682 ms
2026-03-11 13:51:08.150 [info] Starting Pylance language server.
2026-03-11 13:52:23.162 [info] Send text to terminal: source /home/cuong75201/Documents/machinelearning/scikitlearn/venv/bin/activate
