Search Paths for tool 'docker': [
	"/home/cuong75201/.config/azuredatastudio/User/globalStorage/microsoft.resource-deployment"
]
Search Paths for tool 'Azure CLI': [
	"/usr/local/bin",
	"/home/cuong75201/.config/azuredatastudio/User/globalStorage/microsoft.resource-deployment"
]
Search Paths for tool 'kubectl': [
	"/usr/local/bin",
	"/home/cuong75201/.config/azuredatastudio/User/globalStorage/microsoft.resource-deployment"
]
    > docker version --format "{{json .}}"
    > az --version
    > kubectl version -o json --client
    stderr: /bin/sh: line 1: kubectl: command not found
    stderr: 
    >>> kubectl version -o json --client    … exited with code: 127
	>>> kubectl version -o json --client   … errored out: Process exited with code 127	>>> Ignoring error in execution and continuing tool deployment    stdout: {"Client":{"Version":"29.3.0","ApiVersion":"1.54","DefaultAPIVersion":"1.54","GitCommit":"5927d80c76","GoVersion":"go1.26.1-X:nodwarf5","Os":"linux","Arch":"amd64","BuildTime":"Fri Mar  6 21:02:20 2026","Context":"default"},"Server":{"Platform":{"Name":""},"Version":"29.3.0","ApiVersion":"1.54","MinAPIVersion":"1.40","Os":"linux","Arch":"amd64","Components":[{"Name":"Engine","Version":"29.3.0","Details":{"ApiVersion":"1.54","Arch":"amd64","BuildTime":"Fri Mar  6 21:02:20 2026","Experimental":"false","GitCommit":"83bca512aa","GoVersion":"go1.26.1-X:nodwarf5","KernelVersion":"6.19.6-arch1-1","MinAPIVersion":"1.40","Os":"linux"}},{"Name":"containerd","Version":"v2.2.1","Details":{"GitCommit":"dea7da592f5d1d2b7755e3a161be07f43fad8f75.m"}},{"Name":"runc","Version":"1.4.0","Details":{"GitCommit":""}},{"Name":"docker-init","Version":"0.19.0","Details":{"GitCommit":"de40ad0"}}],"GitCommit":"83bca512aa","GoVersion":"go1.26.1-X:nodwarf5","KernelVersion":"6.19.6-arch1-1","BuildTime":"2026-03-06T21:02:20.000000000+00:00"}}
    stdout: 
    >>> docker version --format "{{json .}}"    … exited with code: 0
    stdout: azure-cli                         2.83.0
    stdout: 
    stdout: core                              2.83.0
    stdout: telemetry                          1.1.0
    stdout: 
    stdout: Dependencies:
    stdout: msal                            1.35.0b1
    stdout: azure-mgmt-resource               23.3.0
    stdout: 
    stdout: Python location '/opt/azure-cli/bin/python'
    stdout: Config directory '/home/cuong75201/.azure'
    stdout: Extensions directory '/home/cuong75201/.azure/cliextensions'
    stdout: 
    stdout: Python (Linux) 3.14.3 (main, Feb 13 2026, 15:31:44) [GCC 15.2.1 20260209]
    stdout: 
    stdout: Legal docs and information: aka.ms/AzureCliLegal
    stdout: 
    stdout: 
    stdout: Your CLI is up-to-date.
    stdout: 
    >>> az --version    … exited with code: 0
    > which az
    stdout: /usr/bin/az
    stdout: 
    >>> which az    … exited with code: 0
