2026-03-11 19:46:35.143 [info] Reading sessions from keychain...
2026-03-11 19:46:35.143 [info] Getting sessions for all scopes...
2026-03-11 19:46:35.143 [info] Got stored sessions!
2026-03-11 19:46:35.143 [info] Got 1 verified sessions.
2026-03-11 19:46:35.143 [info] Got 1 sessions for ...
2026-03-11 19:46:35.143 [info] Getting sessions for all scopes...
2026-03-11 19:46:35.143 [info] Got 1 sessions for ...
2026-03-11 19:46:35.143 [info] Getting sessions for all scopes...
2026-03-11 19:46:35.143 [info] Got 1 sessions for ...
2026-03-11 19:46:35.143 [info] Getting sessions for all scopes...
2026-03-11 19:46:35.143 [info] Got 1 sessions for ...
2026-03-11 19:46:35.143 [info] Getting sessions for user:email...
2026-03-11 19:46:35.143 [info] Got 0 sessions for user:email...
2026-03-11 19:46:35.143 [info] Getting sessions for all scopes...
2026-03-11 19:46:35.143 [info] Got 1 sessions for ...
2026-03-11 19:46:35.143 [info] Getting sessions for all scopes...
2026-03-11 19:46:35.143 [info] Got 1 sessions for ...
2026-03-11 19:46:35.143 [info] Getting sessions for all scopes...
2026-03-11 19:46:35.143 [info] Got 1 sessions for ...
2026-03-11 19:46:35.143 [info] Getting sessions for all scopes...
2026-03-11 19:46:35.143 [info] Got 1 sessions for ...
2026-03-11 19:46:35.143 [info] Getting sessions for read:user,repo,user:email,workflow...
2026-03-11 19:46:35.143 [info] Got 1 sessions for read:user,repo,user:email,workflow...
2026-03-11 19:46:36.193 [info] Getting sessions for all scopes...
2026-03-11 19:46:36.193 [info] Got 1 sessions for ...
2026-03-11 19:46:36.193 [info] Getting sessions for all scopes...
2026-03-11 19:46:36.193 [info] Got 1 sessions for ...
2026-03-11 19:46:36.194 [info] Getting sessions for all scopes...
2026-03-11 19:46:36.194 [info] Got 1 sessions for ...
2026-03-11 19:46:36.412 [info] Getting sessions for user:email...
2026-03-11 19:46:36.412 [info] Got 0 sessions for user:email...
2026-03-11 19:46:36.878 [info] Getting sessions for read:user,repo,user:email...
2026-03-11 19:46:36.878 [info] Got 0 sessions for read:user,repo,user:email...
2026-03-11 19:46:36.878 [info] Getting sessions for read:user,repo,user:email,workflow...
2026-03-11 19:46:36.878 [info] Got 1 sessions for read:user,repo,user:email,workflow...
2026-03-11 19:46:36.943 [info] FetcherService: Electron fetch failed with status: 429 
2026-03-11 19:46:36.946 [info] Unable to resolve optional EDU details. Status: 429 
2026-03-11 19:46:38.148 [info] Getting sessions for all scopes...
2026-03-11 19:46:38.148 [info] Got 1 sessions for ...
2026-03-11 19:46:38.151 [info] Getting sessions for read:user,repo,user:email,workflow...
2026-03-11 19:46:38.151 [info] Got 1 sessions for read:user,repo,user:email,workflow...
2026-03-11 19:46:38.338 [info] Getting sessions for all scopes...
2026-03-11 19:46:38.338 [info] Got 1 sessions for ...
2026-03-11 19:46:38.338 [info] Getting sessions for all scopes...
2026-03-11 19:46:38.338 [info] Got 1 sessions for ...
2026-03-11 19:46:38.411 [info] Getting sessions for read:user,repo,user:email,workflow...
2026-03-11 19:46:38.411 [info] Got 1 sessions for read:user,repo,user:email,workflow...
2026-03-11 19:46:38.609 [info] Getting sessions for all scopes...
2026-03-11 19:46:38.609 [info] Got 1 sessions for ...
2026-03-11 19:46:38.627 [info] Getting sessions for all scopes...
2026-03-11 19:46:38.628 [info] Got 1 sessions for ...
2026-03-11 19:46:38.672 [info] Getting sessions for read:user,repo,user:email,workflow...
2026-03-11 19:46:38.672 [info] Got 1 sessions for read:user,repo,user:email,workflow...
2026-03-11 19:46:39.553 [info] Getting sessions for all scopes...
2026-03-11 19:46:39.553 [info] Got 1 sessions for ...
2026-03-11 19:46:39.557 [info] Getting sessions for read:user,repo,user:email,workflow...
2026-03-11 19:46:39.557 [info] Got 1 sessions for read:user,repo,user:email,workflow...
