Mar 07, 2026 1:10:20 PM org.eclipse.lemminx.XMLLanguageServer initialize
INFO: Initializing XML Language server
LemMinX Server info:
 - Version : 0.31.0
 - Java : /usr/lib/jvm/java-21-openjdk
 - VM Version : 21.0.10
 - Git de7f529 - [maven-release-plugin] prepare release 0.31.0
Mar 07, 2026 1:20:43 PM org.eclipse.lemminx.uriresolver.CacheResourcesManager lambda$downloadResource$0
INFO: Downloading http://xmlns.jcp.org/xml/ns/javaee/web-app_4_0.xsd to /home/cuong75201/.lemminx/cache/http/xmlns.jcp.org/xml/ns/javaee/web-app_4_0.xsd...
Mar 07, 2026 1:20:44 PM org.eclipse.lemminx.uriresolver.CacheResourcesManager lambda$downloadResource$0
INFO: Downloaded http://xmlns.jcp.org/xml/ns/javaee/web-app_4_0.xsd to /home/cuong75201/.lemminx/cache/http/xmlns.jcp.org/xml/ns/javaee/web-app_4_0.xsd in 408ms
Mar 07, 2026 1:20:44 PM org.eclipse.lemminx.uriresolver.CacheResourcesManager lambda$downloadResource$0
INFO: Downloading http://xmlns.jcp.org/xml/ns/javaee/web-common_4_0.xsd to /home/cuong75201/.lemminx/cache/http/xmlns.jcp.org/xml/ns/javaee/web-common_4_0.xsd...
Mar 07, 2026 1:20:44 PM org.eclipse.lemminx.uriresolver.CacheResourcesManager lambda$downloadResource$0
INFO: Downloaded http://xmlns.jcp.org/xml/ns/javaee/web-common_4_0.xsd to /home/cuong75201/.lemminx/cache/http/xmlns.jcp.org/xml/ns/javaee/web-common_4_0.xsd in 204ms
Mar 07, 2026 1:20:44 PM org.eclipse.lemminx.uriresolver.CacheResourcesManager lambda$downloadResource$0
INFO: Downloading http://xmlns.jcp.org/xml/ns/javaee/javaee_7.xsd to /home/cuong75201/.lemminx/cache/http/xmlns.jcp.org/xml/ns/javaee/javaee_7.xsd...
Mar 07, 2026 1:20:44 PM org.eclipse.lemminx.uriresolver.CacheResourcesManager lambda$downloadResource$0
INFO: Downloading http://xmlns.jcp.org/xml/ns/javaee/jsp_2_3.xsd to /home/cuong75201/.lemminx/cache/http/xmlns.jcp.org/xml/ns/javaee/jsp_2_3.xsd...
Mar 07, 2026 1:20:45 PM org.eclipse.lemminx.uriresolver.CacheResourcesManager lambda$downloadResource$0
INFO: Downloaded http://xmlns.jcp.org/xml/ns/javaee/javaee_7.xsd to /home/cuong75201/.lemminx/cache/http/xmlns.jcp.org/xml/ns/javaee/javaee_7.xsd in 811ms
Mar 07, 2026 1:20:45 PM org.eclipse.lemminx.uriresolver.CacheResourcesManager lambda$downloadResource$0
INFO: Downloading http://www.w3.org/2001/xml.xsd to /home/cuong75201/.lemminx/cache/http/www.w3.org/2001/xml.xsd...
Mar 07, 2026 1:20:45 PM org.eclipse.lemminx.uriresolver.CacheResourcesManager lambda$downloadResource$0
INFO: Downloaded http://www.w3.org/2001/xml.xsd to /home/cuong75201/.lemminx/cache/http/www.w3.org/2001/xml.xsd in 161ms
Mar 07, 2026 1:20:45 PM org.eclipse.lemminx.uriresolver.CacheResourcesManager lambda$downloadResource$0
INFO: Downloaded http://xmlns.jcp.org/xml/ns/javaee/jsp_2_3.xsd to /home/cuong75201/.lemminx/cache/http/xmlns.jcp.org/xml/ns/javaee/jsp_2_3.xsd in 1401ms
Mar 07, 2026 1:20:45 PM org.eclipse.lemminx.uriresolver.CacheResourcesManager lambda$downloadResource$0
INFO: Downloading http://xmlns.jcp.org/xml/ns/javaee/javaee_web_services_client_1_4.xsd to /home/cuong75201/.lemminx/cache/http/xmlns.jcp.org/xml/ns/javaee/javaee_web_services_client_1_4.xsd...
Mar 07, 2026 1:20:46 PM org.eclipse.lemminx.uriresolver.CacheResourcesManager lambda$downloadResource$0
INFO: Downloaded http://xmlns.jcp.org/xml/ns/javaee/javaee_web_services_client_1_4.xsd to /home/cuong75201/.lemminx/cache/http/xmlns.jcp.org/xml/ns/javaee/javaee_web_services_client_1_4.xsd in 184ms
Mar 08, 2026 10:52:04 AM org.eclipse.lemminx.XMLLanguageServer initialize
INFO: Initializing XML Language server
LemMinX Server info:
 - Version : 0.31.0
 - Java : /usr/lib/jvm/java-21-openjdk
 - VM Version : 21.0.10
 - Git de7f529 - [maven-release-plugin] prepare release 0.31.0
